

=====================================================

2022-10-26
咨询客户ID：5611543157 → None
咨询消息：None
回复消息：你好，联系主号   @Boss91M1

=====================================================

2022-10-26
咨询客户ID：5765495117 → None
咨询消息：None
回复消息：你好，联系主号   @Boss91M1

=====================================================

2022-10-26
咨询客户ID：5763788063 → None
咨询消息：None
回复消息：你好，联系主号   @Boss91M1

=====================================================

2022-10-26
咨询客户ID：5079331492 → anuj8059
咨询消息：Ha lucky
回复消息：你好，联系主号   @Boss91M1

=====================================================

2022-10-26
咨询客户ID：5472093103 → None
咨询消息：None
回复消息：你好，联系主号   @Boss91M1

=====================================================

2022-10-26
咨询客户ID：1150854909 → Aabid_bairathi
咨询消息：Update Date:07 Öctober 2022
Tiktok V-26.4.3 (arm 7)⚡

✅Facing "App Not Installed" Error-Use This Version. 

How to Use Video👈

Join❤️:@flashifyy
Feedback: @Flashifychat
回复消息：你好，联系主号   @Boss91M1

=====================================================

2022-10-26
咨询客户ID：5485623207 → None
咨询消息：None
回复消息：你好，联系主号   @Boss91M1

=====================================================

2022-10-26
咨询客户ID：5751930854 → None
咨询消息：None
回复消息：你好，联系主号   @Boss91M1

=====================================================

2022-10-26
咨询客户ID：5793908467 → None
咨询消息：None
回复消息：你好，联系主号   @Boss91M1

=====================================================

2022-10-26
咨询客户ID：5405118685 → Alishacommunication
咨询消息：None
回复消息：你好，联系主号   @Boss91M1

=====================================================

2022-10-26
咨询客户ID：5423844253 → Tahir137
咨询消息：HyperPay | 全球首个持有立陶宛合规托管牌照的数字货币 钱包,非小号排名前三,借币0.93%全网最低利率,随便借享

瓜分!

1. 活动时间:10月15日-10月29日

2. 活动详情:

①瓜分奖:活动期间内,平均借贷量不少于100usdt,将共同

瓜分2万usdt。

②排名奖:活动期间,累积借贷额最高者,独享1ETH奖励!

PHyperPay钱包下载链接:

https://hyperpay.io/app_down
回复消息：你好，联系主号   @Boss91M1

=====================================================

2022-10-26
咨询客户ID：5769803760 → None
咨询消息：老板，最近风控是不是很高？一起交流如何解决吧！ https://t.me/+mtTO9C-ClRo5ZDU1
回复消息：你好，联系主号   @Boss91M1

=====================================================

2022-10-26
咨询客户ID：5018935633 → None
咨询消息：@hanxtfqypmedz
🌷🍁🍂
【火星工作室飞机推广引流全功能软件TG助手】
🍀精准采集全网精准用户 | 采集相关行业群组🐉
☘️ 批量拉人 |  自动群发私信 🦚

🌱批量建群 | 自动炒群🥝
 🌿炒群 | 刷阅读 | 索引排名🥑
 🍃全新自产协议号 | 飞机直登号出售🐲
🌾僵尸粉 | 活粉 | 筛号🦉| 代开TG会员🌵
🍏定制群管机器人 | 监听机器人 | 记账机器人 🌳

🥦诚信经营 软件可测试 包教包会 包售后🌴
火星官方分流频道： @MLXYmars
火星官方客服：  @bahuo1

🌹🌾🪨
回复消息：你好，联系主号   @Boss91M1

=====================================================

2022-10-26
咨询客户ID：5314302608 → None
咨询消息：@bossfgljwkmeoqi
🍂🌾🌸
【火星工作室飞机推广引流全功能软件TG助手】
🍀精准采集全网精准用户 | 采集相关行业群组🐉
☘️ 批量拉人 |  自动群发私信 🦚

🌱批量建群 | 自动炒群🥝
 🌿炒群 | 刷阅读 | 索引排名🥑
 🍃全新自产协议号 | 飞机直登号出售🐲
🌾僵尸粉 | 活粉 | 筛号🦉| 代开TG会员🌵
🍏定制群管机器人 | 监听机器人 | 记账机器人 🌳

🥦诚信经营 软件可测试 包教包会 包售后🌴
火星官方分流频道： @MLXYmars
火星官方客服：  @bahuo1

💐🪺🌺
回复消息：你好，联系主号   @Boss91M1

=====================================================

2022-10-26
咨询客户ID：5700124506 → None
咨询消息：None
回复消息：你好，联系主号   @Boss91M1

=====================================================

2022-10-26
咨询客户ID：2026033271 → None
咨询消息：LATEST SONGS AVAILABLE ❤

இன்று வரை வெளியான அனைத்து தமிழ் HIGH QUALITY AUDIO பாடல்களும்  இங்கு கிடைக்கும்.

இவை  நமது சேனலில் மட்டுமே  முற்றிலும் இலவசம்....

மற்ற இடங்களில் காசு கொடுத்தால் மட்டுமே கிடைக்கும். 

குறிப்பு: இலவசமாக கிடைக்கும் MP3 SONGS அல்ல.
https://t.me/AUDIO4KTAMIL
回复消息：你好，联系主号   @Boss91M1

=====================================================

2022-10-26
咨询客户ID：5714385316 → None
咨询消息：None
回复消息：你好，联系主号   @Boss91M1

=====================================================

2022-10-26
咨询客户ID：5446712129 → None
咨询消息：None
回复消息：你好，联系主号   @Boss91M1

=====================================================

2022-10-26
咨询客户ID：5554870762 → None
咨询消息：None
回复消息：你好，联系主号   @Boss91M1

=====================================================

2022-10-26
咨询客户ID：5658788411 → None
咨询消息：None
回复消息：你好，联系主号   @Boss91M1

=====================================================

2022-10-26
咨询客户ID：5427168737 → None
咨询消息：None
回复消息：你好，联系主号   @Boss91M1

=====================================================

2022-10-26
咨询客户ID：5368541115 → None
咨询消息：None
回复消息：你好，联系主号   @Boss91M1

=====================================================

2022-10-26
咨询客户ID：5485718271 → None
咨询消息：👏😊😘机会不等人，还在犹豫吗，加入我们🌷7C哈希等着您来🌷前五局包赔🌷@uuizz77
回复消息：你好，联系主号   @Boss91M1

=====================================================

2022-10-26
咨询客户ID：5353782524 → None
咨询消息：😊😁😆❤️‍🔥7C国际 · 全网独家❤️‍🔥
回复消息：你好，联系主号   @Boss91M1

=====================================================

2022-10-26
咨询客户ID：5446712129 → None
咨询消息：Hello
回复消息：你好，联系主号   @Boss91M1

=====================================================

2022-10-26
咨询客户ID：5654477689 → None
咨询消息：None
回复消息：你好，联系主号   @Boss91M1

=====================================================

2022-10-26
咨询客户ID：5729238819 → None
咨询消息：None
回复消息：你好，联系主号   @Boss91M1

=====================================================

2022-10-26
咨询客户ID：5624122526 → None
咨询消息：Hey, I just won ₹15 on Ludo Supreme! You can win over ₹1000 in a single game. Use my code 5996wgvbdo & get ₹10 instantly. https://mjgjr.app.link/JbPH05O9xtb?utm_campaign=telegram
回复消息：你好，联系主号   @Boss91M1

=====================================================

2022-10-26
咨询客户ID：5418832425 → None
咨询消息：Click 👉👉 【Verify Account】 to verify your Global Media account. Validation is successful to get ₹50
回复消息：你好，联系主号   @Boss91M1

=====================================================

2022-10-26
咨询客户ID：1240682846 → latestips
咨询消息：https://www.gbmedias.org/#/register/2935285
回复消息：你好，联系主号   @Boss91M1

=====================================================

2022-10-26
咨询客户ID：1240682846 → latestips
咨询消息：Kn be
回复消息：你好，联系主号   @Boss91M1

=====================================================

2022-10-26
咨询客户ID：5483939434 → None
咨询消息：None
回复消息：你好，联系主号   @Boss91M1

=====================================================

2022-10-26
咨询客户ID：5631827547 → None
咨询消息：None
回复消息：你好，联系主号   @Boss91M1

=====================================================

2022-10-26
咨询客户ID：5538247243 → None
咨询消息：😘😊👏心动不如行动，好运总会眷顾与你😊7C哈希前五局包赔😊@yiyizuipl
回复消息：你好，联系主号   @Boss91M1