
zz5238
zyrs168
zxcvbnmccxx
zxcv779977
zxc8886888
zxc79878
zxc6956
zxc6668666
zxc1779
zs1317
zq688
zoz113344
zk1l009
zj9999
zixua510
zixi100
ziskkkkk
zican686
zhuroudibai
zhuanye86
zhuanye189
zhu999999
zhouxingc88
zhoumulun
zhizunpiaoyi
zhizui
zhixingheyi88
zhenxin356
zhe1918
zhaowenhao
zhaoshanhe6688
zhanlong123
zhangdeiibiao
zhang_peter
zgr1956
zgl028
zfb198
zdcmymwll17
zcy210aa
zcwu001
zcm1668
zch1990
zcc55555
zc18887
zb654321
zaqwe258
zaq11009977
zaq0101
zaitianya88
zaishuiyiifang
zaijianshl
z33444
z20220522
z13564
yzww0103
yz9995
yyz8886888
yyyzzz12
yysl5598
yyds00777
yyapkzz
yyaa5858
yy9789
yy76973
yy133144
yy12123344
yxyx088
ywq0708
yuzhi8
yuzhi5555
yushouchedui11
yushaoye100
yuoyuo321
yuinjgh
yuhui666
yuhuaxuan
yuhuallllll
yuhao2580
yufu567
yuehe1
yuanhua1818
yuanbao1168
yu7758258
yu555222
yt88668
yt4567
ysys987
ys888
youzi_you
youwang8
youqian7
you78966
yongli_gs
yongli5201314
yongganniuniu8
ylqun0
ylh666
ylch8888
ykyzy
yjr16
yizhao119
yiyayiyayouha
yixiu6789
yiqifa6688
yiqiesuiyuan1
yinhangbao
yinghan888
ying699
yile888
yidijimao1
yidianh
yidayaya
yidaotong
yhgg12
yh0506
yeying2020
yes8788
yematoupai
yema6565
yema2233
yeiiiiibbb
ye6688888
yctz99
yb6868168
yaxinzhifu01
yaxiaohua
yaoyao686
yaowi888
yanluo333
yangyiya
yali6889
ya134156
y8527
y116688
xzz13579
xzz112113
xzq662333
xya99
xy919191
xy181
xy0887
xxx11789
xxdmdw
xxcctt
xx99981
xx5888
xx586
xx0888
xwdh205
xvefu02
xunchang1009
xue1688888
xtt2332
xtt1111
xth8888
xth888
xt908
xt6688xt
xsjun83
xrl940724
xpjcw01
xpche
xm999999999999
xm5200
xm19xm19
xm18xm18
xm17xm17xm17
xm16xm16
xm15xm15
xm14xm14
xm13xm13
xm12xm12xm12
xm11xm11
xm0597
xll1316
xl666y
xjj333
xjhb1234
xizimm
xiyangyang333
xiongda12
xingfu562
xingcheng6547
xinbiyy
xinbiFp
xinbi900
xinbi555
xinbi500
xinbi300
xinbi200
xinbi111
xinbi100
xin8888x
xikmde
xigua88668
xifalu333
xiebei004
xie_wen_donG
xibi200
xiatian12
xiaqwe
xiaozhua666
xiaozhu989
xiaoyu8898
xiaoyi8880
xiaoxiaoyun1
xiaoxiaobk
xiaovnvn
xiaotaiyang789
xiaosi817
xiaoshuai88
xiaoqi778866
xiaomo8789
xiaoming956
xiaomi1234578
xiaoman24544
xiaolong6888
xiaolong198988
xiaolizi1212
xiaolizi1122
xiaolaodi22
xiaokeai13
xiaohuang_147
xiaohu882
xiaohei8877
xiaohai5555
xiaofei90123
xiaofa86
xiaof987
xiaoeu666
xiaoekk
xiaoe6666
xiaodiandian11
xiaodao66666
xiaochu88888
xiaocb
xiaobao567567
xiaobaitu234
xiaobai689
xiaoaniu5858
xiaoan101
xiao1099
xianxian83
xia166666
xi0636
xhh88999
xh0617
xgj110120
xf88vv
xf5740
xexe14766
xdr112233
xd523
xc258363
xbkx1998
xbigtc
wzxg123
wzt1990
wyt58855
wxzfkk
www201314
www123456785
wws33233
wweprnb
ww975
ww88aa88
ww2280
wvv_13
wv2718
wuya888800
wuxi548764
wuwei8778
wusong8888
wulinjianghu1
wuhen8888888
wuhen1688
wuge990
wuchang888
wubibi888
wsz111222
wsnqq618
wsnb999
wsdnd5397
wsdnb1
wsdj099
ws82098
ws123654
wqs9110
woxinchangdan
woshiLlll
woren66
wocaonimaaaa
woaini119933
wmywbyt9
wlzf00
wl568
wksoq9q9
wk030
wjzll0001
wj656964
wj16790
wiw531
winer188
win616
wfhy118
wenwen1214
wenqiang7878
wen188
weizhi1688
weiyi99
weiweige666888
weiqian123
weige007
wei668
wei168188
wdwad2
wd908989
wc999999
wc16937
wash6782021
wanzai1888888
wanke5
wanhuo1
wangzai05
wangye00
wangxiaoyu8
wangwang3100
wangguan666
wangfenggezl
wangdashuai198
wangcan123
wangbo888
wang_zhe_66
wang_zhe_000
wang99988888
wang9993
wang98828
wang8855
wanan668
wanan520
wan558888
waiwaiyu1
waijiaoguan666
wa66895
w88w99
vvv992633
vt217
vshen16888
vpi110
vn56788
viphei888
vip449
vina0914
vance688
uuu679
uu891
uu889911
uu30888
usdt_trx_01
usdt_malil
usdt998899
usdt88080
usdt666btc
usdddcd
us168888
uptohake
ukaopu
uiuiokkl
uionmb
u8087
tz66669999
tyzcsqz
tyl159357
tyhh0005
ty08188
twwt53001
twoddw
tutu1719000
tucaishen1688
tubalu188
ttxiao
tts99000
ttboy12345
tt5205201
tongp008
tms51999
tkv000999
tititi9191
tiewangzuo
tiehhh
tiedan222
tianyu866
tianyingzhifu
tianya8880
tianxiawuzei9
tiantianxs11
tiantianpao
tianmeng001
tiankong333333
tiankong1124
tiankong1123
tiangou520
tiango888
tgh5678
tgbb7
tfmjfs567
tegong666
te980
te5758
td147147
tcv087
tc555558
tatatata147
taopaop
tao_tie_110
tamu666
taizi716
sy999888a
sy9887
sy3594
sxd88888
susu52013
suntttt
sunf188
suisid99
suifengerdong
sudu88888
sthc2463
ssy6677
ssr98888
ssmmyyds
ss5641
sr999222
sq2564
sp77778
songshan886
snsn168
small008
sky9999999
sky990990
skcr7777
sk161800
sisi9696
sining888
sichouzfb
shunshun777777
shunchen6868
shun8856
shun5566
shun18889
shiyirmb
shishikeke88
shiqi8898
shili4399
shijianmoumou
shihao521
shidai666888
shhamxx
shgfjgj
shff888
sherry553
shengying01
shengtian05
shenglian
dfdd1234
Du_x72366
Q6938465
boyuan05
BOSS498
baos88888
MarkPxl
AAX808
DEEPLY_SORRY
Ai8777
bjbj3344
PG880811
qiyue688
one_stark
qwa3027
SanYang66
aa7225963
USDT5500
SM11100
daxiong333
esoyyds
paoyi12
eikm4499
augth6746
qtdsswk6990
kk199116
donggem2
dk77886
lingling870809
ddy557
lifei996
qq77007
hlzfaliang01
lanlinwangyyds
Jing1984
am13781
javbsba_s
biying06
caomei96
sadan007
MM0303031
niuniuxiao218
abcd1231231
a158258cc
lpp66633
Odin168
XV888888
huoshaoyun01
hdxs234
HuanShi777
cow112233
TTnow01
dongf888
qwer6677889900
kcoopp
A8_k9
wei54300
CEO8899
YGJTxiaoyu01
lang5569
SFKEA168
USDT888111
am56180069
kaiyuan005
pdd569
beijin88
macaudau
ly8886666
haoyue8889
kusdt
Aa8551
adj77779
a4848478
money33211
WA1238
cc18197
NF999888
QX788
U611113
Neu631
ads7890
AHGFVBBB12
nazha99882
LL070s
nidashengdian
F25880
longmao638
jufeng6666
HuaQi88
jianghu147258
Shizi_kaka
mmmnkoi
kafei1230
GR168168
hope3456
jmxxi882
A9288c
aebd3344
caishenge
AN4799
Cshen11
AAABBBCCC555
hh777899
miryufei
lx6688888
JSY9980
Prcc2018
jx_7777
jitui02
diehca
Icenaraku007
Tom131488
baoli6666
datang0000
liulian110
caishen1818168
okok520
hs123888
WMZFxm
haoxiongdi121
djkk330
GM001369
Ttian8888
U_huanbaizi
papapa563
kmff123
CHAOJIGIGI
amin8889999
Macao_Cs
haoNanG66
A5201314Q
CSYSTH888
kk20068
Sliknn
djdj841
biying08
fugui168168
aa33665364
laobiao_111
fc8578888
q001pl
poiuy91891314
ff0777
kk22226
caishen1122334
ji693
AS989990
chuyu100
kmap111
AZ68866
ckouo7
fudashangwu8
ljty13
BM233
FCzhifu888
zzkl12
meimei3341
po7892
Suen88888
dashushu112
aa13860860
Jay8855
bb1366
lk1379
ic345678
CN0008
laia8889
Laoc168
fjsh000000
Stark_Kony
liuliu66886
D11998833
Late_lll
q_qbobo
Mak9ke
dabaisha1688
THGT333
Kirs_yip
paopao885
aw787878
LYNY521
peanut2233
Kionhhs
guishou818
ShenLongTao
USDT257
fuhui02
nlnlznl2
Gongying_NO1
caizi658
abcd5285
kk666789
fg12331
lijianfeng888
AD1553
bai_ban
laobiao52
suzihan520
Wang_Zhe
gaobiuo01
ui595
cdwwv7736
asd11223333
Aj3332
hunanqiu
asd175165
Hk8520
hxs1688
dLsFg365
dashu010
dafawubai
Ry_UBS
cxx0008
Sguo77888
panting58
Bgm11111
laa1688
along8868
gude876
jiayin8
Bz_GGBond
JiuYue95666666
fhifhq
ganjiang
biao258
Qing15688
YlL258
Signabel
enci8886
haoshuo
NF0333
X8559
cxccc998
hhssgg22
ZzongT
Youchai1
PA66655
hehua224159
ass666888
cq_gtr
Laoliu1987
Hate_Aa
feifei99588
BBL99999
Ae86cc444
laocia1688
A_DQZGJS
jzhc999
qwe349267
GaiiTizzyt
duoduo521521
huafeng135
daniu1999
bag258
EchoXz
ABC20211028
Gli789
dalao886
Ccyu888
AAPK110
qc882
hengrun4
dongxixi
me6togo
nice99955
ats991167
Da_hui_ji_a
hxgg6
chen888666888
Janglai_666
qingjiaowp
cxm_888
hqj1021
AiTe7341
LIUN888
sept88
gouyingni
SWADOSH
MGdmxy
LiHuAn171717
hugexi
Laomiao2222
May777789
DTPAY444
joker78911
naotai87552
sddsadsds120
meigui000
asas69696
DG_18888
Yixiu36
Dq_1111
dengfen888
hh33331
Jiujiu7126
Breathelon
YYcute1008
Yu_laoshi
de889900
UUU5588
fhgdjb14682
Baiyi_01
jdd131215
bnv659
a100861101
lanan7799
a555mb
wuliuzhi
dongtai7788
cheng123987
drdkdkf
Paywiser
ex258258
baoma444
lkkk88888
pp089
cai_6668
FFF516
YunYanA
Av15888
dzw789
Zhousipay
kj6665
POTH0
lyj0187
bosaidong7383
mao_865
kk19887
blueblueblues
DaMai369
MF136524
mali_cat
CJ0011223344
az22558800
Mjq1688
long1478
mik7788
fafafa8855
haibaodo
douky123
HB853
gxfc8663
facai19888
mc892
mian2589
CJJB001
cjief
sdmfn
ccc8816
ccc667755
Yongyuan258
atengxun
cbzfg
qazwsx987123
ling_yi_zc
USDT181088
XF144898
V_surprise
kingsck21
lyl66666
chuizi1987
mdmnddn
CZGShi
chen8886661
okk3568
asd658965
opopophdj
QJJ888
fkojacknou
buzaimiss
EasyPay9
ffzu5
SH188188
ffyyggg
hot985
RS7_857
Ly70888
dccz009
Ai_987
aa6252421
XYJ8888888
qaz1234579
FJ8911
HM88660
lantian998
maotoukasg81
FLBHG88
zzz1024
GQ357
ZLZ9527
Xuanming888888
fvhkkvhk
Ll16816833
haoyun166
jxsldbl
niuzhafensi
ZhuoYue68
AG999998
FD_6666
nba5188
nana456666
baoma505
GreatWei_Dz
dapeng538
dahuaxiyou618
heiyu112
Food111785
pclhq66
Rourou2003
LD_maicai
jacky0078
erye229
ADuo05
fcfcfc100
jojo11999
caiwutt
Thewhalehon
aa253566
Gg57878
hhhh331100
chan9986
dogmanyo
jiangjun1888
chifan10086
daxian66666
Ayun888999
cokor2
beiming998
qp8888qp
IronMan67899
ljszilv
Ju86023
AQ668866
ZCJB1688888
lIlIllllllIII
Tg0663
jmdxh1
er0301
cai8812
Mh916773
fendada9
qydbh88
asd22100
BBBooou
TV8844
mr0707
l1688866
junxi10528
qror502
Mx7758258
jingyi0607
FF59688
pan9501
bainiaini
lele66688
YBGY66
JP77880
DaLiShen258
azq550
ababab168
haoxuan111222
B5156
iamking9595
LDano
feng11112222
DaBiaoGe909
meichangsu1
Xhh2202
S_shaoye
ff8886888
mengmeng111122
jin776
ls224
jingzi88888
Bepapa
YQ091
sgy1234567
Asm16888
id57999
Nb_99899
PG8886
bobofffw
boyuan03
mimi6625
dazhuangshi
hdx1937
LaoChen666666
daozi567
qq11223365
bjbj4455
TDH5555
ayu8888888
qn666888
kw88888
Z99992
chengjie88
Cike111
guazi8888888
baige000
feifan8848
cdszj
BOY888P
fff574
a_cjj
dhyd666
Agan9528
Baihuahui
aff1122334
mengfei0031
A3985
mh666777
aaayuzong
AK77888
naiyoupaofu
lll11188
yangmou004
haige456
SL19920829
qiqi722
aebd1234
hushanagfacai
gggyyy11
Xiaok667788
plm11234
fafa16818888
chovy00
U8888899999
PD11i
ahlang88888
lloydsss
Aa2513
Shark16888
RANDY775
Ruhua5678
bajiedafa
qqa334
mangguo07
mrsky888
ldk999
h87658765
feng20222
giaobuo01
jqb88888888
hao00852
Xizi16888
YONGLI009
ji668866
hon866
zzzz55523
luhu444
changtu01
HQPW01
aibaoer
BRCD520
Amazon110110
azlimei
Rr00111
Bzxx0
zheng881177
Heimait_Lyg
kunsha8
a1828897
pjdd6666
baobao5188
nigelaodeng
aaa110120
laosan88889999
b99999999
ms85777
ameng0007
dfesa3
hulhui1124
JH6666
ALA778899
HG1518
Jeff170
KL899988
Trust1989
aave888
G5666888
dm99000
FFF488
mahuateng188
A0000008
fafa084639
DiaoYaMeiJiB
MCJLB01
Fff0388
bbb77888
TGsuperman
paws666
azhi2223
ai521ni
qz1977
ldh_168
rmb00000
LDano
feng11112222
DaBiaoGe909
meichangsu1
Xhh2202
S_shaoye
ff8886888
mengmeng111122
jin776
ls224
jingzi88888
Bepapa
YQ091
sgy1234567
Asm16888
id57999
Nb_99899
PG8886
bobofffw
boyuan03
mimi6625
dazhuangshi
hdx1937
LaoChen666666
daozi567
qq11223365
bjbj4455
TDH5555
ayu8888888
qn666888
kw88888
Z99992
chengjie88
Cike111
guazi8888888
baige000
feifan8848
cdszj
fff574
a_cjj
dhyd666
Agan9528
Baihuahui
aff1122334
mengfei0031
A3985
rose9k91
mh666777
aaayuzong
AK77888
naiyoupaofu
lll11188
yangmou004
haige456
SL19920829
qiqi722
aebd1234
hushanagfacai
gggyyy11
Xiaok667788
plm11234
fafa16818888
chovy00
U8888899999
PD11i
ahlang88888
lloydsss
Aa2513
Shark16888
RANDY775
Ruhua5678
bajiedafa
qqa334
mangguo07
mrsky888
ldk999
h87658765
feng20222
giaobuo01
jqb88888888
hao00852
Xizi16888
YONGLI009
Dlh13
hon866
zzzz55523
luhu444
changtu01
aibaoer
kele5568
BRCD520
VEB554
Zs_chan
binli6789
Bzxx0
zheng881177
Heimait_Lyg
kunsha8
chuxin567890
a1828897
af15666888
ludayou778
a7777666
Mai532
nigelaodeng
aaa110120
laosan88889999
ameng0007
appa367
msg2088
aasszlo
A166661
dfesa3
hulhui1124
JH6666
ALA778899
KL899988
Trust1989
aave888
dm99000
A0000008
JKtuo69
fin16888
fafa084639
kaopu678
DiaoYaMeiJiB
MCJLB01
Fff0388
bbb77888
ai521ni
DJLB6777
hz000000
ds33300
qz1977
rmb00000
sesese999
LBFC7788
huadingzhifu
hfghjkl15
Ti8666
LuHu369
Aaao009
jiang88330
cmm77
zv9909
danta2002
AXiao_y8
qwe568168
LHQ8858
Ayunfeng11
atynm888
jiadai168
HYS777
GG7788120
DF316
doge186
HNCD_u
ds66600
lz98825
Qyc08
kopi1023
Kaili1111
richShark001
qbyyyym
gaoshengwan79
BB6777
CB229
PAY_PGA
FYNB666
dadadodll
PeiP100
lnluln
vip0123
Vx1100
LMSQ1111
TCD132
dengfeng66666
meiyangyang66
frjing
fghjjkkluioui
Dove1018
AMG66669
zyy1t
zybd1
zxy128
zxc1998a
zx9888
zx789789
zx11221
zwp99
zmm42600
zlt66688
zl8881
zhydl123
zhuo2021
zhen8880
zfb88866
zfb11
zf6090
zeroyoy
zbc55
zb816
z8848
yz9995
yywzj
yydska
yyds2828
yya521
yy68888
yxay888
ywzq188
yuyuo778
yun24K
yuinjgh
yue5431
yuanshai
yuan_007
ys880926
youcho6
yk898989
yjia368
yile888
yhxyw
yhnlwzt
yghu788
yfo2004
yfc2022
yf5584
yemao999
yemahia
yefa888
ycj66888
yateland
yase01
yaonm
yangtian
yangerye
ya0551
y666_888
xzh111
xxm999
xx586
xue996
xu444
xs66788
xq997777
xq6678
xnyfk888
xmkxksns
xln88
xk258
xiyang13
xinba112
xin_bi55
xin8888x
xin6768
xigua89
xiaxi55
xiaoxue5
xinba112
xin_bi55
xin8888x
xin6768
xigua89
xiaxi55
xiaoxue5
xiaofa86
xhpj999
xhb888
xgkzck
xcgs086
xc13579
xbpuls
xbeimo
x777701
wz88yb
wz00881
wxb1888
wwy55200
www52com
www1006
wwee1123
ww88aa88
ww1669
wv2718
wuxi111
wuliaaa1
wuatong
wssz1314
ws91888
ws88888
wqnmd520
woknxm
wl568
wild62
why9q
weige007
we43241
wd159
wc665
wb002
wast998
wangf666
wanbo116
wanan520
w518199
w263711
w1223345
vv5588
vv141242
vngfh666
v58700
uu1425
uhbz6666
u8087
tyzf333
tyzf000
tyu686
txzf002
txia001
tutu1377
ttycxf
ttxiao
tt258000
tt147520
tsxf15
ts88663
ts235gjb
tongdao3
tom0912
tl8869
tiehhh
tie990
tiaozige
tiaodao
tianshiD
tiansgo
tgh5678
tdyq5168
td_98898
td147147
tczf0083
tb88899
taowai
taojinze
tao5566
taidi001
sy188
suge2022
ssz6666
ssjt001
ss333ll
slcd666
skykula
skshshek
sjcjni
sina6786
siji8866
shore38
shier080
shenhan
shen444
shdus264
shayu012
sha857
sd868
scsc778
scp_181
sc99900
san_a123
s2374100
rtm886
rs3288
rgellll
ren13131
ranqi777
r66666pk
qy1888
qwezxcld
qwer955
qweewqdd
qwe5759
qwe4376
qw147636
quqi9
qtjt009
qseqwe
qqqtv13
qqq68680
qqjj3081
qqhuawei
qq778818
qq666566
qq311291
qpdokcjs
qom12u
qnm16888
qmzboom
qlxmmi
qiqi9973
qiqi6687
qifan88
qaz66006
q69883
q1689990
q12317
pupu4
ppxlsp1
ppqq666
ppqq521
ppgddp
pp993300
plzzia
plm9988
pkmk1234
pj88800
pf12334
paogex3
ouozz
oplk2015
oouu6699
onlyo00
one2325
okbdhu
ok626
ohh915
ocr66
oKok698
nn1815
nn00098
nkophg
nisi9527
nika8866
ndudhe
nbpus
mushypei
muakouai
mspay888
mspay555
mspay111
msnzsd
mpp566
moran857
momo9877
molu6688
mo0403
mm341227
mldww1
mk268888
mj9999
mixiaoyu
mitao100
minik15
mihua678
miao148
mengx456
mdjsnx
mc999988
maxztxz9
mao798
lzj5280
lw25888
lv1a2
lv16888
lux10902
luo798
lulnlu
ltz1689
ltwav
lsmmq168
longfei6
lokkyo
lo0o0o01
lllllllI
lllll644
ll940106
ll747
lkopa11
lki004
lizi4561
lisi521
liqqwer
linhai00
lesench
laz30000
lanbo168
la159789
kx550
kuxiong
kuny2833
kunsha8
kunchong
kuikuia
kuiba888
kpzf3
kooooza
kong5o
kkkmm009
kkgub3
kk888333
kk1588
kk135315
kj8668
kfk888
ke_man
kc8527
kaoan886
kakalei
kaim661
kBZXWE86
k168p
jz998998
jytzf
jy202328
junbgho
jun90009
jue233
jsksh27
jnh88888
jmy555
jixing9
jioppo23
jinhua08
zzzzz1111qq
zzzzx722
zzzzdsa
zzzh1222
zzz550066666
zzz1681688
zzz15bt
zzz008899
zzyz88
zzxxcc112345
zzqa6688
zzf319
zz77777888
zz69702
zz69701
zz66999
zz6688999
zz1988888
zz139900
zz1010110
zyf201010
zyc888999
zy147258963
zxzx686969
zxz666888
zxy128
zxx022712
zxwa986
zxq8842
zxq1368
zxcvcx963898
zxcvbnm4255
zxcv881599
zxcn2487
zxc8886888
zxc8788
zxc6668666
zxc1998a
zxc1779
zxc119110
zxc012210
zx9888
zx789789
zx225
zx166
zx11541
zx11221
zx077a
zw22333447788
zuzhi1
zuiai12345
ztyg3366
zt720902
zst8888
zsh8888
zsd223243
zs99988
zrzf666
zqd5612
zq778899c
zq152
zoz113344
znfjfidcb
zmoL0078
zml688
zmgzs
zmbaobao
zm88999
zm333444
zm33333
zl8881
zl399
zjby888999
ziyouyu983
ziting111
zis189
zhy66699
zhuzhu979797
zhuxi888888
zhuroudibai
zhuren0001
zhuo2021
zhuliye111
zhuanyezuo
zht5238
zhsh16888
zhpxy77
zhouxingc88
zhoushensheng
zhourunfa886
zhoudaxia666
zhongqingh
zhongnanpay
zhi555555
zhi205
zhenxin356
zhentan2
zhengfu889
zhazha11
zhaoxin1
zhaoshanhe6688
zhaohjm
zhaodahe
zhaocheduidui
zhaocaijinbao9
zhaocai808888
zhanshen1818
zhanlong123
zhanlong
zhanhu_1
zhanhu168
zhangyide11
zhangxueyou86
zhangxudandan
zhangxiaoqi
zhangxiao1090
zhangshihao002
zhangsan5
zhangerdan6688
zhangdaxian668
zhang88688
zh5082
zghsy147258
zg99998888
zfg88888
zfg888666
zfb88866
zf999990
zf6090
zf551188
zf20222
zeroyoy
zdcmymwll17
zczc_zczc
zcy210aa
zcmao
zce1998833
zcc55555
zc8186166
zc1471
zbuut1
zbt11
zb654321
zb4678
zayj2020
zawt123456
zaqwsx110
zaq2233
zaizai18888
zaiking
zK95688
zDkapu
z718666
z239565
z1y000
z13564
yzk198168
yzf007
yyyyy3652
yyyhh12
yyy99333
yyy660421
yyrh888
yylajdn
yydskn
yydska
yydsabc1008611
yyds999888
yyds6565
yyds518518
yyds1261
yyds12368
yyds112136
yyds0587
yyds0000001
yy9789
yy868686
yy55558
yy54188
yy31347
yy1957902837
yy133144
yy12123344
yxbb565656
yxay888
ywzq1234
ywzq123321
yw3591
yuzhou444
yuzhi5555
yuyuefei
yuyu7928
yutian1230
yushouchedui11
yushaoye100
yuoyuo321
yuo12341234
yunyuno_o
yunshen111
yunisxcc
yunhai112233
yunduo3333
yunduo333
yunduo314
yuncai111
yunLong785
yun24K
yumu11
yumeng88
yulu0421
yuki666888
yuhuatian8888
yuhao2580
yuguigou888
yufu567
yuenanren123
yue5431
yue32145
yuds666888
yuda_00001
yuansheng777
yuanshai
yuandazhifu1
yuanba058
yu88866
yt998877
ysys987
yqp99
yqajing
yq66777
youzicha123
youzi_you
youzi0316
youxirensheng9
youtdlaitan
youmeu9
you66660
yongyi8888
yongsheng_9527
yongsheng_08
yong_888
ynhn888
yn77777
yn520111
yn000111
yjycsz
yiyi0591
yixiu6789
yisheng567
yiran66
yiqishoumi
yiqifa888558
yiqi778877
yinying0
yinke01
yingxuo1
yinghan888
yingKen
yiluyouni007
yilufa777999
yikesi9977
yige_z
yifan555
yidaotong
yidao188
yhqwer
yhq530
yghu788
yfnb666
yfct19888
yfc58688
yf5584
yesho11
yes6618
yemao999
yelang5556
yefa888
yeah6668
yd1288
ycc999
yaya620
yaxunzhifu
yaxinzhifu01
yateland
yase01
yaoyao88899
yaoyao44
yaofagg
yanxiao1
yanmo678
yangyang9222
yangui666
yangmonren
yangerye
yang99989
yang7278
yang10018
yalusv
yahudv
ya982016
ya234234
ya147
ya0551
yXyX800
y66866
y5258
y18881888
y1414123
y116688
xzc89898
xy18189
xxxx33123
xxxmr9
xxh555666
xxcc88880
xxChanges
xx5457
xx5208
xx20168
xww999999
xuxu94655
xusong6789
xunyanzz
xunchang1009
xuhao1888
xueren329
xuejie000
xue996
xu444
xtyv15738
xtxd123
xth999
xth666
xt1982
xsjPay888
xscg168
xs9918
xrgvdd
xql325688
xq3500
xo1177
xnyfk88
xnn6688
xn88889
xmf00xif
xmdjssa
xln88
xl528168
xkxjz158686
xjj333
xjhb1234
xj7891
xiyang000
xixi9971
xixi9191
xixi876
xixi669988
xiulian520
xiongmao8686
xiongmao7777
xiongmao126
xiongda12
xiong2328
xinyu1989
xinyk837
xinxin998877
xinxin964
xingye18
xinguan9529
xinghai16
xingdailu888
xingcheng87411
xingcheng741
xingcheng6547
xingcheng582
xinfa02
xiner986
xindakefu
xinbiFPZSdot
xinbi999
xinbi777
xinbi700
xinbi555
xinbi500
xinbi300
xinbi200
xin_bi55
xin8888x
xin1587N
xiguatailang1
xigua89
xiezi77
xier55999
xiaozhua666
xiaoyuer333
xiaoyu924
xiaoyu6780
xiaoye_8158
xiaoxue5
xiaoxu777777
xiaoxiqqqq
xiaoxiao9974
xiaowoi
xiaowei930
xiaowanzi258
xiaotong131
xiaotoi
xiaorong1789
xiaoqoi
xiaoqi1789
xiaopaocai
xiaopacai12345
xiaoou5678
xiaoning02
xiaomin993
xiaoluoye
xiaolong198988
xiaoliu899
xiaolin_meimei
xiaolin9966
xiaoli1789
xiaokeai13
xiaojiba112
xiaoji99999
xiaohuangyuNB
xiaohei8877
xiaohao45
xiaohang01
xiaoga009
xiaofu067
xiaoeu666
xiaodiandian11
xiaochuxin11
xiaocheng999
xiaobing992
xiaobailong112
xiaobai5190
xiao_cai_shen
xianxian83
xianxian1789
xianshouren
xiang6768
xian_NFT
xiahai222
xhpj999
xhpj123123
xgkzck
xf886331
xeizi666
xdjtzf1688
xdcrhh
xdcccc
xd8688
xbl8080
xbktom
xbianli
xbeimo
xInbl600
x688888888
x0688
wzwoaini97
wz88889
wz77777
wxzfb16816888
wxb7777
wxb1888
wx166
wwyn001
wwy55200
wwwwww1314
wwww_77777
wwww7761
www_a8697
www8887788
www201314
www123456785
wwee1123
wwaa998877
ww9966888
ww88aa88
ww888818
ww78988
ww6671
ww1669
ww112255
wvv_13
wuying188
wuyifana7
wuyanzu08
wuxi111
wuwei008
wutiao77777
wutian7777
wushaung
wuqing000
wuliangtianzu
wuliang8888
wuliang16888
wuliaaa1
wuhuaguo888
wuhuaguo520
wuhjg1
wuhen1688
wuge567
wudi101010
wuchang888
wubin1134
wu2002
wt668899
wt2223
wszdalx
wsnqq618
wrickkkk
wrdxxfd
wqyuew
wq1681688
woshiniyeye678
woshiLlll
woshenmedou
wn13145
wmywbyt9
wlzf00
wlllll123
wl321321
wl178178
wk99888
wk9966
wk888000
wk030
wjyu111
wjl226039
wj18888
wisp475869
wild62
wif1234
why9q
whrrzf13
whatthefuck999
wflm001
wfc88999
wenwen6wen
wenlong888
wen78680
wen18000
wek557
weini123
weimei1
weilian95
we88886666
wcw88888
wcf123123
wbswwk
wansui996
wanqing555
wanhui9
wanhui7
wanhao2466624
wangzong137956
wangziweng2022
wangzai3999
wangxiao2
wangqianwan8
wangpai5918
wanglaoji67
wanghaokeke
wangduoyu01
wangdashuai198
wang89876
wang8888329
wang5703307
wang0807
wanbo116
wanba6
wan558888
waitld
waijiaoguan666
wahaha888666
wahaha088
wadr12
wa1116
w86868
w8578571314
w77788887
w6685jka
w197732
w1558
w13119333
vxxvxxb
vvvipip09
vvvip9911
vvv316
vvcyok
vv66968
vv5588
vt217
vsan3125c
vp888nn
vp315
voronskaia
voooov26
vkzxyglma
vk6387
vivian131419
vivi66778
viq7777
viq6666
vipsusan
vipssss666
vipop996686
viphuang
vipcn8333
vipccetc
vip9563
vip88889
vip8089
vip7995
vip68868
vip6756
vip5530
vip333222111
vip1033888
vip10016
vinda77
viktoria685
vfhgvg
veige1
vector_65
vcd88
vc520
v_for_vandet
v58700
v233321
uuuuu16888
uuutttt8812
uuuflower
uuu112211
uu52013140
uu2021
uu1680
uu1425
ust857
usdtxianjin
usdt9189
usdt70sz
usdt6604
usdt66000
usdt1112
usd258000000
us168888
us1314530
up8688102
ukuksong
ui595
uhol56
u8090
u8087
tzzf66
tzID8465
tyzf333
tyzcsqz
tyy9871
tyl159357
tydacgdx
ty99866
ty14735
txzf008
txteddy
txr668
txia001
tx_430522
tuying132896
tutuzhifu01
tutuzhifu002
tutu886699
tutu1377
turnluck999
tuhao688
ttygc
ttxs5
ttxs1688
ttxiao
ttttzzz55
ttttttangmu
ttt88600
tts99000
ttnbnb
ttkl666
ttfcwybf
tt6266
tt369520
tt258258tt
ts235gjb
tongyan666888
tongtai18
tonglev
tnl886
tms51999
tmii88999
tk191919
tk123123123
tinnikot
tingqaz998
tihjk0
tiezi6818
tiezhu_666
tieliu888
tianyijituan
tianyibgjj
tianya8880
tianxing_1
tianxiezuo1
tianxiawuzei9
tiantian1789
tianshiD
tianshi587
tianlang1888
tiankongooo
tiankong333333
tianhei8888
tiangz88
tiangou520
tiandao0020
tianbao777
tianXC
tian666766
thuu8888888
theusafbiii
tgtgx7
tgjxxx
tg6392096
tg58666
tg138158
tfmjfs567
tengyun2
tegong666
te88999
tdh898989
td_98898
td147147
tc159633
tbra6666
tas88888888
taotaobaobao
tangshu91
tangseng11
tangmu12344
tai999888
tai95555
tabcaps008
t6988
syzf00008
sygdy66
sya090807
sx68688
swk333
swaggerw
suziyao
susu52013
superman333
suo68
sunling008
suming001
suiyinjiliang
suining8888
suif11
sucheng88
stxz518
starsmsxx
st746452
st168881
ssz6666
sss5820
ssnuli
ssly168
ssln888
ssd66688888
ss2869
ss084727
srsr911rr
soho1328
snss_pp
snsn168
snm321
sndnsa
slu168168
slts888888
skyake2
sksaka18888
sjskkkksk
sin_7721
signmang
shx4873648
shutiao78888
shutiao1688
shunfan1
shuncaishen11
shun700
shuidianP
shouji1992
shly6666
shiwu7777
shisansan
shiliwanjia
shijianmoumou
shihuai5629
shihao818
shier080
shi366
sherry553
shengying01
shengteng888
shengg669
sheeikl
shazupan
shayulajiaoa
shayu9999
shayu778
shayebushi0000
shashou66
shaonv17
shanzhu00
shanjiggfc
shanji200
shangwu33333
shami1314
sh484597
sg168
senma00122
sen12123
seeyou666888
see708090
sdk889966
sdfhsdf
sddg3838438
sdafsdf45
sb_987
saoteman66
saomeier986
sanyuan110
sanmao88888888
sanmao128
sankeshen
sanjin1123
sanhedameilili
sali40
salefennii
said_58
sadan8880
s8888com
s72436
s2374100
s196284
ryzf00
ry654321
ry006868
rwsqdym8
ruru9976
ruru5248
ruofeng1212
runtunb
rukuan7676
ruizhi668
ruifei888
ruhua888
rtm_000
rt5889
rsbb2
rrr168168
rrmri0
ross_8023
rng147
rmb6686
rmb666666nb
rma19970403
right168168
rexue0
ranran6860
ran2580147
r66666pk
qz880
qyjt888
qydbh88
qy1888
qwp888999
qwezxcld
qwertyyuuiopas
qwerlxc
qwer98705
qwer955
qwer789000
qwer5558
qwer1888
qwer13389
qweewqdd
qwe996653
qwe9878
qwe987369
qwe889908
qwe8817
qwe77788
qwe688
qwe5638
qwe55679
qwe430522
qwe147258
qwe123789001
qwe111100
qwe101848
qwe0119
qwa3027
qw88812
qw258963
qw147636
quxian66
quwei11
qurikuduo
quanshen88
qu2012
qtnc6688
qtjt0888
qtjt010
qtjt009
qtdsswk6990
qshi668
qsa1688
qqxq1234
qqww511623
qqwert1
qqqsina
qqqqqdoshiq
qqqq889999
qqqq456654
qqqaaa000
qqq678q
qqq572
qqq191919
qqq126598
qqq000707
qqdjhh
qq9876352
qq8555
qq792500
qq778818
qq666778
qq666357
qq608
qq5266
qq2578
qq2311
qq19970
qq199508
yabo1211
ggd256
pneumatic888
xiaoan110
xianybs
oo9992
aajjdrill112
woaiUU
yongbuzhibu988
yxkj001
zx225
Hate_Aa
Qad88888
JCC444
yiwen5
Liner2020
DX0999
xl528168
jk007788
aa162576
yun66789
zsh8888
H66989
kasahang66
yijin338
qsa1688
wangbo888
sjskkkksk
balaaxmx
qiu069
mustmj
ssly168
Laosan7_777
Card678
xiao_cai_shen
ruru9976
shijiansuiyue
ninaodaida
dafuhao7
otc668
FSFS112
yishi88
uu2021
laowangusdt
gongying2021
nmlgb778
A54398
as33311
zxs8866
ahcc168168
jinghong6688
kekell1133
zy333333
qazxsw110
qwer13389
jinnian868
haha3689
zzzzzzz0407
gongting133
sdafsdf45
zxzx686969
yincheng888
Ai8777
Day9999999
TTGIY
XYJ_001
QP889wo
ETM888
bbpp520
z_x5858
Baidu138
o_hf95566
g370285
benpaozhe888
zhansheng999
gjfvb111
tiantian1789
xxggmmwq
ayi84545
AR11269
ttai888
qdkj123
ff137137
wen162738
abaiyzq
Fangshi1
HR3656
beixinkai
ww888899992
CMCCGMC
yiyyy111
Flymhh888
chongsheng8
dubai199
zxtn666
fgmreo65c
Daiaiaiaiaiai
FC86860
JW1997088
yaxinzhifu01
TBQN6666
YZWD001
cjief
Shi_Yi888
xp8593270
daming99999
cwe999
ang1688
ex258258
YSL66666
KKKL258
wuliaaa1
dzry008
A888A666
jiuxinjucai8
tnl886
Rs2211
fc51666
vip_cy008
tel875875
zzz1681688
yuanshai
laozhang268
dijia100
wuhjg1
King_yo
GuYan111
fxy525ace
zqy9198
jmm999
JH6666
lala8954
nnv_vnny
yuncai111
w197732
Dongxie11
santaizi7
wlzf00
qq877777
carcar16888
ww888555
Y4566
djj11133
zht5238
JS5264
CKLVA
yxay888
BMW00875
xiaomin993
xiaosa911
wd159
didiwei1234
Jay22068
fffkk6789
dashu83
wrdxxfd
tianbi001
Jiansheng222
wsnbbhhll
yf5584
fantong123
yongli_gs
hhkvgr
LV588858
maopao7016
ASJXR
wojiaoxiaobao
kil520
cosyss
vpi110
tiezi6818
NailaRuby16911
W2888
wo16880
mlgbd0
dejiave
ayi84545
AR11269
ttai888
qdkj123
ff137137
wen162738
HR3656
beixinkai
yiyyy111
Flymhh888
chongsheng8
dubai199
zxtn666
fgmreo65c
Daiaiaiaiaiai
FC86860
JW1997088
yaxinzhifu01
TBQN6666
Shi_Yi888
xp8593270
daming99999
cwe999
ang1688
ex258258
YSL66666
KKKL258
wuliaaa1
jiuxinjucai8
tnl886
Rs2211
fc51666
vip_cy008
tel875875
zzz1681688
laozhang268
dijia100
wuhjg1
King_yo
GuYan111
fxy525ace
zqy9198
JH6666
lala8954
nnv_vnny
yuncai111
w197732
Dongxie11
santaizi7
wlzf00
qq877777
carcar16888
ww888555
Y4566
djj11133
zht5238
JS5264
CKLVA
BMW00875
xiaomin993
xiaosa911
wd159
didiwei1234
Jay22068
fffkk6789
dashu83
wrdxxfd
tianbi001
Jiansheng222
wsnbbhhll
yongli_gs
hhkvgr
kil520
cosyss
W2888
wo16880
wuqing666273
meimei51888
Bab884997
niuniuniu6688
ylch518
wang_zhe_zdd
Pretty_9898
qydbh88
LTDB222
dongf888
qkk77
skky778
WWW2022888
ppppp11491
shyf92
ss5641
Yasuo222
yunshen111
YyYy963
tqicii
LVd1331
Tianjin004
hql188
TG1816G
xin_bi55
mihua678
chengshu11
yuhao2580
liqi88888888
QJ1888
g7788520
kalongsequ
iG008
lyj8899
niuniu_77
tian580369
ziweiyue
Xiaoha818
M_0704_H
H696969J
zhaoxin1
mashu88888
guangwen
Ad6828
ft99b888
ww975
mmhh336699
baisha03
diaoda886
ltie66666
kb2022100
MaSha886
shouheifen
aa25257758
susu52013
qqjy0
pingan1314
xiaoxiao11234
liutiangg
mmOPPO
godv111
asa8818
qqww6689
Azb115588
shulishuqi
gmail1111245
aa868866
NLS798
aishen878
bjzjs
shuaige8023
lili52089
LZ196
As87690
facai618618
Xb6547
wsdnd5397
jytzf
gaoxiang666
JJ88520
yue5431
FYSep1
nijun003
shouji1992
remix111111
NB666889
F090212
waner7788
BLZF8
mm235689
bddjzy
fengfeng4872
diehca
Baby0099
maotoukasg81
Weidesi00
DR6676
zgws88888
OO119999
ls20ls
hdbdsq
henan8848
lbjn6688
TRX008
coco01001
facai11888b
kkccbbbb
nn00098
ndudhe
U820822
ZheShang_DuCha
jiegongzi55
xiaobai5190
lvbu72
Auu6789
CHM_666
dapao0999
outbob67
huhu3690
dlt0001
xiaoye0504
yfnb666
mao798
rao8888888
Jiaozhu222
zhangsh888
haohao99666
Cshen11
MN001214
QuQ1009
TOP_899
wa1116
shutiao788
goodluck5200
ql7980
byjtzjs
QiaoS9
genminglao
batong82
csVIP777
XIAOXIONG59
jiu_yue_holle
kunchong
ya234234
vipop996686
GoClb
JG6888
SVIP54088
zaqwsx110
qwer955
pluemoo
luhu68
ouhao1015
xtxd123
zxy128
tian_8686
jifeng11
longbo888888
QiQi19970101
wuhen1688
Zzzz7771
daji5558
dujia0
MCJLB01
asss1888
ubb2022
jw788
niandiu0530
JiaTu888
awxbd
XDD0001
bali0
LZ34567
cxm_888
kk1588
dddd15086
hajijin666
Pf9825
jiufu9999
cs565678
JZ986
ssnn666
Ma123666
qa7365888
gaoqianzyh
zhourunfa888888
xsfc888
Meijin54
Tt_4575201314
Gjhcfgh
Hui88984
fa5987
xiaojiba112
Yi9998
ly115118
bukaopu123
yishoupos
ji12322
WSRZDDA
uz000111
aikje4
aotemao123
paogex3
jieyoudae521
m1886688
TT000888
dz65599
BMW518888888
wrickkkk
ds168888
AASS8899p
z7756373
hetianxia789
tucaishen168
XXX8888XXX
xkxnx4
Wuyingge888
sszf000034
zhanhu168
fajia123
onlyo00
yilufa6600
fu8688
kkle168
qwq6666
knn91888
wl568
Ll16816833
zz1010110
seeyou112233
gaobuo01
c359327IDi7
xtyv15738
Kekeysys2022
dapao413l9
lv16888
shendeyizhi1
xt1982
VIP_nsbb
fugui168168
Qacc1
galii11
tyzf999
YB88866
IU10088
ji151515
ReBababy
r66666pk
FF58885
AA959457137605
QM100000
POPKkkKkkkk
cm12500
dabyydz99
zhourunfa688
Ax_778899
dk6656789
caidudu
ark1465
mianju666
cute520
hql188199
zgx666888
a166883
AD1553
lifang668
Gusu688
q101111
hhh19191
qq9983
Maple9999
Tianlong999999
xiaoye_8158
sp99988
FaCai_iii
pangzi608
feima007
FT1P9999
gaolang099
xinxin964
keke1995
baobeiya8
cghikmnn
BT_TangHao
nier4782
aa000188
s304646gss
asksdiw
dashu777777
Cheng55
ttxians3479
ivhic55
cc884488
wek557
A_a580
Axin939
zz101057
KFC18886
BMW5173
xixi9898
abc199801
MFSXX
fulaoban7777
An236An
changanpos
Xhh2202
yo666168
hw888888
cs688888
loveu1u
jianghu9588
DoudoD
wanke5
jkli66
ktv0504
aa9879870
hr2688
kpzf7
Ajiuai9
kuluomi888
AQ668866
owjiazu
luzhu6
z13564
longcity92
mldww1
mk268888
JWLONG222
xiaozhu989
xiaoqiandeng
leiluo6688
jimao857
ningmc
y1682
xys8263812
ck6767678
Don58588
wuxiaameng
paofan1231
erzi66
youdianhaowan
whp00
wwwjijiaa
bbmm6699
HH68668
Du_x72366
SS111JT
tkv000999
LCdafei
viq7777
H_555000
chuangfu_xiye
Jimi0233
dszq868
xzz13579
feifei99588
wwee1123
Hg8818
sf0821
qqq191919
ct99999
zt888999000
zzyz88
zzf319
zzas001
zz331319
zz139900
zxd2587
zuzhi1
zrzf666
zml688
zk646
zjidj
zhpxy77
zhddfgg
zgl028
zgcs666
zcy210aa
z9696z
z885999
z58586
z202235
yz9991
yydska
yyds0587
yw3591
yuyu7928
yue32145
ylylf666
ylqun0
yiyi9437
ying102
yin7cc
yile888
yhgg12
yh620
yffs6688
yes6618
ybb6868
yateland
yaoyao44
yangerye
yandi778
y260764
xz99998
xy7888
xxtt777
xx83588
xunyanzz
xue996
xuanzai0
xth666
xs66788
xq92999
xo1177
xk666668
xiyang13
xiqu666
xintiao
xinl0000
xiner986
xinbr999
xinbi777
xinbi700
xinbi500
xinbi400
xinbi300
xinbi100
xiha8886
xiguail
xigua89
xiamuo
xcxc1133
xbcet
wwyn001
ww_td
ww88aa88
ww888818
wuy940
wmywbyt9
wl88818
wk5200
wen78680
wd_jjjj
wbswwk
wb002
wadr12
vv66968
viq6666
vipp7788
viphuang
vcx8888
uunn7878
ust857
usdt78
usdt70sz
usdt36
ui595
u8087
tyzf333
tyzcsqz
tydacgdx
txzf002
tuzi8881
ttti7788
ttfcwybf
tt369520
ts258c
tongdao3
tianx666
tianshiD
tianXC
ti1190
thug8896
tg138158
tbit001
tanhua11
tainccai
sy188
sx68688
sx1111
suilong
ssy6677
ssst886
ss084727
smm2580
slf111
sjhbnjk
sihhhh11
signmang
shunfan1
shunanok
shuidhb
shishen8
sfzf999
scfw888
sae88888
s2374100
rehuo2
r9986
qwe5638
qtjt009
qs166
qq8555
qq77007
qq2578
qq135
qopdwww
qifei666
q69883
puticoc
puizl
ppoo2022
posmd888
posZF666
po888vv
pl159357
pj168888
pfdage
pf5656
oxo7878
oxl05
oxali88
ou1987
otc00001
oswordo
okbdhu
ojy5884
nzbdwd
nu19999
nsgjba
nnx888
nmz668
nkophg
njnlkmg
niuniu_2
niuiuo
ning1891
ninawoww
niko_g2
nice518
nf888881
ndbang1
nbs223
nbkls688
nba122
nange8
myy1688
mybestto
msg2088
mmv525
mm89989
mm32153
mk8880
mhhgcc
mennnae
maque9
mao99991
mali_cat
make7632
ly1334
lx88778
lufei089
lufe888
ltwav
lqq6688
long147
lnzcc998
llqw778
lll25836
llcc8809
ll11113
liuhuide
linghu66
li520321
lhusdhby
lh67890
lfx0219
laotai88
laomao1
laolang0
la159789
kz_0914
ku85236
ko22388
kkzl13
kkkk998o
kk81899
kk33698
jzzzzq
jyoc1288
jxgzs168
jun7321
jtg222
jing2850
jinbaol8
jiecai66
jie77777
jianan88
ji6651
jdnxnxnh
isy_0101
ioyhsh
iklw9
iiilooz
ifff_77
id15855
i_nieril
hxst39
hwjy44
huzi688
hush553
hidf65
hhuu5454
hh5516
hf6488
hetu259
heer891
heda8899
hdssbdxb
hbb520
haodi007
hao_1789
hanbi123
gyyx888
gushi2
guoo72
guodongx
gui521
guan6778
gqgq666
gjbv18
ghxk775
ghAo3_zZ
gggg648
ggfc6688
gg121793
geli1110
gaosi666
ganle0
fs5880
foye132
fll4588
fhw999
fgxsz
ffdz123
feisi19
feima005
fei86866
fdzf09
fdf1122
fblfblzz
famiys
faman888
fake6666
facai6h6
fa868688
f5688888
enci8886
ekh1111
dzht888
duigo1
douky123
doge7541
dmh666
dlc991
dk77886
dhh6486
dgnghg
dg51888
ddd733
daniu676
dafei911
da666999
czjack
css8899
cnmpz
cmdww1
ckboyg
ck889889
chensiji
chanyap
cf95813
cf667667
cdz9600
cd2008
cctv719
cctv36
cctpp299
ccj1992
cb5201
cardcoco
caih309
cad97603
by64431
buyi87
buska888
bskl333
bskbbs
bole7788
bm8844
blcx888
bitcoco2
biezaizz
bgvbjnjk
bb123567
bainuo1
baige6
baicai90
babyky66
baby1788
b336644
atengxun
assdfd12
asd23419
al258com
aka91k
aka78911
ak47qbz
ajiu234
aiZH1315
ai521ni
ahuan77
ahao556
ac1128
abcy01
abcd5285
abc33666
aadi6888
aaaa25y
aaa15211
aa468357
a92584
a77021
a5216688
a1999199
Zxc1280
Zhulx1
ZZ889123
ZZ889123
ZSBC168
ZJ559
ZGdde
ZG5188
Z888894
Yzz182
Yyzzc
Yuan1669
YuNans11
Ye787
YX889889
YI8552
YH9990
YEZ6859
Xunyu669
XYJ_006
XXOO8855
XW222222
XK888888
XHLS_001
XB5520
WXZF900
WC768
WANG0328
W168169
VIP6916
Usdt662
UUUhhhz
USDT_08
USDT9966
UPPP666
The985
Tg19086
TY88688
TVD899
TQ111111
TG_use18
TG_KaiQi
T7788521
Szjkkd
Sliknn
SVJ8899
SGcnmi
SFZF001
Ry_UBS
Riva35
zxc1779
zm88999
zha1667
zgcs8888
zayj2020
yzqyyds
yuyuefei
yunisxcc
yn77777
ym030415
yhqwer
yfc58688
yaya620
yapaiYQ
yaofagg
y1414123
xxxxsdat
xjj333
xingye18
xiangyu9
xgfy7777
xf886331
xf5740
x1870y
www8819
ww112255
wuzuniao
wmvivian
wky998
vp315
vipyy66
u8090
txzf008
ttygc
tieguo80
te88999
sz888com
ssst886
ssaa9527
signmang
shenmi8
sae88888
rufeng18
redu666
qwer1376
qwe688
quqi188
qp558
qh8988
q95279
pppp78
plm098o
phph686
ou5588
okok520
nznly
nwhss999
no518181
nkomlp1
nba122
mtandyd
mlp183
mfppp11
mcg8889
lois667
lj12011
lilaixin
laojin
kkkk8823
kk855855
kk81899
kk780000
kk1ao
kk166488
kg16890
jxiuxj
jk66682
jitoudui
jackie
hhh19191
zz66999
zxc1779
zm88999
zha1667
zgcs8888
zayj2020
yzqyyds
yylajdn
yuyuefei
yunisxcc
yn77777
ym030415
yhqwer
yfc58688
yaya620
yaofagg
y1414123
xzc89898
xx5457
xingye18
xiangyu9
xgfy7777
xf886331
xf5740
x1870y
www8819
ww6990
wuzuniao
wmvivian
wky998
vp315
vipyy66
u8090
tzxyrzxn
txzf008
ttygc
tieguo80
tan108
sz888com
sunlaohu
st746452
ssst886
ssaa9527
sin_7721
signmang
shenmi8
sae88888
ruide365
ruanke
redu666
qwer1376
qwe688
quqi188
qp558
qiaozi1
qh8988
q95279
pppp78
phph686
pf798
outbob67
ou5588
okok520
nznly
nwhss999
ns681
no518181
nkomlp1
ngls88
nba122
mtandyd
mlp183
mik7788
mfppp11
mcg8889
manyangy
lois667
lj12011
lilaixin
laojin
kunsha8
kun521
kkkk8823
kk855855
kk81899
kk780000
kk1ao
kk166488
kg16890
jk66682
jitoudui
jackie
zz66999
zxc1779
zm88999
zha1667
zgcs8888
zayj2020
yzqyyds
yylajdn
yyds520X
yuyuefei
yunisxcc
yn77777
ym030415
yhqwer
yfc58688
yaya620
yapaiYQ
yaofagg
y1414123
xzc89898
xx5457
xjj333
xingye18
xiany01
xiangyu9
xgfy7777
xf886331
xf5740
www8819
ww6990
ww112255
wuzuniao
wmvivian
wky998
vp315
vipyy66
u8090
tzxyrzxn
txzf008
ttygc
tieguo80
te88999
tan108
sz888com
sunlaohu
st746452
ssst886
ssaa9527
sin_7721
signmang
shenmi8
sae88888
s682233
ruide365
rufeng18
redu666
qwer1376
qqa13579
qp558
qiaozi1
qh8988
q95279
pppp78
plm098o
phph686
pf798
outbob67
ou5588
okok520
nznly
ns681
no518181
nkomlp1
ngls88
nba122
mtandyd
mlp183
mik7788
mfppp11
mcg8889
manyangy
lois667
lj12011
lilaixin
laojin
kunsha8
kun521
kkkk8823
kk855855
kk81899
kk780000
kk1ao
kk166488
kg16890
jxiuxj
jk66682
jitoudui
jackie
hhh19191
heitaoa
gel888
ffhhr113
zz7762
zz66999
zytnbpos
zxc7852
zxc1779
zs88886
zl1258
zhenxl
zg111888
zfb1368
zayj2020
lu886699
lmy888
ttu88
Baba98
hyxc666
xiao120
qwe688
ttygc
Sorry718
kun521
jiujiu13
GHofg1
twnzks
xinbi212
xjj333
sae88888
hb897
outbob67
YDYD2348
QBT789
hhh19191
qqpp2233
kg16890
kk1ao
mik7788
ouhao88
ruide365
x18988
www8819
tgjxxx
etcop
dxfc168
dian1129
db518519
daikai8
cxt88888
caiju01
baozz666
baihui6
b6588858
azj179
aop6666
anan_147
acmmp
acb156
aab2255
aaa45359
aa800852
a987666
a67882
a330271
a15666
ZzongT
ZQ66668
yy112e
Zdes5859
xcty18
sz888com
yaya620
fei83645
gel888
ro888999
jun90009
acmmp
yylajdn
anan_147
nszm266
mcg8889
agloui
nba122
yscd008
wukong81
xx88222
xaz8888
wyf790
aab2255
ggg12746
TTZXK
dxfc168
dian1129
db518519
daikai8
Bli88
Gta9902
xcty18
sz888com
yaya620
fei83645
gel888
jun90009
acmmp
yylajdn
nszm266
mcg8889
agloui
nba122
yscd008
wukong81
xx88222
xaz8888
wyf790
aab2255
ggg12746
TTZXK
te88999
aab2255
ggg12746
te88999
nznly
lois667
no518181
a42ggj
xf886331
yyds520X
kk166488
Q_Nsi
HUFCNIU
wuzuniao
ndudhe
st746452
TG1302
qwzmj
baozz666
lionsent
mfppp11
TB3366
a987666
qiaozi1
xgfy7777
wudihk
xmh77
sky10668
qw513122
lyj0827
qwer1376
jing5656
fddvvd
yn77777
runtunb
LZWQ668
xjr001
open908
zyy1t
zybd1
zy3100e
zy00888
zxxxx511
zxc1998a
zxc1779
zx9888
zx11221
zwp99
zm33333
zhydl123
zhuo2021
zhen8880
zf6090
zc1678
zbc55
zb816
zaza0080
z8848
z2533
yzqyyds
yz9995
yyy99333
yywzj
yylajdn
yydska
yy68888
yxay888
ywzq188
yuyuefei
yunh1100
yun24K
yuinjgh
yuanshai
yuan_007
yu160804
ys_6666
ys880926
youcho6
yile888
yhxyw
yhnlwzt
yghu788
yfc58688
yf5584
yemao999
yemahia
yefa888
ycj66888
yaya620
yateland
yase01
yaonm
yaofagg
yangtian
yangerye
ya0551
y1414123
xzh111
xzc89898
xxm999
xx586
xx5457
xue996
xs66788
xs068
xr8889
xq997777
xq6678
xmkxksns
xln88
xk258
xjj333
xiyang13
xingye18
xinbi212
xin_bi55
xin8888x
xin6768
xiaxi55
xiaoxue5
xiaofa86
xhpj999
xgkzck
xf5740
xcgs086
xc13579
xbeimo
xb888w
x777701
x18988
wyf790
wxb1888
wwy55200
www8819
www52com
wwee1123
ww88aa88
ww6671
ww112255
ww0527
wv2718
wuxi111
wuok3188
wuliaaa1
wuatong
wssz1314
ws91888
wqnmd520
wl568
wild62
why9q
weige007
wd159
wc665
wb002
wast998
wanli01
wangf666
wanbo116
w661688
w518199
w263711
vxzfbnn
vv141242
vp315
uu1425
u8090
tyzf333
txzf008
txzf002
txia001
tutu1377
ttym8
ttycxf
ttxiao
tt258000
tt147520
tsxf15
ts88663
ts235gjb
tongdao3
tl8869
tie990
tiaozige
tiaodao
tianshiD
tiansgo
tgh5678
te88999
tdyq5168
td147147
taowai
tao5566
tang3355
taidi001
sy188
suge2022
ssz6666
ssjt001
ss333ll
ss2869
slcd666
skykula
skshshek
sina6786
sin_7721
siji8866
signmang
shore38
shier080
shenhan
shen444
shdus264
shayu012
sha857
scp_181
san_a123
sae88888
s2374100
rtm886
rgellll
ren13131
r66666pk
qy1888
qwezxcld
qwer955
qweewqdd
qwe5759
qwe4376
qw980723
qw556688
qw513122
qw147636
quqi9
qtjt009
qseqwe
qqqtv13
qqhuawei
qq778818
qq666566
qq311291
qpdokcjs
qp558
qnm16888
qmzboom
qm1666
qlxmmi
qiqi9973
qh8988
qbd5588
qaz66006
q95279
q69883
q1689990
pupu4
pt878788
ps886699
ppxlsp1
ppqq666
ppqq521
pppp78
pp993300
po7892
plm9988
pkp365
pkmk1234
pj88800
phph686
outbob67
ouozz
otc00001
oppo9988
oplk2015
onlyo00
one2325
okok520
okbdhu
ok626
ohh915
ocr66
obs6688
oKok698
ns681
no518181
nn1815
nn00098
nisi9527
nika8866
ngls88
ndudhe
nbpus
nba122
mzr9999
mushypei
mtandyd
mspay111
mpp566
moran857
momo9877
molu6688
mo099809
mo0403
mm341227
mlp183
mlgbd0
mldww1
mk268888
mk1o11
mixiaoyu
minik15
mihua678
miao148
mengx456
mayi365
maxztxz9
mao798
manyangy
lzj5280
lyj0827
lw25888
lv1a2
lv16888
luo798
lulnlu
lu886699
ltz1689
ltwav
look0905
longfei6
lllllllI
lllll644
lli88888
ll940106
ll747
lizi4561
lisi521
liqqwer
lionsent
lilaixin
lesench
laz30000
lanbo168
la159789
lVIP9999
kuxiong
kuny2833
kunsha8
kunchong
kpzf3
kong5o
kku9987
kkkmm009
kk888333
kk855855
kk780000
kk166488
kk1588
kk135315
kj8668
kiko2468
kgk54884
kg16890
kfk888
keaiben
ke_man
kc8527
kaim661
kBZXWE86
k168p
jzzzzq
jz998998
jytzf
jy202328
jy12212
jxiuxj
jun90009
jnh88888
jk66682
jixing9
jitoudui
jioppo23
jinhua08
jinbao08
jimao857
jiafei82
jh89896
jgsssjz
jeji0
jdjcch
j9588
j8jb0000
isnsbu
isfate
ins1689
hz518888
hz189658
hxxhlool
hwyw80
hwjy77
hwjy59
hwjy58
hwjy57
hwjy54
hwjy52
hwjy36
hwjy34
huandu
hu7363
hu168688
hu12901
hu1130
htz1689
hsx168
hrzzz9
hourrc
houge444
hongh234
hongdou8
hlw_888
hl1998h
hidf65
hhd88899
hh479815
hfssb
hf144177
hetian99
hengrun4
heer891
heda8899
he666668
hb80231
hao6868
hansu333
hanru123
hang8880
hanbi123
haleimi
hai16811
haha8008
haha5352
h88589
h55355
gyy911
gy886868
gxfc_888
gushi2
guituimo
gui1123
guankui
gqyjgq
gouzi668
gjy88995
gjhjhy3
gjfvb111
gjf0910
gglwhnb
gg66666
gb8858
ganle0
g66900gg
g167168
g00988
fx44999
fw_36
fushen99
fushen88
fushen77
fushen33
fushen11
fulisha
fu8688
fsm147
frttf533
fox66688
for1917
fj9622
fgxsz
fg56898
ff99880
ff137137
fengqin6
fenglai
feiyun9
feisi19
feiji58
feier124
fei9527
fdzf06
fczw66
fc9871
fc67890
fangxin8
famulei
famiys
faman888
ert19890
er8222
emo11334
eee5688
dushe666
duijiel
dt99999
drprooke
douky123
dongf888
dnjd12
dl689
dcssGF
db518519
dayan007
daxion66
datian_2
daozai1
daniu676
dami6666
dalogoga
daikai8
daniu676
dami6666
dalogoga
daikai8
dagggzm
dafa883
dada919
czjack
cz980216
cyzf_fff
cybbcy1
cumkx
csdb3z
cqskpf
cocozzq
co0518cy
chizi999
cgo998
cg9696
cfcfc444
cf95813
cf667667
cdy1996
cd2008
cctv719
ccloxua
cccnlv
ccbb556
cc9023
cc5011
cc2535
cba78
cardcoco
caiygg
caidudu
c5888
c183854
bxjg8848
buyi87
btok890
brt103
bojuefu
bod0007
bj19818
bikachao
bie007
bf5252
bf119198
ben001
beita073
bc300L
bba478
bb8888fc
banyou99
bali0
baiye668
bai88bai
baby1788
azll955
azj179
aziz539
azhe9
azhe1688
azb56335
ay258088
ay11666
axr165
axb520
au8866
au58886
asksdiw
asen5200
as88878
aqyzz
appwlkj
aogui888
ao183
anzi985
akxx8
akj6177
ajiu234
ai993
ai456789
ai20022
ah_kkh
adxxsdd
adc25888
ad131991
acheng66
acc0754
ac586609
ac168a
abcb668
abc11185
ab307619
aass8886
aajj228
aadi6888
aaa45359
aa88333
aa6958
aa588888
aa511688
aa468357
aa17311
aa168880
aa1335
a_52234
a895204
a7657890
a752100
a530m
a24560
a235789
a166883
a1213666
a026696
Zzzz7771
Zzzvv00
ZzongT
Zy202022
ZYzhang8
ZXYL8602
ZQ881888
ZF22222
Yz00002
Yuq1527
Ytlds169
Ysaaa168
Yixiuge1
YiMer520
YYNSMBA
YXQ888
YTgoo
YFFTL97
YDHCTD
Xzz1992X
Xxzg1688
Xbw1580
XYFS668
XXX_1105
XX20277
XW222222
XTZF88
XTJ71129
XS099
XMLM520
XL7788
XH571
XGS33333
XG666666
XF88808
X708168
Wxy7549
WYYPA
WUWEI16
WOMENS1J
WKAI111
WC888666
WANG0328
W58886
W2888
VQ2022
UbiUnion
USTYH
USDT1E
TwVaVa
TuTua99
Tian0120
Taoli009
Tangtnag
TY0725
TV8886
TV4864
TV175736
TT_8898
TTTFM88
TTB668
TT12366
TG_KaiQi
TGCM04
TGB636
TG168268
TG1302
TCY2002
TB88844
TB10001
T87790
Sying666
Summer_t
Sujin999
SuSuai
Ssss996
Sorry718
SlS1718
Santaizi
SY20131
SVIPman
SKZGEGE
SHSXJYD
SGTGY1
SG0215
SFZF0001
SF90XX
Rinch666
Ran_0001
RR9922
Qwer8464
QW7754
QV799969
QQXO888
QQXMY111
QLY999
QDD66699
QBT88888
QAZ0007
Q878685
Q740740
Q36998
Q3393391
Plboud
Pity_pp
Pii1992
Pguo19
PWiEiM
POT889
PM888666
PG880811
PF357
OKXceo
Nq2288
NiuAE86
Nime88
NGBD555
NG0852
Myysei
Mr_limao
MoYu76
Mk_668
Mi958
Meijin54
Mask168
Mask0004
Mammjk
MT_ing
MH7489
M37070
Like339A
Lgs3323
Let_888
Langyuez
LZWQ668
LZ67890
LSZF999
LLCT777
LK1929
LK0086
LIN17888
zzzzzzz0407
zzzz11097
zzzfff6688
zzz15bt
zzz1133333
zzz008899
zzyz88
zztong
zzlww
zzf319
zza8898
zz69702
zz66999
zz6688999
zz139900
zz101057
zz1010110
zytnbpos
zypfxq1
zynditui
zyh8566
zyf201010
zyf196666
zydb001
zy333333
zy147258963
zy00888
zxzx686969
zxz551188
zxxxx511
zxtn666
zxs8866
zxmwan
zxl1314
zxd2587
zxcvbnmccxx
zxcvbnm456123
zxcv567291
zxc6668666
zxc2502541
zxc1779
zxc125q
zx225
zx11221
zws9999
zwqf116888
zuozhu1688
zunlong_888
zuiai12345
zuan200w
zt888999000
zszf888
zsh8888
zsd223243
zs99988
zrzf666
zqy9198
zq778899c
zoo2284
zongtongyinliu
zml688
zmkj222
zm88999
zk646
zjsid
zjq0216
zjbxvhjnb
ziyang6666
ziweiyue
ziting111
zis189
zijinbulaiwang
zhydl123
zhuoyue3
zhuo2021
zhuliye111
zhufeika126
zhuanyun8
zhuanyezuo
zhuanye86
zhu09
zht5238
zhsh16888
zhoushensheng
zhourunfa888888
zhourunfa688
zhoudaxia666
zhocai8888
zhlqs
zhizhizhu
zhiren123456
zhihuishu223
zhifuzhuanjia66
zhifudidi
zhifubao111
zhi555555
zhi205
zhengfu889
zhddfgg
zhaoxin1
zhaoshanhe6688
zhaoshang0086
zhaocheduidui
zhao16880
zhansheng999
zhanlong
zhangyuer11
zhangyu112266
zhangyide11
zhangxudandan
zhangxs1997
zhangxiaojie1
zhangsh888
zhangsanfeng1
zhangsan5
zhangjie8888
zhangerdan6688
zhaitengfeiniao
zgx666888
zgws88888
zguo88888
zgsy123456
zgl028
zgcs8888
zgcs666
zfg88888
zfg888666
zeyang198
zdr_123
zdcmymwll17
zdbiaoduan
zczc_zczc
zcy210aa
zctianlemen
zcc55555
zc8186166
zc66778899
zc1678
zbj8888
zaza0080
zaqwsx110
zaqwe258
zaq357258888
zaq11009977
zaiking
za99999ij
z_x5858
z885999
z879h879
z7756373
z58586
z2533
z202235
z13564
yz9991
yz88888888
zhu0780
ying414
Yynn888
yixiaoDJ
ykg8888
yuxiangrousi8888
yiqifa888558
yyds12368
Yongli521
xf886331
xxxmmm22
tianshengyingjia
tg898898
tiezi6818
TuTpp
TT321777
tianz188
tumor88
shlshen8
sdk889966
s20201105
shen444
santaizi7
qiangrensuonan
qwe147258
qiangj520
qwe520113
qwe12143
qingtian0001
ppkritt666
PGw888999
pishuai9587
obs6688
obs68
nodfan
NNan08
Lzh67666
liu33333
ljhsbb
l123450036
kuchengzi002
jxnekdjxjsn
jun90009
jiangnan6661
helloBJD
hongtu_jy
haogongmin
HuoshanLojnTeng
Gusu688
g54555
fu1873
facai9870
dapeng538
DongFang110
Dz6000
dongnei888
dapao0999
dacongming2
dutu666888
cx18888
CCTV668
liuhuide
benc618
aaa8888001
abcd321111
ac168a
a987666
AjjW888
amtfdddd
Hate_Aa
aa1335
a10303
AAQQ686868
A1A1666666
AK66655
bossjd88
LZ196
dizangwang66
T87790
wasd1888
Suiyuan777
HH168_88
ifff_77
ajiu7777
AAABB1019
ya888890
aou1029
vip13999
taozi686
xunchang1009
jiaxi11
hsn1177
kkt1208
jzovo5
hhq733
XiaoJianS
dwsqbb
FYZF18
yemu6
ZiHua_JZDF
hongshengm888
kpzfxiaoya
ZG5188
zzz_018018
zz741817
zz6688999
hls669
jzovo5
hhq733
XiaoJianS
dwsqbb
FYZF18
yemu6
cn1902
hongshengm888
kpzfxiaoya
yixiao111
zzzxxxqqqlllaaa
zzz_018018
zvip7788
zhubing1986
zhanhu_1
zhangzo6
zhangyu111111
zhangyide11
zh823
zfg888666
zdy8888
zce1998833
zc1678
zbt111
zbj8888
zaqwsx110
zaq357258888
z2670
yzr77777
yyy5201
yyqazb
yylajdn
yydsabc1008611
yyds77777777
yyds12368
yyaa666
yy868686
yy112e
yx9997
yunisxcx
yun99998
yujian77
yuji66885
yuan_007
yu88866
yu160804
ys880926
ymy980518
ykzc08
ykg8888
yiyi007
yixiu699
yiran66
yingxuo1
yingKen
ying414
yidaoquxian
yfqhcfhxr
yf5584
ybb6868
yaxiaohua
yase777777
yase01
yang988
ya0551
y1414123
xykuli
xy151
xxxmmm22
xxtt339
xxsc6666
xxbrzooo
xx9991
xx66999
xx543212
xx11543
xueer331
xuanxuan356
xm516
xkzl9998
xixixi217
xixi8181
xiuxiu5355
xinzenoo
xinxinka88
xinxin998877
xinheyongzi
xingzuokk
xingyu999
xingye18
xinguan9529
xiner986
xindakefu
xinbi714
xinbi300
xinbi292
xinbi291
xinbi290
xinbi200
xinbi199
xinbi198
xinbi197
xinbi0008
xinbi0005
xinbi0004
xinb0020
xigua89
xiexie118
xielaoban9996
xiege
xichubawang88
xiaozhan1016
xiaotaiyang369
xiaosheng0003
xiaorong1789
xiaoqiandeng
xiaoqi1789
xiaomeng667
xiaolajiao0304
xiaojiba112
xiaobingzhangga1
xiaobao112200
xiaobai888666
xiao179049
xianzhang1336
xi_lin666
xff886866
xbw691012
xbk169
xaingerna636
wzzf8888
wzikh
wz66688888
wyz588
wwww7768
wwww1132
www8819
www1921
ww1688990
wv2718
wuxi111
wutiao77777
wuliang8888
wuhu159
wuguiyuncai01
wuge567
wudangwangye8
wu2012A
wt8899
wsnbb2580123
wrickkkk
woshishui121
woshiniAn
wolverine123123
woke918
wohenniub
woaimeinv
wlr8800
wl568
whh123456
wendu888888
wen653
we88886666
we158668
wbkx_2
wanhao2466624
wangzong137956
wangsun363699
wangpai5918
wang0807
wa11199
w888456
w77788887
w197732
vshen16888
vp315
vipzp598
vbdxzimiquy
uvfjx27388
uu2021
uu1680
usdtyu1
tzxyrzxn
tyl159357
ty188800
txzf008
txyw9
tx18887
tutuzhifu008
tumor88
tucaishen168
ttxiao
tttimber
tts99000
ttryub
trhgggd
tohssi
tmxeb
tianz188
tiantang0002
tianshengyingjia
tiangou6
tianXC
theone818
tgfxxxx
tdbmwl
taotao1986
tangqiu888
tanggongzi88
taiwanhuigui
tai99888
tabcaps008
sy3594
sxm760
swk333
suifeng9999
suif11
suhei01
sucheng88
su5568
spm7584
songyi147
soh88888
slu168168
sjsjax
sjksnjj
shun667
shoucunren777
shou77777
shengteng888
sheng111666
shen444
shashouzhiwang
shaonv17
shan123987
sgcy1236
sewk6
sen1858
sdfhsdf
sczf777
sb_987
saomeier986
sanpang588
saima8876
s0371
rzshr222
rzshr1524
ry654321
ruide2
rmb00000
rhfg8
qwerooo1
qwerasd87
qwer8817
qwer13389
qweasz110
qwe147258
qwa3027
qw9606
qw147636
qt995200
qqz110
qqqq889999
qqqq7777q
qqqq456654
qqq000707
qqLV13
qq8555
qp8888qp
qnalszi1688
ql9988
qinqin953
qingtian0001
qingfenda
qil6688
qianxinxin161
qiangrensuonan
qiangduoduo8899
qg123123
qf577
qdd16889
q66166
q23265
q1231117
pujing8088
ppooo3336
ppkritt666
pp_wei
pp5207
pp4678
pp1357913579
pos86
plm11234
pj168888
pipibaoo
pianai940819
phf85
pggllhh
pengzi9988
pay1008
pa918
ouhao1015
opop543
onlyo00
omg97921
okok520
ok5500ok
ok288288
obs68
nuonuo1998
nonono520
nomo56667
nnpw111
nlnlznl2
nko0phhhg
njhdj8727
niuzigezhengban
niushun
niuniu_77
niubigeg
nini9975
nimabinimabi123321
nidaye55555
ndjdj3
nanfang6666
naixi991
myy16888
my888999666
mustmj
muma6666
mufan8888
ms19334
mpp566
mofamaomi
mmn66688
mmkkdq
mm6688kk
mm135136
mingdu80
miluan001
mihua678
miebadaren888888
miandianlaobaigan
mengni6681
mengmeng799
meixixinyue353
meilizhifu
maotoukasg81
manyangy
manjiayi
mali_cat
m73737hsus
m6685987589
m17881788
lzdj78
lycnbdyp
lwx1997
lvbu72
lv555777
luer876
luckgood8888
lth02
lss080
lp11172999
longxiang777
longgefacai
long1314521
lnzcc998
lixyan78
liubo996
liubei1235
liubang8888
liu5388
linhunren
lingtox
linggan888888
lijianqing
lifang668
licha9988
liangyu522
liang1993e
leinuo_kik
laozhang268
laosan033
lanxintx168
kunge1111
kunchong
kuaiche66
ktpaidan2
ktjvgihtnqgnq
ksdy12345
kong580
klf123ww
kkv82688
kkp006
kkkmm009
kkkbinbin
kkk5205208
kkk19938
kk56168668
kk444555666
kk166488
kingfz888
kimi_dog
kikckhhh
kiaUSDT
kexing8866
kexiner986
kemei986
kele_1234
keke667
kek791250
kakaka8877
kaisa111
kai552265
kahuangshangmao
kache6881
k05444
jzm6943
jyxkui
jytzf
jy12212
jxgzs168888
junxi10528
junjun111111
jun7321
joke36110
jmkkwpj
jltx88
jkkhjkhk44444
jjb1666888
jiye699
jiuzhoudawei
jinv3
jinjin666888
jingxiang555
jinguanyule
jinghong9527
jiaxing0922
jiangtianyang1818
jiangnan6661
jianghu919
jiangchenguhua8888
jiance977
jgdhbcbjj
jdzf1234
jdk258
jdb885
jack99999
isnsbu
io1010
iikoly
iawqqq
hyl0008
hy770880
hx5408
hwyw99
hwyw77
hwjy94
hwjy59
hwjy54
hwjy44
hwjy36
hwgf65
hwgf50
huyguk1234
hujing5
huhu3690
huge6669
huanghelou19
huanggua13140
huangdiqian
huanbaodashi
huahua_no1
hu12901
htpw005
htpw004
htpw003
htpw001
htaking
hr2688
houjienanhai888
hongxx1
hongtu_jy
hongri111
hongqi77
hmzf8
hkfg16666
hjgy168
highollie
hh33331
hgz07
hetu258
hetianxia789
henjdjrib773637
haozl168
haizhiya02
haimo9999
haiertania969
ha5201314
gx888666
guojie168
guicheng1688
gugu669
guaiguai116688
gpp003
gouzidadui
goudianyeye11
gou12345678
glt890098
gibfgh
ggyy789
gg99996
gg889989
gddd8886
gbg5588
gaomi888
gangdanplus
gagaggg1
fz96110
fww258
future9527
fusheng68
fs88888888
fndj123b
fjgg6878
fjcj46
ffyyggg
ffffkkkk6789
ff418
fenwei11
fengyuxiang
feisi19
feijige6667
feiji1689
fei9527
fei667788
fdf1122
fanxian1
fafafa1888
fadacai588
fackai
facaixiao6
facai9870
facai25811
faaaaanzz
fa5987
ershui1
erjieTRX
emo113399
emo11336
dxzq868
dutu666888
dundun520
dtzf009
dtdt012
dszq868
doudou951
dongxi123
dongnei888
dongguanzai23
dongfeng9988
dml2345
djuxbm
dj1877278
dixnam
dingli6689
ding1234567890
dianqilsi99
dhzf0022
dhdmxm
dhddjm
dgvx558
dfh11
demaPC28
ddd55463
daxiang963
datian888777
dalong66888
dalogoga
dali943
dalanggou88
daji66668888
daizhuce01
dahun112
dahai520520
yzqyyds
yz88888888
yyyhh12
yyxx552233
yyss88888
yydskn
yydska
yydsfugui
yyds_588
yyds999888
yyds520X
yyds12368
yyds0587
yy868686
yy77889900
yy55558
yy4254619
yy1957902837
yy12123344
yy0073
yxkj001
yxh111777
yxay888
yx6669
yw3591
yuze12345
yuyuefei
yuyu7928
yushanqingyao
yuoyuo321
yunhaixiaoyao
yunduo3333
yunduo333
yunduo314
yuncai111
yunLong785
yun66789
yun24K
yumu11
yuki666888
yujianni8888
yuji66885
yuiop362
yuhuatian8888
yuhao2580
yuguigou888
yuganyou
yuda_00001
yuanshai
yuanfang9527
yu160804
ytzsf888
ytym123
ytjm123
yt998877
yt88668
yszf444
ysjxyy
ys8886
ys880926
ys6668
yrwy7
yqsl6688
youzicha123
youyuhh
youtdlaitan
youdaoji
you5160789
yongyi8888
yongwang66666
yongli_gs
yongbuzhibu988
yoky3789
yo666168
yn77777
yn000111
ym030415
ylylf666
ylchyyds
yiyyy111
yiyi9437
yixiu6789
yiwen5
yishoupos
yishi88
yisheng567
yiqishoumi
yiqifadacai
yiqifa888558
yingzi9999
yingxuo1
yinghan888
yingKen
ying102
yincheng888
yiluyouni007
yilukuangben
yilufa6600
yile888
yifan09
yidao188
yhnlqf
yfnb666
yfct19888
yfc58688
yf5584
yf0708
yeyu008
yeyeye966
yesho11
yes6618
yeah6668
yc521
ybb6868
yaya620
yaya505
yaxinzhifu01
yateland
yase01
yapaiYQ
yaoyao88899
yaoyao44
yaoxiaozii
yaofagg
yaobeidianle
yao2024
yanli1205
yangzi888
yangzai666999
yangyuyu8
yangyang1204
yangui666
yangmonren
yangerye
yandi778
yabo1211
ya234234
ya0551
y66866
y6258256ty
y260764
y1682
y1414123
xzz13579
xzh111
xzc89898
xz99998
xz78976
xyttc
xyt8888888
xys8263812
xyq888988
xyj810
xyg9527
xya688
xy9496
xy7888
xy5yf
xy20010126
xy125800
xxx622zzz
xxtt777
xxm999
xxin999
xxh555666
xxggmmwq
xxbb778899
xx9991
xx998877
xx83588
xx6368
xx5208
xx1351357
xwdh205
xvefu02
xusong6789
xunchang1009
xuhao1888
xueyou6668
xuanzai0
xtyv15738
xtxd123
xtt1111
xth999
xth666
xt1982
xsjPay888
xshjgn
xsfc888
xs6888888
xs66788
xs068
xrd00
xr8889
xp8593270
xo1177
xmkxksns
xmf00xif
xmd88
xm66887
xm516
xl528168
xl12345654321
xjzf003
xjx5200
xjj333
xjhb1234
xiyang13
xixi9971
xixi9898
xixi876
xiqu666
xiongmao8686
xiongda12
xiong22900
xiong13440
xinzuo88888
xinyu24h
xinyk837
xinxin998877
xinxin1689
xinw2
xintu66888
xintong1999
xinl0000
xingyu880
xingye18
xingwang5
xingmohzys
xingkong155
xingdailu888
xingda8866
xingcheng841
xingcheng741
xingcheng6547
xingcheng5471
xingcheng4796
xinfa02
xiner986
xindakefu
xinbr999
xinbi777
xinbi700
xinbi664
xinbi500
xinbi300
xinbi200
xin_bi55
xin8888x
xin6768
xihbi400
xiha8886
xiguail
xige168168
xigangcgx888
xier55999
xiecheng188
xichubawang88
xiaxue10206
xiaxi55
xiatian121
xiatian12
xiaozhua666
xiaozhu989
xiaozhazha666
xiaoyumini
xiaoye_8158
xiaoye0504
xiaoy9
xiaoxiaokai8
xiaoxiao11234
xiaowu5555
xiaowei930
xiaowanzi258
xiaotoi
xiaotian0714
xiaosi888888888
xiaosa911
xiaorong1789
xiaoqiandeng
xiaoqian50
xiaoqi865
xiaoqi1789
xiaopang7
xiaomingge857
xiaolongxia333
xiaoliu899
xiaoli1789
xiaolaohu999999
xiaolan9999
ZG5188
zzzxxxqqqlllaaa
zzz_018018
zz741817
zz6688999
zyj1998
zy4499
zxx1103703
zxcvbnm456123
zxc989803
zxc1779
zxc1111888
zvip7788
zunlong_888
zui11
zt720902
zm13557
zk11990
zi666z
zhuliye111
zhubing1986
zhuanlunw
zhu999999
zhichikk
zhaozilong645
zhanhu_1
zhangyide11
zh823
zfg888666
zdy8888
zce1998833
zc1678
zbt111
zbj8888
zaqwsx110
zaq357258888
z2670
yzr77777
yyy5201
yyqazb
yylajdn
yydsabc1008611
yyds77777777
yyds12368
yyaa666
yy868686
yy112e
yx9997
yunisxcx
yun99998
yujian77
yuji66885
yuanshuai_1
yuan_007
yu88866
yu160804
ys880926
ymy980518
ylchyyds
ykzc08
ykg8888
yiyi007
yixiu699
yiran66
yingxuo1
yingKen
ying414
yidaoquxian
yfqhcfhxr
yf5584
ybb6868
yaxiaohua
yase777777
yase01
yang988
ya0551
y6024940
y1414123
xykuli
xy151
xxxmmm22
xxtt339
xxsc6666
xxbrzooo
xx9991
xx66999
xx11543
xueer331
xm516
xkzl9998
xixixi217
xixi8181
xiuxiu5355
xinzenoo
xinxinka88
xinxin998877
xinheyongzi
xingzuokk
xingyu999
xingye18
xinguan9529
xiner986
xindakefu
xinbi714
xinbi300
xinbi292
xinbi291
xinbi290
xinbi200
xinbi199
xinbi198
xinbi197
xinbi0008
xinbi0005
xinbi0004
xinb0020
xigua89
xiexie118
xielaoban9996
xiege
xichubawang88
xiaozhan1016
xiaotaiyang369
xiaosheng0003
xiaorong1789
xiaoqiandeng
xiaoqi1789
xiaomeng667
xiaolajiao0304
xiaojiba112
xiaobingzhangga1
xiaobao112200
xiaobai888666
xiao179049
xianzhang1336
xi_lin666
xg8880923
xff886866
xbw691012
xbk169
xaingerna636
wzzf8888
wzikh
wz66688888
wyz588
wwww7768
wwww1132
www8819
www1921
ww1688990
wv2718
wuxi111
wutiao77777
wuliang8888
wuhu159
wuguiyuncai01
wuge567
wudangwangye8
wu2012A
wt8899
wsnbb2580123
wrickkkk
woshishui121
woshiniAn
wolverine123123
woke918
wohenniub
wlr8800
wl568
whh123456
wendu888888
wen653
we88886666
we158668
wcszw888
wbkx_2
wanhao2466624
wangzong137956
wangsun363699
wangpai5918
wang0807
wa11199
w888456
w77788887
w197732
vshen16888
vp315
vipzp598
vbdxzimiquy
uvfjx27388
uu2021
uu1680
usdtyu1
tzxyrzxn
tyl159357
ty188800
txzf008
txyw9
tx18887
tutuzhifu008
tumor88
tucaishen168
ttxiao
tttimber
tts99000
ttryub
tt0523
trhgggd
tohssi
tmxeb
tianz188
tiantang0002
tianshengyingjia
tiangou6
tianXC
theone818
th012
tgfxxxx
tdbmwl
taotao1986
tangqiu888
tanggongzi88
taiwanhuigui
tai99888
tabcaps008
sy3594
sxm760
swk333
sunset993
suifeng9999
suif11
suhei01
sucheng88
su5568
spm7584
songyi147
soh88888
slu168168
sjsjax
sjksnjj
shun667
shoucunren777
shou77777
shenji158
shengteng888
sheng111666
shen444
shashouzhiwang
shaonv17
shan123987
sgcy1236
sewk6
sen1858
sdfhsdf
sczf777
sb_987
saomeier986
sanpang588
saima8876
s0371
rzshr222
rzshr1524
ry654321
ruide2
rmb00000
rhfg8
qwerooo1
qwerasd87
qwer8817
qwer13389
qweasz110
qwa3027
qw9606
qw147636
qt995200
qqz110
qqqq7777q
qqqq456654
qqq000707
qqLV13
qq8555
qp8888qp
qnalszi1688
ql9988
qinqin953
qingtian0001
qingfenda
qil6688
qianxinxin161
qiangrensuonan
qiangduoduo8899
qg123123
qf577
qdd16889
q66166
q23265
q1231117
pujing8088
ppooo3336
ppkritt666
pp_wei
pp5207
pp4678
pp1357913579
pos86
plm11234
pj168888
pipibaoo
pianai940819
phf85
pggllhh
pengzi9988
pay1008
pa918
ouhao1015
opop543
onlyo00
omg97921
okok520
ok5500ok
ok288288
obs68
nuonuo1998
nonono520
nomo56667
nnpw111
nlnlznl2
nko0phhhg
njhdj8727
niuzigezhengban
niushun
niuniu_77
niubigeg
nini9975
nimabinimabi123321
nidaye55555
ndjdj3
nanfang6666
naixi991
myy16888
my888999666
mustmj
muma6666
mufan8888
ms19334
mpp566
mofamaomi
mmn66688
mm6688kk
mm135136
mingdu80
miluan001
mihua678
miebadaren888888
miandianlaobaigan
mengni6681
mengmeng799
meixixinyue353
meilizhifu
maotoukasg81
manyangy
manjiayi
mali_cat
m73737hsus
m6685987589
m17881788
lzdj78
lycnbdyp
lwx1997
lvbu72
lv555777
luer876
luckgood8888
lth02
lss080
lp11172999
longxiang777
longgefacai
long1314521
lnzcc998
lj166888
lixyan78
liubo996
liubei1235
liubang8888
liu5388
linhunren
lingtox
linggan888888
lijianqing
lifang668
licha9988
liangyu522
liang1993e
leinuo_kik
laozhang268
laosan033
lanxintx168
kunge1111
kunchong
kuaiche66
ktpaidan2
ktjvgihtnqgnq
ksdy12345
kong580
klf123ww
kkv82688
kkp006
kkkmm009
kkkbinbin
kkk5205208
kkk19938
kk56168668
kk444555666
kk166488
kingfz888
kimi_dog
kikckhhh
kiaUSDT
kexing8866
kele_1234
keke667
kek791250
kakaka8877
kaisa111
kai552265
kahuangshangmao
kache6881
k05444
jzm6943
jyxkui
jytzf
jy12212
jxgzs168888
junxi10528
junjun111111
jun7321
joke36110
jmkkwpj
jltx88
jkkhjkhk44444
jjb1666888
jiye699
jiuzhoudawei
jinv3
jinjin666888
jingxiang555
jinguanyule
jinghong9527
jiaxing0922
jiangtianyang1818
jiangnan6661
jianghu919
jiangchenguhua8888
jiance977
jgdhbcbjj
jdzf1234
jdk258
jdb885
jack99999
isnsbu
io1010
iikoly
iawqqq
hyl0008
hy770880
hx5408
hwyw99
hwyw77
hwjy94
hwjy59
hwjy54
hwjy44
hwjy36
hwgf65
hwgf50
huyguk1234
hujing5
huhu3690
huge6669
huanghelou19
huanggua13140
huangdiqian
huanbaodashi
huahua_no1
hu12901
htpw005
htpw004
htpw003
htpw001
htaking
hrzq8888
hr2688
houjienanhai888
hongxx1
hongtu_jy
hongri111
hongqi77
hkfg16666
hjgy168
highollie
hh33331
hgz07
hetu258
hetianxia789
henjdjrib773637
haozl168
haizhiya02
haimo9999
haiertania969
ha5201314
gx888666
guojie168
guicheng1688
gugu669
guaiguai116688
gpp003
gouzidadui
goudianyeye11
gou12345678
glt890098
gibfgh
ggyy789
gg99996
gg889989
gddd8886
gbg5588
gaomi888
gangdanplus
gagaggg1
fz96110
fww258
future9527
fusheng68
fs88888888
fndj123b
fjgg6878
fjcj46
ffyyggg
ffffkkkk6789
ff418
fenwei11
fengyuxiang
feisi19
feijige6667
feiji1689
fei9527
fei667788
fdf1122
fanxian1
fafafa1888
fadacai588
fackai
facaixiao6
facai9870
facai25811
faaaaanzz
fa5987
ershui1
erjieTRX
emo113399
emo11336
dxzq868
dutu666888
dundun520
dtzf009
dtdt012
dszq868
doudou951
dongxi123
dongnei888
dongguanzai23
dongfeng9988
dml2345
djuxbm
dj1877278
diyu8866
dixnam
dingli6689
ding1234567890
dianqilsi99
dhdmxm
dhddjm
dgvx558
dfh11
demaPC28
ddd55463
daxiang963
datian888777
dalong66888
dalogoga
dali943
dalanggou88
daji66668888
daizhuce01
dahun112
dahai520520
dafei911
dafei518
dafa9988
dacongming2
dabaisha1688
cz66778
cyovo11
cyins
cygj1686868
cy8023
cx9936
cwe999
cvv180
cv784
csc00190
cs688888
cnmb1986
cl7777777
ckf666958
chuyi101
chongsheng8
chenxin258369
chenpaopao168
chenizx111
chenhaonan888888
chaoyue000
chaofan008
cdsydd
cdlaosan888
cczzff88
ccuu567
cct0281
ccdi69
cc777773
cc55889
catsharkcoin
caonlmaBB
cang6688
caiwu7741
caishenye58
caishen5886
caijinbb
caifu2222
cai6688000
c5668
buxihuanchi
buska888
btok001
bss05008
boxue1325
bly888a
bilibili1313
biaozi11
bf998877
bf88866
bdu9889
bdjish
bbwan66
bbss1818
bbh33312
bbggg060800
bawang555
baqijie88
baoligege
baochi8888
banwang8888
baiza521
baiye168
baijin777
baidana112136
baibai945
babyeco33
baba1589
azy11433
az357250
az1301848968
auh776633
atmkkk888
ating123654
atengxun
asuge
aspiration77
aspdds
asff6688
asdff000
xiaojiejie2
xiaojiba112
xiaoji99999
xiaohutu10086
xiaohuo2913
xiaohuihui110
xiaohu090402
xiaohei8877
xiaohang01
xiaoguaishou888
xiaofj2073
xiaoerduo00
xiaodi666