

=====================================================

2022-11-15
咨询客户ID：5690701081 → None
咨询消息：欧宝-龙珠体育招募代理 ，首存1000元彩金300元  

https://t.me/kaiyun9966/19?single
回复消息：你好，联系主号   @Boss91M1

=====================================================

2022-11-15
咨询客户ID：5682616712 → None
咨询消息：Hey Roger

Voici ton lien de parrainage que tu es invité à partager => https://t.me/Ecobank_argent_bot?start=r03085253774

Une personne cliques sur ton lien et tu gagnes 2000FCFA
回复消息：你好，联系主号   @Boss91M1

=====================================================

2022-11-15
咨询客户ID：1886964690 → None
咨询消息：
回复消息：你好，联系主号   @Boss91M1

=====================================================

2022-11-15
咨询客户ID：815252755 → Hopa1000
咨询消息：دروس توحيد
https://telegram.me/wwwHopa
回复消息：你好，联系主号   @Boss91M1

=====================================================

2022-11-15
咨询客户ID：5427113160 → None
咨询消息：
回复消息：你好，联系主号   @Boss91M1

=====================================================

2022-11-15
咨询客户ID：2026033271 → None
咨询消息：Hi
回复消息：你好，联系主号   @Boss91M1

=====================================================

2022-11-15
咨询客户ID：5466143773 → pAxDWaditzeus
咨询消息：💥💥🔔😜aQJ  🙈🇨🇳TG最强营销神器🇨🇳🤜24小时全自动群发🤛
💪批量☝️采集👉拉人👌私信👄炒群👀
🐯更有-筛号-代拉-僵尸-活粉-直登号-协议号🐯
软件测试联系  @baicha9
回复消息：你好，联系主号   @Boss91M1