
2022-11-15 11:21:28 | 18382362995 → https://t.me/njwwjpxc → 加群成功
2022-11-15 11:21:36 | 30224623885208 → https://t.me/olddrivergd → 加群成功
2022-11-15 11:21:43 | 3022891580833 → https://t.me/blsq55 → 加群成功
2022-11-15 11:21:56 | 3023278413814 → https://t.me/asiaweed → 加群成功
2022-11-15 11:22:08 | 30233260358986 → https://t.me/chatssr → 加群成功
2022-11-15 11:22:17 | 30249966290460 → https://t.me/zscd1 → 加群成功
2022-11-15 11:22:44 | 30923082450657 → https://t.me/discussimmigration → 加群成功
2022-11-15 11:22:54 | 30923085754996 → https://t.me/daishou44 → 加群成功
2022-11-15 11:23:18 | 3094755325069 → https://t.me/maticnetwork_china → 加群成功
2022-11-15 11:23:29 | 573243209152 → https://t.me/dmzf8 → 加群成功
2022-11-15 11:23:36 | 79528551283 → https://t.me/FQ3P3 → 加群成功
2022-11-15 11:23:50 | 8213435836206 → https://t.me/hi_Official_Chinese → 加群成功
2022-11-15 11:23:59 | 8213436816628 → https://t.me/ftx_chinese_official → 加群成功
2022-11-15 11:24:06 | 8213436816835 → https://t.me/ccv348 → 加群成功
2022-11-15 11:24:14 | 8215483714595 → https://t.me/kx360 → 加群成功
2022-11-15 11:24:24 | 8216674032058 → https://t.me/huione888 → 加群成功
2022-11-15 11:24:48 | 917061771362 → https://t.me/qingroup → 加群成功
2022-11-15 11:25:11 | 917247462172 → https://t.me/db_lm → 加群成功
2022-11-15 11:25:26 | 917602129536 → https://t.me/tg1949521 → 加群成功
2022-11-15 11:25:41 | 917838380415 → https://t.me/gdr666 → 加群失败：群组禁止访问
2022-11-15 11:25:47 | 918240446800 → https://t.me/HuNanTG → 加群成功
2022-11-15 11:25:58 | 918248953531 → https://t.me/xcarnival_chinese → 加群成功
2022-11-15 11:26:06 | 918260135412 → https://t.me/beiluochat → 加群成功
2022-11-15 11:26:17 | 918262022782 → https://t.me/TGDL128 → 加群失败：The authorization has been invalidated, because of the user terminating all sessions (caused by ResolveUsernameRequest)
2022-11-15 11:26:24 | 919482799261 → https://t.me/zhenggui → 加群失败：群组禁止访问
2022-11-15 11:26:34 | 919672652063 → https://t.me/nwdr888 → 加群成功
2022-11-15 11:27:27 | 919923144199 → https://t.me/huiguophp → 加群成功
2022-11-15 11:27:42 | 30249966290460 → https://t.me/HLS0002 → 加群失败：RPCError 400: INVITE_REQUEST_SENT (caused by JoinChannelRequest)
2022-11-15 11:27:47 | 30919322628102 → https://t.me/BtokCN_0014 → 加群成功
2022-11-15 11:27:55 | 8216674032058 → https://t.me/frontend_talk → 加群成功
2022-11-15 11:28:02 | 917838380415 → https://t.me/google_win → 加群失败：群组禁止访问
2022-11-15 11:28:09 | 918248953531 → https://t.me/im0471 → 加群成功
2022-11-15 11:28:18 | 918262022782 → https://t.me/cyj1188 → 加群失败：The authorization has been invalidated, because of the user terminating all sessions (caused by ResolveUsernameRequest)
2022-11-15 11:28:25 | 919482799261 → https://t.me/TG6198 → 加群成功
2022-11-15 11:28:33 | 919675485962 → https://t.me/qqlsj → 加群成功
2022-11-15 11:28:44 | 919676202322 → https://t.me/ytzx2 → 加群成功
2022-11-15 11:28:54 | 919722809996 → https://t.me/CKidc666 → 加群成功
2022-11-15 11:29:16 | 30249966290460 → https://t.me/paofenht → 加群失败：Nobody is using this username, or the username is unacceptable. If the latter, it must match r"[a-zA-Z][\w\d]{3,30}[a-zA-Z\d]" (caused by ResolveUsernameRequest)
2022-11-15 11:29:24 | 8216674032058 → https://t.me/dibaicn → 加群成功
2022-11-15 11:29:31 | 917838380415 → https://t.me/zaozhuang1 → 加群失败：群组禁止访问
2022-11-15 11:29:36 | 918248953531 → https://t.me/se_talk → 加群成功
2022-11-15 11:29:49 | 918262022782 → https://t.me/xbzijian → 加群失败：The authorization has been invalidated, because of the user terminating all sessions (caused by ResolveUsernameRequest)
2022-11-15 11:29:56 | 919482799261 → https://t.me/PHMAKA107 → 加群成功
2022-11-15 11:30:11 | 919675485962 → https://t.me/gm0008 → 加群成功
2022-11-15 11:30:24 | 919676202322 → https://t.me/RaicoinCN → 加群成功
2022-11-15 11:30:34 | 919722809996 → https://t.me/biboxgroup → 加群失败：群组禁止访问
2022-11-15 11:30:43 | 919923144199 → https://t.me/ak99yunmlsxfgds → 加群失败：群组禁止访问
2022-11-15 11:30:52 | 30249966290460 → https://t.me/weikang2020 → 加群成功
2022-11-15 11:31:01 | 8216674032058 → https://t.me/liuxingsq → 加群成功
2022-11-15 11:31:13 | 917838380415 → https://t.me/bailaohui_cvv → 加群成功
2022-11-15 11:31:34 | 918248953531 → https://t.me/doge88 → 加群成功
2022-11-15 11:31:45 | 918262022782 → https://t.me/TG55555555555 → 加群失败：The authorization has been invalidated, because of the user terminating all sessions (caused by ResolveUsernameRequest)
2022-11-15 11:31:51 | 919675485962 → https://t.me/goutui → 加群成功
2022-11-15 11:32:00 | 919676202322 → https://t.me/avnrichchinese_chat → 加群成功
2022-11-15 11:32:11 | 919722809996 → https://t.me/kkkttt369 → 加群成功
2022-11-15 11:32:23 | 919923144199 → https://t.me/xysbbs → 加群成功
2022-11-15 11:32:42 | 30249966290460 → https://t.me/tgdl128 → 加群成功
2022-11-15 11:32:50 | 8216674032058 → https://t.me/faka58 → 加群成功
2022-11-15 11:32:56 | 918248953531 → https://t.me/wwxcxinting → 加群成功
2022-11-15 11:33:05 | 918262022782 → https://t.me/zhongwen6 → 加群失败：The authorization has been invalidated, because of the user terminating all sessions (caused by ResolveUsernameRequest)
2022-11-15 11:33:09 | 919675485962 → https://t.me/tsdb01 → 加群成功
2022-11-15 11:33:22 | 919676202322 → https://t.me/pingan66shop → 加群成功
2022-11-15 11:33:32 | 30249966290460 → https://t.me/TG006 → 加群成功
2022-11-15 11:33:39 | 8216674032058 → https://t.me/expressnode → 加群成功
2022-11-15 11:33:50 | 918248953531 → https://t.me/paofen1688 → 加群成功
2022-11-15 11:33:57 | 918262022782 → https://t.me/xxg863 → 加群失败：The authorization has been invalidated, because of the user terminating all sessions (caused by ResolveUsernameRequest)
2022-11-15 11:34:03 | 919675485962 → https://t.me/lhc168 → 加群成功
2022-11-15 11:34:12 | 919676202322 → https://t.me/shore999888 → 加群成功
2022-11-15 11:34:20 | 30249966290460 → https://t.me/dbf6666 → 加群失败：Nobody is using this username, or the username is unacceptable. If the latter, it must match r"[a-zA-Z][\w\d]{3,30}[a-zA-Z\d]" (caused by ResolveUsernameRequest)
2022-11-15 11:34:29 | 8216674032058 → https://t.me/tg166 → 加群成功
2022-11-15 11:34:36 | 918248953531 → https://t.me/feihelp → 加群成功
2022-11-15 11:34:48 | 918262022782 → https://t.me/yuantoushuju4 → 加群失败：The authorization has been invalidated, because of the user terminating all sessions (caused by ResolveUsernameRequest)
2022-11-15 11:34:53 | 919675485962 → https://t.me/huanqian35 → 加群成功
2022-11-15 11:35:21 | 919676202322 → https://t.me/tg12389 → 加群成功
2022-11-15 11:35:30 | 30249966290460 → https://t.me/chinadarknet → 加群成功
2022-11-15 11:35:39 | 8216674032058 → https://t.me/binancechinese → 加群成功
2022-11-15 11:35:48 | 918248953531 → https://t.me/zhifu7788 → 加群成功
2022-11-15 11:35:56 | 918262022782 → https://t.me/TG6198 → 加群失败：The authorization has been invalidated, because of the user terminating all sessions (caused by ResolveUsernameRequest)
2022-11-15 11:36:03 | 919675485962 → https://t.me/gdr666 → 加群失败：Cannot cast InputPeerUser to any kind of InputChannel.
2022-11-15 11:36:11 | 919676202322 → https://t.me/OKXGroup_CN → 加群成功
2022-11-15 11:36:19 | 30249966290460 → https://t.me/guminlaqun66 → 加群成功
2022-11-15 11:36:26 | 8216674032058 → https://t.me/jianpuzai777 → 加群成功
2022-11-15 11:36:37 | 918248953531 → https://t.me/tg8848community → 加群成功
2022-11-15 11:36:47 | 918262022782 → https://t.me/tsdb01 → 加群失败：The authorization has been invalidated, because of the user terminating all sessions (caused by ResolveUsernameRequest)
2022-11-15 11:36:56 | 919675485962 → https://t.me/huichan_com_grp → 加群失败：No user has "huichan_com_grp" as username
2022-11-15 11:37:01 | 919676202322 → https://t.me/chatssr → 加群成功
2022-11-15 11:37:16 | 30249966290460 → https://t.me/a_k_3a → 加群失败：No user has "a_k_3a" as username
2022-11-15 11:37:21 | 8216674032058 → https://t.me/heyuedashen1 → 加群成功
2022-11-15 11:37:30 | 918248953531 → https://t.me/ak99yunmlsxfgds → 加群成功
2022-11-15 11:37:44 | 918262022782 → https://t.me/yinhangkausdt → 加群失败：The authorization has been invalidated, because of the user terminating all sessions (caused by ResolveUsernameRequest)
2022-11-15 11:37:50 | 919675485962 → https://t.me/bitcoindfds → 加群成功
2022-11-15 11:38:03 | 919676202322 → https://t.me/HuobiGlobal_zw → 加群成功
2022-11-15 11:38:13 | 30249966290460 → https://t.me/jcbfwm → 加群成功
2022-11-15 11:38:20 | 8216674032058 → https://t.me/zscd1 → 加群成功
2022-11-15 11:38:31 | 918248953531 → https://t.me/feilvbin777 → 加群失败：A wait of 1048 seconds is required (caused by JoinChannelRequest)
2022-11-15 11:38:37 | 918262022782 → https://t.me/USTCtg → 加群失败：The authorization has been invalidated, because of the user terminating all sessions (caused by ResolveUsernameRequest)
2022-11-15 11:38:46 | 919675485962 → https://t.me/huizhouqun → 加群成功
2022-11-15 11:39:12 | 919676202322 → https://t.me/tg771 → 加群成功
2022-11-15 11:39:24 | 30249966290460 → https://t.me/usdt43 → 加群成功
2022-11-15 11:40:25 | 8216674032058 → https://t.me/daishuvpn → 加群失败：A wait of 841 seconds is required (caused by JoinChannelRequest)
2022-11-15 11:40:50 | 918248953531 → https://t.me/allswapcn → 加群失败：A wait of 909 seconds is required (caused by JoinChannelRequest)
2022-11-15 11:41:26 | 919675485962 → https://t.me/Shore999888 → 加群成功
2022-11-15 11:42:01 | 919676202322 → https://t.me/PHMAKA107 → 加群失败：A wait of 1004 seconds is required (caused by JoinChannelRequest)
2022-11-15 11:42:12 | 30249966290460 → https://t.me/vfucloud → 加群成功
2022-11-15 11:42:49 | 8216674032058 → https://t.me/daifu76 → 加群失败：A wait of 696 seconds is required (caused by JoinChannelRequest)
2022-11-15 11:43:28 | 918248953531 → https://t.me/crxs778 → 加群失败：A wait of 751 seconds is required (caused by JoinChannelRequest)
2022-11-15 11:43:43 | 919675485962 → https://t.me/zn88666 → 加群成功
2022-11-15 11:44:20 | 919676202322 → https://t.me/ccv348 → 加群失败：A wait of 865 seconds is required (caused by JoinChannelRequest)
2022-11-15 11:44:56 | 30249966290460 → https://t.me/gdsjq → 加群失败：A wait of 442 seconds is required (caused by JoinChannelRequest)
2022-11-15 11:45:26 | 8216674032058 → https://t.me/olddrivergd → 加群失败：A wait of 539 seconds is required (caused by JoinChannelRequest)
2022-11-15 11:45:43 | 918248953531 → https://t.me/light_up_comm → 加群失败：A wait of 616 seconds is required (caused by JoinChannelRequest)
2022-11-15 11:46:03 | 919675485962 → https://t.me/dubaiqq918 → 加群失败：Nobody is using this username, or the username is unacceptable. If the latter, it must match r"[a-zA-Z][\w\d]{3,30}[a-zA-Z\d]" (caused by ResolveUsernameRequest)
2022-11-15 11:46:34 | 919676202322 → https://t.me/TGTRX123 → 加群失败：A wait of 731 seconds is required (caused by JoinChannelRequest)
2022-11-15 11:46:54 | 30249966290460 → https://t.me/dayofdefeatcn → 加群失败：A wait of 324 seconds is required (caused by JoinChannelRequest)
2022-11-15 11:47:27 | 8216674032058 → https://t.me/tg108 → 加群失败：A wait of 418 seconds is required (caused by JoinChannelRequest)
2022-11-15 11:47:46 | 918248953531 → https://t.me/tgdibai168 → 加群失败：A wait of 493 seconds is required (caused by JoinChannelRequest)
2022-11-15 11:48:11 | 919675485962 → https://t.me/TG148 → 加群成功
2022-11-15 11:48:32 | 919676202322 → https://t.me/diyidaifu → 加群失败：A wait of 614 seconds is required (caused by JoinChannelRequest)
2022-11-15 11:48:47 | 30249966290460 → https://t.me/BtokCN_0016 → 加群失败：A wait of 212 seconds is required (caused by JoinChannelRequest)
2022-11-15 11:49:04 | 8216674032058 → https://t.me/cccccccxyyy → 加群失败：A wait of 321 seconds is required (caused by JoinChannelRequest)
2022-11-15 11:49:39 | 918248953531 → https://t.me/shuju888666 → 加群失败：A wait of 380 seconds is required (caused by JoinChannelRequest)
2022-11-15 11:50:13 | 919675485962 → https://t.me/iClubHouse → 加群失败：A wait of 501 seconds is required (caused by JoinChannelRequest)
2022-11-15 11:50:47 | 919676202322 → https://t.me/usdtbmw → 加群失败：A wait of 478 seconds is required (caused by JoinChannelRequest)
2022-11-15 12:01:11 | 573243209152 → https://t.me/doge88 → 加群成功
2022-11-15 12:01:39 | 573243209152 → https://t.me/sichouzhilu0 → 加群成功
2022-11-15 12:02:04 | 573243209152 → https://t.me/pfwcn → 加群成功
2022-11-15 12:02:45 | 573243209152 → https://t.me/yueaijilu → 加群成功
2022-11-15 12:03:06 | 573243209152 → https://t.me/qwerdt1 → 加群成功
2022-11-15 12:03:20 | 573243209152 → https://t.me/yizhifu678 → 加群失败：No user has "yizhifu678" as username
2022-11-15 12:03:52 | 573243209152 → https://t.me/pcptm → 加群失败：A wait of 140 seconds is required (caused by JoinChannelRequest)
2022-11-15 12:04:29 | 573243209152 → https://t.me/huiguophp → 加群失败：A wait of 103 seconds is required (caused by JoinChannelRequest)
2022-11-15 12:04:41 | 573243209152 → https://t.me/cyj58 → 加群失败：A wait of 91 seconds is required (caused by JoinChannelRequest)
2022-11-15 12:04:53 | 573243209152 → https://t.me/MDhuaren1 → 加群失败：A wait of 79 seconds is required (caused by JoinChannelRequest)
2022-11-15 12:05:07 | 573243209152 → https://t.me/chaoxi → 加群失败：A wait of 65 seconds is required (caused by JoinChannelRequest)
2022-11-15 12:06:13 | 573243209152 → https://t.me/aofexcn → 加群成功
2022-11-15 12:06:44 | 573243209152 → https://t.me/TG12389 → 加群成功
2022-11-15 12:07:04 | 573243209152 → https://t.me/iampua → 加群成功
2022-11-15 12:07:32 | 573243209152 → https://t.me/wybf168168 → 加群成功
2022-11-15 12:14:41 | 918260135412 → https://t.me/huobiglobal_zw → 加群成功
2022-11-15 12:15:24 | 918260135412 → https://t.me/FTX_Chinese_Official → 加群成功
2022-11-15 12:15:57 | 918260135412 → https://t.me/zaozhuang1 → 加群成功
2022-11-15 12:16:29 | 918260135412 → https://t.me/CvvinternalOrganization → 加群成功
2022-11-15 12:17:13 | 918260135412 → https://t.me/yangjiangchannel → 加群成功
2022-11-15 12:17:53 | 918260135412 → https://t.me/qqlsj → 加群失败：A wait of 109 seconds is required (caused by JoinChannelRequest)
2022-11-15 12:18:06 | 919675485962 → https://t.me/linkdyh → 加群成功
2022-11-15 12:19:42 | 918260135412 → https://t.me/dibai778899 → 加群成功
2022-11-15 12:19:57 | 919675485962 → https://t.me/TG5171 → 加群失败：No user has "tg5171" as username
2022-11-15 12:20:27 | 919676202322 → https://t.me/zhongwen6 → 加群成功
2022-11-15 12:20:45 | 919675485962 → https://t.me/fbwsline2021 → 加群成功
2022-11-15 12:21:20 | 919676202322 → https://t.me/saltyleo_blog → 加群成功
2022-11-15 12:21:53 | 919675485962 → https://t.me/gibxchange_cn → 加群成功
2022-11-15 12:22:17 | 919676202322 → https://t.me/fastfish2 → 加群成功
2022-11-15 12:22:34 | 919675485962 → https://t.me/goutui1113 → 加群成功
2022-11-15 12:22:52 | 919676202322 → https://t.me/dibaicn → 加群成功
2022-11-15 12:23:08 | 919675485962 → https://t.me/btokcn_0016 → 加群成功
2022-11-15 12:23:28 | 919676202322 → https://t.me/mayishequ → 加群成功
2022-11-15 12:23:44 | 919675485962 → https://t.me/akkcloud → 加群成功
2022-11-15 12:24:08 | 919676202322 → https://t.me/tgdl128 → 加群失败：A wait of 80 seconds is required (caused by JoinChannelRequest)
2022-11-15 12:24:24 | 919675485962 → https://t.me/ca0505 → 加群失败：No user has "ca0505" as username
2022-11-15 12:25:28 | 919676202322 → https://t.me/WKLhuaren → 加群成功
2022-11-15 12:26:04 | 919675485962 → https://t.me/goutui → 加群成功
2022-11-15 12:26:31 | 919676202322 → https://t.me/tiandeng88 → 加群成功
2022-11-15 12:27:04 | 919675485962 → https://t.me/liuxingsq → 加群成功
2022-11-15 12:27:30 | 919676202322 → https://t.me/GalaxyHeroesCN → 加群成功
2022-11-15 12:27:49 | 919675485962 → https://t.me/wangzhuanusdt → 加群成功
2022-11-15 12:28:34 | 919676202322 → https://t.me/pingan66shop → 加群成功
2022-11-15 12:29:17 | 919675485962 → https://t.me/gboxtg → 加群成功
2022-11-15 12:29:32 | 919676202322 → https://t.me/Gm0008 → 加群成功
2022-11-15 12:29:50 | 919675485962 → https://t.me/readerbeta → 加群成功
2022-11-15 12:30:11 | 919676202322 → https://t.me/cdshouchang4 → 加群成功
2022-11-15 12:30:41 | 919675485962 → https://t.me/FHLMTEAM → 加群失败：Nobody is using this username, or the username is unacceptable. If the latter, it must match r"[a-zA-Z][\w\d]{3,30}[a-zA-Z\d]" (caused by ResolveUsernameRequest)
2022-11-15 12:31:18 | 919676202322 → https://t.me/beiluochat → 加群失败：A wait of 1150 seconds is required (caused by JoinChannelRequest)
2022-11-15 12:31:45 | 919675485962 → https://t.me/TG166 → 加群失败：A wait of 982 seconds is required (caused by JoinChannelRequest)
2022-11-15 12:32:15 | 919676202322 → https://t.me/fluxdefi → 加群失败：A wait of 1093 seconds is required (caused by JoinChannelRequest)
2022-11-15 12:32:30 | 919675485962 → https://t.me/tg1949521 → 加群失败：A wait of 937 seconds is required (caused by JoinChannelRequest)
2022-11-15 12:32:53 | 919676202322 → https://t.me/australiasydneychat → 加群失败：A wait of 1055 seconds is required (caused by JoinChannelRequest)
2022-11-15 12:33:04 | 919675485962 → https://t.me/qianmin → 加群失败：A wait of 903 seconds is required (caused by JoinChannelRequest)
2022-11-15 12:33:23 | 919676202322 → https://t.me/daishou15 → 加群失败：A wait of 1025 seconds is required (caused by JoinChannelRequest)
2022-11-15 12:33:44 | 919675485962 → https://t.me/chlmzy → 加群失败：A wait of 863 seconds is required (caused by JoinChannelRequest)
2022-11-15 12:34:19 | 919676202322 → https://t.me/bdzycom → 加群失败：A wait of 969 seconds is required (caused by JoinChannelRequest)
2022-11-15 12:34:48 | 919675485962 → https://t.me/sakura_cloud → 加群失败：A wait of 799 seconds is required (caused by JoinChannelRequest)
2022-11-15 12:35:25 | 919676202322 → https://t.me/CKidc666 → 加群失败：A wait of 903 seconds is required (caused by JoinChannelRequest)
2022-11-15 12:35:46 | 919675485962 → https://t.me/chaguaner → 加群失败：A wait of 741 seconds is required (caused by JoinChannelRequest)
2022-11-15 12:36:08 | 919676202322 → https://t.me/aiweisi888 → 加群失败：No user has "aiweisi888" as username
2022-11-15 12:36:39 | 919675485962 → https://t.me/BinancePoolChinese → 加群失败：A wait of 688 seconds is required (caused by JoinChannelRequest)
2022-11-15 12:36:53 | 919676202322 → https://t.me/india_moneypay → 加群失败：A wait of 815 seconds is required (caused by JoinChannelRequest)
2022-11-15 12:37:06 | 919675485962 → https://t.me/duanxin2008 → 加群失败：A wait of 661 seconds is required (caused by JoinChannelRequest)
2022-11-15 12:37:34 | 919676202322 → https://t.me/xjltq → 加群失败：A wait of 774 seconds is required (caused by JoinChannelRequest)
2022-11-15 12:38:07 | 919675485962 → https://t.me/TG0188 → 加群失败：A wait of 600 seconds is required (caused by JoinChannelRequest)
2022-11-15 12:38:23 | 919676202322 → https://t.me/dibai8880 → 加群失败：A wait of 725 seconds is required (caused by JoinChannelRequest)
2022-11-15 12:38:46 | 919675485962 → https://t.me/polkadotzh → 加群成功
2022-11-15 12:39:28 | 919676202322 → https://t.me/balance863 → 加群成功
2022-11-15 12:40:08 | 919675485962 → https://t.me/ftx_chinese_official → 加群失败：A wait of 479 seconds is required (caused by JoinChannelRequest)
2022-11-15 12:40:45 | 919676202322 → https://t.me/Socks55555 → 加群失败：A wait of 583 seconds is required (caused by JoinChannelRequest)
2022-11-15 12:41:20 | 919675485962 → https://t.me/weikang2020 → 加群失败：A wait of 407 seconds is required (caused by JoinChannelRequest)
2022-11-15 12:41:57 | 919676202322 → https://t.me/LBank_cn → 加群失败：A wait of 511 seconds is required (caused by JoinChannelRequest)
2022-11-15 12:42:11 | 919675485962 → https://t.me/socks55555 → 加群失败：A wait of 356 seconds is required (caused by JoinChannelRequest)
2022-11-15 12:42:22 | 919676202322 → https://t.me/tgdanbao000 → 加群失败：A wait of 486 seconds is required (caused by JoinChannelRequest)
2022-11-15 12:42:34 | 919675485962 → https://t.me/quanzhangshequ → 加群失败：A wait of 333 seconds is required (caused by JoinChannelRequest)
2022-11-15 12:43:05 | 919676202322 → https://t.me/zhifuo → 加群失败：A wait of 443 seconds is required (caused by JoinChannelRequest)
2022-11-15 12:43:30 | 919675485962 → https://t.me/tcelue1 → 加群失败：A wait of 277 seconds is required (caused by JoinChannelRequest)
2022-11-15 12:43:41 | 919676202322 → https://t.me/olddriver_gd → 加群失败：A wait of 407 seconds is required (caused by JoinChannelRequest)
2022-11-15 12:44:16 | 919675485962 → https://t.me/HooGroupChinese → 加群成功
2022-11-15 12:44:57 | 919676202322 → https://t.me/gm0008 → 加群失败：A wait of 331 seconds is required (caused by JoinChannelRequest)
2022-11-15 12:45:29 | 919675485962 → https://t.me/Zoey052697 → 加群失败：A wait of 158 seconds is required (caused by JoinChannelRequest)
2022-11-15 12:46:01 | 919676202322 → https://t.me/TG6766 → 加群失败：A wait of 267 seconds is required (caused by JoinChannelRequest)
2022-11-15 12:46:26 | 919675485962 → https://t.me/GouTui → 加群成功
2022-11-15 12:46:56 | 919676202322 → https://t.me/ytzx2 → 加群成功
2022-11-15 12:48:07 | 919675485962 → https://t.me/dmzf8 → 加群成功
2022-11-15 12:48:40 | 919676202322 → https://t.me/YTZX2 → 加群成功
2022-11-15 12:49:07 | 919675485962 → https://t.me/im0471 → 加群成功
2022-11-15 12:50:28 | 919676202322 → https://t.me/dip9188 → 加群成功
2022-11-15 12:50:53 | 919676202322 → https://t.me/homeassiant666 → 加群成功
2022-11-15 12:51:20 | 919676202322 → https://t.me/bozaiweb → 加群成功
2022-11-15 12:51:55 | 919676202322 → https://t.me/si1688 → 加群成功
2022-11-15 12:52:36 | 919676202322 → https://t.me/BIYONGOfficial0015 → 加群成功
2022-11-15 12:53:12 | 919676202322 → https://t.me/ussyu → 加群成功
2022-11-15 12:53:34 | 919676202322 → https://t.me/btokcn_0014 → 加群成功
2022-11-15 12:53:52 | 919676202322 → https://t.me/TG907 → 加群失败：A wait of 97 seconds is required (caused by JoinChannelRequest)
2022-11-15 12:54:19 | 919676202322 → https://t.me/MaYiSheQu → 加群成功
2022-11-15 12:55:29 | 919676202322 → https://t.me/usdtm → 加群成功
2022-11-15 12:55:56 | 919676202322 → https://t.me/dockertutorial → 加群成功
2022-11-15 12:56:17 | 919676202322 → https://t.me/usdtdfds → 加群成功
2022-11-15 12:57:11 | 919676202322 → https://t.me/quanqiushouhuo → 加群成功
2022-11-15 12:57:30 | 919676202322 → https://t.me/bkexchinese → 加群成功
2022-11-15 12:58:03 | 919676202322 → https://t.me/fhlmteam → 加群失败：Nobody is using this username, or the username is unacceptable. If the latter, it must match r"[a-zA-Z][\w\d]{3,30}[a-zA-Z\d]" (caused by ResolveUsernameRequest)
2022-11-15 12:58:36 | 919676202322 → https://t.me/zb_support → 加群失败：Cannot cast InputPeerUser to any kind of InputChannel.
2022-11-15 12:59:00 | 919676202322 → https://t.me/server699 → 加群成功
2022-11-15 12:59:24 | 919676202322 → https://t.me/TRJ_shore001 → 加群成功
2022-11-15 13:00:01 | 919676202322 → https://t.me/GouTuiClub → 加群失败：A wait of 1228 seconds is required (caused by JoinChannelRequest)
2022-11-15 13:00:17 | 919676202322 → https://t.me/faka58 → 加群成功
2022-11-15 13:00:46 | 919676202322 → https://t.me/dhjlq → 加群失败：A wait of 1183 seconds is required (caused by JoinChannelRequest)
2022-11-15 13:01:20 | 919676202322 → https://t.me/huione888 → 加群失败：A wait of 1149 seconds is required (caused by JoinChannelRequest)
2022-11-15 13:01:32 | 919676202322 → https://t.me/hoogroupchinese → 加群成功
2022-11-15 13:02:10 | 919676202322 → https://t.me/kaiheo → 加群失败：A wait of 1099 seconds is required (caused by JoinChannelRequest)
2022-11-15 13:02:41 | 919676202322 → https://t.me/xmarspace → 加群失败：A wait of 1068 seconds is required (caused by JoinChannelRequest)
2022-11-15 13:03:18 | 919676202322 → https://t.me/pshqo → 加群失败：A wait of 1031 seconds is required (caused by JoinChannelRequest)
2022-11-15 13:03:52 | 919676202322 → https://t.me/tfwzclz → 加群失败：A wait of 997 seconds is required (caused by JoinChannelRequest)
2022-11-15 13:04:21 | 919676202322 → https://t.me/dibai918 → 加群失败：A wait of 968 seconds is required (caused by JoinChannelRequest)
2022-11-15 13:04:49 | 919676202322 → https://t.me/DIP9188 → 加群成功
2022-11-15 13:05:29 | 919676202322 → https://t.me/zhifubaojiefeng → 加群失败：A wait of 900 seconds is required (caused by JoinChannelRequest)
2022-11-15 13:05:55 | 919676202322 → https://t.me/xysbbs → 加群失败：A wait of 874 seconds is required (caused by JoinChannelRequest)
2022-11-15 13:06:09 | 919676202322 → https://t.me/TGdibai168 → 加群失败：A wait of 860 seconds is required (caused by JoinChannelRequest)
2022-11-15 13:06:40 | 919676202322 → https://t.me/hwhrbbs → 加群失败：No user has "hwhrbbs" as username
2022-11-15 13:07:15 | 919676202322 → https://t.me/YYL001 → 加群失败：A wait of 794 seconds is required (caused by JoinChannelRequest)
2022-11-15 13:07:29 | 919676202322 → https://t.me/liaobshe → 加群失败：A wait of 780 seconds is required (caused by JoinChannelRequest)
2022-11-15 13:07:51 | 919676202322 → https://t.me/ys52111 → 加群失败：A wait of 758 seconds is required (caused by JoinChannelRequest)
2022-11-15 13:08:19 | 919676202322 → https://t.me/shenma001 → 加群失败：Nobody is using this username, or the username is unacceptable. If the latter, it must match r"[a-zA-Z][\w\d]{3,30}[a-zA-Z\d]" (caused by ResolveUsernameRequest)
2022-11-15 13:08:36 | 919676202322 → https://t.me/tg148 → 加群失败：A wait of 713 seconds is required (caused by JoinChannelRequest)
2022-11-15 13:09:06 | 919676202322 → https://t.me/BinanceChinese → 加群失败：A wait of 683 seconds is required (caused by JoinChannelRequest)
2022-11-15 13:09:20 | 919676202322 → https://t.me/danbao96 → 加群失败：A wait of 669 seconds is required (caused by JoinChannelRequest)
2022-11-15 13:09:49 | 919676202322 → https://t.me/three001 → 加群失败：A wait of 640 seconds is required (caused by JoinChannelRequest)
2022-11-15 13:10:00 | 919676202322 → https://t.me/www589qkcom → 加群失败：A wait of 629 seconds is required (caused by JoinChannelRequest)
2022-11-15 13:10:36 | 919676202322 → https://t.me/guangdongyue → 加群失败：A wait of 593 seconds is required (caused by JoinChannelRequest)
2022-11-15 13:11:08 | 919676202322 → https://t.me/HTCOLV → 加群失败：A wait of 561 seconds is required (caused by JoinChannelRequest)
2022-11-15 13:11:19 | 919676202322 → https://t.me/yuantoushuju5 → 加群失败：No user has "yuantoushuju5" as username
2022-11-15 13:11:37 | 919676202322 → https://t.me/shcpco → 加群失败：A wait of 532 seconds is required (caused by JoinChannelRequest)
2022-11-15 13:11:54 | 919676202322 → https://t.me/TG110 → 加群失败：A wait of 515 seconds is required (caused by JoinChannelRequest)
2022-11-15 13:12:30 | 919676202322 → https://t.me/AG888x → 加群失败：A wait of 479 seconds is required (caused by JoinChannelRequest)
2022-11-15 13:13:09 | 919676202322 → https://t.me/monstainfinitechinese → 加群失败：A wait of 440 seconds is required (caused by JoinChannelRequest)
2022-11-15 13:13:30 | 919676202322 → https://t.me/tghc1 → 加群失败：A wait of 419 seconds is required (caused by JoinChannelRequest)
2022-11-15 13:14:06 | 919676202322 → https://t.me/trj_shore001 → 加群成功
2022-11-15 13:14:43 | 919676202322 → https://t.me/KavaChinese → 加群失败：A wait of 346 seconds is required (caused by JoinChannelRequest)
2022-11-15 13:15:15 | 919676202322 → https://t.me/tg96110 → 加群失败：A wait of 314 seconds is required (caused by JoinChannelRequest)
2022-11-15 13:15:26 | 919676202322 → https://t.me/btokofficial_03 → 加群失败：A wait of 303 seconds is required (caused by JoinChannelRequest)
2022-11-15 13:15:39 | 919676202322 → https://t.me/tg6198 → 加群失败：No user has "tg6198" as username
2022-11-15 13:16:07 | 919676202322 → https://t.me/frontend_talk → 加群失败：A wait of 262 seconds is required (caused by JoinChannelRequest)
2022-11-15 13:16:28 | 919676202322 → https://t.me/BtokCN_0014 → 加群成功
2022-11-15 13:16:45 | 919676202322 → https://t.me/qipaipan54 → 加群失败：A wait of 224 seconds is required (caused by JoinChannelRequest)
2022-11-15 13:17:10 | 919676202322 → https://t.me/Binance_api_Chinese → 加群失败：A wait of 199 seconds is required (caused by JoinChannelRequest)
2022-11-15 13:17:21 | 919676202322 → https://t.me/bacommu → 加群失败：A wait of 188 seconds is required (caused by JoinChannelRequest)
2022-11-15 13:17:33 | 919676202322 → https://t.me/TG55555555555 → 加群失败：A wait of 176 seconds is required (caused by JoinChannelRequest)
2022-11-15 13:17:55 | 919676202322 → https://t.me/v2rayn → 加群失败：A wait of 154 seconds is required (caused by JoinChannelRequest)
2022-11-15 13:18:30 | 919676202322 → https://t.me/a1313652 → 加群失败：No user has "a1313652" as username
2022-11-15 13:18:52 | 919676202322 → https://t.me/Sz1888 → 加群失败：A wait of 97 seconds is required (caused by JoinChannelRequest)
2022-11-15 13:19:24 | 919676202322 → https://t.me/se_talk → 加群失败：A wait of 65 seconds is required (caused by JoinChannelRequest)
2022-11-15 13:20:30 | 919676202322 → https://t.me/HuNanTG → 加群成功
2022-11-15 13:21:03 | 919676202322 → https://t.me/qingroup → 加群成功