
2022-12-22 11:48:38 | 30213541531435 → https://t.me/paofenht → 加群失败：Nobody is using this username, or the username is unacceptable. If the latter, it must match r"[a-zA-Z][\w\d]{3,30}[a-zA-Z\d]" (caused by ResolveUsernameRequest)
2022-12-22 11:49:03 | 3022967399046 → https://t.me/olddriverSH → 加群成功
2022-12-22 11:49:34 | 30237654269948 → https://t.me/BandwagonHostGroup → 加群成功
2022-12-22 11:50:06 | 30240222652834 → https://t.me/yingqin1234 → 加群失败：Nobody is using this username, or the username is unacceptable. If the latter, it must match r"[a-zA-Z][\w\d]{3,30}[a-zA-Z\d]" (caused by ResolveUsernameRequest)
2022-12-22 11:50:26 | 30249966290460 → https://t.me/kachahu → 加群失败：掉线/或官方销号
2022-12-22 11:50:50 | 30250788352793 → https://t.me/Nst_WP → 加群成功
2022-12-22 11:51:07 | 3077786916845 → https://t.me/szhkfun → 加群成功
2022-12-22 11:51:46 | 308801626244629 → https://t.me/zhenggui → 加群成功
2022-12-22 11:52:20 | 308801731564925 → https://t.me/BiboxGroup → 加群失败：掉线/或官方销号
2022-12-22 11:52:33 | 30923082450657 → https://t.me/kedoucloud → 加群失败：掉线/或官方销号
2022-12-22 17:39:40 | 30213541531435 → https://t.me/qianchengqun → 加群成功
2022-12-22 17:39:44 | 30213541531435 → https://t.me/tongdao25 → 加群成功
2022-12-22 17:40:19 | 3022967399046 → https://t.me/yamzcunziyuanduij → 加群失败：No user has "yamzcunziyuanduij" as username
2022-12-22 17:40:34 | 30237654269948 → https://t.me/lasihaima266 → 加群成功
2022-12-22 17:40:57 | 30240222652834 → https://t.me/fg528 → 加群失败：No user has "fg528" as username
2022-12-22 17:41:17 | 573243209152 → https://t.me/sanfang53 → 加群成功
2022-12-22 17:41:39 | 30213541531435 → https://t.me/myanmarcn → 加群成功
2022-12-22 17:42:11 | 3022967399046 → https://t.me/haojing168 → 加群成功
2022-12-22 17:42:35 | 30237654269948 → https://t.me/wubuxianjingziyuan → 加群失败：No user has "wubuxianjingziyuan" as username
2022-12-22 17:43:09 | 30240222652834 → https://t.me/yxbjx → 加群失败：Nobody is using this username, or the username is unacceptable. If the latter, it must match r"[a-zA-Z][\w\d]{3,30}[a-zA-Z\d]" (caused by ResolveUsernameRequest)
2022-12-22 17:43:33 | 573243209152 → https://t.me/binance_api_chinese → 加群成功
2022-12-22 17:44:12 | 30213541531435 → https://t.me/gz3388 → 加群成功
2022-12-22 17:44:59 | 3022967399046 → https://t.me/qqxgqq → 加群成功
2022-12-22 17:45:52 | 30237654269948 → https://t.me/UniversityAlliance → 加群成功
2022-12-22 17:46:12 | 30240222652834 → https://t.me/ak11828 → 加群失败：No user has "ak11828" as username
2022-12-22 17:46:23 | 573243209152 → https://t.me/tgzhcn → 加群成功
2022-12-22 17:46:48 | 30213541531435 → https://t.me/google_win → 加群成功
2022-12-22 17:47:15 | 3022967399046 → https://t.me/asiaweed → 加群成功
2022-12-22 17:47:34 | 30237654269948 → https://t.me/kkkttt369 → 加群成功
2022-12-22 17:48:02 | 30240222652834 → https://t.me/gif128 → 加群失败：Nobody is using this username, or the username is unacceptable. If the latter, it must match r"[a-zA-Z][\w\d]{3,30}[a-zA-Z\d]" (caused by ResolveUsernameRequest)
2022-12-22 17:48:31 | 573243209152 → https://t.me/yindutg → 加群成功
2022-12-22 17:48:51 | 30213541531435 → https://t.me/galaxyheroescn → 加群成功
2022-12-22 17:49:10 | 3022967399046 → https://t.me/FLBhuaren1 → 加群成功
2022-12-22 17:49:41 | 30237654269948 → https://t.me/BikingChineseGroup → 加群成功
2022-12-22 17:50:10 | 30240222652834 → https://t.me/tokaucn → 加群成功
2022-12-22 17:50:24 | 573243209152 → https://t.me/nbydxyk1 → 加群成功
2022-12-22 17:50:59 | 30213541531435 → https://t.me/bitcoin_cn → 加群成功
2022-12-22 17:51:22 | 3022967399046 → https://t.me/sunshineyyds → 加群成功
2022-12-22 17:51:50 | 30237654269948 → https://t.me/html66 → 加群成功
2022-12-22 17:52:10 | 30240222652834 → https://t.me/tg0799 → 加群失败：Nobody is using this username, or the username is unacceptable. If the latter, it must match r"[a-zA-Z][\w\d]{3,30}[a-zA-Z\d]" (caused by ResolveUsernameRequest)
2022-12-22 17:52:36 | 573243209152 → https://t.me/db_lm → 加群成功
2022-12-22 17:52:52 | 30213541531435 → https://t.me/tronnetworkcn → 加群成功
2022-12-22 17:53:26 | 3022967399046 → https://t.me/wwxcxinting → 加群成功
2022-12-22 17:54:00 | 30237654269948 → https://t.me/lendhub → 加群成功
2022-12-22 17:54:19 | 30240222652834 → https://t.me/evilsquid → 加群成功
2022-12-22 17:54:49 | 573243209152 → https://t.me/AG789TRX → 加群成功
2022-12-22 17:55:18 | 30213541531435 → https://t.me/xbzijian → 加群失败：No user has "xbzijian" as username
2022-12-22 17:55:33 | 3022967399046 → https://t.me/pigcommunity → 加群成功
2022-12-22 17:56:04 | 30237654269948 → https://t.me/olddriversh → 加群成功
2022-12-22 17:56:21 | 30240222652834 → https://t.me/A_K_3A → 加群失败：No user has "a_k_3a" as username
2022-12-22 17:56:53 | 573243209152 → https://t.me/officelearner → 加群成功
2022-12-22 17:57:23 | 30213541531435 → https://t.me/zeronetzh → 加群成功
2022-12-22 17:57:50 | 3022967399046 → https://t.me/paofen33 → 加群成功
2022-12-22 17:58:14 | 30237654269948 → https://t.me/olddrivercd → 加群成功
2022-12-22 17:58:52 | 30240222652834 → https://t.me/universityalliance → 加群成功
2022-12-22 17:59:07 | 573243209152 → https://t.me/b12306 → 加群成功
2022-12-22 17:59:35 | 30213541531435 → https://t.me/kx360 → 加群成功
2022-12-22 18:00:17 | 3022967399046 → https://t.me/CA0505 → 加群失败：No user has "ca0505" as username
2022-12-22 18:00:34 | 30237654269948 → https://t.me/TGlianmeng002 → 加群失败：Nobody is using this username, or the username is unacceptable. If the latter, it must match r"[a-zA-Z][\w\d]{3,30}[a-zA-Z\d]" (caused by ResolveUsernameRequest)
2022-12-22 18:01:07 | 30240222652834 → https://t.me/raicoincn → 加群成功
2022-12-22 18:01:41 | 573243209152 → https://t.me/dibaihrg009 → 加群成功
2022-12-22 18:01:58 | 30213541531435 → https://t.me/jiamidi → 加群失败：A wait of 462 seconds is required (caused by JoinChannelRequest)
2022-12-22 18:02:17 | 3022967399046 → https://t.me/mf_group → 加群成功
2022-12-22 18:02:34 | 30237654269948 → https://t.me/AppsSweepstakes → 加群成功
2022-12-22 18:02:54 | 30240222652834 → https://t.me/yyl001 → 加群失败：Nobody is using this username, or the username is unacceptable. If the latter, it must match r"[a-zA-Z][\w\d]{3,30}[a-zA-Z\d]" (caused by ResolveUsernameRequest)
2022-12-22 18:03:10 | 573243209152 → https://t.me/maticnetwork_china → 加群失败：A wait of 488 seconds is required (caused by JoinChannelRequest)
2022-12-22 18:03:47 | 30213541531435 → https://t.me/njwwjpxc → 加群失败：A wait of 354 seconds is required (caused by JoinChannelRequest)
2022-12-22 18:04:14 | 3022967399046 → https://t.me/network50_chat → 加群成功
2022-12-22 18:04:40 | 30237654269948 → https://t.me/ssunion → 加群成功
2022-12-22 18:05:18 | 30240222652834 → https://t.me/yidaoshou2 → 加群成功
2022-12-22 18:05:33 | 573243209152 → https://t.me/olddriver_fs → 加群失败：A wait of 344 seconds is required (caused by JoinChannelRequest)
2022-12-22 18:05:58 | 30213541531435 → https://t.me/seeyellow → 加群失败：A wait of 223 seconds is required (caused by JoinChannelRequest)
2022-12-22 18:06:21 | 3022967399046 → https://t.me/hi_official_chinese → 加群失败：A wait of 351 seconds is required (caused by JoinChannelRequest)
2022-12-22 18:06:53 | 30237654269948 → https://t.me/dongnanyaliaotian → 加群失败：A wait of 221 seconds is required (caused by JoinChannelRequest)
2022-12-22 18:07:10 | 30240222652834 → https://t.me/discussimmigration → 加群成功
2022-12-22 18:07:40 | 573243209152 → https://t.me/RaicoinCN → 加群失败：A wait of 218 seconds is required (caused by JoinChannelRequest)
2022-12-22 18:07:51 | 30213541531435 → https://t.me/bz8822 → 加群失败：A wait of 110 seconds is required (caused by JoinChannelRequest)
2022-12-22 18:08:03 | 3022967399046 → https://t.me/xiaohao2018 → 加群失败：A wait of 249 seconds is required (caused by JoinChannelRequest)
2022-12-22 18:08:34 | 30237654269948 → https://t.me/baocai217 → 加群失败：A wait of 120 seconds is required (caused by JoinChannelRequest)
2022-12-22 18:08:46 | 30240222652834 → https://t.me/usdthuihuan → 加群成功
2022-12-22 18:09:39 | 573243209152 → https://t.me/huihui220 → 加群失败：A wait of 98 seconds is required (caused by JoinChannelRequest)
2022-12-22 18:10:04 | 30213541531435 → https://t.me/P541888888 → 加群成功
2022-12-22 18:10:29 | 3022967399046 → https://t.me/bestvcommunity → 加群失败：Nobody is using this username, or the username is unacceptable. If the latter, it must match r"[a-zA-Z][\w\d]{3,30}[a-zA-Z\d]" (caused by ResolveUsernameRequest)
2022-12-22 18:11:03 | 30237654269948 → https://t.me/TG108 → 加群成功
2022-12-22 18:11:34 | 30240222652834 → https://t.me/ziyuan2 → 加群成功
2022-12-22 18:12:00 | 573243209152 → https://t.me/xuanchengolddriver → 加群成功
2022-12-22 18:12:20 | 30213541531435 → https://t.me/TGhuaren1 → 加群成功
2022-12-22 18:12:45 | 3022967399046 → https://t.me/hunantg → 加群成功
2022-12-22 18:13:13 | 30237654269948 → https://t.me/tg_king80 → 加群失败：Nobody is using this username, or the username is unacceptable. If the latter, it must match r"[a-zA-Z][\w\d]{3,30}[a-zA-Z\d]" (caused by ResolveUsernameRequest)
2022-12-22 18:13:35 | 30240222652834 → https://t.me/kavachinese → 加群成功
2022-12-22 18:14:10 | 573243209152 → https://t.me/liang1112233 → 加群失败：Nobody is using this username, or the username is unacceptable. If the latter, it must match r"[a-zA-Z][\w\d]{3,30}[a-zA-Z\d]" (caused by ResolveUsernameRequest)
2022-12-22 18:14:36 | 30213541531435 → https://t.me/tuishouLL01 → 加群成功
2022-12-22 18:15:12 | 3022967399046 → https://t.me/tglianmeng002 → 加群失败：Nobody is using this username, or the username is unacceptable. If the latter, it must match r"[a-zA-Z][\w\d]{3,30}[a-zA-Z\d]" (caused by ResolveUsernameRequest)
2022-12-22 18:15:35 | 30237654269948 → https://t.me/xcarnival_chinese → 加群成功
2022-12-22 18:16:37 | 30240222652834 → https://t.me/WKL0857 → 加群成功
2022-12-22 18:17:22 | 573243209152 → https://t.me/bzzone → 加群成功
2022-12-22 18:17:47 | 30213541531435 → https://t.me/BKEXChinese → 加群成功
2022-12-22 18:18:16 | 3022967399046 → https://t.me/mikebill888 → 加群成功
2022-12-22 18:19:06 | 30237654269948 → https://t.me/blsq55 → 加群成功
2022-12-22 18:20:11 | 30240222652834 → https://t.me/pingan66chadang → 加群成功
2022-12-22 18:20:27 | 573243209152 → https://t.me/TGDL128 → 加群成功
2022-12-22 18:21:03 | 30213541531435 → https://t.me/justmysockscn → 加群成功
2022-12-22 18:21:40 | 3022967399046 → https://t.me/TG_King90 → 加群成功
2022-12-22 18:21:56 | 30237654269948 → https://t.me/mla9999 → 加群成功
2022-12-22 18:22:17 | 30240222652834 → https://t.me/dibai12 → 加群成功
2022-12-22 18:22:50 | 573243209152 → https://t.me/dibaifa → 加群失败：Nobody is using this username, or the username is unacceptable. If the latter, it must match r"[a-zA-Z][\w\d]{3,30}[a-zA-Z\d]" (caused by ResolveUsernameRequest)
2022-12-22 18:23:16 | 30213541531435 → https://t.me/yuanyuzhou8 → 加群成功
2022-12-22 18:23:44 | 3022967399046 → https://t.me/TG00016 → 加群成功
2022-12-22 18:24:27 | 30237654269948 → https://t.me/appssweepstakes → 加群成功
2022-12-22 18:24:48 | 30240222652834 → https://t.me/zhongshandidi → 加群成功
2022-12-22 18:25:30 | 573243209152 → https://t.me/cyj1188 → 加群成功
2022-12-22 18:25:45 | 30213541531435 → https://t.me/phbbs → 加群成功
2022-12-22 18:26:12 | 3022967399046 → https://t.me/feihuaph → 加群成功
2022-12-22 18:26:52 | 30237654269948 → https://t.me/flea66 → 加群成功
2022-12-22 18:27:14 | 30240222652834 → https://t.me/TG8848Community → 加群成功
2022-12-22 18:27:55 | 573243209152 → https://t.me/yuehui8 → 加群成功
2022-12-22 18:28:40 | 30213541531435 → https://t.me/bandwagonhostgroup → 加群成功
2022-12-22 18:29:04 | 3022967399046 → https://t.me/HWDBQ → 加群失败：Nobody is using this username, or the username is unacceptable. If the latter, it must match r"[a-zA-Z][\w\d]{3,30}[a-zA-Z\d]" (caused by ResolveUsernameRequest)
2022-12-22 18:29:17 | 30237654269948 → https://t.me/nwdr888 → 加群成功
2022-12-22 18:29:32 | 30240222652834 → https://t.me/zzlsjbyq → 加群成功
2022-12-22 18:30:06 | 573243209152 → https://t.me/TG_King80 → 加群失败：Nobody is using this username, or the username is unacceptable. If the latter, it must match r"[a-zA-Z][\w\d]{3,30}[a-zA-Z\d]" (caused by ResolveUsernameRequest)
2022-12-22 18:30:35 | 30213541531435 → https://t.me/binzhouqun → 加群成功
2022-12-22 18:30:58 | 3022967399046 → https://t.me/huanxiangyouxi → 加群成功
2022-12-22 18:31:17 | 30237654269948 → https://t.me/myfreevpn → 加群成功
2022-12-22 18:31:56 | 30240222652834 → https://t.me/kaihesoft → 加群成功
2022-12-22 18:32:29 | 573243209152 → https://t.me/tg_88888 → 加群失败：Nobody is using this username, or the username is unacceptable. If the latter, it must match r"[a-zA-Z][\w\d]{3,30}[a-zA-Z\d]" (caused by ResolveUsernameRequest)
2022-12-22 18:32:57 | 30213541531435 → https://t.me/guiyangpapa → 加群成功
2022-12-22 18:33:40 | 3022967399046 → https://t.me/bohrwebc → 加群成功
2022-12-22 18:33:58 | 30237654269948 → https://t.me/hi_Official_Chinese → 加群成功
2022-12-22 18:34:28 | 30240222652834 → https://t.me/biboxgroup → 加群成功
2022-12-22 18:34:45 | 573243209152 → https://t.me/meizi005 → 加群成功
2022-12-22 18:35:26 | 30213541531435 → https://t.me/FQ3P3 → 加群失败：A wait of 279 seconds is required (caused by JoinChannelRequest)
2022-12-22 18:35:39 | 3022967399046 → https://t.me/InWebDarkNET → 加群成功
2022-12-22 18:35:57 | 30237654269948 → https://t.me/hwdbq → 加群失败：Nobody is using this username, or the username is unacceptable. If the latter, it must match r"[a-zA-Z][\w\d]{3,30}[a-zA-Z\d]" (caused by ResolveUsernameRequest)
2022-12-22 18:36:09 | 30240222652834 → https://t.me/xianliao01 → 加群成功
2022-12-22 18:36:44 | 573243209152 → https://t.me/wz513064 → 加群成功
2022-12-22 18:37:19 | 30213541531435 → https://t.me/v2rayN → 加群失败：A wait of 166 seconds is required (caused by JoinChannelRequest)
2022-12-22 18:37:38 | 3022967399046 → https://t.me/ai699 → 加群失败：Nobody is using this username, or the username is unacceptable. If the latter, it must match r"[a-zA-Z][\w\d]{3,30}[a-zA-Z\d]" (caused by ResolveUsernameRequest)
2022-12-22 18:38:08 | 30237654269948 → https://t.me/sq577 → 加群失败：Nobody is using this username, or the username is unacceptable. If the latter, it must match r"[a-zA-Z][\w\d]{3,30}[a-zA-Z\d]" (caused by ResolveUsernameRequest)
2022-12-22 18:38:43 | 30240222652834 → https://t.me/hzaxx → 加群成功
2022-12-22 18:39:21 | 573243209152 → https://t.me/GIBXChange_cn → 加群失败：No user has "gibxchange_cn" as username
2022-12-22 18:40:05 | 30213541531435 → https://t.me/loufenha → 加群成功
2022-12-22 18:40:32 | 3022967399046 → https://t.me/goutuiclub → 加群成功
2022-12-22 18:40:53 | 30237654269948 → https://t.me/daishou44 → 加群成功
2022-12-22 18:41:33 | 30240222652834 → https://t.me/tg088 → 加群失败：Nobody is using this username, or the username is unacceptable. If the latter, it must match r"[a-zA-Z][\w\d]{3,30}[a-zA-Z\d]" (caused by ResolveUsernameRequest)
2022-12-22 18:41:46 | 573243209152 → https://t.me/dayofdefeatCN → 加群成功
2022-12-22 18:42:24 | 30213541531435 → https://t.me/olddriver_cdu → 加群成功
2022-12-22 18:42:51 | 3022967399046 → https://t.me/x00008 → 加群失败：Nobody is using this username, or the username is unacceptable. If the latter, it must match r"[a-zA-Z][\w\d]{3,30}[a-zA-Z\d]" (caused by ResolveUsernameRequest)
2022-12-22 18:43:21 | 30237654269948 → https://t.me/yugzf → 加群成功
2022-12-22 18:43:41 | 30240222652834 → https://t.me/pg528 → 加群成功
2022-12-22 18:44:24 | 573243209152 → https://t.me/avnrichchinese_chat → 加群成功
2022-12-22 18:44:58 | 30213541531435 → https://t.me/lbank_cn → 加群成功
2022-12-22 18:45:18 | 3022967399046 → https://t.me/php_group_cn → 加群成功
2022-12-22 18:45:54 | 30237654269948 → https://t.me/TG771 → 加群失败：Nobody is using this username, or the username is unacceptable. If the latter, it must match r"[a-zA-Z][\w\d]{3,30}[a-zA-Z\d]" (caused by ResolveUsernameRequest)
2022-12-22 18:46:10 | 30240222652834 → https://t.me/HLS0002 → 加群失败：Nobody is using this username, or the username is unacceptable. If the latter, it must match r"[a-zA-Z][\w\d]{3,30}[a-zA-Z\d]" (caused by ResolveUsernameRequest)
2022-12-22 18:46:26 | 573243209152 → https://t.me/paofen315 → 加群成功
2022-12-22 18:47:08 | 30213541531435 → https://t.me/hi628 → 加群成功
2022-12-22 18:47:53 | 3022967399046 → https://t.me/cn_talk → 加群成功
2022-12-22 18:48:29 | 30237654269948 → https://t.me/QQXGQQ → 加群成功
2022-12-22 18:48:47 | 30240222652834 → https://t.me/ml520 → 加群失败：A wait of 85 seconds is required (caused by JoinChannelRequest)
2022-12-22 18:49:00 | 573243209152 → https://t.me/ckidc666 → 加群成功
2022-12-22 18:49:19 | 30213541531435 → https://t.me/tg006 → 加群失败：Nobody is using this username, or the username is unacceptable. If the latter, it must match r"[a-zA-Z][\w\d]{3,30}[a-zA-Z\d]" (caused by ResolveUsernameRequest)
2022-12-22 18:49:32 | 3022967399046 → https://t.me/PG528 → 加群成功
2022-12-22 18:50:07 | 30237654269948 → https://t.me/AlgorandFoundationCN → 加群成功
2022-12-22 18:50:40 | 30240222652834 → https://t.me/haojiyou → 加群成功
2022-12-22 18:51:20 | 573243209152 → https://t.me/huaao1 → 加群成功
2022-12-22 18:51:55 | 30213541531435 → https://t.me/dyjiaoliu → 加群成功
2022-12-22 18:52:28 | 3022967399046 → https://t.me/bailaohui_cvv → 加群成功
2022-12-22 18:53:00 | 30237654269948 → https://t.me/TG6766 → 加群成功
2022-12-22 18:53:37 | 30240222652834 → https://t.me/mla9999 → 加群成功
2022-12-22 18:54:11 | 573243209152 → https://t.me/mikebill888 → 加群成功
2022-12-22 18:54:39 | 30213541531435 → https://t.me/zeronetzh → 加群成功
2022-12-22 18:54:57 | 3022967399046 → https://t.me/zscd1 → 加群成功
2022-12-22 18:55:34 | 30237654269948 → https://t.me/raicoincn → 加群成功
2022-12-22 18:55:56 | 30240222652834 → https://t.me/PG528 → 加群成功
2022-12-22 18:56:15 | 573243209152 → https://t.me/Sz1888 → 加群成功
2022-12-22 18:56:31 | 30213541531435 → https://t.me/olddriverSH → 加群成功
2022-12-22 18:57:07 | 3022967399046 → https://t.me/kedoucloud → 加群失败：Nobody is using this username, or the username is unacceptable. If the latter, it must match r"[a-zA-Z][\w\d]{3,30}[a-zA-Z\d]" (caused by ResolveUsernameRequest)
2022-12-22 18:57:39 | 30237654269948 → https://t.me/goutui → 加群成功
2022-12-22 18:58:01 | 30240222652834 → https://t.me/wubuxianjingziyuan → 加群失败：No user has "wubuxianjingziyuan" as username
2022-12-22 18:58:11 | 573243209152 → https://t.me/HTCOLV → 加群成功
2022-12-22 18:58:28 | 30213541531435 → https://t.me/shore999888 → 加群成功
2022-12-22 18:59:04 | 3022967399046 → https://t.me/readerbeta → 加群成功
2022-12-22 18:59:36 | 30237654269948 → https://t.me/gboxtg → 加群成功
2022-12-22 19:00:19 | 30240222652834 → https://t.me/huanxiangyouxi → 加群成功
2022-12-22 19:01:00 | 573243209152 → https://t.me/KavaChinese → 加群成功
2022-12-22 19:01:22 | 30213541531435 → https://t.me/galaxyheroescn → 加群成功
2022-12-22 19:01:55 | 3022967399046 → https://t.me/shenma001 → 加群失败：Nobody is using this username, or the username is unacceptable. If the latter, it must match r"[a-zA-Z][\w\d]{3,30}[a-zA-Z\d]" (caused by ResolveUsernameRequest)
2022-12-22 19:02:12 | 30237654269948 → https://t.me/WKLhuaren → 加群成功
2022-12-22 19:02:57 | 30240222652834 → https://t.me/dibai778899 → 加群失败：Nobody is using this username, or the username is unacceptable. If the latter, it must match r"[a-zA-Z][\w\d]{3,30}[a-zA-Z\d]" (caused by ResolveUsernameRequest)
2022-12-22 19:03:10 | 573243209152 → https://t.me/tg088 → 加群失败：Nobody is using this username, or the username is unacceptable. If the latter, it must match r"[a-zA-Z][\w\d]{3,30}[a-zA-Z\d]" (caused by ResolveUsernameRequest)
2022-12-22 19:03:23 | 30213541531435 → https://t.me/quanzhangshequ → 加群成功
2022-12-22 19:03:54 | 3022967399046 → https://t.me/usdthuihuan → 加群成功
2022-12-22 19:04:39 | 30237654269948 → https://t.me/TG12389 → 加群成功
2022-12-22 19:05:19 | 30240222652834 → https://t.me/HLS0002 → 加群失败：Nobody is using this username, or the username is unacceptable. If the latter, it must match r"[a-zA-Z][\w\d]{3,30}[a-zA-Z\d]" (caused by ResolveUsernameRequest)
2022-12-22 19:05:38 | 573243209152 → https://t.me/BIYONGOfficial0015 → 加群失败：The maximum number of users has been exceeded (to create a chat, for example) (caused by JoinChannelRequest)
2022-12-22 19:06:13 | 30213541531435 → https://t.me/tg_king80 → 加群失败：Nobody is using this username, or the username is unacceptable. If the latter, it must match r"[a-zA-Z][\w\d]{3,30}[a-zA-Z\d]" (caused by ResolveUsernameRequest)
2022-12-22 19:06:46 | 3022967399046 → https://t.me/myfreevpn → 加群成功
2022-12-22 19:07:24 | 30237654269948 → https://t.me/heyuedashen1 → 加群成功
2022-12-22 19:08:03 | 30240222652834 → https://t.me/QQXGQQ → 加群成功
2022-12-22 19:08:18 | 573243209152 → https://t.me/zb_support → 加群失败：Cannot cast InputPeerUser to any kind of InputChannel.
2022-12-22 19:08:44 | 30213541531435 → https://t.me/dhjlq → 加群失败：A wait of 81 seconds is required (caused by JoinChannelRequest)
2022-12-22 19:08:58 | 30237654269948 → https://t.me/TG55555555555 → 加群失败：A wait of 263 seconds is required (caused by JoinChannelRequest)
2022-12-22 19:09:26 | 30240222652834 → https://t.me/BtokCN_0016 → 加群成功
2022-12-22 19:09:58 | 573243209152 → https://t.me/cn_talk → 加群成功
2022-12-22 19:10:32 | 30213541531435 → https://t.me/dayofdefeatCN → 加群成功
2022-12-22 19:10:54 | 30237654269948 → https://t.me/olddrivercd → 加群成功
2022-12-22 19:11:11 | 30240222652834 → https://t.me/dip9188 → 加群失败：Nobody is using this username, or the username is unacceptable. If the latter, it must match r"[a-zA-Z][\w\d]{3,30}[a-zA-Z\d]" (caused by ResolveUsernameRequest)
2022-12-22 19:11:40 | 573243209152 → https://t.me/myanmarcn → 加群成功
2022-12-22 19:12:17 | 30213541531435 → https://t.me/Shore999888 → 加群成功
2022-12-22 19:13:22 | 30237654269948 → https://t.me/quanqiushouhuo → 加群成功
2022-12-22 19:14:02 | 30240222652834 → https://t.me/qianchengqun → 加群成功
2022-12-22 19:14:25 | 573243209152 → https://t.me/ssunion → 加群成功
2022-12-22 19:15:04 | 30213541531435 → https://t.me/RaicoinCN → 加群成功
2022-12-22 19:15:40 | 30237654269948 → https://t.me/india_moneypay → 加群成功
2022-12-22 19:16:13 | 30240222652834 → https://t.me/P541888888 → 加群成功
2022-12-22 19:16:32 | 573243209152 → https://t.me/FHLMTEAM → 加群失败：Nobody is using this username, or the username is unacceptable. If the latter, it must match r"[a-zA-Z][\w\d]{3,30}[a-zA-Z\d]" (caused by ResolveUsernameRequest)
2022-12-22 19:16:48 | 30213541531435 → https://t.me/tg8848community → 加群成功
2022-12-22 19:17:27 | 30237654269948 → https://t.me/balance863 → 加群成功
2022-12-22 19:17:49 | 30240222652834 → https://t.me/hi_official_chinese → 加群成功
2022-12-22 19:18:05 | 573243209152 → https://t.me/tiandeng88 → 加群成功
2022-12-22 19:18:43 | 30213541531435 → https://t.me/olddriver_gd → 加群成功
2022-12-22 19:19:11 | 30237654269948 → https://t.me/asiaweed → 加群成功
2022-12-22 19:19:54 | 30240222652834 → https://t.me/FLBhuaren1 → 加群成功
2022-12-22 19:20:08 | 573243209152 → https://t.me/kaihesoft → 加群成功
2022-12-22 19:20:43 | 30213541531435 → https://t.me/akkcloud → 加群成功
2022-12-22 19:21:08 | 30237654269948 → https://t.me/danbao96 → 加群成功
2022-12-22 19:21:46 | 30240222652834 → https://t.me/shuju888666 → 加群成功
2022-12-22 19:22:04 | 573243209152 → https://t.me/gz3388 → 加群成功
2022-12-22 19:22:37 | 30213541531435 → https://t.me/sichouzhilu0 → 加群成功
2022-12-22 19:23:04 | 30237654269948 → https://t.me/dubaiqq918 → 加群失败：Nobody is using this username, or the username is unacceptable. If the latter, it must match r"[a-zA-Z][\w\d]{3,30}[a-zA-Z\d]" (caused by ResolveUsernameRequest)
2022-12-22 19:23:31 | 30240222652834 → https://t.me/a1313652 → 加群失败：No user has "a1313652" as username
2022-12-22 19:24:05 | 573243209152 → https://t.me/ftx_chinese_official → 加群成功
2022-12-22 19:24:39 | 30213541531435 → https://t.me/cyj1188 → 加群成功
2022-12-22 19:25:08 | 30237654269948 → https://t.me/szhkfun → 加群成功
2022-12-22 19:25:40 | 30240222652834 → https://t.me/goutui1113 → 加群成功
2022-12-22 19:25:56 | 573243209152 → https://t.me/TG108 → 加群成功
2022-12-22 19:26:20 | 30237654269948 → https://t.me/BinancePoolChinese → 加群成功
2022-12-22 19:26:50 | 30240222652834 → https://t.me/pcptm → 加群失败：RPCError 400: INVITE_REQUEST_SENT (caused by JoinChannelRequest)
2022-12-22 19:27:08 | 30237654269948 → https://t.me/ziyuan2 → 加群成功
2022-12-22 19:27:38 | 30240222652834 → https://t.me/faka58 → 加群成功
2022-12-22 19:28:08 | 30240222652834 → https://t.me/fastfish2 → 加群成功
2022-12-22 19:28:53 | 30240222652834 → https://t.me/jianpuzai777 → 加群成功
2022-12-22 19:29:28 | 30240222652834 → https://t.me/light_up_comm → 加群成功
2022-12-22 19:30:41 | 30240222652834 → https://t.me/zhifuo → 加群成功
2022-12-22 19:31:22 | 30240222652834 → https://t.me/saltyleo_blog → 加群成功
2022-12-22 19:31:40 | 30240222652834 → https://t.me/php_group_cn → 加群成功
2022-12-22 19:32:21 | 30240222652834 → https://t.me/AlgorandFoundationCN → 加群成功