
2022-10-27 00:00:10 → qwerdt1 → 轰炸、私信、群发 Telegram、Skype、邮箱、WhatsApp、微信、QQ  →  联系 ✈️：Boss91M1
2022-10-27 00:00:25 → sunshineyyds → 私信、群发、轰炸 Telegram、Skype、邮箱、WhatsApp、微信、QQ  →  联系 ✈️：Boss91M1
2022-10-27 00:02:07 → WKLhuaren → Skype、Telegram、邮箱、WhatsApp、嶶信、QQ 专业代發广告 → 私信、群发、轰炸 联系 ✈️：Boss91M1
2022-10-27 00:02:22 → GTY002 → Telegram、Skype、邮箱、WhatsApp、嶶信、QQ 专业代發广告 → 私信、群发、轰炸 联系 ✈️：Boss91M1
2022-10-27 00:03:00 → haven_global → 专业代發广告 Telegram、Skype、郵葙、WhatsApp、嶶信、QQ  → 私信、群发、轰炸 联系 ✈️：Boss91M1
2022-10-27 00:03:16 → TG108 → 专业代發广告 Telegram、Skype、邮箱、WhatsApp、QQ、嶶信  → 私信、群发、轰炸 联系 ✈️：Boss91M1
2022-10-27 00:03:47 → dibaifa → 專業代發廣告 (Telegram、Skype、郵葙、WhatsApp、嶶信、QQ) 俬信、裙發、轰怍 聯係 ✈️：Boss91M1
2022-10-27 00:04:09 → liang1112233 → Telegram、Skype、邮箱、WhatsApp、嶶信、QQ 专业代發广告 → 私信、群发、轰炸 联系 ✈️：Boss91M1
2022-10-27 00:05:09 → dyjiaoliu → 邮箱、WhatsApp、Skype、Telegram、嶶信、QQ 专业代發广告 → 群发、私信、轰炸 联系 ✈️：Boss91M1
2022-10-27 00:05:40 → TGTRX123 → 邮箱、WhatsApp、Skype、Telegram、嶶信、QQ 专业代發广告 → 群发、私信、轰炸 联系 ✈️：Boss91M1
2022-10-27 00:05:59 → evilsquid → Telegram、Skype、邮箱、WhatsApp、嶶信、QQ 专业代發广告 → 私信、群发、轰炸 联系 ✈️：Boss91M1
2022-10-27 00:06:31 → TGdanbao000 → WhatsApp、Skype、Telegram、邮箱、嶶信、QQ 专业代發广告 → 私信、轰炸、群发 联系 ✈️：Boss91M1
2022-10-27 00:06:48 → taiguo001 → Telegram、Skype、邮箱、WhatsApp、嶶信、QQ 专业代發广告 → 私信、群发、轰炸 联系 ✈️：Boss91M1
2022-10-27 00:07:19 → bailaohui_cvv → 專業代發廣告 (Telegram、Skype、郵葙、WhatsApp、嶶信、QQ) 俬信、裙發、轰怍 聯係 ✈️：Boss91M1
2022-10-27 00:07:31 → TG110 → Skype、Telegram、邮箱、WhatsApp、嶶信、QQ 专业代發广告 → 私信、群发、轰炸 联系 ✈️：Boss91M1
2022-10-27 00:07:55 → bailaohui_cvv → Telegram、Skype、郵葙、WhatsApp、嶶信、QQ  → 俬信、裙發、轟怍 聯係 ✈️：Boss91M1
2022-10-27 00:08:21 → goutui1113 → Telegram、Skype、邮箱、WhatsApp、嶶信、QQ 专业代發广告 → 私信、群发、轰炸 联系 ✈️：Boss91M1
2022-10-27 00:08:37 → TGlianmeng002 → 專業代發廣告 (Telegram、Skype、郵葙、WhatsApp、嶶信、QQ) 俬信、裙發、轰怍 聯係 ✈️：Boss91M1
2022-10-27 00:08:56 → tcelue1 → Telegram、Skype、邮箱、WhatsApp、嶶信、QQ 专业代發广告 → 私信、群发、轰炸 联系 ✈️：Boss91M1
2022-10-27 00:09:23 → diyidaifu → 专业代發广告 Telegram、Skype、郵葙、WhatsApp、嶶信、QQ  → 俬信、裙發、轟怍 聯係 ✈️：Boss91M1
2022-10-27 00:09:40 → TG00016 → 专业代發广告 Telegram、Skype、邮箱、WhatsApp、QQ、嶶信  → 私信、群发、轰炸 联系 ✈️：Boss91M1
2022-10-27 00:09:55 → evilsquid → 专业代發广告 Telegram、Skype、郵葙、WhatsApp、嶶信、QQ  → 私信、群发、轰炸 联系 ✈️：Boss91M1
2022-10-27 00:10:08 → bailaohui_cvv → 邮箱、WhatsApp、Skype、Telegram、嶶信、QQ 专业代發广告 → 群发、私信、轰炸 联系 ✈️：Boss91M1
2022-10-27 00:10:42 → weikang2020 → 邮箱、WhatsApp、Skype、Telegram、嶶信、QQ 专业代發广告 → 群发、私信、轰炸 联系 ✈️：Boss91M1
2022-10-27 00:11:14 → TG166 → 群發、私信、轟炸 Telegram、Skype、郵箱、WhatsApp、微信、QQ  → 聯系 ✈️：Boss91M1
2022-10-27 00:11:46 → TGlianmeng002 → 轰炸、私信、群发 Telegram、Skype、邮箱、WhatsApp、微信、QQ  →  联系 ✈️：Boss91M1
2022-10-27 00:12:37 → bdzycom → 邮箱、WhatsApp、Skype、Telegram、嶶信、QQ 专业代發广告 → 群发、私信、轰炸 联系 ✈️：Boss91M1
2022-10-27 00:13:04 → diyidaifu → 邮箱、WhatsApp、Skype、Telegram、嶶信、QQ 专业代發广告 → 群发、私信、轰炸 联系 ✈️：Boss91M1
2022-10-27 00:13:37 → SHCPCO → 专业代發广告 Telegram、Skype、邮箱、WhatsApp、QQ、嶶信  → 私信、群发、轰炸 联系 ✈️：Boss91M1
2022-10-27 00:13:50 → x00008 → Telegram、Skype、郵葙、WhatsApp、嶶信、QQ  → 俬信、裙發、轟怍 聯係 ✈️：Boss91M1
2022-10-27 00:14:47 → YCQGZ88888 → 專業代發廣告 (Telegram、Skype、郵葙、WhatsApp、嶶信、QQ) 俬信、裙發、轰怍 聯係 ✈️：Boss91M1
2022-10-27 00:15:15 → zhongwen6 → 群發、私信、轟炸 Telegram、Skype、郵箱、WhatsApp、微信、QQ  → 聯系 ✈️：Boss91M1
2022-10-27 00:15:44 → YCQGZ88888 → Telegram、Skype、郵葙、WhatsApp、嶶信、QQ  → 俬信、裙發、轟怍 聯係 ✈️：Boss91M1
2022-10-27 00:16:38 → boss91MChannel → 專業代發廣告 (Skype、Telegram、郵葙、WhatsApp、嶶信、QQ) 俬信、裙發、轰怍 聯係 ✈️：Boss91M1
2022-10-27 00:16:49 → TG166 → 專業代發廣告 (Telegram、Skype、郵葙、WhatsApp、嶶信、QQ) 俬信、裙發、轰怍 聯係 ✈️：Boss91M1
2022-10-27 00:17:02 → FQ3P3 → 專業代發廣告 (Skype、Telegram、郵葙、WhatsApp、嶶信、QQ) 俬信、裙發、轰怍 聯係 ✈️：Boss91M1
2022-10-27 00:17:31 → FHLMTEAM → Telegram、Skype、郵葙、WhatsApp、嶶信、QQ  → 俬信、裙發、轟怍 聯係 ✈️：Boss91M1
2022-10-27 00:17:43 → BKEXChinese → 轰炸、私信、群发 Telegram、Skype、邮箱、WhatsApp、微信、QQ  →  联系 ✈️：Boss91M1
2022-10-27 00:19:39 → TG166 → 专业代發广告 Telegram、Skype、邮箱、WhatsApp、QQ、嶶信  → 私信、群发、轰炸 联系 ✈️：Boss91M1
2022-10-27 00:20:23 → dongnanyaliaotian → 專業代發廣告 (Telegram、Skype、郵葙、WhatsApp、嶶信、QQ) 俬信、裙發、轰怍 聯係 ✈️：Boss91M1
2022-10-27 00:20:41 → daifu76 → Skype、Telegram、邮箱、WhatsApp、嶶信、QQ 专业代發广告 → 私信、群发、轰炸 联系 ✈️：Boss91M1
2022-10-27 00:21:00 → dongnanyaliaotian → Telegram、Skype、邮箱、WhatsApp、嶶信、QQ 专业代發广告 → 私信、群发、轰炸 联系 ✈️：Boss91M1
2022-10-27 00:21:16 → FHLMTEAM → 邮箱、WhatsApp、Skype、Telegram、嶶信、QQ 专业代發广告 → 群发、私信、轰炸 联系 ✈️：Boss91M1
2022-10-27 00:21:30 → SHCPCO → 群發、私信、轟炸 Telegram、Skype、郵箱、WhatsApp、微信、QQ  → 聯系 ✈️：Boss91M1
2022-10-27 00:21:45 → -1001615987555 → 邮箱、WhatsApp、Skype、Telegram、嶶信、QQ 专业代發广告 → 群发、私信、轰炸 联系 ✈️：Boss91M1
2022-10-27 00:23:09 → TGlianmeng002 → 專業代發廣告 (Skype、Telegram、郵葙、WhatsApp、嶶信、QQ) 俬信、裙發、轰怍 聯係 ✈️：Boss91M1
2022-10-27 00:23:30 → Asiaweed → 邮箱、WhatsApp、Skype、Telegram、嶶信、QQ 专业代發广告 → 群发、私信、轰炸 联系 ✈️：Boss91M1
2022-10-27 00:24:30 → xunhuanchuji → 邮箱、WhatsApp、Skype、Telegram、嶶信、QQ 专业代發广告 → 群发、私信、轰炸 联系 ✈️：Boss91M1
2022-10-27 00:25:19 → CgzgXVAswFK_LGD → Skype、Telegram、邮箱、WhatsApp、嶶信、QQ 专业代發广告 → 私信、群发、轰炸 联系 ✈️：Boss91M1
2022-10-27 00:25:34 → TG5171 → 轰炸、私信、群发 Telegram、Skype、邮箱、WhatsApp、微信、QQ  →  联系 ✈️：Boss91M1
2022-10-27 00:26:15 → liang1112233 → 專業代發廣告 (Telegram、Skype、郵葙、WhatsApp、嶶信、QQ) 俬信、裙發、轰怍 聯係 ✈️：Boss91M1
2022-10-27 00:26:30 → SHCPCO → 专业代發广告 Telegram、Skype、郵葙、WhatsApp、嶶信、QQ  → 俬信、裙發、轟怍 聯係 ✈️：Boss91M1
2022-10-27 00:26:57 → TG5171 → 私信、群发、轰炸 Telegram、Skype、邮箱、WhatsApp、微信、QQ  →  联系 ✈️：Boss91M1
2022-10-27 00:27:13 → TG108 → WhatsApp、Skype、Telegram、邮箱、嶶信、QQ 专业代發广告 → 私信、轰炸、群发 联系 ✈️：Boss91M1
2022-10-27 00:27:26 → dyjiaoliu → Telegram、Skype、邮箱、WhatsApp、嶶信、QQ 专业代發广告 → 私信、群发、轰炸 联系 ✈️：Boss91M1
2022-10-27 00:28:01 → weikang2020 → Telegram、Skype、郵葙、WhatsApp、嶶信、QQ  → 俬信、裙發、轟怍 聯係 ✈️：Boss91M1
2022-10-27 00:28:19 → zhongwen6 → Telegram、Skype、郵葙、WhatsApp、嶶信、QQ  → 俬信、裙發、轟怍 聯係 ✈️：Boss91M1
2022-10-27 00:28:31 → Usdtbmw → 專業代發廣告 (Skype、Telegram、郵葙、WhatsApp、嶶信、QQ) 俬信、裙發、轰怍 聯係 ✈️：Boss91M1
2022-10-27 00:29:12 → huanqian35 → 群發、私信、轟炸 Telegram、Skype、郵箱、WhatsApp、微信、QQ  → 聯系 ✈️：Boss91M1
2022-10-27 00:29:25 → maticnetwork_china → WhatsApp、Skype、Telegram、邮箱、嶶信、QQ 专业代發广告 → 私信、轰炸、群发 联系 ✈️：Boss91M1
2022-10-27 00:29:46 → kkkttt369 → 私信、群发、轰炸 Telegram、Skype、邮箱、WhatsApp、微信、QQ  →  联系 ✈️：Boss91M1
2022-10-27 00:30:03 → bailaohui_cvv → 轰炸、私信、群发 Telegram、Skype、邮箱、WhatsApp、微信、QQ  →  联系 ✈️：Boss91M1
2022-10-27 00:30:33 → dyjiaoliu → 專業代發廣告 (Skype、Telegram、郵葙、WhatsApp、嶶信、QQ) 俬信、裙發、轰怍 聯係 ✈️：Boss91M1
2022-10-27 00:30:48 → cyj58 → 专业代發广告 Telegram、Skype、郵葙、WhatsApp、嶶信、QQ  → 私信、群发、轰炸 联系 ✈️：Boss91M1
2022-10-27 00:31:19 → -1001532469436 → WhatsApp、Skype、Telegram、邮箱、嶶信、QQ 专业代發广告 → 私信、轰炸、群发 联系 ✈️：Boss91M1
2022-10-27 00:32:23 → TGTRX123 → 专业代發广告 Telegram、Skype、邮箱、WhatsApp、QQ、嶶信  → 私信、群发、轰炸 联系 ✈️：Boss91M1
2022-10-27 00:32:38 → goutui1113 → 邮箱、WhatsApp、Skype、Telegram、嶶信、QQ 专业代發广告 → 群发、私信、轰炸 联系 ✈️：Boss91M1
2022-10-27 00:33:20 → Jiu9jiu99 → 专业代發广告 Telegram、Skype、邮箱、WhatsApp、QQ、嶶信  → 私信、群发、轰炸 联系 ✈️：Boss91M1
2022-10-27 00:34:04 → huichanfushang2022015 → 专业代發广告 Telegram、Skype、郵葙、WhatsApp、嶶信、QQ  → 俬信、裙發、轟怍 聯係 ✈️：Boss91M1
2022-10-27 00:34:21 → TG108 → 私信、群发、轰炸 Telegram、Skype、邮箱、WhatsApp、微信、QQ  →  联系 ✈️：Boss91M1
2022-10-27 00:34:39 → TG166 → Telegram、Skype、邮箱、WhatsApp、嶶信、QQ 专业代發广告 → 私信、群发、轰炸 联系 ✈️：Boss91M1
2022-10-27 00:34:55 → x00008 → 轰炸、私信、群发 Telegram、Skype、邮箱、WhatsApp、微信、QQ  →  联系 ✈️：Boss91M1
2022-10-27 00:35:09 → TG006 → Telegram、Skype、郵葙、WhatsApp、嶶信、QQ  → 俬信、裙發、轟怍 聯係 ✈️：Boss91M1
2022-10-27 00:35:32 → WKLhuaren → Telegram、Skype、邮箱、WhatsApp、嶶信、QQ 专业代發广告 → 私信、群发、轰炸 联系 ✈️：Boss91M1
2022-10-27 00:36:07 → dibaifa → 群發、私信、轟炸 Telegram、Skype、郵箱、WhatsApp、微信、QQ  → 聯系 ✈️：Boss91M1
2022-10-27 00:36:31 → ziyuan2 → 專業代發廣告 (Skype、Telegram、郵葙、WhatsApp、嶶信、QQ) 俬信、裙發、轰怍 聯係 ✈️：Boss91M1
2022-10-27 00:36:45 → bailaohui_cvv → Telegram、Skype、邮箱、WhatsApp、嶶信、QQ 专业代發广告 → 私信、群发、轰炸 联系 ✈️：Boss91M1
2022-10-27 00:37:37 → kkkttt369 → 邮箱、WhatsApp、Skype、Telegram、嶶信、QQ 专业代發广告 → 群发、私信、轰炸 联系 ✈️：Boss91M1
2022-10-27 00:37:53 → TGlianmeng002 → 私信、群发、轰炸 Telegram、Skype、邮箱、WhatsApp、微信、QQ  →  联系 ✈️：Boss91M1
2022-10-27 00:38:11 → kaiyun8888888888 → Telegram、Skype、郵葙、WhatsApp、嶶信、QQ  → 俬信、裙發、轟怍 聯係 ✈️：Boss91M1
2022-10-27 00:38:40 → FQ3P3 → 專業代發廣告 (Skype、Telegram、郵葙、WhatsApp、嶶信、QQ) 俬信、裙發、轰怍 聯係 ✈️：Boss91M1
2022-10-27 00:39:08 → FHLMTEAM → 專業代發廣告 (Skype、Telegram、郵葙、WhatsApp、嶶信、QQ) 俬信、裙發、轰怍 聯係 ✈️：Boss91M1
2022-10-27 00:39:25 → FQ3P3 → 专业代發广告 Telegram、Skype、郵葙、WhatsApp、嶶信、QQ  → 俬信、裙發、轟怍 聯係 ✈️：Boss91M1
2022-10-27 00:39:50 → TG108 → Telegram、Skype、郵葙、WhatsApp、嶶信、QQ  → 俬信、裙發、轟怍 聯係 ✈️：Boss91M1
2022-10-27 00:40:14 → BKEXChinese → 专业代發广告 Telegram、Skype、郵葙、WhatsApp、嶶信、QQ  → 私信、群发、轰炸 联系 ✈️：Boss91M1
2022-10-27 00:40:32 → TG108 → 專業代發廣告 (Telegram、Skype、郵葙、WhatsApp、嶶信、QQ) 俬信、裙發、轰怍 聯係 ✈️：Boss91M1
2022-10-27 00:40:49 → yuantoushuju4 → 專業代發廣告 (Skype、Telegram、郵葙、WhatsApp、嶶信、QQ) 俬信、裙發、轰怍 聯係 ✈️：Boss91M1
2022-10-27 00:41:56 → kkkttt369 → Telegram、Skype、邮箱、WhatsApp、嶶信、QQ 专业代發广告 → 私信、群发、轰炸 联系 ✈️：Boss91M1
2022-10-27 00:42:43 → qipaipan54 → 私信、群发、轰炸 Telegram、Skype、邮箱、WhatsApp、微信、QQ  →  联系 ✈️：Boss91M1
2022-10-27 00:43:07 → -1001514684550 → 专业代發广告 Telegram、Skype、邮箱、WhatsApp、QQ、嶶信  → 私信、群发、轰炸 联系 ✈️：Boss91M1
2022-10-27 00:43:31 → bdzycom → 專業代發廣告 (Telegram、Skype、郵葙、WhatsApp、嶶信、QQ) 俬信、裙發、轰怍 聯係 ✈️：Boss91M1
2022-10-27 00:44:15 → tcelue1 → Telegram、Skype、郵葙、WhatsApp、嶶信、QQ  → 俬信、裙發、轟怍 聯係 ✈️：Boss91M1
2022-10-27 00:45:10 → dyjiaoliu → 邮箱、WhatsApp、Skype、Telegram、嶶信、QQ 专业代發广告 → 群发、私信、轰炸 联系 ✈️：Boss91M1
2022-10-27 00:46:00 → Usdtbmw → 专业代發广告 Telegram、Skype、郵葙、WhatsApp、嶶信、QQ  → 私信、群发、轰炸 联系 ✈️：Boss91M1
2022-10-27 00:46:23 → juyouge → 专业代發广告 Telegram、Skype、邮箱、WhatsApp、QQ、嶶信  → 私信、群发、轰炸 联系 ✈️：Boss91M1
2022-10-27 00:46:44 → -1001389877728 → 專業代發廣告 (Telegram、Skype、郵葙、WhatsApp、嶶信、QQ) 俬信、裙發、轰怍 聯係 ✈️：Boss91M1
2022-10-27 00:47:08 → RAINBOWCMMUNITY → Telegram、Skype、邮箱、WhatsApp、嶶信、QQ 专业代發广告 → 私信、群发、轰炸 联系 ✈️：Boss91M1
2022-10-27 00:47:35 → SHCPCO → 群發、私信、轟炸 Telegram、Skype、郵箱、WhatsApp、微信、QQ  → 聯系 ✈️：Boss91M1
2022-10-27 00:48:18 → TGlianmeng002 → Telegram、Skype、郵葙、WhatsApp、嶶信、QQ  → 俬信、裙發、轟怍 聯係 ✈️：Boss91M1
2022-10-27 00:48:35 → x00008 → 群發、私信、轟炸 Telegram、Skype、郵箱、WhatsApp、微信、QQ  → 聯系 ✈️：Boss91M1
2022-10-27 00:49:29 → ziyuan2 → Skype、Telegram、邮箱、WhatsApp、嶶信、QQ 专业代發广告 → 私信、群发、轰炸 联系 ✈️：Boss91M1
2022-10-27 00:50:22 → kkkttt369 → 私信、群发、轰炸 Telegram、Skype、邮箱、WhatsApp、微信、QQ  →  联系 ✈️：Boss91M1
2022-10-27 00:50:45 → MLWW00 → Skype、Telegram、邮箱、WhatsApp、嶶信、QQ 专业代發广告 → 私信、群发、轰炸 联系 ✈️：Boss91M1
2022-10-27 00:51:01 → tongdao25 → 专业代發广告 Telegram、Skype、邮箱、WhatsApp、QQ、嶶信  → 私信、群发、轰炸 联系 ✈️：Boss91M1
2022-10-27 00:51:18 → CgzgXVAswFK_ANU → 專業代發廣告 (Skype、Telegram、郵葙、WhatsApp、嶶信、QQ) 俬信、裙發、轰怍 聯係 ✈️：Boss91M1
2022-10-27 00:51:30 → kkkttt369 → 私信、群发、轰炸 Telegram、Skype、邮箱、WhatsApp、微信、QQ  →  联系 ✈️：Boss91M1
2022-10-27 00:51:46 → FHLMTEAM → 专业代發广告 Telegram、Skype、邮箱、WhatsApp、QQ、嶶信  → 私信、群发、轰炸 联系 ✈️：Boss91M1
2022-10-27 00:52:13 → diyidaifu → 群發、私信、轟炸 Telegram、Skype、郵箱、WhatsApp、微信、QQ  → 聯系 ✈️：Boss91M1
2022-10-27 00:52:24 → dongnanyaliaotian → 专业代發广告 Telegram、Skype、郵葙、WhatsApp、嶶信、QQ  → 私信、群发、轰炸 联系 ✈️：Boss91M1
2022-10-27 00:52:40 → WKLhuaren → Skype、Telegram、邮箱、WhatsApp、嶶信、QQ 专业代發广告 → 私信、群发、轰炸 联系 ✈️：Boss91M1
2022-10-27 00:53:15 → TG00016 → 专业代發广告 Telegram、Skype、郵葙、WhatsApp、嶶信、QQ  → 私信、群发、轰炸 联系 ✈️：Boss91M1
2022-10-27 00:53:26 → TG108 → 專業代發廣告 (Telegram、Skype、郵葙、WhatsApp、嶶信、QQ) 俬信、裙發、轰怍 聯係 ✈️：Boss91M1
2022-10-27 00:54:31 → WKLhuaren → 专业代發广告 Telegram、Skype、邮箱、WhatsApp、QQ、嶶信  → 私信、群发、轰炸 联系 ✈️：Boss91M1
2022-10-27 00:55:15 → dyjiaoliu → 群發、私信、轟炸 Telegram、Skype、郵箱、WhatsApp、微信、QQ  → 聯系 ✈️：Boss91M1
2022-10-27 00:55:37 → TG108 → 轰炸、私信、群发 Telegram、Skype、邮箱、WhatsApp、微信、QQ  →  联系 ✈️：Boss91M1
2022-10-27 00:55:54 → bdzycom → Telegram、Skype、邮箱、WhatsApp、嶶信、QQ 专业代發广告 → 私信、群发、轰炸 联系 ✈️：Boss91M1
2022-10-27 00:56:51 → BKEXChinese → 邮箱、WhatsApp、Skype、Telegram、嶶信、QQ 专业代發广告 → 群发、私信、轰炸 联系 ✈️：Boss91M1
2022-10-27 00:57:26 → dyjiaoliu → WhatsApp、Skype、Telegram、邮箱、嶶信、QQ 专业代發广告 → 私信、轰炸、群发 联系 ✈️：Boss91M1
2022-10-27 00:57:42 → bailaohui_cvv → 專業代發廣告 (Skype、Telegram、郵葙、WhatsApp、嶶信、QQ) 俬信、裙發、轰怍 聯係 ✈️：Boss91M1
2022-10-27 00:58:30 → TG166 → 邮箱、WhatsApp、Skype、Telegram、嶶信、QQ 专业代發广告 → 群发、私信、轰炸 联系 ✈️：Boss91M1
2022-10-27 00:59:26 → aiweisi888 → 專業代發廣告 (Telegram、Skype、郵葙、WhatsApp、嶶信、QQ) 俬信、裙發、轰怍 聯係 ✈️：Boss91M1
2022-10-27 00:59:46 → bailaohui_cvv → WhatsApp、Skype、Telegram、邮箱、嶶信、QQ 专业代發广告 → 私信、轰炸、群发 联系 ✈️：Boss91M1
2022-10-27 01:00:13 → dibaifa → Telegram、Skype、郵葙、WhatsApp、嶶信、QQ  → 俬信、裙發、轟怍 聯係 ✈️：Boss91M1
2022-10-27 01:00:24 → TGlianmeng002 → 私信、群发、轰炸 Telegram、Skype、邮箱、WhatsApp、微信、QQ  →  联系 ✈️：Boss91M1
2022-10-27 01:00:50 → x00008 → 轰炸、私信、群发 Telegram、Skype、邮箱、WhatsApp、微信、QQ  →  联系 ✈️：Boss91M1
2022-10-27 01:01:02 → TG088 → 专业代發广告 Telegram、Skype、郵葙、WhatsApp、嶶信、QQ  → 俬信、裙發、轟怍 聯係 ✈️：Boss91M1
2022-10-27 01:01:19 → sunshineyyds → Skype、Telegram、邮箱、WhatsApp、嶶信、QQ 专业代發广告 → 私信、群发、轰炸 联系 ✈️：Boss91M1
2022-10-27 01:02:08 → TGTRX123 → WhatsApp、Skype、Telegram、邮箱、嶶信、QQ 专业代發广告 → 私信、轰炸、群发 联系 ✈️：Boss91M1
2022-10-27 01:03:05 → wangzhuanusdt → WhatsApp、Skype、Telegram、邮箱、嶶信、QQ 专业代發广告 → 私信、轰炸、群发 联系 ✈️：Boss91M1
2022-10-27 01:03:26 → tg771 → Telegram、Skype、郵葙、WhatsApp、嶶信、QQ  → 俬信、裙發、轟怍 聯係 ✈️：Boss91M1
2022-10-27 01:03:39 → TG5171 → 轰炸、私信、群发 Telegram、Skype、邮箱、WhatsApp、微信、QQ  →  联系 ✈️：Boss91M1
2022-10-27 01:03:50 → TG166 → Skype、Telegram、邮箱、WhatsApp、嶶信、QQ 专业代發广告 → 私信、群发、轰炸 联系 ✈️：Boss91M1
2022-10-27 01:04:06 → x00008 → 專業代發廣告 (Telegram、Skype、郵葙、WhatsApp、嶶信、QQ) 俬信、裙發、轰怍 聯係 ✈️：Boss91M1
2022-10-27 01:04:19 → goutui1113 → 私信、群发、轰炸 Telegram、Skype、邮箱、WhatsApp、微信、QQ  →  联系 ✈️：Boss91M1
2022-10-27 01:04:36 → TG108 → Telegram、Skype、邮箱、WhatsApp、嶶信、QQ 专业代發广告 → 私信、群发、轰炸 联系 ✈️：Boss91M1
2022-10-27 01:04:59 → SHCPCO → Telegram、Skype、郵葙、WhatsApp、嶶信、QQ  → 俬信、裙發、轟怍 聯係 ✈️：Boss91M1
2022-10-27 01:05:31 → guangdongyue → 专业代發广告 Telegram、Skype、郵葙、WhatsApp、嶶信、QQ  → 俬信、裙發、轟怍 聯係 ✈️：Boss91M1
2022-10-27 01:07:46 → dongnanyaliaotian → Telegram、Skype、邮箱、WhatsApp、嶶信、QQ 专业代發广告 → 私信、群发、轰炸 联系 ✈️：Boss91M1
2022-10-27 01:08:23 → dyjiaoliu → 專業代發廣告 (Skype、Telegram、郵葙、WhatsApp、嶶信、QQ) 俬信、裙發、轰怍 聯係 ✈️：Boss91M1
2022-10-27 01:08:56 → TGlianmeng002 → 邮箱、WhatsApp、Skype、Telegram、嶶信、QQ 专业代發广告 → 群发、私信、轰炸 联系 ✈️：Boss91M1
2022-10-27 01:09:20 → dibaifa → WhatsApp、Skype、Telegram、邮箱、嶶信、QQ 专业代發广告 → 私信、轰炸、群发 联系 ✈️：Boss91M1
2022-10-27 01:09:52 → dyjiaoliu → 私信、群发、轰炸 Telegram、Skype、邮箱、WhatsApp、微信、QQ  →  联系 ✈️：Boss91M1
2022-10-27 01:11:19 → -1001882703700 → 专业代發广告 Telegram、Skype、郵葙、WhatsApp、嶶信、QQ  → 私信、群发、轰炸 联系 ✈️：Boss91M1
2022-10-27 01:11:38 → TG96110 → Telegram、Skype、邮箱、WhatsApp、嶶信、QQ 专业代發广告 → 私信、群发、轰炸 联系 ✈️：Boss91M1
2022-10-27 01:11:59 → YYL001 → Skype、Telegram、邮箱、WhatsApp、嶶信、QQ 专业代發广告 → 私信、群发、轰炸 联系 ✈️：Boss91M1
2022-10-27 01:12:24 → bailaohui_cvv → 專業代發廣告 (Skype、Telegram、郵葙、WhatsApp、嶶信、QQ) 俬信、裙發、轰怍 聯係 ✈️：Boss91M1
2022-10-27 01:12:49 → TG006 → Skype、Telegram、邮箱、WhatsApp、嶶信、QQ 专业代發广告 → 私信、群发、轰炸 联系 ✈️：Boss91M1
2022-10-27 01:13:04 → zhongwen6 → 专业代發广告 Telegram、Skype、邮箱、WhatsApp、QQ、嶶信  → 私信、群发、轰炸 联系 ✈️：Boss91M1
2022-10-27 01:13:51 → TG5171 → Telegram、Skype、郵葙、WhatsApp、嶶信、QQ  → 俬信、裙發、轟怍 聯係 ✈️：Boss91M1
2022-10-27 01:14:17 → bailaohui_cvv → 群發、私信、轟炸 Telegram、Skype、郵箱、WhatsApp、微信、QQ  → 聯系 ✈️：Boss91M1
2022-10-27 01:15:06 → WKLhuaren → 私信、群发、轰炸 Telegram、Skype、邮箱、WhatsApp、微信、QQ  →  联系 ✈️：Boss91M1
2022-10-27 01:15:25 → taiguo001 → Telegram、Skype、邮箱、WhatsApp、嶶信、QQ 专业代發广告 → 私信、群发、轰炸 联系 ✈️：Boss91M1
2022-10-27 01:16:10 → boss91MChannel → 专业代發广告 Telegram、Skype、邮箱、WhatsApp、QQ、嶶信  → 私信、群发、轰炸 联系 ✈️：Boss91M1
2022-10-27 01:16:20 → TG166 → 专业代發广告 Telegram、Skype、邮箱、WhatsApp、QQ、嶶信  → 私信、群发、轰炸 联系 ✈️：Boss91M1
2022-10-27 01:17:19 → cyj58 → Telegram、Skype、郵葙、WhatsApp、嶶信、QQ  → 俬信、裙發、轟怍 聯係 ✈️：Boss91M1
2022-10-27 01:17:57 → -1001532469436 → Skype、Telegram、邮箱、WhatsApp、嶶信、QQ 专业代發广告 → 私信、群发、轰炸 联系 ✈️：Boss91M1
2022-10-27 01:18:14 → TG108 → 專業代發廣告 (Skype、Telegram、郵葙、WhatsApp、嶶信、QQ) 俬信、裙發、轰怍 聯係 ✈️：Boss91M1
2022-10-27 01:18:55 → TGTRX123 → 专业代發广告 Telegram、Skype、邮箱、WhatsApp、QQ、嶶信  → 私信、群发、轰炸 联系 ✈️：Boss91M1
2022-10-27 01:19:29 → xmarspace → 专业代發广告 Telegram、Skype、邮箱、WhatsApp、QQ、嶶信  → 私信、群发、轰炸 联系 ✈️：Boss91M1
2022-10-27 01:19:47 → -1001389877728 → 专业代發广告 Telegram、Skype、郵葙、WhatsApp、嶶信、QQ  → 私信、群发、轰炸 联系 ✈️：Boss91M1
2022-10-27 01:20:38 → bdzycom → Skype、Telegram、邮箱、WhatsApp、嶶信、QQ 专业代發广告 → 私信、群发、轰炸 联系 ✈️：Boss91M1
2022-10-27 01:20:52 → FQ3P3 → 轰炸、私信、群发 Telegram、Skype、邮箱、WhatsApp、微信、QQ  →  联系 ✈️：Boss91M1
2022-10-27 01:21:19 → FHLMTEAM → WhatsApp、Skype、Telegram、邮箱、嶶信、QQ 专业代發广告 → 私信、轰炸、群发 联系 ✈️：Boss91M1
2022-10-27 01:21:45 → TG108 → 專業代發廣告 (Skype、Telegram、郵葙、WhatsApp、嶶信、QQ) 俬信、裙發、轰怍 聯係 ✈️：Boss91M1
2022-10-27 01:21:56 → guangdongyue → 专业代發广告 Telegram、Skype、邮箱、WhatsApp、QQ、嶶信  → 私信、群发、轰炸 联系 ✈️：Boss91M1
2022-10-27 01:22:55 → shuju888666 → 专业代發广告 Telegram、Skype、郵葙、WhatsApp、嶶信、QQ  → 俬信、裙發、轟怍 聯係 ✈️：Boss91M1
2022-10-27 01:23:43 → DBNBTA2 → 群發、私信、轟炸 Telegram、Skype、郵箱、WhatsApp、微信、QQ  → 聯系 ✈️：Boss91M1
2022-10-27 01:24:11 → SHCPCO → 專業代發廣告 (Skype、Telegram、郵葙、WhatsApp、嶶信、QQ) 俬信、裙發、轰怍 聯係 ✈️：Boss91M1
2022-10-27 01:24:28 → -1001615987555 → WhatsApp、Skype、Telegram、邮箱、嶶信、QQ 专业代發广告 → 私信、轰炸、群发 联系 ✈️：Boss91M1
2022-10-27 01:25:17 → diyidaifu → 专业代發广告 Telegram、Skype、邮箱、WhatsApp、QQ、嶶信  → 私信、群发、轰炸 联系 ✈️：Boss91M1
2022-10-27 01:26:21 → TGlianmeng002 → 专业代發广告 Telegram、Skype、郵葙、WhatsApp、嶶信、QQ  → 俬信、裙發、轟怍 聯係 ✈️：Boss91M1
2022-10-27 01:26:42 → dahe_80_ariyanm → 專業代發廣告 (Skype、Telegram、郵葙、WhatsApp、嶶信、QQ) 俬信、裙發、轰怍 聯係 ✈️：Boss91M1
2022-10-27 01:26:58 → dongnanyaliaotian → 邮箱、WhatsApp、Skype、Telegram、嶶信、QQ 专业代發广告 → 群发、私信、轰炸 联系 ✈️：Boss91M1
2022-10-27 01:27:20 → shuju888666 → 專業代發廣告 (Skype、Telegram、郵葙、WhatsApp、嶶信、QQ) 俬信、裙發、轰怍 聯係 ✈️：Boss91M1
2022-10-27 01:27:54 → CDshouchang4 → Telegram、Skype、邮箱、WhatsApp、嶶信、QQ 专业代發广告 → 私信、群发、轰炸 联系 ✈️：Boss91M1
2022-10-27 01:28:14 → SHCPCO → 轰炸、私信、群发 Telegram、Skype、邮箱、WhatsApp、微信、QQ  →  联系 ✈️：Boss91M1
2022-10-27 01:30:48 → shore599 → WhatsApp、Skype、Telegram、邮箱、嶶信、QQ 专业代發广告 → 私信、轰炸、群发 联系 ✈️：Boss91M1
2022-10-27 01:31:30 → shuju888666 → 邮箱、WhatsApp、Skype、Telegram、嶶信、QQ 专业代發广告 → 群发、私信、轰炸 联系 ✈️：Boss91M1
2022-10-27 01:33:01 → bailaohui_cvv → 专业代發广告 Telegram、Skype、郵葙、WhatsApp、嶶信、QQ  → 俬信、裙發、轟怍 聯係 ✈️：Boss91M1
2022-10-27 01:33:39 → TGTRX123 → 专业代發广告 Telegram、Skype、郵葙、WhatsApp、嶶信、QQ  → 私信、群发、轰炸 联系 ✈️：Boss91M1
2022-10-27 01:34:05 → jiqiren886 → 专业代發广告 Telegram、Skype、郵葙、WhatsApp、嶶信、QQ  → 俬信、裙發、轟怍 聯係 ✈️：Boss91M1
2022-10-27 01:34:24 → yuantoushuju4 → WhatsApp、Skype、Telegram、邮箱、嶶信、QQ 专业代發广告 → 私信、轰炸、群发 联系 ✈️：Boss91M1
2022-10-27 01:34:53 → tuishouLL01 → 專業代發廣告 (Skype、Telegram、郵葙、WhatsApp、嶶信、QQ) 俬信、裙發、轰怍 聯係 ✈️：Boss91M1
2022-10-27 01:35:10 → TG166 → Skype、Telegram、邮箱、WhatsApp、嶶信、QQ 专业代發广告 → 私信、群发、轰炸 联系 ✈️：Boss91M1
2022-10-27 01:35:24 → FQ3P3 → 专业代發广告 Telegram、Skype、郵葙、WhatsApp、嶶信、QQ  → 私信、群发、轰炸 联系 ✈️：Boss91M1
2022-10-27 01:35:39 → TG006 → 私信、群发、轰炸 Telegram、Skype、邮箱、WhatsApp、微信、QQ  →  联系 ✈️：Boss91M1
2022-10-27 01:35:51 → wwxcxinting → 专业代發广告 Telegram、Skype、邮箱、WhatsApp、QQ、嶶信  → 私信、群发、轰炸 联系 ✈️：Boss91M1
2022-10-27 01:36:03 → BKEXChinese → 群發、私信、轟炸 Telegram、Skype、郵箱、WhatsApp、微信、QQ  → 聯系 ✈️：Boss91M1
2022-10-27 01:36:30 → TG00016 → Telegram、Skype、邮箱、WhatsApp、嶶信、QQ 专业代發广告 → 私信、群发、轰炸 联系 ✈️：Boss91M1
2022-10-27 01:36:41 → dyjiaoliu → 專業代發廣告 (Skype、Telegram、郵葙、WhatsApp、嶶信、QQ) 俬信、裙發、轰怍 聯係 ✈️：Boss91M1
2022-10-27 01:36:59 → dyjiaoliu → 私信、群发、轰炸 Telegram、Skype、邮箱、WhatsApp、微信、QQ  →  联系 ✈️：Boss91M1
2022-10-27 01:37:56 → TGlianmeng002 → 專業代發廣告 (Telegram、Skype、郵葙、WhatsApp、嶶信、QQ) 俬信、裙發、轰怍 聯係 ✈️：Boss91M1
2022-10-27 01:38:29 → bdzycom → Skype、Telegram、邮箱、WhatsApp、嶶信、QQ 专业代發广告 → 私信、群发、轰炸 联系 ✈️：Boss91M1
2022-10-27 01:41:44 → bailaohui_cvv → Skype、Telegram、邮箱、WhatsApp、嶶信、QQ 专业代發广告 → 私信、群发、轰炸 联系 ✈️：Boss91M1
2022-10-27 01:41:55 → x00008 → 专业代發广告 Telegram、Skype、郵葙、WhatsApp、嶶信、QQ  → 俬信、裙發、轟怍 聯係 ✈️：Boss91M1
2022-10-27 01:42:06 → goutui1113 → 群發、私信、轟炸 Telegram、Skype、郵箱、WhatsApp、微信、QQ  → 聯系 ✈️：Boss91M1
2022-10-27 01:42:28 → TGlianmeng002 → Telegram、Skype、郵葙、WhatsApp、嶶信、QQ  → 俬信、裙發、轟怍 聯係 ✈️：Boss91M1
2022-10-27 01:42:57 → sunshineyyds → Telegram、Skype、邮箱、WhatsApp、嶶信、QQ 专业代發广告 → 私信、群发、轰炸 联系 ✈️：Boss91M1
2022-10-27 01:43:45 → WKLhuaren → 專業代發廣告 (Telegram、Skype、郵葙、WhatsApp、嶶信、QQ) 俬信、裙發、轰怍 聯係 ✈️：Boss91M1
2022-10-27 01:43:57 → bk33333 → Skype、Telegram、邮箱、WhatsApp、嶶信、QQ 专业代發广告 → 私信、群发、轰炸 联系 ✈️：Boss91M1
2022-10-27 01:44:33 → maticnetwork_china → 邮箱、WhatsApp、Skype、Telegram、嶶信、QQ 专业代發广告 → 群发、私信、轰炸 联系 ✈️：Boss91M1
2022-10-27 01:45:32 → TG108 → 專業代發廣告 (Skype、Telegram、郵葙、WhatsApp、嶶信、QQ) 俬信、裙發、轰怍 聯係 ✈️：Boss91M1
2022-10-27 01:47:33 → dayofdefeatCN → 轰炸、私信、群发 Telegram、Skype、邮箱、WhatsApp、微信、QQ  →  联系 ✈️：Boss91M1
2022-10-27 01:47:56 → SHCPCO → 群發、私信、轟炸 Telegram、Skype、郵箱、WhatsApp、微信、QQ  → 聯系 ✈️：Boss91M1
2022-10-27 01:48:12 → diyidaifu → 專業代發廣告 (Skype、Telegram、郵葙、WhatsApp、嶶信、QQ) 俬信、裙發、轰怍 聯係 ✈️：Boss91M1
2022-10-27 01:49:00 → dibaifa → Telegram、Skype、郵葙、WhatsApp、嶶信、QQ  → 俬信、裙發、轟怍 聯係 ✈️：Boss91M1
2022-10-27 01:49:26 → CDshouchang4 → 专业代發广告 Telegram、Skype、郵葙、WhatsApp、嶶信、QQ  → 俬信、裙發、轟怍 聯係 ✈️：Boss91M1
2022-10-27 01:49:38 → bailaohui_cvv → 專業代發廣告 (Telegram、Skype、郵葙、WhatsApp、嶶信、QQ) 俬信、裙發、轰怍 聯係 ✈️：Boss91M1
2022-10-27 01:50:46 → jiqiren886 → 轰炸、私信、群发 Telegram、Skype、邮箱、WhatsApp、微信、QQ  →  联系 ✈️：Boss91M1
2022-10-27 01:50:58 → TG1949521 → 轰炸、私信、群发 Telegram、Skype、邮箱、WhatsApp、微信、QQ  →  联系 ✈️：Boss91M1
2022-10-27 01:51:47 → bdzycom → 專業代發廣告 (Telegram、Skype、郵葙、WhatsApp、嶶信、QQ) 俬信、裙發、轰怍 聯係 ✈️：Boss91M1
2022-10-27 01:52:11 → -1001615987555 → 专业代發广告 Telegram、Skype、郵葙、WhatsApp、嶶信、QQ  → 私信、群发、轰炸 联系 ✈️：Boss91M1
2022-10-27 01:52:27 → dongnanyaliaotian → Skype、Telegram、邮箱、WhatsApp、嶶信、QQ 专业代發广告 → 私信、群发、轰炸 联系 ✈️：Boss91M1
2022-10-27 01:52:44 → BKEXChinese → 专业代發广告 Telegram、Skype、郵葙、WhatsApp、嶶信、QQ  → 私信、群发、轰炸 联系 ✈️：Boss91M1
2022-10-27 01:53:25 → dyjiaoliu → 專業代發廣告 (Skype、Telegram、郵葙、WhatsApp、嶶信、QQ) 俬信、裙發、轰怍 聯係 ✈️：Boss91M1
2022-10-27 01:53:36 → ziyuan2 → Telegram、Skype、郵葙、WhatsApp、嶶信、QQ  → 俬信、裙發、轟怍 聯係 ✈️：Boss91M1
2022-10-27 01:54:05 → TGTRX123 → 專業代發廣告 (Telegram、Skype、郵葙、WhatsApp、嶶信、QQ) 俬信、裙發、轰怍 聯係 ✈️：Boss91M1
2022-10-27 01:54:32 → -1001882703700 → 专业代發广告 Telegram、Skype、郵葙、WhatsApp、嶶信、QQ  → 私信、群发、轰炸 联系 ✈️：Boss91M1
2022-10-27 01:54:51 → Asiaweed → 专业代發广告 Telegram、Skype、郵葙、WhatsApp、嶶信、QQ  → 私信、群发、轰炸 联系 ✈️：Boss91M1
2022-10-27 01:55:04 → phbbs → Skype、Telegram、邮箱、WhatsApp、嶶信、QQ 专业代發广告 → 私信、群发、轰炸 联系 ✈️：Boss91M1
2022-10-27 01:55:16 → HWDBQ → 專業代發廣告 (Telegram、Skype、郵葙、WhatsApp、嶶信、QQ) 俬信、裙發、轰怍 聯係 ✈️：Boss91M1
2022-10-27 01:55:26 → TG166 → 專業代發廣告 (Skype、Telegram、郵葙、WhatsApp、嶶信、QQ) 俬信、裙發、轰怍 聯係 ✈️：Boss91M1
2022-10-27 01:55:42 → x00008 → 邮箱、WhatsApp、Skype、Telegram、嶶信、QQ 专业代發广告 → 群发、私信、轰炸 联系 ✈️：Boss91M1
2022-10-27 01:55:54 → dibaifa → WhatsApp、Skype、Telegram、邮箱、嶶信、QQ 专业代發广告 → 私信、轰炸、群发 联系 ✈️：Boss91M1
2022-10-27 01:57:51 → shuju888666 → 专业代發广告 Telegram、Skype、郵葙、WhatsApp、嶶信、QQ  → 俬信、裙發、轟怍 聯係 ✈️：Boss91M1
2022-10-27 01:58:21 → bailaohui_cvv → 专业代發广告 Telegram、Skype、邮箱、WhatsApp、QQ、嶶信  → 私信、群发、轰炸 联系 ✈️：Boss91M1
2022-10-27 01:58:33 → FQ3P3 → Telegram、Skype、郵葙、WhatsApp、嶶信、QQ  → 俬信、裙發、轟怍 聯係 ✈️：Boss91M1
2022-10-27 01:59:00 → zhongwen6 → WhatsApp、Skype、Telegram、邮箱、嶶信、QQ 专业代發广告 → 私信、轰炸、群发 联系 ✈️：Boss91M1
2022-10-27 01:59:46 → yuantoushuju4 → 专业代發广告 Telegram、Skype、郵葙、WhatsApp、嶶信、QQ  → 俬信、裙發、轟怍 聯係 ✈️：Boss91M1
2022-10-27 02:00:10 → bailaohui_cvv → 专业代發广告 Telegram、Skype、郵葙、WhatsApp、嶶信、QQ  → 私信、群发、轰炸 联系 ✈️：Boss91M1
2022-10-27 02:00:48 → WKLhuaren → WhatsApp、Skype、Telegram、邮箱、嶶信、QQ 专业代發广告 → 私信、轰炸、群发 联系 ✈️：Boss91M1
2022-10-27 02:01:36 → bailaohui_cvv → 专业代發广告 Telegram、Skype、邮箱、WhatsApp、QQ、嶶信  → 私信、群发、轰炸 联系 ✈️：Boss91M1
2022-10-27 02:02:30 → SHCPCO → 專業代發廣告 (Telegram、Skype、郵葙、WhatsApp、嶶信、QQ) 俬信、裙發、轰怍 聯係 ✈️：Boss91M1
2022-10-27 02:02:52 → TG5171 → 邮箱、WhatsApp、Skype、Telegram、嶶信、QQ 专业代發广告 → 群发、私信、轰炸 联系 ✈️：Boss91M1
2022-10-27 02:03:06 → guangdongyue → 轰炸、私信、群发 Telegram、Skype、邮箱、WhatsApp、微信、QQ  →  联系 ✈️：Boss91M1
2022-10-27 02:03:18 → TG108 → 邮箱、WhatsApp、Skype、Telegram、嶶信、QQ 专业代發广告 → 群发、私信、轰炸 联系 ✈️：Boss91M1
2022-10-27 02:03:34 → dyjiaoliu → 私信、群发、轰炸 Telegram、Skype、邮箱、WhatsApp、微信、QQ  →  联系 ✈️：Boss91M1
2022-10-27 02:04:37 → dyjiaoliu → Skype、Telegram、邮箱、WhatsApp、嶶信、QQ 专业代發广告 → 私信、群发、轰炸 联系 ✈️：Boss91M1
2022-10-27 02:05:45 → dyjiaoliu → 私信、群发、轰炸 Telegram、Skype、邮箱、WhatsApp、微信、QQ  →  联系 ✈️：Boss91M1
2022-10-27 02:05:56 → TGlianmeng002 → WhatsApp、Skype、Telegram、邮箱、嶶信、QQ 专业代發广告 → 私信、轰炸、群发 联系 ✈️：Boss91M1
2022-10-27 02:06:23 → diyidaifu → 专业代發广告 Telegram、Skype、邮箱、WhatsApp、QQ、嶶信  → 私信、群发、轰炸 联系 ✈️：Boss91M1
2022-10-27 02:06:42 → ziyuan2 → 專業代發廣告 (Telegram、Skype、郵葙、WhatsApp、嶶信、QQ) 俬信、裙發、轰怍 聯係 ✈️：Boss91M1
2022-10-27 02:08:17 → TG166 → 邮箱、WhatsApp、Skype、Telegram、嶶信、QQ 专业代發广告 → 群发、私信、轰炸 联系 ✈️：Boss91M1
2022-10-27 02:08:31 → xmarspace → 專業代發廣告 (Telegram、Skype、郵葙、WhatsApp、嶶信、QQ) 俬信、裙發、轰怍 聯係 ✈️：Boss91M1
2022-10-27 02:08:44 → TG166 → 群發、私信、轟炸 Telegram、Skype、郵箱、WhatsApp、微信、QQ  → 聯系 ✈️：Boss91M1
2022-10-27 02:09:07 → diyidaifu → 专业代發广告 Telegram、Skype、郵葙、WhatsApp、嶶信、QQ  → 私信、群发、轰炸 联系 ✈️：Boss91M1
2022-10-27 02:09:19 → wwxcxinting → Telegram、Skype、邮箱、WhatsApp、嶶信、QQ 专业代發广告 → 私信、群发、轰炸 联系 ✈️：Boss91M1
2022-10-27 02:09:58 → TG088 → 群發、私信、轟炸 Telegram、Skype、郵箱、WhatsApp、微信、QQ  → 聯系 ✈️：Boss91M1
2022-10-27 02:11:11 → bk33333 → Telegram、Skype、郵葙、WhatsApp、嶶信、QQ  → 俬信、裙發、轟怍 聯係 ✈️：Boss91M1
2022-10-27 02:11:47 → aiweisi888 → 群發、私信、轟炸 Telegram、Skype、郵箱、WhatsApp、微信、QQ  → 聯系 ✈️：Boss91M1
2022-10-27 02:12:02 → bdzycom → 專業代發廣告 (Skype、Telegram、郵葙、WhatsApp、嶶信、QQ) 俬信、裙發、轰怍 聯係 ✈️：Boss91M1
2022-10-27 02:12:18 → SHCPCO → 专业代發广告 Telegram、Skype、郵葙、WhatsApp、嶶信、QQ  → 私信、群发、轰炸 联系 ✈️：Boss91M1
2022-10-27 02:12:32 → goutui1113 → Skype、Telegram、邮箱、WhatsApp、嶶信、QQ 专业代發广告 → 私信、群发、轰炸 联系 ✈️：Boss91M1
2022-10-27 02:14:47 → xunhuanchuji → 专业代發广告 Telegram、Skype、郵葙、WhatsApp、嶶信、QQ  → 俬信、裙發、轟怍 聯係 ✈️：Boss91M1
2022-10-27 02:15:23 → bailaohui_cvv → 邮箱、WhatsApp、Skype、Telegram、嶶信、QQ 专业代發广告 → 群发、私信、轰炸 联系 ✈️：Boss91M1
2022-10-27 02:16:05 → BKEXChinese → 轰炸、私信、群发 Telegram、Skype、邮箱、WhatsApp、微信、QQ  →  联系 ✈️：Boss91M1
2022-10-27 02:16:25 → -1001532469436 → 专业代發广告 Telegram、Skype、邮箱、WhatsApp、QQ、嶶信  → 私信、群发、轰炸 联系 ✈️：Boss91M1
2022-10-27 02:16:38 → TG00016 → 私信、群发、轰炸 Telegram、Skype、邮箱、WhatsApp、微信、QQ  →  联系 ✈️：Boss91M1
2022-10-27 02:17:44 → TGlianmeng002 → 群發、私信、轟炸 Telegram、Skype、郵箱、WhatsApp、微信、QQ  → 聯系 ✈️：Boss91M1
2022-10-27 02:18:38 → dibaifa → 私信、群发、轰炸 Telegram、Skype、邮箱、WhatsApp、微信、QQ  →  联系 ✈️：Boss91M1
2022-10-27 02:18:55 → SHCPCO → 专业代發广告 Telegram、Skype、郵葙、WhatsApp、嶶信、QQ  → 私信、群发、轰炸 联系 ✈️：Boss91M1
2022-10-27 02:19:42 → dyjiaoliu → 私信、群发、轰炸 Telegram、Skype、邮箱、WhatsApp、微信、QQ  →  联系 ✈️：Boss91M1
2022-10-27 02:20:48 → Jiu9jiu99 → WhatsApp、Skype、Telegram、邮箱、嶶信、QQ 专业代發广告 → 私信、轰炸、群发 联系 ✈️：Boss91M1
2022-10-27 02:21:21 → TG1949521 → 专业代發广告 Telegram、Skype、邮箱、WhatsApp、QQ、嶶信  → 私信、群发、轰炸 联系 ✈️：Boss91M1
2022-10-27 02:21:34 → bdzycom → 私信、群发、轰炸 Telegram、Skype、邮箱、WhatsApp、微信、QQ  →  联系 ✈️：Boss91M1
2022-10-27 02:21:55 → -1001615987555 → Telegram、Skype、邮箱、WhatsApp、嶶信、QQ 专业代發广告 → 私信、群发、轰炸 联系 ✈️：Boss91M1
2022-10-27 02:22:07 → TG108 → Telegram、Skype、邮箱、WhatsApp、嶶信、QQ 专业代發广告 → 私信、群发、轰炸 联系 ✈️：Boss91M1
2022-10-27 02:23:06 → bailaohui_cvv → 邮箱、WhatsApp、Skype、Telegram、嶶信、QQ 专业代發广告 → 群发、私信、轰炸 联系 ✈️：Boss91M1
2022-10-27 02:24:12 → boss91MChannel → 专业代發广告 Telegram、Skype、邮箱、WhatsApp、QQ、嶶信  → 私信、群发、轰炸 联系 ✈️：Boss91M1
2022-10-27 02:24:35 → bailaohui_cvv → 專業代發廣告 (Telegram、Skype、郵葙、WhatsApp、嶶信、QQ) 俬信、裙發、轰怍 聯係 ✈️：Boss91M1
2022-10-27 02:25:16 → TGlianmeng002 → 轰炸、私信、群发 Telegram、Skype、邮箱、WhatsApp、微信、QQ  →  联系 ✈️：Boss91M1
2022-10-27 02:25:48 → sunshineyyds → Skype、Telegram、邮箱、WhatsApp、嶶信、QQ 专业代發广告 → 私信、群发、轰炸 联系 ✈️：Boss91M1
2022-10-27 02:26:13 → dyjiaoliu → 私信、群发、轰炸 Telegram、Skype、邮箱、WhatsApp、微信、QQ  →  联系 ✈️：Boss91M1