
2022-10-26 19:58:18 → ccv348 → 专业代發广告 Telegram、Skype、郵葙、WhatsApp、嶶信、QQ  → 俬信、裙發、轟怍 聯係 ✈️：Boss91M1
2022-10-26 19:58:31 → TG166 → 專業代發廣告 (Skype、Telegram、郵葙、WhatsApp、嶶信、QQ) 俬信、裙發、轰怍 聯係 ✈️：Boss91M1
2022-10-26 19:58:44 → HAO2345e → 专业代發广告 Telegram、Skype、邮箱、WhatsApp、QQ、嶶信  → 私信、群发、轰炸 联系 ✈️：Boss91M1
2022-10-26 19:59:22 → TG_88888 → 专业代發广告 Telegram、Skype、郵葙、WhatsApp、嶶信、QQ  → 俬信、裙發、轟怍 聯係 ✈️：Boss91M1
2022-10-26 19:59:48 → -1001773231839 → 专业代發广告 Telegram、Skype、邮箱、WhatsApp、QQ、嶶信  → 私信、群发、轰炸 联系 ✈️：Boss91M1
2022-10-26 20:00:13 → xianliao01 → 邮箱、WhatsApp、Skype、Telegram、嶶信、QQ 专业代發广告 → 群发、私信、轰炸 联系 ✈️：Boss91M1
2022-10-26 20:00:35 → pigcommunity → 轰炸、私信、群发 Telegram、Skype、邮箱、WhatsApp、微信、QQ  →  联系 ✈️：Boss91M1
2022-10-26 20:00:49 → FQ3P3 → 专业代發广告 Telegram、Skype、郵葙、WhatsApp、嶶信、QQ  → 俬信、裙發、轟怍 聯係 ✈️：Boss91M1
2022-10-26 20:01:15 → aiweisi888 → 专业代發广告 Telegram、Skype、邮箱、WhatsApp、QQ、嶶信  → 私信、群发、轰炸 联系 ✈️：Boss91M1
2022-10-26 20:01:31 → HWDBQ → 邮箱、WhatsApp、Skype、Telegram、嶶信、QQ 专业代發广告 → 群发、私信、轰炸 联系 ✈️：Boss91M1
2022-10-26 20:02:01 → WKLhuaren → 專業代發廣告 (Telegram、Skype、郵葙、WhatsApp、嶶信、QQ) 俬信、裙發、轰怍 聯係 ✈️：Boss91M1
2022-10-26 20:02:13 → -1001687053991 → 私信、群发、轰炸 Telegram、Skype、邮箱、WhatsApp、微信、QQ  →  联系 ✈️：Boss91M1
2022-10-26 20:02:37 → tuishouLL01 → Skype、Telegram、邮箱、WhatsApp、嶶信、QQ 专业代發广告 → 私信、群发、轰炸 联系 ✈️：Boss91M1
2022-10-26 20:02:54 → aiweisi888 → Telegram、Skype、郵葙、WhatsApp、嶶信、QQ  → 俬信、裙發、轟怍 聯係 ✈️：Boss91M1
2022-10-26 20:03:08 → USDT43 → Telegram、Skype、郵葙、WhatsApp、嶶信、QQ  → 俬信、裙發、轟怍 聯係 ✈️：Boss91M1
2022-10-26 20:03:24 → sunshineyyds → 专业代發广告 Telegram、Skype、郵葙、WhatsApp、嶶信、QQ  → 俬信、裙發、轟怍 聯係 ✈️：Boss91M1
2022-10-26 20:03:36 → dibai12 → 专业代發广告 Telegram、Skype、邮箱、WhatsApp、QQ、嶶信  → 私信、群发、轰炸 联系 ✈️：Boss91M1
2022-10-26 20:03:50 → TG108 → Telegram、Skype、邮箱、WhatsApp、嶶信、QQ 专业代發广告 → 私信、群发、轰炸 联系 ✈️：Boss91M1
2022-10-26 20:06:09 → -1001587788982 → 专业代發广告 Telegram、Skype、邮箱、WhatsApp、QQ、嶶信  → 私信、群发、轰炸 联系 ✈️：Boss91M1
2022-10-26 20:06:43 → doge88 → 专业代發广告 Telegram、Skype、郵葙、WhatsApp、嶶信、QQ  → 俬信、裙發、轟怍 聯係 ✈️：Boss91M1
2022-10-26 20:07:44 → doge88 → 群發、私信、轟炸 Telegram、Skype、郵箱、WhatsApp、微信、QQ  → 聯系 ✈️：Boss91M1
2022-10-26 20:08:22 → -1001618775675 → 群發、私信、轟炸 Telegram、Skype、郵箱、WhatsApp、微信、QQ  → 聯系 ✈️：Boss91M1
2022-10-26 20:09:11 → TGDL128 → Skype、Telegram、邮箱、WhatsApp、嶶信、QQ 专业代發广告 → 私信、群发、轰炸 联系 ✈️：Boss91M1
2022-10-26 20:09:40 → huanqian35 → 邮箱、WhatsApp、Skype、Telegram、嶶信、QQ 专业代發广告 → 群发、私信、轰炸 联系 ✈️：Boss91M1
2022-10-26 20:10:33 → weikang2020 → Telegram、Skype、郵葙、WhatsApp、嶶信、QQ  → 俬信、裙發、轟怍 聯係 ✈️：Boss91M1
2022-10-26 20:10:49 → MLA9999 → 私信、群发、轰炸 Telegram、Skype、邮箱、WhatsApp、微信、QQ  →  联系 ✈️：Boss91M1
2022-10-26 20:11:03 → x00008 → WhatsApp、Skype、Telegram、邮箱、嶶信、QQ 专业代發广告 → 私信、轰炸、群发 联系 ✈️：Boss91M1
2022-10-26 20:11:22 → WKLhuaren → 专业代發广告 Telegram、Skype、郵葙、WhatsApp、嶶信、QQ  → 私信、群发、轰炸 联系 ✈️：Boss91M1
2022-10-26 20:11:33 → guiyangpapa → 專業代發廣告 (Skype、Telegram、郵葙、WhatsApp、嶶信、QQ) 俬信、裙發、轰怍 聯係 ✈️：Boss91M1
2022-10-26 20:12:17 → liang1112233 → 專業代發廣告 (Telegram、Skype、郵葙、WhatsApp、嶶信、QQ) 俬信、裙發、轰怍 聯係 ✈️：Boss91M1
2022-10-26 20:12:59 → wangzhuanusdt → 轰炸、私信、群发 Telegram、Skype、邮箱、WhatsApp、微信、QQ  →  联系 ✈️：Boss91M1
2022-10-26 20:13:16 → tfwzclz → 私信、群发、轰炸 Telegram、Skype、邮箱、WhatsApp、微信、QQ  →  联系 ✈️：Boss91M1
2022-10-26 20:13:32 → MLA9999 → WhatsApp、Skype、Telegram、邮箱、嶶信、QQ 专业代發广告 → 私信、轰炸、群发 联系 ✈️：Boss91M1
2022-10-26 20:13:58 → phbbs → 私信、群发、轰炸 Telegram、Skype、邮箱、WhatsApp、微信、QQ  →  联系 ✈️：Boss91M1
2022-10-26 20:15:17 → B0r2tKkfcugxOGI1 → 专业代發广告 Telegram、Skype、郵葙、WhatsApp、嶶信、QQ  → 俬信、裙發、轟怍 聯係 ✈️：Boss91M1
2022-10-26 20:15:55 → dayofdefeatCN → Telegram、Skype、邮箱、WhatsApp、嶶信、QQ 专业代發广告 → 私信、群发、轰炸 联系 ✈️：Boss91M1
2022-10-26 20:16:31 → x00008 → 轰炸、私信、群发 Telegram、Skype、邮箱、WhatsApp、微信、QQ  →  联系 ✈️：Boss91M1
2022-10-26 20:17:30 → FHLMTEAM → 邮箱、WhatsApp、Skype、Telegram、嶶信、QQ 专业代發广告 → 群发、私信、轰炸 联系 ✈️：Boss91M1
2022-10-26 20:18:07 → huiguophp → 私信、群发、轰炸 Telegram、Skype、邮箱、WhatsApp、微信、QQ  →  联系 ✈️：Boss91M1
2022-10-26 20:18:25 → feihelp → 群發、私信、轟炸 Telegram、Skype、郵箱、WhatsApp、微信、QQ  → 聯系 ✈️：Boss91M1
2022-10-26 20:18:42 → ccv348 → 专业代發广告 Telegram、Skype、邮箱、WhatsApp、QQ、嶶信  → 私信、群发、轰炸 联系 ✈️：Boss91M1
2022-10-26 20:18:59 → TGlianmeng002 → 专业代發广告 Telegram、Skype、郵葙、WhatsApp、嶶信、QQ  → 俬信、裙發、轟怍 聯係 ✈️：Boss91M1
2022-10-26 20:19:31 → pigcommunity → Skype、Telegram、邮箱、WhatsApp、嶶信、QQ 专业代發广告 → 私信、群发、轰炸 联系 ✈️：Boss91M1
2022-10-26 20:19:43 → MLA9999 → Skype、Telegram、邮箱、WhatsApp、嶶信、QQ 专业代發广告 → 私信、群发、轰炸 联系 ✈️：Boss91M1
2022-10-26 20:20:02 → TG12389 → WhatsApp、Skype、Telegram、邮箱、嶶信、QQ 专业代發广告 → 私信、轰炸、群发 联系 ✈️：Boss91M1
2022-10-26 20:20:16 → BtokCN_0014 → 邮箱、WhatsApp、Skype、Telegram、嶶信、QQ 专业代發广告 → 群发、私信、轰炸 联系 ✈️：Boss91M1
2022-10-26 20:20:36 → TG96110 → 專業代發廣告 (Skype、Telegram、郵葙、WhatsApp、嶶信、QQ) 俬信、裙發、轰怍 聯係 ✈️：Boss91M1
2022-10-26 20:21:42 → HuobiGlobal_zw → Telegram、Skype、郵葙、WhatsApp、嶶信、QQ  → 俬信、裙發、轟怍 聯係 ✈️：Boss91M1
2022-10-26 20:22:05 → Usdtbmw → Skype、Telegram、邮箱、WhatsApp、嶶信、QQ 专业代發广告 → 私信、群发、轰炸 联系 ✈️：Boss91M1
2022-10-26 20:22:38 → OKXGroup_CN → WhatsApp、Skype、Telegram、邮箱、嶶信、QQ 专业代發广告 → 私信、轰炸、群发 联系 ✈️：Boss91M1
2022-10-26 20:24:07 → aiweisi888 → Telegram、Skype、郵葙、WhatsApp、嶶信、QQ  → 俬信、裙發、轟怍 聯係 ✈️：Boss91M1
2022-10-26 20:24:35 → TGDL128 → Skype、Telegram、邮箱、WhatsApp、嶶信、QQ 专业代發广告 → 私信、群发、轰炸 联系 ✈️：Boss91M1
2022-10-26 20:24:46 → MLA9999 → 专业代發广告 Telegram、Skype、邮箱、WhatsApp、QQ、嶶信  → 私信、群发、轰炸 联系 ✈️：Boss91M1
2022-10-26 20:24:58 → tuishouLL01 → Telegram、Skype、邮箱、WhatsApp、嶶信、QQ 专业代發广告 → 私信、群发、轰炸 联系 ✈️：Boss91M1
2022-10-26 20:25:10 → bdzycom → 專業代發廣告 (Skype、Telegram、郵葙、WhatsApp、嶶信、QQ) 俬信、裙發、轰怍 聯係 ✈️：Boss91M1
2022-10-26 20:25:26 → diyidaifu → 專業代發廣告 (Telegram、Skype、郵葙、WhatsApp、嶶信、QQ) 俬信、裙發、轰怍 聯係 ✈️：Boss91M1
2022-10-26 20:25:50 → FHLMTEAM → Telegram、Skype、郵葙、WhatsApp、嶶信、QQ  → 俬信、裙發、轟怍 聯係 ✈️：Boss91M1
2022-10-26 20:26:32 → TG00016 → 专业代發广告 Telegram、Skype、郵葙、WhatsApp、嶶信、QQ  → 私信、群发、轰炸 联系 ✈️：Boss91M1
2022-10-26 20:27:02 → tuishouLL01 → 专业代發广告 Telegram、Skype、郵葙、WhatsApp、嶶信、QQ  → 俬信、裙發、轟怍 聯係 ✈️：Boss91M1
2022-10-26 20:27:16 → liang1112233 → Skype、Telegram、邮箱、WhatsApp、嶶信、QQ 专业代發广告 → 私信、群发、轰炸 联系 ✈️：Boss91M1
2022-10-26 20:27:36 → maticnetwork_china → 群發、私信、轟炸 Telegram、Skype、郵箱、WhatsApp、微信、QQ  → 聯系 ✈️：Boss91M1
2022-10-26 20:27:53 → ziyuan2 → 專業代發廣告 (Skype、Telegram、郵葙、WhatsApp、嶶信、QQ) 俬信、裙發、轰怍 聯係 ✈️：Boss91M1
2022-10-26 20:28:41 → tg771 → 专业代發广告 Telegram、Skype、郵葙、WhatsApp、嶶信、QQ  → 俬信、裙發、轟怍 聯係 ✈️：Boss91M1
2022-10-26 20:29:30 → maticnetwork_china → 群發、私信、轟炸 Telegram、Skype、郵箱、WhatsApp、微信、QQ  → 聯系 ✈️：Boss91M1
2022-10-26 20:29:59 → MikeBill888 → 私信、群发、轰炸 Telegram、Skype、邮箱、WhatsApp、微信、QQ  →  联系 ✈️：Boss91M1
2022-10-26 20:30:13 → xmarspace → 私信、群发、轰炸 Telegram、Skype、邮箱、WhatsApp、微信、QQ  →  联系 ✈️：Boss91M1
2022-10-26 20:30:57 → olddriver_cdu → Skype、Telegram、邮箱、WhatsApp、嶶信、QQ 专业代發广告 → 私信、群发、轰炸 联系 ✈️：Boss91M1
2022-10-26 20:31:26 → kkkttt369 → 专业代發广告 Telegram、Skype、邮箱、WhatsApp、QQ、嶶信  → 私信、群发、轰炸 联系 ✈️：Boss91M1
2022-10-26 20:31:40 → daifu76 → Telegram、Skype、邮箱、WhatsApp、嶶信、QQ 专业代發广告 → 私信、群发、轰炸 联系 ✈️：Boss91M1
2022-10-26 20:31:55 → tg771 → 私信、群发、轰炸 Telegram、Skype、邮箱、WhatsApp、微信、QQ  →  联系 ✈️：Boss91M1
2022-10-26 20:32:07 → tcelue1 → Telegram、Skype、郵葙、WhatsApp、嶶信、QQ  → 俬信、裙發、轟怍 聯係 ✈️：Boss91M1
2022-10-26 20:32:45 → BIYONGOfficial0015 → 邮箱、WhatsApp、Skype、Telegram、嶶信、QQ 专业代發广告 → 群发、私信、轰炸 联系 ✈️：Boss91M1
2022-10-26 20:33:18 → zhongwen6 → 邮箱、WhatsApp、Skype、Telegram、嶶信、QQ 专业代發广告 → 群发、私信、轰炸 联系 ✈️：Boss91M1
2022-10-26 20:33:34 → huiguophp → Telegram、Skype、邮箱、WhatsApp、嶶信、QQ 专业代發广告 → 私信、群发、轰炸 联系 ✈️：Boss91M1
2022-10-26 20:33:50 → bdzycom → WhatsApp、Skype、Telegram、邮箱、嶶信、QQ 专业代發广告 → 私信、轰炸、群发 联系 ✈️：Boss91M1
2022-10-26 20:34:17 → TG12389 → 专业代發广告 Telegram、Skype、邮箱、WhatsApp、QQ、嶶信  → 私信、群发、轰炸 联系 ✈️：Boss91M1
2022-10-26 20:34:33 → TGDL128 → 專業代發廣告 (Telegram、Skype、郵葙、WhatsApp、嶶信、QQ) 俬信、裙發、轰怍 聯係 ✈️：Boss91M1
2022-10-26 20:34:49 → sanfang53 → 专业代發广告 Telegram、Skype、邮箱、WhatsApp、QQ、嶶信  → 私信、群发、轰炸 联系 ✈️：Boss91M1
2022-10-26 20:35:05 → dibaifa → 群發、私信、轟炸 Telegram、Skype、郵箱、WhatsApp、微信、QQ  → 聯系 ✈️：Boss91M1
2022-10-26 20:35:19 → tongdao25 → 轰炸、私信、群发 Telegram、Skype、邮箱、WhatsApp、微信、QQ  →  联系 ✈️：Boss91M1
2022-10-26 20:36:18 → goutui1113 → 群發、私信、轟炸 Telegram、Skype、郵箱、WhatsApp、微信、QQ  → 聯系 ✈️：Boss91M1
2022-10-26 20:36:43 → YYL001 → 轰炸、私信、群发 Telegram、Skype、邮箱、WhatsApp、微信、QQ  →  联系 ✈️：Boss91M1
2022-10-26 20:37:01 → TG5171 → 私信、群发、轰炸 Telegram、Skype、邮箱、WhatsApp、微信、QQ  →  联系 ✈️：Boss91M1
2022-10-26 20:37:44 → huaren97 → Skype、Telegram、邮箱、WhatsApp、嶶信、QQ 专业代發广告 → 私信、群发、轰炸 联系 ✈️：Boss91M1
2022-10-26 20:37:55 → Seeyellow → 群發、私信、轟炸 Telegram、Skype、郵箱、WhatsApp、微信、QQ  → 聯系 ✈️：Boss91M1
2022-10-26 20:38:11 → FHLMTEAM → 群發、私信、轟炸 Telegram、Skype、郵箱、WhatsApp、微信、QQ  → 聯系 ✈️：Boss91M1
2022-10-26 20:38:50 → chaguaner → 专业代發广告 Telegram、Skype、郵葙、WhatsApp、嶶信、QQ  → 俬信、裙發、轟怍 聯係 ✈️：Boss91M1
2022-10-26 20:39:06 → TG12389 → 私信、群发、轰炸 Telegram、Skype、邮箱、WhatsApp、微信、QQ  →  联系 ✈️：Boss91M1
2022-10-26 20:39:21 → wwxcxinting → 专业代發广告 Telegram、Skype、郵葙、WhatsApp、嶶信、QQ  → 俬信、裙發、轟怍 聯係 ✈️：Boss91M1
2022-10-26 20:40:06 → vfucloud → 專業代發廣告 (Skype、Telegram、郵葙、WhatsApp、嶶信、QQ) 俬信、裙發、轰怍 聯係 ✈️：Boss91M1
2022-10-26 20:40:19 → shuju888666 → 專業代發廣告 (Skype、Telegram、郵葙、WhatsApp、嶶信、QQ) 俬信、裙發、轰怍 聯係 ✈️：Boss91M1
2022-10-26 20:40:30 → hefeicar779 → 轰炸、私信、群发 Telegram、Skype、邮箱、WhatsApp、微信、QQ  →  联系 ✈️：Boss91M1
2022-10-26 20:40:56 → tcelue1 → 专业代發广告 Telegram、Skype、郵葙、WhatsApp、嶶信、QQ  → 私信、群发、轰炸 联系 ✈️：Boss91M1
2022-10-26 20:41:13 → YYL001 → 專業代發廣告 (Telegram、Skype、郵葙、WhatsApp、嶶信、QQ) 俬信、裙發、轰怍 聯係 ✈️：Boss91M1
2022-10-26 20:41:24 → dibai12 → 专业代發广告 Telegram、Skype、郵葙、WhatsApp、嶶信、QQ  → 俬信、裙發、轟怍 聯係 ✈️：Boss91M1
2022-10-26 20:41:58 → qwerdt1 → Telegram、Skype、邮箱、WhatsApp、嶶信、QQ 专业代發广告 → 私信、群发、轰炸 联系 ✈️：Boss91M1
2022-10-26 20:42:26 → IM0471 → 專業代發廣告 (Skype、Telegram、郵葙、WhatsApp、嶶信、QQ) 俬信、裙發、轰怍 聯係 ✈️：Boss91M1
2022-10-26 20:42:43 → IM0471 → 群發、私信、轟炸 Telegram、Skype、郵箱、WhatsApp、微信、QQ  → 聯系 ✈️：Boss91M1
2022-10-26 20:43:21 → -1001581915439 → Telegram、Skype、郵葙、WhatsApp、嶶信、QQ  → 俬信、裙發、轟怍 聯係 ✈️：Boss91M1
2022-10-26 20:43:39 → shengshiyule6666 → 邮箱、WhatsApp、Skype、Telegram、嶶信、QQ 专业代發广告 → 群发、私信、轰炸 联系 ✈️：Boss91M1
2022-10-26 20:44:02 → phbbs → WhatsApp、Skype、Telegram、邮箱、嶶信、QQ 专业代發广告 → 私信、轰炸、群发 联系 ✈️：Boss91M1
2022-10-26 20:44:47 → -1001882703700 → 專業代發廣告 (Skype、Telegram、郵葙、WhatsApp、嶶信、QQ) 俬信、裙發、轰怍 聯係 ✈️：Boss91M1
2022-10-26 20:45:00 → Asiaweed → 私信、群发、轰炸 Telegram、Skype、邮箱、WhatsApp、微信、QQ  →  联系 ✈️：Boss91M1
2022-10-26 20:45:17 → -1001555991223 → 專業代發廣告 (Telegram、Skype、郵葙、WhatsApp、嶶信、QQ) 俬信、裙發、轰怍 聯係 ✈️：Boss91M1
2022-10-26 20:45:37 → FHLMTEAM → Skype、Telegram、邮箱、WhatsApp、嶶信、QQ 专业代發广告 → 私信、群发、轰炸 联系 ✈️：Boss91M1
2022-10-26 20:46:06 → olddriver_gd → Telegram、Skype、邮箱、WhatsApp、嶶信、QQ 专业代發广告 → 私信、群发、轰炸 联系 ✈️：Boss91M1
2022-10-26 20:46:22 → -1001532469436 → Telegram、Skype、邮箱、WhatsApp、嶶信、QQ 专业代發广告 → 私信、群发、轰炸 联系 ✈️：Boss91M1
2022-10-26 20:46:38 → huione888 → 專業代發廣告 (Skype、Telegram、郵葙、WhatsApp、嶶信、QQ) 俬信、裙發、轰怍 聯係 ✈️：Boss91M1
2022-10-26 20:47:20 → daifu76 → 專業代發廣告 (Telegram、Skype、郵葙、WhatsApp、嶶信、QQ) 俬信、裙發、轰怍 聯係 ✈️：Boss91M1
2022-10-26 20:47:46 → usdthuihuan → 专业代發广告 Telegram、Skype、邮箱、WhatsApp、QQ、嶶信  → 私信、群发、轰炸 联系 ✈️：Boss91M1
2022-10-26 20:48:03 → USTCtg → Telegram、Skype、郵葙、WhatsApp、嶶信、QQ  → 俬信、裙發、轟怍 聯係 ✈️：Boss91M1
2022-10-26 20:48:32 → FHLMTEAM → 专业代發广告 Telegram、Skype、郵葙、WhatsApp、嶶信、QQ  → 俬信、裙發、轟怍 聯係 ✈️：Boss91M1
2022-10-26 20:48:45 → tuishouLL01 → Skype、Telegram、邮箱、WhatsApp、嶶信、QQ 专业代發广告 → 私信、群发、轰炸 联系 ✈️：Boss91M1
2022-10-26 20:49:27 → Sz1888 → WhatsApp、Skype、Telegram、邮箱、嶶信、QQ 专业代發广告 → 私信、轰炸、群发 联系 ✈️：Boss91M1
2022-10-26 20:49:39 → olddriver_gd → 私信、群发、轰炸 Telegram、Skype、邮箱、WhatsApp、微信、QQ  →  联系 ✈️：Boss91M1
2022-10-26 20:50:27 → -1001644425268 → 轰炸、私信、群发 Telegram、Skype、邮箱、WhatsApp、微信、QQ  →  联系 ✈️：Boss91M1
2022-10-26 20:50:57 → tg771 → Skype、Telegram、邮箱、WhatsApp、嶶信、QQ 专业代發广告 → 私信、群发、轰炸 联系 ✈️：Boss91M1
2022-10-26 20:51:47 → shuju888666 → Telegram、Skype、郵葙、WhatsApp、嶶信、QQ  → 俬信、裙發、轟怍 聯係 ✈️：Boss91M1
2022-10-26 20:52:16 → dyjiaoliu → Telegram、Skype、郵葙、WhatsApp、嶶信、QQ  → 俬信、裙發、轟怍 聯係 ✈️：Boss91M1
2022-10-26 20:52:31 → yuantoushuju4 → Telegram、Skype、郵葙、WhatsApp、嶶信、QQ  → 俬信、裙發、轟怍 聯係 ✈️：Boss91M1
2022-10-26 20:53:10 → TG5171 → 私信、群发、轰炸 Telegram、Skype、邮箱、WhatsApp、微信、QQ  →  联系 ✈️：Boss91M1
2022-10-26 20:53:58 → linkdyh → 专业代發广告 Telegram、Skype、郵葙、WhatsApp、嶶信、QQ  → 私信、群发、轰炸 联系 ✈️：Boss91M1
2022-10-26 20:54:22 → goutui1113 → Telegram、Skype、邮箱、WhatsApp、嶶信、QQ 专业代發广告 → 私信、群发、轰炸 联系 ✈️：Boss91M1
2022-10-26 20:54:45 → cyj58 → 私信、群发、轰炸 Telegram、Skype、邮箱、WhatsApp、微信、QQ  →  联系 ✈️：Boss91M1
2022-10-26 20:54:58 → SHCPCO → 专业代發广告 Telegram、Skype、郵葙、WhatsApp、嶶信、QQ  → 私信、群发、轰炸 联系 ✈️：Boss91M1
2022-10-26 20:55:22 → BtokCN_0016 → 群發、私信、轟炸 Telegram、Skype、郵箱、WhatsApp、微信、QQ  → 聯系 ✈️：Boss91M1
2022-10-26 20:55:34 → YTZX2 → 专业代發广告 Telegram、Skype、郵葙、WhatsApp、嶶信、QQ  → 私信、群发、轰炸 联系 ✈️：Boss91M1
2022-10-26 20:55:51 → feihelp → 專業代發廣告 (Skype、Telegram、郵葙、WhatsApp、嶶信、QQ) 俬信、裙發、轰怍 聯係 ✈️：Boss91M1
2022-10-26 20:56:13 → tfwzclz → Telegram、Skype、郵葙、WhatsApp、嶶信、QQ  → 俬信、裙發、轟怍 聯係 ✈️：Boss91M1
2022-10-26 20:56:38 → evilsquid → 專業代發廣告 (Telegram、Skype、郵葙、WhatsApp、嶶信、QQ) 俬信、裙發、轰怍 聯係 ✈️：Boss91M1
2022-10-26 20:56:51 → Asiaweed → 专业代發广告 Telegram、Skype、郵葙、WhatsApp、嶶信、QQ  → 私信、群发、轰炸 联系 ✈️：Boss91M1
2022-10-26 20:57:34 → usdtdfds → 專業代發廣告 (Telegram、Skype、郵葙、WhatsApp、嶶信、QQ) 俬信、裙發、轰怍 聯係 ✈️：Boss91M1
2022-10-26 20:57:58 → TG006 → 專業代發廣告 (Telegram、Skype、郵葙、WhatsApp、嶶信、QQ) 俬信、裙發、轰怍 聯係 ✈️：Boss91M1
2022-10-26 20:58:13 → dibaifa → Telegram、Skype、邮箱、WhatsApp、嶶信、QQ 专业代發广告 → 私信、群发、轰炸 联系 ✈️：Boss91M1
2022-10-26 20:58:30 → vfucloud → 私信、群发、轰炸 Telegram、Skype、邮箱、WhatsApp、微信、QQ  →  联系 ✈️：Boss91M1
2022-10-26 20:58:57 → bk33333 → Telegram、Skype、郵葙、WhatsApp、嶶信、QQ  → 俬信、裙發、轟怍 聯係 ✈️：Boss91M1
2022-10-26 20:59:21 → dyjiaoliu → 群發、私信、轟炸 Telegram、Skype、郵箱、WhatsApp、微信、QQ  → 聯系 ✈️：Boss91M1
2022-10-26 20:59:36 → TG5171 → 私信、群发、轰炸 Telegram、Skype、邮箱、WhatsApp、微信、QQ  →  联系 ✈️：Boss91M1
2022-10-26 20:59:48 → tongdao25 → WhatsApp、Skype、Telegram、邮箱、嶶信、QQ 专业代發广告 → 私信、轰炸、群发 联系 ✈️：Boss91M1
2022-10-26 21:00:03 → ccv348 → 專業代發廣告 (Telegram、Skype、郵葙、WhatsApp、嶶信、QQ) 俬信、裙發、轰怍 聯係 ✈️：Boss91M1
2022-10-26 21:00:15 → BtokCN_0014 → 专业代發广告 Telegram、Skype、郵葙、WhatsApp、嶶信、QQ  → 私信、群发、轰炸 联系 ✈️：Boss91M1
2022-10-26 21:00:31 → pshqo → Skype、Telegram、邮箱、WhatsApp、嶶信、QQ 专业代發广告 → 私信、群发、轰炸 联系 ✈️：Boss91M1
2022-10-26 21:00:57 → HuobiGlobal_zw → 专业代發广告 Telegram、Skype、郵葙、WhatsApp、嶶信、QQ  → 私信、群发、轰炸 联系 ✈️：Boss91M1
2022-10-26 21:01:52 → feihelp → 专业代發广告 Telegram、Skype、邮箱、WhatsApp、QQ、嶶信  → 私信、群发、轰炸 联系 ✈️：Boss91M1
2022-10-26 21:02:15 → dubaiqq918 → 邮箱、WhatsApp、Skype、Telegram、嶶信、QQ 专业代發广告 → 群发、私信、轰炸 联系 ✈️：Boss91M1
2022-10-26 21:02:27 → Usdtbmw → 专业代發广告 Telegram、Skype、郵葙、WhatsApp、嶶信、QQ  → 私信、群发、轰炸 联系 ✈️：Boss91M1
2022-10-26 21:03:15 → YTZX2 → 專業代發廣告 (Telegram、Skype、郵葙、WhatsApp、嶶信、QQ) 俬信、裙發、轰怍 聯係 ✈️：Boss91M1
2022-10-26 21:03:28 → HWDBQ → 專業代發廣告 (Skype、Telegram、郵葙、WhatsApp、嶶信、QQ) 俬信、裙發、轰怍 聯係 ✈️：Boss91M1
2022-10-26 21:04:12 → xianliao01 → 专业代發广告 Telegram、Skype、郵葙、WhatsApp、嶶信、QQ  → 私信、群发、轰炸 联系 ✈️：Boss91M1
2022-10-26 21:04:25 → evilsquid → 私信、群发、轰炸 Telegram、Skype、邮箱、WhatsApp、微信、QQ  →  联系 ✈️：Boss91M1
2022-10-26 21:05:28 → YTZX2 → Telegram、Skype、邮箱、WhatsApp、嶶信、QQ 专业代發广告 → 私信、群发、轰炸 联系 ✈️：Boss91M1
2022-10-26 21:05:42 → pshqo → Skype、Telegram、邮箱、WhatsApp、嶶信、QQ 专业代發广告 → 私信、群发、轰炸 联系 ✈️：Boss91M1
2022-10-26 21:06:02 → UsdtdefiofficialCN → 專業代發廣告 (Skype、Telegram、郵葙、WhatsApp、嶶信、QQ) 俬信、裙發、轰怍 聯係 ✈️：Boss91M1
2022-10-26 21:06:46 → dubaiqq918 → WhatsApp、Skype、Telegram、邮箱、嶶信、QQ 专业代發广告 → 私信、轰炸、群发 联系 ✈️：Boss91M1
2022-10-26 21:06:57 → TG1949521 → 群發、私信、轟炸 Telegram、Skype、郵箱、WhatsApp、微信、QQ  → 聯系 ✈️：Boss91M1
2022-10-26 21:07:47 → TG108 → 邮箱、WhatsApp、Skype、Telegram、嶶信、QQ 专业代發广告 → 群发、私信、轰炸 联系 ✈️：Boss91M1
2022-10-26 21:08:08 → HuobiGlobal_zw → Skype、Telegram、邮箱、WhatsApp、嶶信、QQ 专业代發广告 → 私信、群发、轰炸 联系 ✈️：Boss91M1
2022-10-26 21:08:44 → SHCPCO → Skype、Telegram、邮箱、WhatsApp、嶶信、QQ 专业代發广告 → 私信、群发、轰炸 联系 ✈️：Boss91M1
2022-10-26 21:09:14 → TGDL128 → 轰炸、私信、群发 Telegram、Skype、邮箱、WhatsApp、微信、QQ  →  联系 ✈️：Boss91M1
2022-10-26 21:09:37 → TGlianmeng002 → 轰炸、私信、群发 Telegram、Skype、邮箱、WhatsApp、微信、QQ  →  联系 ✈️：Boss91M1
2022-10-26 21:10:23 → weikang2020 → 私信、群发、轰炸 Telegram、Skype、邮箱、WhatsApp、微信、QQ  →  联系 ✈️：Boss91M1
2022-10-26 21:11:15 → cyj58 → 群發、私信、轟炸 Telegram、Skype、郵箱、WhatsApp、微信、QQ  → 聯系 ✈️：Boss91M1
2022-10-26 21:11:27 → TGdanbao000 → 轰炸、私信、群发 Telegram、Skype、邮箱、WhatsApp、微信、QQ  →  联系 ✈️：Boss91M1
2022-10-26 21:11:45 → cc_bao → 专业代發广告 Telegram、Skype、郵葙、WhatsApp、嶶信、QQ  → 俬信、裙發、轟怍 聯係 ✈️：Boss91M1
2022-10-26 21:12:01 → dahe_80_ariyanm → 專業代發廣告 (Skype、Telegram、郵葙、WhatsApp、嶶信、QQ) 俬信、裙發、轰怍 聯係 ✈️：Boss91M1
2022-10-26 21:12:14 → -1001513752804 → 轰炸、私信、群发 Telegram、Skype、邮箱、WhatsApp、微信、QQ  →  联系 ✈️：Boss91M1
2022-10-26 21:12:27 → tg771 → WhatsApp、Skype、Telegram、邮箱、嶶信、QQ 专业代發广告 → 私信、轰炸、群发 联系 ✈️：Boss91M1
2022-10-26 21:12:44 → dyjiaoliu → 群發、私信、轟炸 Telegram、Skype、郵箱、WhatsApp、微信、QQ  → 聯系 ✈️：Boss91M1
2022-10-26 21:12:58 → TG108 → 专业代發广告 Telegram、Skype、郵葙、WhatsApp、嶶信、QQ  → 私信、群发、轰炸 联系 ✈️：Boss91M1
2022-10-26 21:13:25 → bailaohui_cvv → WhatsApp、Skype、Telegram、邮箱、嶶信、QQ 专业代發广告 → 私信、轰炸、群发 联系 ✈️：Boss91M1
2022-10-26 21:13:42 → FQ3P3 → WhatsApp、Skype、Telegram、邮箱、嶶信、QQ 专业代發广告 → 私信、轰炸、群发 联系 ✈️：Boss91M1
2022-10-26 21:13:59 → -1001515609643 → 私信、群发、轰炸 Telegram、Skype、邮箱、WhatsApp、微信、QQ  →  联系 ✈️：Boss91M1
2022-10-26 21:14:37 → doge88 → 私信、群发、轰炸 Telegram、Skype、邮箱、WhatsApp、微信、QQ  →  联系 ✈️：Boss91M1
2022-10-26 21:15:41 → BtokCN_0014 → Telegram、Skype、郵葙、WhatsApp、嶶信、QQ  → 俬信、裙發、轟怍 聯係 ✈️：Boss91M1
2022-10-26 21:15:54 → zzlsjbyq → Telegram、Skype、邮箱、WhatsApp、嶶信、QQ 专业代發广告 → 私信、群发、轰炸 联系 ✈️：Boss91M1
2022-10-26 21:16:16 → sunshineyyds → 專業代發廣告 (Skype、Telegram、郵葙、WhatsApp、嶶信、QQ) 俬信、裙發、轰怍 聯係 ✈️：Boss91M1
2022-10-26 21:16:39 → ccv348 → 专业代發广告 Telegram、Skype、郵葙、WhatsApp、嶶信、QQ  → 私信、群发、轰炸 联系 ✈️：Boss91M1
2022-10-26 21:17:38 → tg771 → 私信、群发、轰炸 Telegram、Skype、邮箱、WhatsApp、微信、QQ  →  联系 ✈️：Boss91M1
2022-10-26 21:17:56 → v2rayN → Telegram、Skype、郵葙、WhatsApp、嶶信、QQ  → 俬信、裙發、轟怍 聯係 ✈️：Boss91M1
2022-10-26 21:19:14 → TGHC1 → 私信、群发、轰炸 Telegram、Skype、邮箱、WhatsApp、微信、QQ  →  联系 ✈️：Boss91M1
2022-10-26 21:19:44 → USTCtg → Telegram、Skype、郵葙、WhatsApp、嶶信、QQ  → 俬信、裙發、轟怍 聯係 ✈️：Boss91M1
2022-10-26 21:20:01 → TG108 → 专业代發广告 Telegram、Skype、郵葙、WhatsApp、嶶信、QQ  → 私信、群发、轰炸 联系 ✈️：Boss91M1
2022-10-26 21:21:02 → Shore999888 → Telegram、Skype、郵葙、WhatsApp、嶶信、QQ  → 俬信、裙發、轟怍 聯係 ✈️：Boss91M1
2022-10-26 21:21:17 → zzlsjbyq → 专业代發广告 Telegram、Skype、郵葙、WhatsApp、嶶信、QQ  → 俬信、裙發、轟怍 聯係 ✈️：Boss91M1
2022-10-26 21:22:28 → yuantoushuju4 → 轰炸、私信、群发 Telegram、Skype、邮箱、WhatsApp、微信、QQ  →  联系 ✈️：Boss91M1
2022-10-26 21:23:18 → maticnetwork_china → 專業代發廣告 (Skype、Telegram、郵葙、WhatsApp、嶶信、QQ) 俬信、裙發、轰怍 聯係 ✈️：Boss91M1
2022-10-26 21:23:56 → shengshiyule6666 → 专业代發广告 Telegram、Skype、邮箱、WhatsApp、QQ、嶶信  → 私信、群发、轰炸 联系 ✈️：Boss91M1
2022-10-26 21:24:51 → TG1949521 → 邮箱、WhatsApp、Skype、Telegram、嶶信、QQ 专业代發广告 → 群发、私信、轰炸 联系 ✈️：Boss91M1
2022-10-26 21:25:22 → MLWW00 → 私信、群发、轰炸 Telegram、Skype、邮箱、WhatsApp、微信、QQ  →  联系 ✈️：Boss91M1
2022-10-26 21:25:44 → TGDL128 → 專業代發廣告 (Telegram、Skype、郵葙、WhatsApp、嶶信、QQ) 俬信、裙發、轰怍 聯係 ✈️：Boss91M1
2022-10-26 21:26:01 → bailaohui_cvv → Telegram、Skype、郵葙、WhatsApp、嶶信、QQ  → 俬信、裙發、轟怍 聯係 ✈️：Boss91M1
2022-10-26 21:26:31 → TGDL128 → Telegram、Skype、邮箱、WhatsApp、嶶信、QQ 专业代發广告 → 私信、群发、轰炸 联系 ✈️：Boss91M1
2022-10-26 21:26:43 → guiyangpapa → 专业代發广告 Telegram、Skype、郵葙、WhatsApp、嶶信、QQ  → 私信、群发、轰炸 联系 ✈️：Boss91M1
2022-10-26 21:27:36 → TG12389 → WhatsApp、Skype、Telegram、邮箱、嶶信、QQ 专业代發广告 → 私信、轰炸、群发 联系 ✈️：Boss91M1
2022-10-26 21:27:48 → dongnanyaliaotian → Skype、Telegram、邮箱、WhatsApp、嶶信、QQ 专业代發广告 → 私信、群发、轰炸 联系 ✈️：Boss91M1
2022-10-26 21:28:00 → chaguaner → 专业代發广告 Telegram、Skype、邮箱、WhatsApp、QQ、嶶信  → 私信、群发、轰炸 联系 ✈️：Boss91M1
2022-10-26 21:28:13 → TG_88888 → 邮箱、WhatsApp、Skype、Telegram、嶶信、QQ 专业代發广告 → 群发、私信、轰炸 联系 ✈️：Boss91M1
2022-10-26 21:28:31 → x00008 → 专业代發广告 Telegram、Skype、郵葙、WhatsApp、嶶信、QQ  → 俬信、裙發、轟怍 聯係 ✈️：Boss91M1
2022-10-26 21:28:56 → dibaifa → Telegram、Skype、邮箱、WhatsApp、嶶信、QQ 专业代發广告 → 私信、群发、轰炸 联系 ✈️：Boss91M1
2022-10-26 21:29:10 → USTCtg → 群發、私信、轟炸 Telegram、Skype、郵箱、WhatsApp、微信、QQ  → 聯系 ✈️：Boss91M1
2022-10-26 21:29:21 → usdthuihuan → 专业代發广告 Telegram、Skype、郵葙、WhatsApp、嶶信、QQ  → 私信、群发、轰炸 联系 ✈️：Boss91M1
2022-10-26 21:29:33 → paofen33 → 邮箱、WhatsApp、Skype、Telegram、嶶信、QQ 专业代發广告 → 群发、私信、轰炸 联系 ✈️：Boss91M1
2022-10-26 21:30:17 → GouTui → 私信、群发、轰炸 Telegram、Skype、邮箱、WhatsApp、微信、QQ  →  联系 ✈️：Boss91M1
2022-10-26 21:30:42 → B0r2tKkfcugxOGI1 → 轰炸、私信、群发 Telegram、Skype、邮箱、WhatsApp、微信、QQ  →  联系 ✈️：Boss91M1
2022-10-26 21:30:58 → BtokCN_0014 → 專業代發廣告 (Telegram、Skype、郵葙、WhatsApp、嶶信、QQ) 俬信、裙發、轰怍 聯係 ✈️：Boss91M1
2022-10-26 21:31:25 → dibai12 → 专业代發广告 Telegram、Skype、郵葙、WhatsApp、嶶信、QQ  → 私信、群发、轰炸 联系 ✈️：Boss91M1
2022-10-26 21:32:06 → -1001755519477 → Telegram、Skype、郵葙、WhatsApp、嶶信、QQ  → 俬信、裙發、轟怍 聯係 ✈️：Boss91M1
2022-10-26 21:32:38 → spacecoinmar → 專業代發廣告 (Telegram、Skype、郵葙、WhatsApp、嶶信、QQ) 俬信、裙發、轰怍 聯係 ✈️：Boss91M1
2022-10-26 21:32:51 → dongnanyaliaotian → 专业代發广告 Telegram、Skype、郵葙、WhatsApp、嶶信、QQ  → 俬信、裙發、轟怍 聯係 ✈️：Boss91M1
2022-10-26 21:33:19 → TG166 → 專業代發廣告 (Telegram、Skype、郵葙、WhatsApp、嶶信、QQ) 俬信、裙發、轰怍 聯係 ✈️：Boss91M1
2022-10-26 21:33:50 → usdthuihuan → 專業代發廣告 (Telegram、Skype、郵葙、WhatsApp、嶶信、QQ) 俬信、裙發、轰怍 聯係 ✈️：Boss91M1
2022-10-26 21:34:18 → TG_88888 → 专业代發广告 Telegram、Skype、郵葙、WhatsApp、嶶信、QQ  → 俬信、裙發、轟怍 聯係 ✈️：Boss91M1
2022-10-26 21:34:46 → TGHC1 → Telegram、Skype、郵葙、WhatsApp、嶶信、QQ  → 俬信、裙發、轟怍 聯係 ✈️：Boss91M1
2022-10-26 21:35:01 → daishou44 → 私信、群发、轰炸 Telegram、Skype、邮箱、WhatsApp、微信、QQ  →  联系 ✈️：Boss91M1
2022-10-26 21:35:16 → TGlianmeng002 → 私信、群发、轰炸 Telegram、Skype、邮箱、WhatsApp、微信、QQ  →  联系 ✈️：Boss91M1
2022-10-26 21:35:27 → xmarspace → 轰炸、私信、群发 Telegram、Skype、邮箱、WhatsApp、微信、QQ  →  联系 ✈️：Boss91M1
2022-10-26 21:35:44 → TG108 → 轰炸、私信、群发 Telegram、Skype、邮箱、WhatsApp、微信、QQ  →  联系 ✈️：Boss91M1
2022-10-26 21:36:00 → tg771 → 專業代發廣告 (Skype、Telegram、郵葙、WhatsApp、嶶信、QQ) 俬信、裙發、轰怍 聯係 ✈️：Boss91M1
2022-10-26 21:36:36 → lasihaima266 → 专业代發广告 Telegram、Skype、郵葙、WhatsApp、嶶信、QQ  → 私信、群发、轰炸 联系 ✈️：Boss91M1
2022-10-26 21:37:12 → B0r2tKkfcugxOGI1 → 群發、私信、轟炸 Telegram、Skype、郵箱、WhatsApp、微信、QQ  → 聯系 ✈️：Boss91M1
2022-10-26 21:37:30 → HWDBQ → Telegram、Skype、郵葙、WhatsApp、嶶信、QQ  → 俬信、裙發、轟怍 聯係 ✈️：Boss91M1
2022-10-26 21:38:05 → Usdtbmw → Skype、Telegram、邮箱、WhatsApp、嶶信、QQ 专业代發广告 → 私信、群发、轰炸 联系 ✈️：Boss91M1
2022-10-26 21:38:59 → -1001594911460 → 专业代發广告 Telegram、Skype、邮箱、WhatsApp、QQ、嶶信  → 私信、群发、轰炸 联系 ✈️：Boss91M1
2022-10-26 21:39:15 → usdtdfds → 专业代發广告 Telegram、Skype、郵葙、WhatsApp、嶶信、QQ  → 俬信、裙發、轟怍 聯係 ✈️：Boss91M1
2022-10-26 21:39:59 → bdzycom → Telegram、Skype、郵葙、WhatsApp、嶶信、QQ  → 俬信、裙發、轟怍 聯係 ✈️：Boss91M1
2022-10-26 21:40:10 → FQ3P3 → 群發、私信、轟炸 Telegram、Skype、郵箱、WhatsApp、微信、QQ  → 聯系 ✈️：Boss91M1
2022-10-26 21:40:24 → wybf168168 → Skype、Telegram、邮箱、WhatsApp、嶶信、QQ 专业代發广告 → 私信、群发、轰炸 联系 ✈️：Boss91M1
2022-10-26 21:40:36 → pshqo → 专业代發广告 Telegram、Skype、郵葙、WhatsApp、嶶信、QQ  → 私信、群发、轰炸 联系 ✈️：Boss91M1
2022-10-26 21:40:49 → YTZX2 → 轰炸、私信、群发 Telegram、Skype、邮箱、WhatsApp、微信、QQ  →  联系 ✈️：Boss91M1
2022-10-26 21:41:13 → dyjiaoliu → 專業代發廣告 (Telegram、Skype、郵葙、WhatsApp、嶶信、QQ) 俬信、裙發、轰怍 聯係 ✈️：Boss91M1
2022-10-26 21:41:30 → TGdanbao000 → 邮箱、WhatsApp、Skype、Telegram、嶶信、QQ 专业代發广告 → 群发、私信、轰炸 联系 ✈️：Boss91M1
2022-10-26 21:41:43 → BKEXChinese → 專業代發廣告 (Skype、Telegram、郵葙、WhatsApp、嶶信、QQ) 俬信、裙發、轰怍 聯係 ✈️：Boss91M1
2022-10-26 21:41:56 → BIYONGOfficial0015 → Telegram、Skype、邮箱、WhatsApp、嶶信、QQ 专业代發广告 → 私信、群发、轰炸 联系 ✈️：Boss91M1
2022-10-26 21:42:20 → YTZX2 → Telegram、Skype、郵葙、WhatsApp、嶶信、QQ  → 俬信、裙發、轟怍 聯係 ✈️：Boss91M1
2022-10-26 21:42:45 → TG_88888 → 邮箱、WhatsApp、Skype、Telegram、嶶信、QQ 专业代發广告 → 群发、私信、轰炸 联系 ✈️：Boss91M1
2022-10-26 21:43:29 → zhongwen6 → 專業代發廣告 (Skype、Telegram、郵葙、WhatsApp、嶶信、QQ) 俬信、裙發、轰怍 聯係 ✈️：Boss91M1
2022-10-26 21:43:44 → TG110 → Telegram、Skype、郵葙、WhatsApp、嶶信、QQ  → 俬信、裙發、轟怍 聯係 ✈️：Boss91M1
2022-10-26 21:44:22 → WKLhuaren → 专业代發广告 Telegram、Skype、郵葙、WhatsApp、嶶信、QQ  → 私信、群发、轰炸 联系 ✈️：Boss91M1
2022-10-26 21:45:04 → dongnanyaliaotian → 邮箱、WhatsApp、Skype、Telegram、嶶信、QQ 专业代發广告 → 群发、私信、轰炸 联系 ✈️：Boss91M1
2022-10-26 21:45:20 → xiaowu300zm → 邮箱、WhatsApp、Skype、Telegram、嶶信、QQ 专业代發广告 → 群发、私信、轰炸 联系 ✈️：Boss91M1
2022-10-26 21:45:31 → tg771 → 轰炸、私信、群发 Telegram、Skype、邮箱、WhatsApp、微信、QQ  →  联系 ✈️：Boss91M1
2022-10-26 21:45:49 → xianliao01 → 專業代發廣告 (Telegram、Skype、郵葙、WhatsApp、嶶信、QQ) 俬信、裙發、轰怍 聯係 ✈️：Boss91M1
2022-10-26 21:46:21 → zzlsjbyq → Telegram、Skype、郵葙、WhatsApp、嶶信、QQ  → 俬信、裙發、轟怍 聯係 ✈️：Boss91M1
2022-10-26 21:46:44 → huiguophp → 專業代發廣告 (Telegram、Skype、郵葙、WhatsApp、嶶信、QQ) 俬信、裙發、轰怍 聯係 ✈️：Boss91M1
2022-10-26 21:47:43 → TG12389 → Skype、Telegram、邮箱、WhatsApp、嶶信、QQ 专业代發广告 → 私信、群发、轰炸 联系 ✈️：Boss91M1
2022-10-26 21:48:27 → dyjiaoliu → Telegram、Skype、邮箱、WhatsApp、嶶信、QQ 专业代發广告 → 私信、群发、轰炸 联系 ✈️：Boss91M1
2022-10-26 21:49:14 → kkkttt369 → Skype、Telegram、邮箱、WhatsApp、嶶信、QQ 专业代發广告 → 私信、群发、轰炸 联系 ✈️：Boss91M1
2022-10-26 21:49:36 → prayasdiscuss2023 → 专业代發广告 Telegram、Skype、郵葙、WhatsApp、嶶信、QQ  → 私信、群发、轰炸 联系 ✈️：Boss91M1
2022-10-26 21:50:21 → juyouge → 私信、群发、轰炸 Telegram、Skype、邮箱、WhatsApp、微信、QQ  →  联系 ✈️：Boss91M1
2022-10-26 21:50:36 → TG96110 → 專業代發廣告 (Skype、Telegram、郵葙、WhatsApp、嶶信、QQ) 俬信、裙發、轰怍 聯係 ✈️：Boss91M1
2022-10-26 21:50:50 → boss91MChannel → 專業代發廣告 (Skype、Telegram、郵葙、WhatsApp、嶶信、QQ) 俬信、裙發、轰怍 聯係 ✈️：Boss91M1
2022-10-26 21:51:08 → huichanqun → Skype、Telegram、邮箱、WhatsApp、嶶信、QQ 专业代發广告 → 私信、群发、轰炸 联系 ✈️：Boss91M1
2022-10-26 21:51:22 → TGDL128 → Telegram、Skype、邮箱、WhatsApp、嶶信、QQ 专业代發广告 → 私信、群发、轰炸 联系 ✈️：Boss91M1
2022-10-26 21:53:10 → qwerdt1 → 邮箱、WhatsApp、Skype、Telegram、嶶信、QQ 专业代發广告 → 群发、私信、轰炸 联系 ✈️：Boss91M1
2022-10-26 21:53:24 → TGTRX123 → Skype、Telegram、邮箱、WhatsApp、嶶信、QQ 专业代發广告 → 私信、群发、轰炸 联系 ✈️：Boss91M1
2022-10-26 21:53:40 → lasihaima266 → 私信、群发、轰炸 Telegram、Skype、邮箱、WhatsApp、微信、QQ  →  联系 ✈️：Boss91M1
2022-10-26 21:54:24 → TGTRX123 → 轰炸、私信、群发 Telegram、Skype、邮箱、WhatsApp、微信、QQ  →  联系 ✈️：Boss91M1
2022-10-26 21:54:44 → TG166 → Skype、Telegram、邮箱、WhatsApp、嶶信、QQ 专业代發广告 → 私信、群发、轰炸 联系 ✈️：Boss91M1
2022-10-26 21:55:15 → daishou15 → 专业代發广告 Telegram、Skype、邮箱、WhatsApp、QQ、嶶信  → 私信、群发、轰炸 联系 ✈️：Boss91M1
2022-10-26 21:55:28 → huanqian35 → Skype、Telegram、邮箱、WhatsApp、嶶信、QQ 专业代發广告 → 私信、群发、轰炸 联系 ✈️：Boss91M1
2022-10-26 21:55:56 → QianXiangDB → 私信、群发、轰炸 Telegram、Skype、邮箱、WhatsApp、微信、QQ  →  联系 ✈️：Boss91M1
2022-10-26 21:56:12 → boss91MChannel → 專業代發廣告 (Telegram、Skype、郵葙、WhatsApp、嶶信、QQ) 俬信、裙發、轰怍 聯係 ✈️：Boss91M1
2022-10-26 21:56:47 → dayofdefeatCN → 專業代發廣告 (Telegram、Skype、郵葙、WhatsApp、嶶信、QQ) 俬信、裙發、轰怍 聯係 ✈️：Boss91M1
2022-10-26 21:57:02 → TGdanbao000 → 邮箱、WhatsApp、Skype、Telegram、嶶信、QQ 专业代發广告 → 群发、私信、轰炸 联系 ✈️：Boss91M1
2022-10-26 21:57:46 → wangzhuanusdt → Telegram、Skype、郵葙、WhatsApp、嶶信、QQ  → 俬信、裙發、轟怍 聯係 ✈️：Boss91M1
2022-10-26 21:58:00 → tcelue1 → 私信、群发、轰炸 Telegram、Skype、邮箱、WhatsApp、微信、QQ  →  联系 ✈️：Boss91M1
2022-10-26 21:58:50 → bailaohui_cvv → 专业代發广告 Telegram、Skype、郵葙、WhatsApp、嶶信、QQ  → 俬信、裙發、轟怍 聯係 ✈️：Boss91M1
2022-10-26 22:01:00 → DOGKUANG_BN_5 → 专业代發广告 Telegram、Skype、邮箱、WhatsApp、QQ、嶶信  → 私信、群发、轰炸 联系 ✈️：Boss91M1
2022-10-26 22:01:18 → FHLMTEAM → 邮箱、WhatsApp、Skype、Telegram、嶶信、QQ 专业代發广告 → 群发、私信、轰炸 联系 ✈️：Boss91M1
2022-10-26 22:01:31 → dayofdefeatCN → 专业代發广告 Telegram、Skype、邮箱、WhatsApp、QQ、嶶信  → 私信、群发、轰炸 联系 ✈️：Boss91M1
2022-10-26 22:01:48 → YYL001 → 邮箱、WhatsApp、Skype、Telegram、嶶信、QQ 专业代發广告 → 群发、私信、轰炸 联系 ✈️：Boss91M1
2022-10-26 22:02:17 → wwxcxinting → 专业代發广告 Telegram、Skype、郵葙、WhatsApp、嶶信、QQ  → 私信、群发、轰炸 联系 ✈️：Boss91M1
2022-10-26 22:02:44 → cyj58 → 专业代發广告 Telegram、Skype、郵葙、WhatsApp、嶶信、QQ  → 俬信、裙發、轟怍 聯係 ✈️：Boss91M1
2022-10-26 22:02:56 → xmarspace → Skype、Telegram、邮箱、WhatsApp、嶶信、QQ 专业代發广告 → 私信、群发、轰炸 联系 ✈️：Boss91M1
2022-10-26 22:03:23 → CDshouchang4 → 邮箱、WhatsApp、Skype、Telegram、嶶信、QQ 专业代發广告 → 群发、私信、轰炸 联系 ✈️：Boss91M1
2022-10-26 22:04:40 → TG166 → 专业代發广告 Telegram、Skype、郵葙、WhatsApp、嶶信、QQ  → 私信、群发、轰炸 联系 ✈️：Boss91M1
2022-10-26 22:04:52 → daishou15 → 群發、私信、轟炸 Telegram、Skype、郵箱、WhatsApp、微信、QQ  → 聯系 ✈️：Boss91M1
2022-10-26 22:05:10 → TGlianmeng002 → 私信、群发、轰炸 Telegram、Skype、邮箱、WhatsApp、微信、QQ  →  联系 ✈️：Boss91M1
2022-10-26 22:05:41 → boss91MChannel → 群發、私信、轟炸 Telegram、Skype、郵箱、WhatsApp、微信、QQ  → 聯系 ✈️：Boss91M1
2022-10-26 22:06:07 → tianxin023 → Telegram、Skype、邮箱、WhatsApp、嶶信、QQ 专业代發广告 → 私信、群发、轰炸 联系 ✈️：Boss91M1
2022-10-26 22:06:24 → tongdao25 → 专业代發广告 Telegram、Skype、邮箱、WhatsApp、QQ、嶶信  → 私信、群发、轰炸 联系 ✈️：Boss91M1
2022-10-26 22:06:43 → SHCPCO → 專業代發廣告 (Telegram、Skype、郵葙、WhatsApp、嶶信、QQ) 俬信、裙發、轰怍 聯係 ✈️：Boss91M1
2022-10-26 22:07:02 → tongdao25 → WhatsApp、Skype、Telegram、邮箱、嶶信、QQ 专业代發广告 → 私信、轰炸、群发 联系 ✈️：Boss91M1
2022-10-26 22:07:15 → TG006 → 专业代發广告 Telegram、Skype、邮箱、WhatsApp、QQ、嶶信  → 私信、群发、轰炸 联系 ✈️：Boss91M1
2022-10-26 22:07:28 → dayofdefeatCN → 專業代發廣告 (Skype、Telegram、郵葙、WhatsApp、嶶信、QQ) 俬信、裙發、轰怍 聯係 ✈️：Boss91M1
2022-10-26 22:07:41 → BtokCN_0016 → 群發、私信、轟炸 Telegram、Skype、郵箱、WhatsApp、微信、QQ  → 聯系 ✈️：Boss91M1
2022-10-26 22:08:08 → guiyangpapa → 專業代發廣告 (Skype、Telegram、郵葙、WhatsApp、嶶信、QQ) 俬信、裙發、轰怍 聯係 ✈️：Boss91M1
2022-10-26 22:08:37 → huanqian35 → 专业代發广告 Telegram、Skype、郵葙、WhatsApp、嶶信、QQ  → 私信、群发、轰炸 联系 ✈️：Boss91M1
2022-10-26 22:08:53 → TG_88888 → Telegram、Skype、郵葙、WhatsApp、嶶信、QQ  → 俬信、裙發、轟怍 聯係 ✈️：Boss91M1
2022-10-26 22:09:40 → YCQGZ88888 → 轰炸、私信、群发 Telegram、Skype、邮箱、WhatsApp、微信、QQ  →  联系 ✈️：Boss91M1
2022-10-26 22:09:56 → Asiaweed → Telegram、Skype、邮箱、WhatsApp、嶶信、QQ 专业代發广告 → 私信、群发、轰炸 联系 ✈️：Boss91M1
2022-10-26 22:10:25 → three001 → Telegram、Skype、邮箱、WhatsApp、嶶信、QQ 专业代發广告 → 私信、群发、轰炸 联系 ✈️：Boss91M1
2022-10-26 22:12:02 → dibaifa → Telegram、Skype、郵葙、WhatsApp、嶶信、QQ  → 俬信、裙發、轟怍 聯係 ✈️：Boss91M1
2022-10-26 22:12:20 → monstainfinitechinese → Skype、Telegram、邮箱、WhatsApp、嶶信、QQ 专业代發广告 → 私信、群发、轰炸 联系 ✈️：Boss91M1
2022-10-26 22:12:53 → x00008 → Skype、Telegram、邮箱、WhatsApp、嶶信、QQ 专业代發广告 → 私信、群发、轰炸 联系 ✈️：Boss91M1
2022-10-26 22:13:07 → tg771 → 专业代發广告 Telegram、Skype、邮箱、WhatsApp、QQ、嶶信  → 私信、群发、轰炸 联系 ✈️：Boss91M1
2022-10-26 22:13:17 → guangdongyue → 邮箱、WhatsApp、Skype、Telegram、嶶信、QQ 专业代發广告 → 群发、私信、轰炸 联系 ✈️：Boss91M1
2022-10-26 22:13:34 → Asiaweed → 群發、私信、轟炸 Telegram、Skype、郵箱、WhatsApp、微信、QQ  → 聯系 ✈️：Boss91M1
2022-10-26 22:14:34 → TGTRX123 → 专业代發广告 Telegram、Skype、郵葙、WhatsApp、嶶信、QQ  → 私信、群发、轰炸 联系 ✈️：Boss91M1
2022-10-26 22:15:16 → tcelue1 → Skype、Telegram、邮箱、WhatsApp、嶶信、QQ 专业代發广告 → 私信、群发、轰炸 联系 ✈️：Boss91M1
2022-10-26 22:15:35 → kaiyun8888888888 → Skype、Telegram、邮箱、WhatsApp、嶶信、QQ 专业代發广告 → 私信、群发、轰炸 联系 ✈️：Boss91M1
2022-10-26 22:15:56 → TG12389 → Skype、Telegram、邮箱、WhatsApp、嶶信、QQ 专业代發广告 → 私信、群发、轰炸 联系 ✈️：Boss91M1
2022-10-26 22:16:12 → Chinasousyisou → 專業代發廣告 (Skype、Telegram、郵葙、WhatsApp、嶶信、QQ) 俬信、裙發、轰怍 聯係 ✈️：Boss91M1
2022-10-26 22:16:23 → monstainfinitechinese → Telegram、Skype、郵葙、WhatsApp、嶶信、QQ  → 俬信、裙發、轟怍 聯係 ✈️：Boss91M1
2022-10-26 22:16:37 → TG166 → 邮箱、WhatsApp、Skype、Telegram、嶶信、QQ 专业代發广告 → 群发、私信、轰炸 联系 ✈️：Boss91M1
2022-10-26 22:17:49 → bdzycom → 邮箱、WhatsApp、Skype、Telegram、嶶信、QQ 专业代發广告 → 群发、私信、轰炸 联系 ✈️：Boss91M1
2022-10-26 22:18:10 → FHLMTEAM → 轰炸、私信、群发 Telegram、Skype、邮箱、WhatsApp、微信、QQ  →  联系 ✈️：Boss91M1
2022-10-26 22:18:21 → YTZX2 → 专业代發广告 Telegram、Skype、郵葙、WhatsApp、嶶信、QQ  → 私信、群发、轰炸 联系 ✈️：Boss91M1
2022-10-26 22:18:33 → bailaohui_cvv → WhatsApp、Skype、Telegram、邮箱、嶶信、QQ 专业代發广告 → 私信、轰炸、群发 联系 ✈️：Boss91M1
2022-10-26 22:19:29 → evilsquid → 專業代發廣告 (Telegram、Skype、郵葙、WhatsApp、嶶信、QQ) 俬信、裙發、轰怍 聯係 ✈️：Boss91M1
2022-10-26 22:19:43 → shengshiyule6666 → Telegram、Skype、邮箱、WhatsApp、嶶信、QQ 专业代發广告 → 私信、群发、轰炸 联系 ✈️：Boss91M1
2022-10-26 22:20:44 → phbbs → Telegram、Skype、郵葙、WhatsApp、嶶信、QQ  → 俬信、裙發、轟怍 聯係 ✈️：Boss91M1
2022-10-26 22:21:23 → FHLMTEAM → 專業代發廣告 (Skype、Telegram、郵葙、WhatsApp、嶶信、QQ) 俬信、裙發、轰怍 聯係 ✈️：Boss91M1
2022-10-26 22:21:36 → x00008 → 专业代發广告 Telegram、Skype、邮箱、WhatsApp、QQ、嶶信  → 私信、群发、轰炸 联系 ✈️：Boss91M1
2022-10-26 22:21:48 → Usdtbmw → Telegram、Skype、郵葙、WhatsApp、嶶信、QQ  → 俬信、裙發、轟怍 聯係 ✈️：Boss91M1
2022-10-26 22:22:02 → BtokCN_0014 → 私信、群发、轰炸 Telegram、Skype、邮箱、WhatsApp、微信、QQ  →  联系 ✈️：Boss91M1
2022-10-26 22:22:28 → liang1112233 → 专业代發广告 Telegram、Skype、郵葙、WhatsApp、嶶信、QQ  → 俬信、裙發、轟怍 聯係 ✈️：Boss91M1
2022-10-26 22:23:02 → TG5171 → 專業代發廣告 (Skype、Telegram、郵葙、WhatsApp、嶶信、QQ) 俬信、裙發、轰怍 聯係 ✈️：Boss91M1
2022-10-26 22:23:24 → dyjiaoliu → 私信、群发、轰炸 Telegram、Skype、邮箱、WhatsApp、微信、QQ  →  联系 ✈️：Boss91M1
2022-10-26 22:24:12 → shengshiyule6666 → 专业代發广告 Telegram、Skype、郵葙、WhatsApp、嶶信、QQ  → 私信、群发、轰炸 联系 ✈️：Boss91M1
2022-10-26 22:26:02 → sanfang53 → 邮箱、WhatsApp、Skype、Telegram、嶶信、QQ 专业代發广告 → 群发、私信、轰炸 联系 ✈️：Boss91M1
2022-10-26 22:26:13 → bailaohui_cvv → Skype、Telegram、邮箱、WhatsApp、嶶信、QQ 专业代發广告 → 私信、群发、轰炸 联系 ✈️：Boss91M1
2022-10-26 22:26:34 → dayofdefeatCN → 專業代發廣告 (Skype、Telegram、郵葙、WhatsApp、嶶信、QQ) 俬信、裙發、轰怍 聯係 ✈️：Boss91M1
2022-10-26 22:26:46 → -1001615987555 → 专业代發广告 Telegram、Skype、邮箱、WhatsApp、QQ、嶶信  → 私信、群发、轰炸 联系 ✈️：Boss91M1
2022-10-26 22:27:25 → PG528 → 邮箱、WhatsApp、Skype、Telegram、嶶信、QQ 专业代發广告 → 群发、私信、轰炸 联系 ✈️：Boss91M1
2022-10-26 22:27:40 → diyidaifu → Telegram、Skype、邮箱、WhatsApp、嶶信、QQ 专业代發广告 → 私信、群发、轰炸 联系 ✈️：Boss91M1
2022-10-26 22:27:56 → TG00016 → Telegram、Skype、邮箱、WhatsApp、嶶信、QQ 专业代發广告 → 私信、群发、轰炸 联系 ✈️：Boss91M1
2022-10-26 22:28:12 → ziyuan2 → Telegram、Skype、郵葙、WhatsApp、嶶信、QQ  → 俬信、裙發、轟怍 聯係 ✈️：Boss91M1
2022-10-26 22:28:27 → ziyuan2 → 群發、私信、轟炸 Telegram、Skype、郵箱、WhatsApp、微信、QQ  → 聯系 ✈️：Boss91M1
2022-10-26 22:29:02 → weikang2020 → 专业代發广告 Telegram、Skype、邮箱、WhatsApp、QQ、嶶信  → 私信、群发、轰炸 联系 ✈️：Boss91M1
2022-10-26 22:29:20 → zhongwen6 → 邮箱、WhatsApp、Skype、Telegram、嶶信、QQ 专业代發广告 → 群发、私信、轰炸 联系 ✈️：Boss91M1
2022-10-26 22:29:40 → BtokCN_0016 → 專業代發廣告 (Telegram、Skype、郵葙、WhatsApp、嶶信、QQ) 俬信、裙發、轰怍 聯係 ✈️：Boss91M1
2022-10-26 22:29:56 → TG1949521 → 专业代發广告 Telegram、Skype、邮箱、WhatsApp、QQ、嶶信  → 私信、群发、轰炸 联系 ✈️：Boss91M1
2022-10-26 22:30:13 → shuju888666 → Telegram、Skype、郵葙、WhatsApp、嶶信、QQ  → 俬信、裙發、轟怍 聯係 ✈️：Boss91M1
2022-10-26 22:30:51 → qipaipan54 → Telegram、Skype、邮箱、WhatsApp、嶶信、QQ 专业代發广告 → 私信、群发、轰炸 联系 ✈️：Boss91M1
2022-10-26 22:31:10 → TG110 → Telegram、Skype、邮箱、WhatsApp、嶶信、QQ 专业代發广告 → 私信、群发、轰炸 联系 ✈️：Boss91M1
2022-10-26 22:31:37 → FHLMTEAM → Telegram、Skype、邮箱、WhatsApp、嶶信、QQ 专业代發广告 → 私信、群发、轰炸 联系 ✈️：Boss91M1
2022-10-26 22:31:54 → TG006 → Telegram、Skype、郵葙、WhatsApp、嶶信、QQ  → 俬信、裙發、轟怍 聯係 ✈️：Boss91M1
2022-10-26 22:32:09 → TG108 → WhatsApp、Skype、Telegram、邮箱、嶶信、QQ 专业代發广告 → 私信、轰炸、群发 联系 ✈️：Boss91M1
2022-10-26 22:32:59 → GouTui → 专业代發广告 Telegram、Skype、郵葙、WhatsApp、嶶信、QQ  → 俬信、裙發、轟怍 聯係 ✈️：Boss91M1
2022-10-26 22:33:11 → dyjiaoliu → 专业代發广告 Telegram、Skype、郵葙、WhatsApp、嶶信、QQ  → 私信、群发、轰炸 联系 ✈️：Boss91M1
2022-10-26 22:33:44 → TGTRX123 → Telegram、Skype、郵葙、WhatsApp、嶶信、QQ  → 俬信、裙發、轟怍 聯係 ✈️：Boss91M1
2022-10-26 22:34:01 → kkkttt369 → 专业代發广告 Telegram、Skype、郵葙、WhatsApp、嶶信、QQ  → 私信、群发、轰炸 联系 ✈️：Boss91M1
2022-10-26 22:34:13 → kkkttt369 → WhatsApp、Skype、Telegram、邮箱、嶶信、QQ 专业代發广告 → 私信、轰炸、群发 联系 ✈️：Boss91M1
2022-10-26 22:34:28 → shuju888666 → 專業代發廣告 (Telegram、Skype、郵葙、WhatsApp、嶶信、QQ) 俬信、裙發、轰怍 聯係 ✈️：Boss91M1
2022-10-26 22:34:42 → TGlianmeng002 → 群發、私信、轟炸 Telegram、Skype、郵箱、WhatsApp、微信、QQ  → 聯系 ✈️：Boss91M1
2022-10-26 22:35:26 → usdthuihuan → 专业代發广告 Telegram、Skype、郵葙、WhatsApp、嶶信、QQ  → 私信、群发、轰炸 联系 ✈️：Boss91M1
2022-10-26 22:36:11 → TG1949521 → 邮箱、WhatsApp、Skype、Telegram、嶶信、QQ 专业代發广告 → 群发、私信、轰炸 联系 ✈️：Boss91M1
2022-10-26 22:36:26 → YYL001 → 专业代發广告 Telegram、Skype、郵葙、WhatsApp、嶶信、QQ  → 俬信、裙發、轟怍 聯係 ✈️：Boss91M1
2022-10-26 22:36:37 → lasihaima266 → 专业代發广告 Telegram、Skype、郵葙、WhatsApp、嶶信、QQ  → 私信、群发、轰炸 联系 ✈️：Boss91M1
2022-10-26 22:36:50 → zhongwen6 → 專業代發廣告 (Telegram、Skype、郵葙、WhatsApp、嶶信、QQ) 俬信、裙發、轰怍 聯係 ✈️：Boss91M1
2022-10-26 22:37:05 → FHLMTEAM → 專業代發廣告 (Telegram、Skype、郵葙、WhatsApp、嶶信、QQ) 俬信、裙發、轰怍 聯係 ✈️：Boss91M1
2022-10-26 22:37:17 → BKEXChinese → 私信、群发、轰炸 Telegram、Skype、邮箱、WhatsApp、微信、QQ  →  联系 ✈️：Boss91M1
2022-10-26 22:37:34 → tcelue1 → 專業代發廣告 (Telegram、Skype、郵葙、WhatsApp、嶶信、QQ) 俬信、裙發、轰怍 聯係 ✈️：Boss91M1
2022-10-26 22:37:57 → sunshineyyds → 专业代發广告 Telegram、Skype、郵葙、WhatsApp、嶶信、QQ  → 俬信、裙發、轟怍 聯係 ✈️：Boss91M1
2022-10-26 22:39:54 → TG108 → Telegram、Skype、郵葙、WhatsApp、嶶信、QQ  → 俬信、裙發、轟怍 聯係 ✈️：Boss91M1
2022-10-26 22:40:09 → QianXin001 → 轰炸、私信、群发 Telegram、Skype、邮箱、WhatsApp、微信、QQ  →  联系 ✈️：Boss91M1
2022-10-26 22:40:28 → bdzycom → 专业代發广告 Telegram、Skype、邮箱、WhatsApp、QQ、嶶信  → 私信、群发、轰炸 联系 ✈️：Boss91M1
2022-10-26 22:41:48 → dibaifa → 群發、私信、轟炸 Telegram、Skype、郵箱、WhatsApp、微信、QQ  → 聯系 ✈️：Boss91M1
2022-10-26 22:42:01 → tg771 → 专业代發广告 Telegram、Skype、郵葙、WhatsApp、嶶信、QQ  → 私信、群发、轰炸 联系 ✈️：Boss91M1
2022-10-26 22:43:03 → goutui1113 → 私信、群发、轰炸 Telegram、Skype、邮箱、WhatsApp、微信、QQ  →  联系 ✈️：Boss91M1
2022-10-26 22:43:19 → Usdtbmw → 專業代發廣告 (Skype、Telegram、郵葙、WhatsApp、嶶信、QQ) 俬信、裙發、轰怍 聯係 ✈️：Boss91M1
2022-10-26 22:43:43 → TGdanbao000 → 专业代發广告 Telegram、Skype、邮箱、WhatsApp、QQ、嶶信  → 私信、群发、轰炸 联系 ✈️：Boss91M1
2022-10-26 22:44:09 → chaguaner → 專業代發廣告 (Telegram、Skype、郵葙、WhatsApp、嶶信、QQ) 俬信、裙發、轰怍 聯係 ✈️：Boss91M1
2022-10-26 22:44:33 → tg771 → 邮箱、WhatsApp、Skype、Telegram、嶶信、QQ 专业代發广告 → 群发、私信、轰炸 联系 ✈️：Boss91M1
2022-10-26 22:44:49 → weikang2020 → Skype、Telegram、邮箱、WhatsApp、嶶信、QQ 专业代發广告 → 私信、群发、轰炸 联系 ✈️：Boss91M1
2022-10-26 22:45:00 → FQ3P3 → WhatsApp、Skype、Telegram、邮箱、嶶信、QQ 专业代發广告 → 私信、轰炸、群发 联系 ✈️：Boss91M1
2022-10-26 22:45:16 → linkdyh → 群發、私信、轟炸 Telegram、Skype、郵箱、WhatsApp、微信、QQ  → 聯系 ✈️：Boss91M1
2022-10-26 22:45:54 → tcelue1 → 專業代發廣告 (Skype、Telegram、郵葙、WhatsApp、嶶信、QQ) 俬信、裙發、轰怍 聯係 ✈️：Boss91M1
2022-10-26 22:46:05 → CDshouchang4 → Skype、Telegram、邮箱、WhatsApp、嶶信、QQ 专业代發广告 → 私信、群发、轰炸 联系 ✈️：Boss91M1
2022-10-26 22:46:22 → TG5171 → WhatsApp、Skype、Telegram、邮箱、嶶信、QQ 专业代發广告 → 私信、轰炸、群发 联系 ✈️：Boss91M1
2022-10-26 22:47:00 → TG_88888 → Telegram、Skype、邮箱、WhatsApp、嶶信、QQ 专业代發广告 → 私信、群发、轰炸 联系 ✈️：Boss91M1
2022-10-26 22:47:29 → YCQGZ88888 → 專業代發廣告 (Telegram、Skype、郵葙、WhatsApp、嶶信、QQ) 俬信、裙發、轰怍 聯係 ✈️：Boss91M1
2022-10-26 22:47:43 → shengshiyule6666 → 群發、私信、轟炸 Telegram、Skype、郵箱、WhatsApp、微信、QQ  → 聯系 ✈️：Boss91M1
2022-10-26 22:47:59 → TG166 → 群發、私信、轟炸 Telegram、Skype、郵箱、WhatsApp、微信、QQ  → 聯系 ✈️：Boss91M1
2022-10-26 22:48:13 → TG5171 → 專業代發廣告 (Telegram、Skype、郵葙、WhatsApp、嶶信、QQ) 俬信、裙發、轰怍 聯係 ✈️：Boss91M1
2022-10-26 22:48:25 → MikeBill888 → 专业代發广告 Telegram、Skype、邮箱、WhatsApp、QQ、嶶信  → 私信、群发、轰炸 联系 ✈️：Boss91M1
2022-10-26 22:48:42 → Jiu9jiu99 → Telegram、Skype、郵葙、WhatsApp、嶶信、QQ  → 俬信、裙發、轟怍 聯係 ✈️：Boss91M1
2022-10-26 22:49:09 → TG1949521 → 轰炸、私信、群发 Telegram、Skype、邮箱、WhatsApp、微信、QQ  →  联系 ✈️：Boss91M1
2022-10-26 22:49:34 → TG5171 → 群發、私信、轟炸 Telegram、Skype、郵箱、WhatsApp、微信、QQ  → 聯系 ✈️：Boss91M1
2022-10-26 22:49:47 → pshqo → Skype、Telegram、邮箱、WhatsApp、嶶信、QQ 专业代發广告 → 私信、群发、轰炸 联系 ✈️：Boss91M1
2022-10-26 22:50:18 → Usdtbmw → 轰炸、私信、群发 Telegram、Skype、邮箱、WhatsApp、微信、QQ  →  联系 ✈️：Boss91M1
2022-10-26 22:50:40 → Shore999888 → Telegram、Skype、邮箱、WhatsApp、嶶信、QQ 专业代發广告 → 私信、群发、轰炸 联系 ✈️：Boss91M1
2022-10-26 22:51:08 → SHCPCO → 专业代發广告 Telegram、Skype、邮箱、WhatsApp、QQ、嶶信  → 私信、群发、轰炸 联系 ✈️：Boss91M1
2022-10-26 22:51:40 → dyjiaoliu → Telegram、Skype、邮箱、WhatsApp、嶶信、QQ 专业代發广告 → 私信、群发、轰炸 联系 ✈️：Boss91M1
2022-10-26 22:52:56 → maticnetwork_china → Telegram、Skype、邮箱、WhatsApp、嶶信、QQ 专业代發广告 → 私信、群发、轰炸 联系 ✈️：Boss91M1
2022-10-26 22:53:13 → YCQGZ88888 → Skype、Telegram、邮箱、WhatsApp、嶶信、QQ 专业代發广告 → 私信、群发、轰炸 联系 ✈️：Boss91M1
2022-10-26 22:53:27 → dibai12 → 专业代發广告 Telegram、Skype、邮箱、WhatsApp、QQ、嶶信  → 私信、群发、轰炸 联系 ✈️：Boss91M1
2022-10-26 22:53:53 → shuju888666 → 專業代發廣告 (Telegram、Skype、郵葙、WhatsApp、嶶信、QQ) 俬信、裙發、轰怍 聯係 ✈️：Boss91M1
2022-10-26 22:54:44 → SHCPCO → WhatsApp、Skype、Telegram、邮箱、嶶信、QQ 专业代發广告 → 私信、轰炸、群发 联系 ✈️：Boss91M1
2022-10-26 22:55:20 → TGlianmeng002 → 專業代發廣告 (Telegram、Skype、郵葙、WhatsApp、嶶信、QQ) 俬信、裙發、轰怍 聯係 ✈️：Boss91M1
2022-10-26 22:55:59 → x00008 → 專業代發廣告 (Telegram、Skype、郵葙、WhatsApp、嶶信、QQ) 俬信、裙發、轰怍 聯係 ✈️：Boss91M1
2022-10-26 22:56:39 → paofen33 → 專業代發廣告 (Skype、Telegram、郵葙、WhatsApp、嶶信、QQ) 俬信、裙發、轰怍 聯係 ✈️：Boss91M1
2022-10-26 22:56:54 → dyjiaoliu → 专业代發广告 Telegram、Skype、郵葙、WhatsApp、嶶信、QQ  → 私信、群发、轰炸 联系 ✈️：Boss91M1
2022-10-26 22:57:28 → qwerdt1 → 私信、群发、轰炸 Telegram、Skype、邮箱、WhatsApp、微信、QQ  →  联系 ✈️：Boss91M1
2022-10-26 22:58:46 → huione888 → 专业代發广告 Telegram、Skype、郵葙、WhatsApp、嶶信、QQ  → 俬信、裙發、轟怍 聯係 ✈️：Boss91M1
2022-10-26 22:59:03 → india_moneypay → WhatsApp、Skype、Telegram、邮箱、嶶信、QQ 专业代發广告 → 私信、轰炸、群发 联系 ✈️：Boss91M1
2022-10-26 22:59:14 → boss91MChannel → Skype、Telegram、邮箱、WhatsApp、嶶信、QQ 专业代發广告 → 私信、群发、轰炸 联系 ✈️：Boss91M1
2022-10-26 22:59:25 → dongnanyaliaotian → 专业代發广告 Telegram、Skype、邮箱、WhatsApp、QQ、嶶信  → 私信、群发、轰炸 联系 ✈️：Boss91M1
2022-10-26 22:59:38 → weikang2020 → 专业代發广告 Telegram、Skype、邮箱、WhatsApp、QQ、嶶信  → 私信、群发、轰炸 联系 ✈️：Boss91M1
2022-10-26 23:00:13 → diyidaifu → Telegram、Skype、郵葙、WhatsApp、嶶信、QQ  → 俬信、裙發、轟怍 聯係 ✈️：Boss91M1
2022-10-26 23:00:30 → dyjiaoliu → 專業代發廣告 (Skype、Telegram、郵葙、WhatsApp、嶶信、QQ) 俬信、裙發、轰怍 聯係 ✈️：Boss91M1
2022-10-26 23:00:45 → cyj58 → 私信、群发、轰炸 Telegram、Skype、邮箱、WhatsApp、微信、QQ  →  联系 ✈️：Boss91M1
2022-10-26 23:00:59 → TGlianmeng002 → WhatsApp、Skype、Telegram、邮箱、嶶信、QQ 专业代發广告 → 私信、轰炸、群发 联系 ✈️：Boss91M1
2022-10-26 23:01:38 → TG088 → 轰炸、私信、群发 Telegram、Skype、邮箱、WhatsApp、微信、QQ  →  联系 ✈️：Boss91M1
2022-10-26 23:03:25 → YCQGZ88888 → Skype、Telegram、邮箱、WhatsApp、嶶信、QQ 专业代發广告 → 私信、群发、轰炸 联系 ✈️：Boss91M1
2022-10-26 23:03:54 → yuantoushuju4 → 專業代發廣告 (Telegram、Skype、郵葙、WhatsApp、嶶信、QQ) 俬信、裙發、轰怍 聯係 ✈️：Boss91M1
2022-10-26 23:04:07 → BKEXChinese → WhatsApp、Skype、Telegram、邮箱、嶶信、QQ 专业代發广告 → 私信、轰炸、群发 联系 ✈️：Boss91M1
2022-10-26 23:04:38 → FHLMTEAM → 轰炸、私信、群发 Telegram、Skype、邮箱、WhatsApp、微信、QQ  →  联系 ✈️：Boss91M1
2022-10-26 23:05:49 → TG108 → 专业代發广告 Telegram、Skype、邮箱、WhatsApp、QQ、嶶信  → 私信、群发、轰炸 联系 ✈️：Boss91M1
2022-10-26 23:06:03 → guangdongyue → 轰炸、私信、群发 Telegram、Skype、邮箱、WhatsApp、微信、QQ  →  联系 ✈️：Boss91M1
2022-10-26 23:06:27 → bailaohui_cvv → Skype、Telegram、邮箱、WhatsApp、嶶信、QQ 专业代發广告 → 私信、群发、轰炸 联系 ✈️：Boss91M1
2022-10-26 23:07:23 → kkkttt369 → Skype、Telegram、邮箱、WhatsApp、嶶信、QQ 专业代發广告 → 私信、群发、轰炸 联系 ✈️：Boss91M1
2022-10-26 23:07:39 → cyj58 → 群發、私信、轟炸 Telegram、Skype、郵箱、WhatsApp、微信、QQ  → 聯系 ✈️：Boss91M1
2022-10-26 23:08:16 → jiqiren886 → 私信、群发、轰炸 Telegram、Skype、邮箱、WhatsApp、微信、QQ  →  联系 ✈️：Boss91M1
2022-10-26 23:08:45 → TGtuifei_S → 專業代發廣告 (Telegram、Skype、郵葙、WhatsApp、嶶信、QQ) 俬信、裙發、轰怍 聯係 ✈️：Boss91M1
2022-10-26 23:09:07 → bailaohui_cvv → Skype、Telegram、邮箱、WhatsApp、嶶信、QQ 专业代發广告 → 私信、群发、轰炸 联系 ✈️：Boss91M1
2022-10-26 23:09:28 → dibaifa → 专业代發广告 Telegram、Skype、邮箱、WhatsApp、QQ、嶶信  → 私信、群发、轰炸 联系 ✈️：Boss91M1
2022-10-26 23:09:58 → TGlianmeng002 → 邮箱、WhatsApp、Skype、Telegram、嶶信、QQ 专业代發广告 → 群发、私信、轰炸 联系 ✈️：Boss91M1
2022-10-26 23:10:30 → TG088 → 專業代發廣告 (Skype、Telegram、郵葙、WhatsApp、嶶信、QQ) 俬信、裙發、轰怍 聯係 ✈️：Boss91M1
2022-10-26 23:11:54 → phbbs → 轰炸、私信、群发 Telegram、Skype、邮箱、WhatsApp、微信、QQ  →  联系 ✈️：Boss91M1
2022-10-26 23:12:26 → tcelue1 → 专业代發广告 Telegram、Skype、郵葙、WhatsApp、嶶信、QQ  → 俬信、裙發、轟怍 聯係 ✈️：Boss91M1
2022-10-26 23:12:44 → xunhuanchuji → 專業代發廣告 (Telegram、Skype、郵葙、WhatsApp、嶶信、QQ) 俬信、裙發、轰怍 聯係 ✈️：Boss91M1
2022-10-26 23:13:07 → TG110 → 专业代發广告 Telegram、Skype、邮箱、WhatsApp、QQ、嶶信  → 私信、群发、轰炸 联系 ✈️：Boss91M1
2022-10-26 23:13:26 → TG108 → Telegram、Skype、邮箱、WhatsApp、嶶信、QQ 专业代發广告 → 私信、群发、轰炸 联系 ✈️：Boss91M1
2022-10-26 23:13:37 → TG166 → 專業代發廣告 (Skype、Telegram、郵葙、WhatsApp、嶶信、QQ) 俬信、裙發、轰怍 聯係 ✈️：Boss91M1
2022-10-26 23:14:02 → -1001615987555 → 专业代發广告 Telegram、Skype、郵葙、WhatsApp、嶶信、QQ  → 俬信、裙發、轟怍 聯係 ✈️：Boss91M1
2022-10-26 23:14:49 → tcelue1 → 邮箱、WhatsApp、Skype、Telegram、嶶信、QQ 专业代發广告 → 群发、私信、轰炸 联系 ✈️：Boss91M1
2022-10-26 23:15:15 → yuantoushuju4 → 专业代發广告 Telegram、Skype、郵葙、WhatsApp、嶶信、QQ  → 私信、群发、轰炸 联系 ✈️：Boss91M1
2022-10-26 23:15:35 → dyjiaoliu → Telegram、Skype、邮箱、WhatsApp、嶶信、QQ 专业代發广告 → 私信、群发、轰炸 联系 ✈️：Boss91M1
2022-10-26 23:16:25 → shengshiyule6666 → Skype、Telegram、邮箱、WhatsApp、嶶信、QQ 专业代發广告 → 私信、群发、轰炸 联系 ✈️：Boss91M1
2022-10-26 23:16:40 → YCQGZ88888 → 邮箱、WhatsApp、Skype、Telegram、嶶信、QQ 专业代發广告 → 群发、私信、轰炸 联系 ✈️：Boss91M1
2022-10-26 23:17:02 → OKXGroup_CN → 專業代發廣告 (Skype、Telegram、郵葙、WhatsApp、嶶信、QQ) 俬信、裙發、轰怍 聯係 ✈️：Boss91M1
2022-10-26 23:17:27 → Sz1888 → 轰炸、私信、群发 Telegram、Skype、邮箱、WhatsApp、微信、QQ  →  联系 ✈️：Boss91M1
2022-10-26 23:17:40 → HWDBQ → 专业代發广告 Telegram、Skype、郵葙、WhatsApp、嶶信、QQ  → 私信、群发、轰炸 联系 ✈️：Boss91M1
2022-10-26 23:17:56 → makatibanzhuan → 轰炸、私信、群发 Telegram、Skype、邮箱、WhatsApp、微信、QQ  →  联系 ✈️：Boss91M1
2022-10-26 23:18:32 → goutui1113 → 专业代發广告 Telegram、Skype、郵葙、WhatsApp、嶶信、QQ  → 私信、群发、轰炸 联系 ✈️：Boss91M1
2022-10-26 23:19:00 → zzlsjbyq → WhatsApp、Skype、Telegram、邮箱、嶶信、QQ 专业代發广告 → 私信、轰炸、群发 联系 ✈️：Boss91M1
2022-10-26 23:19:56 → TG00016 → 专业代發广告 Telegram、Skype、郵葙、WhatsApp、嶶信、QQ  → 私信、群发、轰炸 联系 ✈️：Boss91M1
2022-10-26 23:20:16 → TG_88888 → 轰炸、私信、群发 Telegram、Skype、邮箱、WhatsApp、微信、QQ  →  联系 ✈️：Boss91M1
2022-10-26 23:21:00 → evilsquid → 邮箱、WhatsApp、Skype、Telegram、嶶信、QQ 专业代發广告 → 群发、私信、轰炸 联系 ✈️：Boss91M1
2022-10-26 23:21:13 → prayasdiscuss2023 → 專業代發廣告 (Skype、Telegram、郵葙、WhatsApp、嶶信、QQ) 俬信、裙發、轰怍 聯係 ✈️：Boss91M1
2022-10-26 23:21:41 → WKLhuaren → Skype、Telegram、邮箱、WhatsApp、嶶信、QQ 专业代發广告 → 私信、群发、轰炸 联系 ✈️：Boss91M1
2022-10-26 23:21:56 → -1001691862643 → 專業代發廣告 (Skype、Telegram、郵葙、WhatsApp、嶶信、QQ) 俬信、裙發、轰怍 聯係 ✈️：Boss91M1
2022-10-26 23:22:12 → piterdaishlar95 → Skype、Telegram、邮箱、WhatsApp、嶶信、QQ 专业代發广告 → 私信、群发、轰炸 联系 ✈️：Boss91M1
2022-10-26 23:22:37 → CgzgXVAswFK_UDS → 轰炸、私信、群发 Telegram、Skype、邮箱、WhatsApp、微信、QQ  →  联系 ✈️：Boss91M1
2022-10-26 23:22:50 → boss91MChannel → Telegram、Skype、郵葙、WhatsApp、嶶信、QQ  → 俬信、裙發、轟怍 聯係 ✈️：Boss91M1
2022-10-26 23:23:03 → bdzycom → Telegram、Skype、邮箱、WhatsApp、嶶信、QQ 专业代發广告 → 私信、群发、轰炸 联系 ✈️：Boss91M1
2022-10-26 23:23:18 → pcptm → 邮箱、WhatsApp、Skype、Telegram、嶶信、QQ 专业代發广告 → 群发、私信、轰炸 联系 ✈️：Boss91M1
2022-10-26 23:23:40 → dongnanyaliaotian → Telegram、Skype、邮箱、WhatsApp、嶶信、QQ 专业代發广告 → 私信、群发、轰炸 联系 ✈️：Boss91M1
2022-10-26 23:24:39 → TGTRX123 → 私信、群发、轰炸 Telegram、Skype、邮箱、WhatsApp、微信、QQ  →  联系 ✈️：Boss91M1
2022-10-26 23:24:57 → bailaohui_cvv → 私信、群发、轰炸 Telegram、Skype、邮箱、WhatsApp、微信、QQ  →  联系 ✈️：Boss91M1
2022-10-26 23:25:39 → zhongwen6 → Telegram、Skype、邮箱、WhatsApp、嶶信、QQ 专业代發广告 → 私信、群发、轰炸 联系 ✈️：Boss91M1
2022-10-26 23:26:38 → liang1112233 → 專業代發廣告 (Telegram、Skype、郵葙、WhatsApp、嶶信、QQ) 俬信、裙發、轰怍 聯係 ✈️：Boss91M1
2022-10-26 23:26:52 → xmarspace → 專業代發廣告 (Skype、Telegram、郵葙、WhatsApp、嶶信、QQ) 俬信、裙發、轰怍 聯係 ✈️：Boss91M1
2022-10-26 23:27:10 → TG110 → 私信、群发、轰炸 Telegram、Skype、邮箱、WhatsApp、微信、QQ  →  联系 ✈️：Boss91M1
2022-10-26 23:27:38 → x00008 → Skype、Telegram、邮箱、WhatsApp、嶶信、QQ 专业代發广告 → 私信、群发、轰炸 联系 ✈️：Boss91M1
2022-10-26 23:28:00 → TG006 → Telegram、Skype、郵葙、WhatsApp、嶶信、QQ  → 俬信、裙發、轟怍 聯係 ✈️：Boss91M1
2022-10-26 23:28:19 → SHCPCO → 專業代發廣告 (Skype、Telegram、郵葙、WhatsApp、嶶信、QQ) 俬信、裙發、轰怍 聯係 ✈️：Boss91M1
2022-10-26 23:28:31 → x00008 → 群發、私信、轟炸 Telegram、Skype、郵箱、WhatsApp、微信、QQ  → 聯系 ✈️：Boss91M1
2022-10-26 23:28:42 → tg771 → Telegram、Skype、邮箱、WhatsApp、嶶信、QQ 专业代發广告 → 私信、群发、轰炸 联系 ✈️：Boss91M1
2022-10-26 23:28:59 → zzlsjbyq → Telegram、Skype、郵葙、WhatsApp、嶶信、QQ  → 俬信、裙發、轟怍 聯係 ✈️：Boss91M1
2022-10-26 23:29:16 → TG108 → WhatsApp、Skype、Telegram、邮箱、嶶信、QQ 专业代發广告 → 私信、轰炸、群发 联系 ✈️：Boss91M1
2022-10-26 23:29:28 → ziyuan2 → Skype、Telegram、邮箱、WhatsApp、嶶信、QQ 专业代發广告 → 私信、群发、轰炸 联系 ✈️：Boss91M1
2022-10-26 23:30:18 → kkkttt369 → WhatsApp、Skype、Telegram、邮箱、嶶信、QQ 专业代發广告 → 私信、轰炸、群发 联系 ✈️：Boss91M1
2022-10-26 23:31:17 → -1001772668090 → 轰炸、私信、群发 Telegram、Skype、邮箱、WhatsApp、微信、QQ  →  联系 ✈️：Boss91M1
2022-10-26 23:31:29 → olddriver_gd → Skype、Telegram、邮箱、WhatsApp、嶶信、QQ 专业代發广告 → 私信、群发、轰炸 联系 ✈️：Boss91M1
2022-10-26 23:32:05 → TG006 → 专业代發广告 Telegram、Skype、郵葙、WhatsApp、嶶信、QQ  → 俬信、裙發、轟怍 聯係 ✈️：Boss91M1
2022-10-26 23:32:17 → wwxcxinting → 群發、私信、轟炸 Telegram、Skype、郵箱、WhatsApp、微信、QQ  → 聯系 ✈️：Boss91M1
2022-10-26 23:32:28 → FHLMTEAM → 專業代發廣告 (Telegram、Skype、郵葙、WhatsApp、嶶信、QQ) 俬信、裙發、轰怍 聯係 ✈️：Boss91M1
2022-10-26 23:32:40 → TG_88888 → 專業代發廣告 (Skype、Telegram、郵葙、WhatsApp、嶶信、QQ) 俬信、裙發、轰怍 聯係 ✈️：Boss91M1
2022-10-26 23:33:12 → diyidaifu → 群發、私信、轟炸 Telegram、Skype、郵箱、WhatsApp、微信、QQ  → 聯系 ✈️：Boss91M1
2022-10-26 23:34:25 → goutui1113 → 专业代發广告 Telegram、Skype、郵葙、WhatsApp、嶶信、QQ  → 俬信、裙發、轟怍 聯係 ✈️：Boss91M1
2022-10-26 23:35:18 → huanqian35 → 專業代發廣告 (Skype、Telegram、郵葙、WhatsApp、嶶信、QQ) 俬信、裙發、轰怍 聯係 ✈️：Boss91M1
2022-10-26 23:35:32 → DogeGeniusinu_CE_1 → 專業代發廣告 (Telegram、Skype、郵葙、WhatsApp、嶶信、QQ) 俬信、裙發、轰怍 聯係 ✈️：Boss91M1
2022-10-26 23:35:53 → FHLMTEAM → WhatsApp、Skype、Telegram、邮箱、嶶信、QQ 专业代發广告 → 私信、轰炸、群发 联系 ✈️：Boss91M1
2022-10-26 23:36:37 → shuju888666 → 私信、群发、轰炸 Telegram、Skype、邮箱、WhatsApp、微信、QQ  →  联系 ✈️：Boss91M1
2022-10-26 23:37:00 → BKEXChinese → Telegram、Skype、郵葙、WhatsApp、嶶信、QQ  → 俬信、裙發、轟怍 聯係 ✈️：Boss91M1
2022-10-26 23:37:47 → GouTui → 专业代發广告 Telegram、Skype、郵葙、WhatsApp、嶶信、QQ  → 私信、群发、轰炸 联系 ✈️：Boss91M1
2022-10-26 23:39:03 → kkkttt369 → 專業代發廣告 (Telegram、Skype、郵葙、WhatsApp、嶶信、QQ) 俬信、裙發、轰怍 聯係 ✈️：Boss91M1
2022-10-26 23:39:19 → dibai12 → 群發、私信、轟炸 Telegram、Skype、郵箱、WhatsApp、微信、QQ  → 聯系 ✈️：Boss91M1
2022-10-26 23:39:54 → CDshouchang4 → 群發、私信、轟炸 Telegram、Skype、郵箱、WhatsApp、微信、QQ  → 聯系 ✈️：Boss91M1
2022-10-26 23:40:09 → wangzhuanusdt → 邮箱、WhatsApp、Skype、Telegram、嶶信、QQ 专业代發广告 → 群发、私信、轰炸 联系 ✈️：Boss91M1
2022-10-26 23:40:25 → kkkttt369 → 专业代發广告 Telegram、Skype、邮箱、WhatsApp、QQ、嶶信  → 私信、群发、轰炸 联系 ✈️：Boss91M1
2022-10-26 23:40:44 → bailaohui_cvv → 專業代發廣告 (Telegram、Skype、郵葙、WhatsApp、嶶信、QQ) 俬信、裙發、轰怍 聯係 ✈️：Boss91M1
2022-10-26 23:40:55 → FQ3P3 → Telegram、Skype、郵葙、WhatsApp、嶶信、QQ  → 俬信、裙發、轟怍 聯係 ✈️：Boss91M1
2022-10-26 23:41:07 → MDhuaren1 → 專業代發廣告 (Telegram、Skype、郵葙、WhatsApp、嶶信、QQ) 俬信、裙發、轰怍 聯係 ✈️：Boss91M1
2022-10-26 23:41:24 → cyj58 → 私信、群发、轰炸 Telegram、Skype、邮箱、WhatsApp、微信、QQ  →  联系 ✈️：Boss91M1
2022-10-26 23:41:35 → tcelue1 → Telegram、Skype、郵葙、WhatsApp、嶶信、QQ  → 俬信、裙發、轟怍 聯係 ✈️：Boss91M1
2022-10-26 23:41:50 → x00008 → 專業代發廣告 (Telegram、Skype、郵葙、WhatsApp、嶶信、QQ) 俬信、裙發、轰怍 聯係 ✈️：Boss91M1
2022-10-26 23:42:09 → guangdongyue → Telegram、Skype、郵葙、WhatsApp、嶶信、QQ  → 俬信、裙發、轟怍 聯係 ✈️：Boss91M1
2022-10-26 23:42:26 → TGlianmeng002 → 专业代發广告 Telegram、Skype、郵葙、WhatsApp、嶶信、QQ  → 俬信、裙發、轟怍 聯係 ✈️：Boss91M1
2022-10-26 23:42:40 → TG_88888 → Telegram、Skype、邮箱、WhatsApp、嶶信、QQ 专业代發广告 → 私信、群发、轰炸 联系 ✈️：Boss91M1
2022-10-26 23:42:56 → B0r2tKkfcugxOGI1 → 專業代發廣告 (Skype、Telegram、郵葙、WhatsApp、嶶信、QQ) 俬信、裙發、轰怍 聯係 ✈️：Boss91M1
2022-10-26 23:43:25 → weikang2020 → 邮箱、WhatsApp、Skype、Telegram、嶶信、QQ 专业代發广告 → 群发、私信、轰炸 联系 ✈️：Boss91M1
2022-10-26 23:44:48 → ayu12457 → 专业代發广告 Telegram、Skype、邮箱、WhatsApp、QQ、嶶信  → 私信、群发、轰炸 联系 ✈️：Boss91M1
2022-10-26 23:45:02 → tg771 → 私信、群发、轰炸 Telegram、Skype、邮箱、WhatsApp、微信、QQ  →  联系 ✈️：Boss91M1
2022-10-26 23:45:19 → bdzycom → 专业代發广告 Telegram、Skype、郵葙、WhatsApp、嶶信、QQ  → 俬信、裙發、轟怍 聯係 ✈️：Boss91M1
2022-10-26 23:45:58 → wwxcxinting → Telegram、Skype、郵葙、WhatsApp、嶶信、QQ  → 俬信、裙發、轟怍 聯係 ✈️：Boss91M1
2022-10-26 23:46:09 → TGlianmeng002 → Skype、Telegram、邮箱、WhatsApp、嶶信、QQ 专业代發广告 → 私信、群发、轰炸 联系 ✈️：Boss91M1
2022-10-26 23:46:20 → TGlianmeng002 → Telegram、Skype、邮箱、WhatsApp、嶶信、QQ 专业代發广告 → 私信、群发、轰炸 联系 ✈️：Boss91M1
2022-10-26 23:46:53 → -1001532469436 → 轰炸、私信、群发 Telegram、Skype、邮箱、WhatsApp、微信、QQ  →  联系 ✈️：Boss91M1
2022-10-26 23:47:08 → tg771 → Telegram、Skype、郵葙、WhatsApp、嶶信、QQ  → 俬信、裙發、轟怍 聯係 ✈️：Boss91M1
2022-10-26 23:47:20 → evilsquid → 專業代發廣告 (Telegram、Skype、郵葙、WhatsApp、嶶信、QQ) 俬信、裙發、轰怍 聯係 ✈️：Boss91M1
2022-10-26 23:47:31 → bailaohui_cvv → 邮箱、WhatsApp、Skype、Telegram、嶶信、QQ 专业代發广告 → 群发、私信、轰炸 联系 ✈️：Boss91M1
2022-10-26 23:48:05 → TGTRX123 → 私信、群发、轰炸 Telegram、Skype、邮箱、WhatsApp、微信、QQ  →  联系 ✈️：Boss91M1
2022-10-26 23:48:31 → Usdtbmw → 专业代發广告 Telegram、Skype、邮箱、WhatsApp、QQ、嶶信  → 私信、群发、轰炸 联系 ✈️：Boss91M1
2022-10-26 23:48:47 → shuju888666 → 专业代發广告 Telegram、Skype、郵葙、WhatsApp、嶶信、QQ  → 俬信、裙發、轟怍 聯係 ✈️：Boss91M1
2022-10-26 23:49:01 → TGHRTL → Telegram、Skype、郵葙、WhatsApp、嶶信、QQ  → 俬信、裙發、轟怍 聯係 ✈️：Boss91M1
2022-10-26 23:49:44 → dongnanyaliaotian → Telegram、Skype、郵葙、WhatsApp、嶶信、QQ  → 俬信、裙發、轟怍 聯係 ✈️：Boss91M1
2022-10-26 23:49:56 → TG166 → 專業代發廣告 (Telegram、Skype、郵葙、WhatsApp、嶶信、QQ) 俬信、裙發、轰怍 聯係 ✈️：Boss91M1
2022-10-26 23:50:13 → SHCPCO → Skype、Telegram、邮箱、WhatsApp、嶶信、QQ 专业代發广告 → 私信、群发、轰炸 联系 ✈️：Boss91M1
2022-10-26 23:51:01 → MDhuaren1 → 私信、群发、轰炸 Telegram、Skype、邮箱、WhatsApp、微信、QQ  →  联系 ✈️：Boss91M1
2022-10-26 23:51:41 → zzlsjbyq → 專業代發廣告 (Telegram、Skype、郵葙、WhatsApp、嶶信、QQ) 俬信、裙發、轰怍 聯係 ✈️：Boss91M1
2022-10-26 23:51:55 → maticnetwork_china → 专业代發广告 Telegram、Skype、郵葙、WhatsApp、嶶信、QQ  → 私信、群发、轰炸 联系 ✈️：Boss91M1
2022-10-26 23:52:06 → dyjiaoliu → Telegram、Skype、郵葙、WhatsApp、嶶信、QQ  → 俬信、裙發、轟怍 聯係 ✈️：Boss91M1
2022-10-26 23:52:42 → YCQGZ88888 → 邮箱、WhatsApp、Skype、Telegram、嶶信、QQ 专业代發广告 → 群发、私信、轰炸 联系 ✈️：Boss91M1
2022-10-26 23:52:55 → kkkttt369 → 专业代發广告 Telegram、Skype、邮箱、WhatsApp、QQ、嶶信  → 私信、群发、轰炸 联系 ✈️：Boss91M1
2022-10-26 23:53:54 → Usdtbmw → 轰炸、私信、群发 Telegram、Skype、邮箱、WhatsApp、微信、QQ  →  联系 ✈️：Boss91M1
2022-10-26 23:54:05 → hwzhifuxitongdajian → 专业代發广告 Telegram、Skype、郵葙、WhatsApp、嶶信、QQ  → 私信、群发、轰炸 联系 ✈️：Boss91M1
2022-10-26 23:54:20 → boss91MChannel → 专业代發广告 Telegram、Skype、邮箱、WhatsApp、QQ、嶶信  → 私信、群发、轰炸 联系 ✈️：Boss91M1
2022-10-26 23:55:02 → WKLhuaren → Skype、Telegram、邮箱、WhatsApp、嶶信、QQ 专业代發广告 → 私信、群发、轰炸 联系 ✈️：Boss91M1
2022-10-26 23:55:46 → tg771 → Telegram、Skype、邮箱、WhatsApp、嶶信、QQ 专业代發广告 → 私信、群发、轰炸 联系 ✈️：Boss91M1
2022-10-26 23:56:54 → goutui1113 → WhatsApp、Skype、Telegram、邮箱、嶶信、QQ 专业代發广告 → 私信、轰炸、群发 联系 ✈️：Boss91M1
2022-10-26 23:57:12 → YCQGZ88888 → 轰炸、私信、群发 Telegram、Skype、邮箱、WhatsApp、微信、QQ  →  联系 ✈️：Boss91M1
2022-10-26 23:57:27 → TGlianmeng002 → 群發、私信、轟炸 Telegram、Skype、郵箱、WhatsApp、微信、QQ  → 聯系 ✈️：Boss91M1
2022-10-26 23:58:05 → HuobiGlobal_zw → WhatsApp、Skype、Telegram、邮箱、嶶信、QQ 专业代發广告 → 私信、轰炸、群发 联系 ✈️：Boss91M1
2022-10-26 23:58:18 → TG5171 → 專業代發廣告 (Skype、Telegram、郵葙、WhatsApp、嶶信、QQ) 俬信、裙發、轰怍 聯係 ✈️：Boss91M1
2022-10-26 23:58:42 → x00008 → 私信、群发、轰炸 Telegram、Skype、邮箱、WhatsApp、微信、QQ  →  联系 ✈️：Boss91M1
2022-10-26 23:59:11 → zhongwen6 → Telegram、Skype、郵葙、WhatsApp、嶶信、QQ  → 俬信、裙發、轟怍 聯係 ✈️：Boss91M1
2022-10-26 23:59:28 → zzlsjbyq → 专业代發广告 Telegram、Skype、郵葙、WhatsApp、嶶信、QQ  → 私信、群发、轰炸 联系 ✈️：Boss91M1
2022-10-26 23:59:41 → TGlianmeng002 → WhatsApp、Skype、Telegram、邮箱、嶶信、QQ 专业代發广告 → 私信、轰炸、群发 联系 ✈️：Boss91M1