
2022-10-27 00:00:10 → 8216728738741 → qwerdt1 → 轰炸、私信、群发 Telegram、Skype、邮箱、WhatsApp、微信、QQ  →  联系 ✈️：Boss91M1
2022-10-27 00:00:25 → 8217019886215 → sunshineyyds → 私信、群发、轰炸 Telegram、Skype、邮箱、WhatsApp、微信、QQ  →  联系 ✈️：Boss91M1
2022-10-27 00:02:07 → 918265087243 → WKLhuaren → Skype、Telegram、邮箱、WhatsApp、嶶信、QQ 专业代發广告 → 私信、群发、轰炸 联系 ✈️：Boss91M1
2022-10-27 00:02:22 → 919482799261 → GTY002 → Telegram、Skype、邮箱、WhatsApp、嶶信、QQ 专业代發广告 → 私信、群发、轰炸 联系 ✈️：Boss91M1
2022-10-27 00:03:00 → 18382362995 → haven_global → 专业代發广告 Telegram、Skype、郵葙、WhatsApp、嶶信、QQ  → 私信、群发、轰炸 联系 ✈️：Boss91M1
2022-10-27 00:03:16 → 50496735993 → TG108 → 专业代發广告 Telegram、Skype、邮箱、WhatsApp、QQ、嶶信  → 私信、群发、轰炸 联系 ✈️：Boss91M1
2022-10-27 00:03:47 → 8215482371180 → dibaifa → 專業代發廣告 (Telegram、Skype、郵葙、WhatsApp、嶶信、QQ) 俬信、裙發、轰怍 聯係 ✈️：Boss91M1
2022-10-27 00:04:09 → 8215485360479 → liang1112233 → Telegram、Skype、邮箱、WhatsApp、嶶信、QQ 专业代發广告 → 私信、群发、轰炸 联系 ✈️：Boss91M1
2022-10-27 00:05:09 → 8217826052665 → dyjiaoliu → 邮箱、WhatsApp、Skype、Telegram、嶶信、QQ 专业代發广告 → 群发、私信、轰炸 联系 ✈️：Boss91M1
2022-10-27 00:05:40 → 918252478913 → TGTRX123 → 邮箱、WhatsApp、Skype、Telegram、嶶信、QQ 专业代發广告 → 群发、私信、轰炸 联系 ✈️：Boss91M1
2022-10-27 00:05:59 → 918252735048 → evilsquid → Telegram、Skype、邮箱、WhatsApp、嶶信、QQ 专业代發广告 → 私信、群发、轰炸 联系 ✈️：Boss91M1
2022-10-27 00:06:31 → 918265087243 → TGdanbao000 → WhatsApp、Skype、Telegram、邮箱、嶶信、QQ 专业代發广告 → 私信、轰炸、群发 联系 ✈️：Boss91M1
2022-10-27 00:06:48 → 919482799261 → taiguo001 → Telegram、Skype、邮箱、WhatsApp、嶶信、QQ 专业代發广告 → 私信、群发、轰炸 联系 ✈️：Boss91M1
2022-10-27 00:07:19 → 18382362995 → bailaohui_cvv → 專業代發廣告 (Telegram、Skype、郵葙、WhatsApp、嶶信、QQ) 俬信、裙發、轰怍 聯係 ✈️：Boss91M1
2022-10-27 00:07:31 → 50496735993 → TG110 → Skype、Telegram、邮箱、WhatsApp、嶶信、QQ 专业代發广告 → 私信、群发、轰炸 联系 ✈️：Boss91M1
2022-10-27 00:07:55 → 8212265543492 → bailaohui_cvv → Telegram、Skype、郵葙、WhatsApp、嶶信、QQ  → 俬信、裙發、轟怍 聯係 ✈️：Boss91M1
2022-10-27 00:08:21 → 8215482371180 → goutui1113 → Telegram、Skype、邮箱、WhatsApp、嶶信、QQ 专业代發广告 → 私信、群发、轰炸 联系 ✈️：Boss91M1
2022-10-27 00:08:37 → 8215483594842 → TGlianmeng002 → 專業代發廣告 (Telegram、Skype、郵葙、WhatsApp、嶶信、QQ) 俬信、裙發、轰怍 聯係 ✈️：Boss91M1
2022-10-27 00:08:56 → 8215793523536 → tcelue1 → Telegram、Skype、邮箱、WhatsApp、嶶信、QQ 专业代發广告 → 私信、群发、轰炸 联系 ✈️：Boss91M1
2022-10-27 00:09:23 → 8216728738741 → diyidaifu → 专业代發广告 Telegram、Skype、郵葙、WhatsApp、嶶信、QQ  → 俬信、裙發、轟怍 聯係 ✈️：Boss91M1
2022-10-27 00:09:40 → 8217019886215 → TG00016 → 专业代發广告 Telegram、Skype、邮箱、WhatsApp、QQ、嶶信  → 私信、群发、轰炸 联系 ✈️：Boss91M1
2022-10-27 00:09:55 → 8217826052665 → evilsquid → 专业代發广告 Telegram、Skype、郵葙、WhatsApp、嶶信、QQ  → 私信、群发、轰炸 联系 ✈️：Boss91M1
2022-10-27 00:10:08 → 8218458144893 → bailaohui_cvv → 邮箱、WhatsApp、Skype、Telegram、嶶信、QQ 专业代發广告 → 群发、私信、轰炸 联系 ✈️：Boss91M1
2022-10-27 00:10:42 → 918252478913 → weikang2020 → 邮箱、WhatsApp、Skype、Telegram、嶶信、QQ 专业代發广告 → 群发、私信、轰炸 联系 ✈️：Boss91M1
2022-10-27 00:11:14 → 918260862577 → TG166 → 群發、私信、轟炸 Telegram、Skype、郵箱、WhatsApp、微信、QQ  → 聯系 ✈️：Boss91M1
2022-10-27 00:11:46 → 919482799261 → TGlianmeng002 → 轰炸、私信、群发 Telegram、Skype、邮箱、WhatsApp、微信、QQ  →  联系 ✈️：Boss91M1
2022-10-27 00:12:37 → 8212265543492 → bdzycom → 邮箱、WhatsApp、Skype、Telegram、嶶信、QQ 专业代發广告 → 群发、私信、轰炸 联系 ✈️：Boss91M1
2022-10-27 00:13:04 → 8215482371180 → diyidaifu → 邮箱、WhatsApp、Skype、Telegram、嶶信、QQ 专业代發广告 → 群发、私信、轰炸 联系 ✈️：Boss91M1
2022-10-27 00:13:37 → 8215793523536 → SHCPCO → 专业代發广告 Telegram、Skype、邮箱、WhatsApp、QQ、嶶信  → 私信、群发、轰炸 联系 ✈️：Boss91M1
2022-10-27 00:13:50 → 8216317179895 → x00008 → Telegram、Skype、郵葙、WhatsApp、嶶信、QQ  → 俬信、裙發、轟怍 聯係 ✈️：Boss91M1
2022-10-27 00:14:47 → 918248953531 → YCQGZ88888 → 專業代發廣告 (Telegram、Skype、郵葙、WhatsApp、嶶信、QQ) 俬信、裙發、轰怍 聯係 ✈️：Boss91M1
2022-10-27 00:15:15 → 918252735048 → zhongwen6 → 群發、私信、轟炸 Telegram、Skype、郵箱、WhatsApp、微信、QQ  → 聯系 ✈️：Boss91M1
2022-10-27 00:15:44 → 918265087243 → YCQGZ88888 → Telegram、Skype、郵葙、WhatsApp、嶶信、QQ  → 俬信、裙發、轟怍 聯係 ✈️：Boss91M1
2022-10-27 00:16:38 → 50496735993 → boss91MChannel → 專業代發廣告 (Skype、Telegram、郵葙、WhatsApp、嶶信、QQ) 俬信、裙發、轰怍 聯係 ✈️：Boss91M1
2022-10-27 00:16:49 → 8212265543492 → TG166 → 專業代發廣告 (Telegram、Skype、郵葙、WhatsApp、嶶信、QQ) 俬信、裙發、轰怍 聯係 ✈️：Boss91M1
2022-10-27 00:17:02 → 8212265648329 → FQ3P3 → 專業代發廣告 (Skype、Telegram、郵葙、WhatsApp、嶶信、QQ) 俬信、裙發、轰怍 聯係 ✈️：Boss91M1
2022-10-27 00:17:31 → 8215485360479 → FHLMTEAM → Telegram、Skype、郵葙、WhatsApp、嶶信、QQ  → 俬信、裙發、轟怍 聯係 ✈️：Boss91M1
2022-10-27 00:17:43 → 8215793523536 → BKEXChinese → 轰炸、私信、群发 Telegram、Skype、邮箱、WhatsApp、微信、QQ  →  联系 ✈️：Boss91M1
2022-10-27 00:19:39 → 918260862577 → TG166 → 专业代發广告 Telegram、Skype、邮箱、WhatsApp、QQ、嶶信  → 私信、群发、轰炸 联系 ✈️：Boss91M1
2022-10-27 00:20:23 → 12032921790 → dongnanyaliaotian → 專業代發廣告 (Telegram、Skype、郵葙、WhatsApp、嶶信、QQ) 俬信、裙發、轰怍 聯係 ✈️：Boss91M1
2022-10-27 00:20:41 → 13462309531 → daifu76 → Skype、Telegram、邮箱、WhatsApp、嶶信、QQ 专业代發广告 → 私信、群发、轰炸 联系 ✈️：Boss91M1
2022-10-27 00:21:00 → 50496735993 → dongnanyaliaotian → Telegram、Skype、邮箱、WhatsApp、嶶信、QQ 专业代發广告 → 私信、群发、轰炸 联系 ✈️：Boss91M1
2022-10-27 00:21:16 → 8212265543492 → FHLMTEAM → 邮箱、WhatsApp、Skype、Telegram、嶶信、QQ 专业代發广告 → 群发、私信、轰炸 联系 ✈️：Boss91M1
2022-10-27 00:21:30 → 8212265648329 → SHCPCO → 群發、私信、轟炸 Telegram、Skype、郵箱、WhatsApp、微信、QQ  → 聯系 ✈️：Boss91M1
2022-10-27 00:21:45 → 8215482371180 → -1001615987555 → 邮箱、WhatsApp、Skype、Telegram、嶶信、QQ 专业代發广告 → 群发、私信、轰炸 联系 ✈️：Boss91M1
2022-10-27 00:23:09 → 8217826052665 → TGlianmeng002 → 專業代發廣告 (Skype、Telegram、郵葙、WhatsApp、嶶信、QQ) 俬信、裙發、轰怍 聯係 ✈️：Boss91M1
2022-10-27 00:23:30 → 918240446800 → Asiaweed → 邮箱、WhatsApp、Skype、Telegram、嶶信、QQ 专业代發广告 → 群发、私信、轰炸 联系 ✈️：Boss91M1
2022-10-27 00:24:30 → 919482799261 → xunhuanchuji → 邮箱、WhatsApp、Skype、Telegram、嶶信、QQ 专业代發广告 → 群发、私信、轰炸 联系 ✈️：Boss91M1
2022-10-27 00:25:19 → 18382362995 → CgzgXVAswFK_LGD → Skype、Telegram、邮箱、WhatsApp、嶶信、QQ 专业代發广告 → 私信、群发、轰炸 联系 ✈️：Boss91M1
2022-10-27 00:25:34 → 50496735993 → TG5171 → 轰炸、私信、群发 Telegram、Skype、邮箱、WhatsApp、微信、QQ  →  联系 ✈️：Boss91M1
2022-10-27 00:26:15 → 8215485360479 → liang1112233 → 專業代發廣告 (Telegram、Skype、郵葙、WhatsApp、嶶信、QQ) 俬信、裙發、轰怍 聯係 ✈️：Boss91M1
2022-10-27 00:26:30 → 8215793523536 → SHCPCO → 专业代發广告 Telegram、Skype、郵葙、WhatsApp、嶶信、QQ  → 俬信、裙發、轟怍 聯係 ✈️：Boss91M1
2022-10-27 00:26:57 → 8216728738741 → TG5171 → 私信、群发、轰炸 Telegram、Skype、邮箱、WhatsApp、微信、QQ  →  联系 ✈️：Boss91M1
2022-10-27 00:27:13 → 8217826052665 → TG108 → WhatsApp、Skype、Telegram、邮箱、嶶信、QQ 专业代發广告 → 私信、轰炸、群发 联系 ✈️：Boss91M1
2022-10-27 00:27:26 → 8218458144893 → dyjiaoliu → Telegram、Skype、邮箱、WhatsApp、嶶信、QQ 专业代發广告 → 私信、群发、轰炸 联系 ✈️：Boss91M1
2022-10-27 00:28:01 → 918252478913 → weikang2020 → Telegram、Skype、郵葙、WhatsApp、嶶信、QQ  → 俬信、裙發、轟怍 聯係 ✈️：Boss91M1
2022-10-27 00:28:19 → 918252735048 → zhongwen6 → Telegram、Skype、郵葙、WhatsApp、嶶信、QQ  → 俬信、裙發、轟怍 聯係 ✈️：Boss91M1
2022-10-27 00:28:31 → 918260862577 → Usdtbmw → 專業代發廣告 (Skype、Telegram、郵葙、WhatsApp、嶶信、QQ) 俬信、裙發、轰怍 聯係 ✈️：Boss91M1
2022-10-27 00:29:12 → 12032921790 → huanqian35 → 群發、私信、轟炸 Telegram、Skype、郵箱、WhatsApp、微信、QQ  → 聯系 ✈️：Boss91M1
2022-10-27 00:29:25 → 13462309531 → maticnetwork_china → WhatsApp、Skype、Telegram、邮箱、嶶信、QQ 专业代發广告 → 私信、轰炸、群发 联系 ✈️：Boss91M1
2022-10-27 00:29:46 → 50496735993 → kkkttt369 → 私信、群发、轰炸 Telegram、Skype、邮箱、WhatsApp、微信、QQ  →  联系 ✈️：Boss91M1
2022-10-27 00:30:03 → 8212265543492 → bailaohui_cvv → 轰炸、私信、群发 Telegram、Skype、邮箱、WhatsApp、微信、QQ  →  联系 ✈️：Boss91M1
2022-10-27 00:30:33 → 8215483594842 → dyjiaoliu → 專業代發廣告 (Skype、Telegram、郵葙、WhatsApp、嶶信、QQ) 俬信、裙發、轰怍 聯係 ✈️：Boss91M1
2022-10-27 00:30:48 → 8215485360479 → cyj58 → 专业代發广告 Telegram、Skype、郵葙、WhatsApp、嶶信、QQ  → 私信、群发、轰炸 联系 ✈️：Boss91M1
2022-10-27 00:31:19 → 8216728738741 → -1001532469436 → WhatsApp、Skype、Telegram、邮箱、嶶信、QQ 专业代發广告 → 私信、轰炸、群发 联系 ✈️：Boss91M1
2022-10-27 00:32:23 → 918252478913 → TGTRX123 → 专业代發广告 Telegram、Skype、邮箱、WhatsApp、QQ、嶶信  → 私信、群发、轰炸 联系 ✈️：Boss91M1
2022-10-27 00:32:38 → 918252735048 → goutui1113 → 邮箱、WhatsApp、Skype、Telegram、嶶信、QQ 专业代發广告 → 群发、私信、轰炸 联系 ✈️：Boss91M1
2022-10-27 00:33:20 → 919482799261 → Jiu9jiu99 → 专业代發广告 Telegram、Skype、邮箱、WhatsApp、QQ、嶶信  → 私信、群发、轰炸 联系 ✈️：Boss91M1
2022-10-27 00:34:04 → 18382362995 → huichanfushang2022015 → 专业代發广告 Telegram、Skype、郵葙、WhatsApp、嶶信、QQ  → 俬信、裙發、轟怍 聯係 ✈️：Boss91M1
2022-10-27 00:34:21 → 50496735993 → TG108 → 私信、群发、轰炸 Telegram、Skype、邮箱、WhatsApp、微信、QQ  →  联系 ✈️：Boss91M1
2022-10-27 00:34:39 → 8212265543492 → TG166 → Telegram、Skype、邮箱、WhatsApp、嶶信、QQ 专业代發广告 → 私信、群发、轰炸 联系 ✈️：Boss91M1
2022-10-27 00:34:55 → 8212265648329 → x00008 → 轰炸、私信、群发 Telegram、Skype、邮箱、WhatsApp、微信、QQ  →  联系 ✈️：Boss91M1
2022-10-27 00:35:09 → 8215482371180 → TG006 → Telegram、Skype、郵葙、WhatsApp、嶶信、QQ  → 俬信、裙發、轟怍 聯係 ✈️：Boss91M1
2022-10-27 00:35:32 → 8215485360479 → WKLhuaren → Telegram、Skype、邮箱、WhatsApp、嶶信、QQ 专业代發广告 → 私信、群发、轰炸 联系 ✈️：Boss91M1
2022-10-27 00:36:07 → 8216728738741 → dibaifa → 群發、私信、轟炸 Telegram、Skype、郵箱、WhatsApp、微信、QQ  → 聯系 ✈️：Boss91M1
2022-10-27 00:36:31 → 8217826052665 → ziyuan2 → 專業代發廣告 (Skype、Telegram、郵葙、WhatsApp、嶶信、QQ) 俬信、裙發、轰怍 聯係 ✈️：Boss91M1
2022-10-27 00:36:45 → 8218458144893 → bailaohui_cvv → Telegram、Skype、邮箱、WhatsApp、嶶信、QQ 专业代發广告 → 私信、群发、轰炸 联系 ✈️：Boss91M1
2022-10-27 00:37:37 → 918260862577 → kkkttt369 → 邮箱、WhatsApp、Skype、Telegram、嶶信、QQ 专业代發广告 → 群发、私信、轰炸 联系 ✈️：Boss91M1
2022-10-27 00:37:53 → 918265087243 → TGlianmeng002 → 私信、群发、轰炸 Telegram、Skype、邮箱、WhatsApp、微信、QQ  →  联系 ✈️：Boss91M1
2022-10-27 00:38:11 → 919482799261 → kaiyun8888888888 → Telegram、Skype、郵葙、WhatsApp、嶶信、QQ  → 俬信、裙發、轟怍 聯係 ✈️：Boss91M1
2022-10-27 00:38:40 → 18382362995 → FQ3P3 → 專業代發廣告 (Skype、Telegram、郵葙、WhatsApp、嶶信、QQ) 俬信、裙發、轰怍 聯係 ✈️：Boss91M1
2022-10-27 00:39:08 → 8212265543492 → FHLMTEAM → 專業代發廣告 (Skype、Telegram、郵葙、WhatsApp、嶶信、QQ) 俬信、裙發、轰怍 聯係 ✈️：Boss91M1
2022-10-27 00:39:25 → 8212265648329 → FQ3P3 → 专业代發广告 Telegram、Skype、郵葙、WhatsApp、嶶信、QQ  → 俬信、裙發、轟怍 聯係 ✈️：Boss91M1
2022-10-27 00:39:50 → 8215483594842 → TG108 → Telegram、Skype、郵葙、WhatsApp、嶶信、QQ  → 俬信、裙發、轟怍 聯係 ✈️：Boss91M1
2022-10-27 00:40:14 → 8215793523536 → BKEXChinese → 专业代發广告 Telegram、Skype、郵葙、WhatsApp、嶶信、QQ  → 私信、群发、轰炸 联系 ✈️：Boss91M1
2022-10-27 00:40:32 → 8216728738741 → TG108 → 專業代發廣告 (Telegram、Skype、郵葙、WhatsApp、嶶信、QQ) 俬信、裙發、轰怍 聯係 ✈️：Boss91M1
2022-10-27 00:40:49 → 8217019886215 → yuantoushuju4 → 專業代發廣告 (Skype、Telegram、郵葙、WhatsApp、嶶信、QQ) 俬信、裙發、轰怍 聯係 ✈️：Boss91M1
2022-10-27 00:41:56 → 918252735048 → kkkttt369 → Telegram、Skype、邮箱、WhatsApp、嶶信、QQ 专业代發广告 → 私信、群发、轰炸 联系 ✈️：Boss91M1
2022-10-27 00:42:43 → 12032921790 → qipaipan54 → 私信、群发、轰炸 Telegram、Skype、邮箱、WhatsApp、微信、QQ  →  联系 ✈️：Boss91M1
2022-10-27 00:43:07 → 18382362995 → -1001514684550 → 专业代發广告 Telegram、Skype、邮箱、WhatsApp、QQ、嶶信  → 私信、群发、轰炸 联系 ✈️：Boss91M1
2022-10-27 00:43:31 → 8212265543492 → bdzycom → 專業代發廣告 (Telegram、Skype、郵葙、WhatsApp、嶶信、QQ) 俬信、裙發、轰怍 聯係 ✈️：Boss91M1
2022-10-27 00:44:15 → 8215793523536 → tcelue1 → Telegram、Skype、郵葙、WhatsApp、嶶信、QQ  → 俬信、裙發、轟怍 聯係 ✈️：Boss91M1
2022-10-27 00:45:10 → 8218458144893 → dyjiaoliu → 邮箱、WhatsApp、Skype、Telegram、嶶信、QQ 专业代發广告 → 群发、私信、轰炸 联系 ✈️：Boss91M1
2022-10-27 00:46:00 → 918260862577 → Usdtbmw → 专业代發广告 Telegram、Skype、郵葙、WhatsApp、嶶信、QQ  → 私信、群发、轰炸 联系 ✈️：Boss91M1
2022-10-27 00:46:23 → 919482799261 → juyouge → 专业代發广告 Telegram、Skype、邮箱、WhatsApp、QQ、嶶信  → 私信、群发、轰炸 联系 ✈️：Boss91M1
2022-10-27 00:46:44 → 12032921790 → -1001389877728 → 專業代發廣告 (Telegram、Skype、郵葙、WhatsApp、嶶信、QQ) 俬信、裙發、轰怍 聯係 ✈️：Boss91M1
2022-10-27 00:47:08 → 18382362995 → RAINBOWCMMUNITY → Telegram、Skype、邮箱、WhatsApp、嶶信、QQ 专业代發广告 → 私信、群发、轰炸 联系 ✈️：Boss91M1
2022-10-27 00:47:35 → 8212265648329 → SHCPCO → 群發、私信、轟炸 Telegram、Skype、郵箱、WhatsApp、微信、QQ  → 聯系 ✈️：Boss91M1
2022-10-27 00:48:18 → 8215793523536 → TGlianmeng002 → Telegram、Skype、郵葙、WhatsApp、嶶信、QQ  → 俬信、裙發、轟怍 聯係 ✈️：Boss91M1
2022-10-27 00:48:35 → 8216317179895 → x00008 → 群發、私信、轟炸 Telegram、Skype、郵箱、WhatsApp、微信、QQ  → 聯系 ✈️：Boss91M1
2022-10-27 00:49:29 → 8218458144893 → ziyuan2 → Skype、Telegram、邮箱、WhatsApp、嶶信、QQ 专业代發广告 → 私信、群发、轰炸 联系 ✈️：Boss91M1
2022-10-27 00:50:22 → 918260862577 → kkkttt369 → 私信、群发、轰炸 Telegram、Skype、邮箱、WhatsApp、微信、QQ  →  联系 ✈️：Boss91M1
2022-10-27 00:50:45 → 919482799261 → MLWW00 → Skype、Telegram、邮箱、WhatsApp、嶶信、QQ 专业代發广告 → 私信、群发、轰炸 联系 ✈️：Boss91M1
2022-10-27 00:51:01 → 12032921790 → tongdao25 → 专业代發广告 Telegram、Skype、邮箱、WhatsApp、QQ、嶶信  → 私信、群发、轰炸 联系 ✈️：Boss91M1
2022-10-27 00:51:18 → 18382362995 → CgzgXVAswFK_ANU → 專業代發廣告 (Skype、Telegram、郵葙、WhatsApp、嶶信、QQ) 俬信、裙發、轰怍 聯係 ✈️：Boss91M1
2022-10-27 00:51:30 → 50496735993 → kkkttt369 → 私信、群发、轰炸 Telegram、Skype、邮箱、WhatsApp、微信、QQ  →  联系 ✈️：Boss91M1
2022-10-27 00:51:46 → 8212265543492 → FHLMTEAM → 专业代發广告 Telegram、Skype、邮箱、WhatsApp、QQ、嶶信  → 私信、群发、轰炸 联系 ✈️：Boss91M1
2022-10-27 00:52:13 → 8215482371180 → diyidaifu → 群發、私信、轟炸 Telegram、Skype、郵箱、WhatsApp、微信、QQ  → 聯系 ✈️：Boss91M1
2022-10-27 00:52:24 → 8215483594842 → dongnanyaliaotian → 专业代發广告 Telegram、Skype、郵葙、WhatsApp、嶶信、QQ  → 私信、群发、轰炸 联系 ✈️：Boss91M1
2022-10-27 00:52:40 → 8215485360479 → WKLhuaren → Skype、Telegram、邮箱、WhatsApp、嶶信、QQ 专业代發广告 → 私信、群发、轰炸 联系 ✈️：Boss91M1
2022-10-27 00:53:15 → 8217019886215 → TG00016 → 专业代發广告 Telegram、Skype、郵葙、WhatsApp、嶶信、QQ  → 私信、群发、轰炸 联系 ✈️：Boss91M1
2022-10-27 00:53:26 → 8217826052665 → TG108 → 專業代發廣告 (Telegram、Skype、郵葙、WhatsApp、嶶信、QQ) 俬信、裙發、轰怍 聯係 ✈️：Boss91M1
2022-10-27 00:54:31 → 918265087243 → WKLhuaren → 专业代發广告 Telegram、Skype、邮箱、WhatsApp、QQ、嶶信  → 私信、群发、轰炸 联系 ✈️：Boss91M1
2022-10-27 00:55:15 → 13462309531 → dyjiaoliu → 群發、私信、轟炸 Telegram、Skype、郵箱、WhatsApp、微信、QQ  → 聯系 ✈️：Boss91M1
2022-10-27 00:55:37 → 50496735993 → TG108 → 轰炸、私信、群发 Telegram、Skype、邮箱、WhatsApp、微信、QQ  →  联系 ✈️：Boss91M1
2022-10-27 00:55:54 → 8212265543492 → bdzycom → Telegram、Skype、邮箱、WhatsApp、嶶信、QQ 专业代發广告 → 私信、群发、轰炸 联系 ✈️：Boss91M1
2022-10-27 00:56:51 → 8215793523536 → BKEXChinese → 邮箱、WhatsApp、Skype、Telegram、嶶信、QQ 专业代發广告 → 群发、私信、轰炸 联系 ✈️：Boss91M1
2022-10-27 00:57:26 → 8217826052665 → dyjiaoliu → WhatsApp、Skype、Telegram、邮箱、嶶信、QQ 专业代發广告 → 私信、轰炸、群发 联系 ✈️：Boss91M1
2022-10-27 00:57:42 → 8218458144893 → bailaohui_cvv → 專業代發廣告 (Skype、Telegram、郵葙、WhatsApp、嶶信、QQ) 俬信、裙發、轰怍 聯係 ✈️：Boss91M1
2022-10-27 00:58:30 → 918260862577 → TG166 → 邮箱、WhatsApp、Skype、Telegram、嶶信、QQ 专业代發广告 → 群发、私信、轰炸 联系 ✈️：Boss91M1
2022-10-27 00:59:26 → 18382362995 → aiweisi888 → 專業代發廣告 (Telegram、Skype、郵葙、WhatsApp、嶶信、QQ) 俬信、裙發、轰怍 聯係 ✈️：Boss91M1
2022-10-27 00:59:46 → 8212265543492 → bailaohui_cvv → WhatsApp、Skype、Telegram、邮箱、嶶信、QQ 专业代發广告 → 私信、轰炸、群发 联系 ✈️：Boss91M1
2022-10-27 01:00:13 → 8215482371180 → dibaifa → Telegram、Skype、郵葙、WhatsApp、嶶信、QQ  → 俬信、裙發、轟怍 聯係 ✈️：Boss91M1
2022-10-27 01:00:24 → 8215483594842 → TGlianmeng002 → 私信、群发、轰炸 Telegram、Skype、邮箱、WhatsApp、微信、QQ  →  联系 ✈️：Boss91M1
2022-10-27 01:00:50 → 8216317179895 → x00008 → 轰炸、私信、群发 Telegram、Skype、邮箱、WhatsApp、微信、QQ  →  联系 ✈️：Boss91M1
2022-10-27 01:01:02 → 8216728738741 → TG088 → 专业代發广告 Telegram、Skype、郵葙、WhatsApp、嶶信、QQ  → 俬信、裙發、轟怍 聯係 ✈️：Boss91M1
2022-10-27 01:01:19 → 8217019886215 → sunshineyyds → Skype、Telegram、邮箱、WhatsApp、嶶信、QQ 专业代發广告 → 私信、群发、轰炸 联系 ✈️：Boss91M1
2022-10-27 01:02:08 → 918252478913 → TGTRX123 → WhatsApp、Skype、Telegram、邮箱、嶶信、QQ 专业代發广告 → 私信、轰炸、群发 联系 ✈️：Boss91M1
2022-10-27 01:03:05 → 12032921790 → wangzhuanusdt → WhatsApp、Skype、Telegram、邮箱、嶶信、QQ 专业代發广告 → 私信、轰炸、群发 联系 ✈️：Boss91M1
2022-10-27 01:03:26 → 18382362995 → tg771 → Telegram、Skype、郵葙、WhatsApp、嶶信、QQ  → 俬信、裙發、轟怍 聯係 ✈️：Boss91M1
2022-10-27 01:03:39 → 50496735993 → TG5171 → 轰炸、私信、群发 Telegram、Skype、邮箱、WhatsApp、微信、QQ  →  联系 ✈️：Boss91M1
2022-10-27 01:03:50 → 8212265543492 → TG166 → Skype、Telegram、邮箱、WhatsApp、嶶信、QQ 专业代發广告 → 私信、群发、轰炸 联系 ✈️：Boss91M1
2022-10-27 01:04:06 → 8212265648329 → x00008 → 專業代發廣告 (Telegram、Skype、郵葙、WhatsApp、嶶信、QQ) 俬信、裙發、轰怍 聯係 ✈️：Boss91M1
2022-10-27 01:04:19 → 8215482371180 → goutui1113 → 私信、群发、轰炸 Telegram、Skype、邮箱、WhatsApp、微信、QQ  →  联系 ✈️：Boss91M1
2022-10-27 01:04:36 → 8215483594842 → TG108 → Telegram、Skype、邮箱、WhatsApp、嶶信、QQ 专业代發广告 → 私信、群发、轰炸 联系 ✈️：Boss91M1
2022-10-27 01:04:59 → 8215793523536 → SHCPCO → Telegram、Skype、郵葙、WhatsApp、嶶信、QQ  → 俬信、裙發、轟怍 聯係 ✈️：Boss91M1
2022-10-27 01:05:31 → 8217019886215 → guangdongyue → 专业代發广告 Telegram、Skype、郵葙、WhatsApp、嶶信、QQ  → 俬信、裙發、轟怍 聯係 ✈️：Boss91M1
2022-10-27 01:07:46 → 50496735993 → dongnanyaliaotian → Telegram、Skype、邮箱、WhatsApp、嶶信、QQ 专业代發广告 → 私信、群发、轰炸 联系 ✈️：Boss91M1
2022-10-27 01:08:23 → 8215483594842 → dyjiaoliu → 專業代發廣告 (Skype、Telegram、郵葙、WhatsApp、嶶信、QQ) 俬信、裙發、轰怍 聯係 ✈️：Boss91M1
2022-10-27 01:08:56 → 8215793523536 → TGlianmeng002 → 邮箱、WhatsApp、Skype、Telegram、嶶信、QQ 专业代發广告 → 群发、私信、轰炸 联系 ✈️：Boss91M1
2022-10-27 01:09:20 → 8216728738741 → dibaifa → WhatsApp、Skype、Telegram、邮箱、嶶信、QQ 专业代發广告 → 私信、轰炸、群发 联系 ✈️：Boss91M1
2022-10-27 01:09:52 → 8218458144893 → dyjiaoliu → 私信、群发、轰炸 Telegram、Skype、邮箱、WhatsApp、微信、QQ  →  联系 ✈️：Boss91M1
2022-10-27 01:11:19 → 919482799261 → -1001882703700 → 专业代發广告 Telegram、Skype、郵葙、WhatsApp、嶶信、QQ  → 私信、群发、轰炸 联系 ✈️：Boss91M1
2022-10-27 01:11:38 → 12032921790 → TG96110 → Telegram、Skype、邮箱、WhatsApp、嶶信、QQ 专业代發广告 → 私信、群发、轰炸 联系 ✈️：Boss91M1
2022-10-27 01:11:59 → 18382362995 → YYL001 → Skype、Telegram、邮箱、WhatsApp、嶶信、QQ 专业代發广告 → 私信、群发、轰炸 联系 ✈️：Boss91M1
2022-10-27 01:12:24 → 8212265543492 → bailaohui_cvv → 專業代發廣告 (Skype、Telegram、郵葙、WhatsApp、嶶信、QQ) 俬信、裙發、轰怍 聯係 ✈️：Boss91M1
2022-10-27 01:12:49 → 8215482371180 → TG006 → Skype、Telegram、邮箱、WhatsApp、嶶信、QQ 专业代發广告 → 私信、群发、轰炸 联系 ✈️：Boss91M1
2022-10-27 01:13:04 → 8215483594842 → zhongwen6 → 专业代發广告 Telegram、Skype、邮箱、WhatsApp、QQ、嶶信  → 私信、群发、轰炸 联系 ✈️：Boss91M1
2022-10-27 01:13:51 → 8216728738741 → TG5171 → Telegram、Skype、郵葙、WhatsApp、嶶信、QQ  → 俬信、裙發、轟怍 聯係 ✈️：Boss91M1
2022-10-27 01:14:17 → 8218458144893 → bailaohui_cvv → 群發、私信、轟炸 Telegram、Skype、郵箱、WhatsApp、微信、QQ  → 聯系 ✈️：Boss91M1
2022-10-27 01:15:06 → 918265087243 → WKLhuaren → 私信、群发、轰炸 Telegram、Skype、邮箱、WhatsApp、微信、QQ  →  联系 ✈️：Boss91M1
2022-10-27 01:15:25 → 919482799261 → taiguo001 → Telegram、Skype、邮箱、WhatsApp、嶶信、QQ 专业代發广告 → 私信、群发、轰炸 联系 ✈️：Boss91M1
2022-10-27 01:16:10 → 50496735993 → boss91MChannel → 专业代發广告 Telegram、Skype、邮箱、WhatsApp、QQ、嶶信  → 私信、群发、轰炸 联系 ✈️：Boss91M1
2022-10-27 01:16:20 → 8212265543492 → TG166 → 专业代發广告 Telegram、Skype、邮箱、WhatsApp、QQ、嶶信  → 私信、群发、轰炸 联系 ✈️：Boss91M1
2022-10-27 01:17:19 → 8215485360479 → cyj58 → Telegram、Skype、郵葙、WhatsApp、嶶信、QQ  → 俬信、裙發、轟怍 聯係 ✈️：Boss91M1
2022-10-27 01:17:57 → 8216728738741 → -1001532469436 → Skype、Telegram、邮箱、WhatsApp、嶶信、QQ 专业代發广告 → 私信、群发、轰炸 联系 ✈️：Boss91M1
2022-10-27 01:18:14 → 8217826052665 → TG108 → 專業代發廣告 (Skype、Telegram、郵葙、WhatsApp、嶶信、QQ) 俬信、裙發、轰怍 聯係 ✈️：Boss91M1
2022-10-27 01:18:55 → 918252478913 → TGTRX123 → 专业代發广告 Telegram、Skype、邮箱、WhatsApp、QQ、嶶信  → 私信、群发、轰炸 联系 ✈️：Boss91M1
2022-10-27 01:19:29 → 919482799261 → xmarspace → 专业代發广告 Telegram、Skype、邮箱、WhatsApp、QQ、嶶信  → 私信、群发、轰炸 联系 ✈️：Boss91M1
2022-10-27 01:19:47 → 12032921790 → -1001389877728 → 专业代發广告 Telegram、Skype、郵葙、WhatsApp、嶶信、QQ  → 私信、群发、轰炸 联系 ✈️：Boss91M1
2022-10-27 01:20:38 → 8212265543492 → bdzycom → Skype、Telegram、邮箱、WhatsApp、嶶信、QQ 专业代發广告 → 私信、群发、轰炸 联系 ✈️：Boss91M1
2022-10-27 01:20:52 → 8212265648329 → FQ3P3 → 轰炸、私信、群发 Telegram、Skype、邮箱、WhatsApp、微信、QQ  →  联系 ✈️：Boss91M1
2022-10-27 01:21:19 → 8215485360479 → FHLMTEAM → WhatsApp、Skype、Telegram、邮箱、嶶信、QQ 专业代發广告 → 私信、轰炸、群发 联系 ✈️：Boss91M1
2022-10-27 01:21:45 → 8216728738741 → TG108 → 專業代發廣告 (Skype、Telegram、郵葙、WhatsApp、嶶信、QQ) 俬信、裙發、轰怍 聯係 ✈️：Boss91M1
2022-10-27 01:21:56 → 8217019886215 → guangdongyue → 专业代發广告 Telegram、Skype、邮箱、WhatsApp、QQ、嶶信  → 私信、群发、轰炸 联系 ✈️：Boss91M1
2022-10-27 01:22:55 → 918265087243 → shuju888666 → 专业代發广告 Telegram、Skype、郵葙、WhatsApp、嶶信、QQ  → 俬信、裙發、轟怍 聯係 ✈️：Boss91M1
2022-10-27 01:23:43 → 18382362995 → DBNBTA2 → 群發、私信、轟炸 Telegram、Skype、郵箱、WhatsApp、微信、QQ  → 聯系 ✈️：Boss91M1
2022-10-27 01:24:11 → 8212265648329 → SHCPCO → 專業代發廣告 (Skype、Telegram、郵葙、WhatsApp、嶶信、QQ) 俬信、裙發、轰怍 聯係 ✈️：Boss91M1
2022-10-27 01:24:28 → 8215482371180 → -1001615987555 → WhatsApp、Skype、Telegram、邮箱、嶶信、QQ 专业代發广告 → 私信、轰炸、群发 联系 ✈️：Boss91M1
2022-10-27 01:25:17 → 8216728738741 → diyidaifu → 专业代發广告 Telegram、Skype、邮箱、WhatsApp、QQ、嶶信  → 私信、群发、轰炸 联系 ✈️：Boss91M1
2022-10-27 01:26:21 → 918265087243 → TGlianmeng002 → 专业代發广告 Telegram、Skype、郵葙、WhatsApp、嶶信、QQ  → 俬信、裙發、轟怍 聯係 ✈️：Boss91M1
2022-10-27 01:26:42 → 12032921790 → dahe_80_ariyanm → 專業代發廣告 (Skype、Telegram、郵葙、WhatsApp、嶶信、QQ) 俬信、裙發、轰怍 聯係 ✈️：Boss91M1
2022-10-27 01:26:58 → 13462309531 → dongnanyaliaotian → 邮箱、WhatsApp、Skype、Telegram、嶶信、QQ 专业代發广告 → 群发、私信、轰炸 联系 ✈️：Boss91M1
2022-10-27 01:27:20 → 18382362995 → shuju888666 → 專業代發廣告 (Skype、Telegram、郵葙、WhatsApp、嶶信、QQ) 俬信、裙發、轰怍 聯係 ✈️：Boss91M1
2022-10-27 01:27:54 → 8215483594842 → CDshouchang4 → Telegram、Skype、邮箱、WhatsApp、嶶信、QQ 专业代發广告 → 私信、群发、轰炸 联系 ✈️：Boss91M1
2022-10-27 01:28:14 → 8215793523536 → SHCPCO → 轰炸、私信、群发 Telegram、Skype、邮箱、WhatsApp、微信、QQ  →  联系 ✈️：Boss91M1
2022-10-27 01:30:48 → 18382362995 → shore599 → WhatsApp、Skype、Telegram、邮箱、嶶信、QQ 专业代發广告 → 私信、轰炸、群发 联系 ✈️：Boss91M1
2022-10-27 01:31:30 → 8215483594842 → shuju888666 → 邮箱、WhatsApp、Skype、Telegram、嶶信、QQ 专业代發广告 → 群发、私信、轰炸 联系 ✈️：Boss91M1
2022-10-27 01:33:01 → 8218458144893 → bailaohui_cvv → 专业代發广告 Telegram、Skype、郵葙、WhatsApp、嶶信、QQ  → 俬信、裙發、轟怍 聯係 ✈️：Boss91M1
2022-10-27 01:33:39 → 918252478913 → TGTRX123 → 专业代發广告 Telegram、Skype、郵葙、WhatsApp、嶶信、QQ  → 私信、群发、轰炸 联系 ✈️：Boss91M1
2022-10-27 01:34:05 → 919482799261 → jiqiren886 → 专业代發广告 Telegram、Skype、郵葙、WhatsApp、嶶信、QQ  → 俬信、裙發、轟怍 聯係 ✈️：Boss91M1
2022-10-27 01:34:24 → 12032921790 → yuantoushuju4 → WhatsApp、Skype、Telegram、邮箱、嶶信、QQ 专业代發广告 → 私信、轰炸、群发 联系 ✈️：Boss91M1
2022-10-27 01:34:53 → 18382362995 → tuishouLL01 → 專業代發廣告 (Skype、Telegram、郵葙、WhatsApp、嶶信、QQ) 俬信、裙發、轰怍 聯係 ✈️：Boss91M1
2022-10-27 01:35:10 → 8212265543492 → TG166 → Skype、Telegram、邮箱、WhatsApp、嶶信、QQ 专业代發广告 → 私信、群发、轰炸 联系 ✈️：Boss91M1
2022-10-27 01:35:24 → 8212265648329 → FQ3P3 → 专业代發广告 Telegram、Skype、郵葙、WhatsApp、嶶信、QQ  → 私信、群发、轰炸 联系 ✈️：Boss91M1
2022-10-27 01:35:39 → 8215482371180 → TG006 → 私信、群发、轰炸 Telegram、Skype、邮箱、WhatsApp、微信、QQ  →  联系 ✈️：Boss91M1
2022-10-27 01:35:51 → 8215483594842 → wwxcxinting → 专业代發广告 Telegram、Skype、邮箱、WhatsApp、QQ、嶶信  → 私信、群发、轰炸 联系 ✈️：Boss91M1
2022-10-27 01:36:03 → 8215793523536 → BKEXChinese → 群發、私信、轟炸 Telegram、Skype、郵箱、WhatsApp、微信、QQ  → 聯系 ✈️：Boss91M1
2022-10-27 01:36:30 → 8217019886215 → TG00016 → Telegram、Skype、邮箱、WhatsApp、嶶信、QQ 专业代發广告 → 私信、群发、轰炸 联系 ✈️：Boss91M1
2022-10-27 01:36:41 → 8217826052665 → dyjiaoliu → 專業代發廣告 (Skype、Telegram、郵葙、WhatsApp、嶶信、QQ) 俬信、裙發、轰怍 聯係 ✈️：Boss91M1
2022-10-27 01:36:59 → 8218458144893 → dyjiaoliu → 私信、群发、轰炸 Telegram、Skype、邮箱、WhatsApp、微信、QQ  →  联系 ✈️：Boss91M1
2022-10-27 01:37:56 → 919482799261 → TGlianmeng002 → 專業代發廣告 (Telegram、Skype、郵葙、WhatsApp、嶶信、QQ) 俬信、裙發、轰怍 聯係 ✈️：Boss91M1
2022-10-27 01:38:29 → 8212265543492 → bdzycom → Skype、Telegram、邮箱、WhatsApp、嶶信、QQ 专业代發广告 → 私信、群发、轰炸 联系 ✈️：Boss91M1
2022-10-27 01:41:44 → 8212265543492 → bailaohui_cvv → Skype、Telegram、邮箱、WhatsApp、嶶信、QQ 专业代發广告 → 私信、群发、轰炸 联系 ✈️：Boss91M1
2022-10-27 01:41:55 → 8212265648329 → x00008 → 专业代發广告 Telegram、Skype、郵葙、WhatsApp、嶶信、QQ  → 俬信、裙發、轟怍 聯係 ✈️：Boss91M1
2022-10-27 01:42:06 → 8215482371180 → goutui1113 → 群發、私信、轟炸 Telegram、Skype、郵箱、WhatsApp、微信、QQ  → 聯系 ✈️：Boss91M1
2022-10-27 01:42:28 → 8215793523536 → TGlianmeng002 → Telegram、Skype、郵葙、WhatsApp、嶶信、QQ  → 俬信、裙發、轟怍 聯係 ✈️：Boss91M1
2022-10-27 01:42:57 → 8217019886215 → sunshineyyds → Telegram、Skype、邮箱、WhatsApp、嶶信、QQ 专业代發广告 → 私信、群发、轰炸 联系 ✈️：Boss91M1
2022-10-27 01:43:45 → 918265087243 → WKLhuaren → 專業代發廣告 (Telegram、Skype、郵葙、WhatsApp、嶶信、QQ) 俬信、裙發、轰怍 聯係 ✈️：Boss91M1
2022-10-27 01:43:57 → 919482799261 → bk33333 → Skype、Telegram、邮箱、WhatsApp、嶶信、QQ 专业代發广告 → 私信、群发、轰炸 联系 ✈️：Boss91M1
2022-10-27 01:44:33 → 18382362995 → maticnetwork_china → 邮箱、WhatsApp、Skype、Telegram、嶶信、QQ 专业代發广告 → 群发、私信、轰炸 联系 ✈️：Boss91M1
2022-10-27 01:45:32 → 8216728738741 → TG108 → 專業代發廣告 (Skype、Telegram、郵葙、WhatsApp、嶶信、QQ) 俬信、裙發、轰怍 聯係 ✈️：Boss91M1
2022-10-27 01:47:33 → 18382362995 → dayofdefeatCN → 轰炸、私信、群发 Telegram、Skype、邮箱、WhatsApp、微信、QQ  →  联系 ✈️：Boss91M1
2022-10-27 01:47:56 → 8212265648329 → SHCPCO → 群發、私信、轟炸 Telegram、Skype、郵箱、WhatsApp、微信、QQ  → 聯系 ✈️：Boss91M1
2022-10-27 01:48:12 → 8215482371180 → diyidaifu → 專業代發廣告 (Skype、Telegram、郵葙、WhatsApp、嶶信、QQ) 俬信、裙發、轰怍 聯係 ✈️：Boss91M1
2022-10-27 01:49:00 → 8216728738741 → dibaifa → Telegram、Skype、郵葙、WhatsApp、嶶信、QQ  → 俬信、裙發、轟怍 聯係 ✈️：Boss91M1
2022-10-27 01:49:26 → 8217826052665 → CDshouchang4 → 专业代發广告 Telegram、Skype、郵葙、WhatsApp、嶶信、QQ  → 俬信、裙發、轟怍 聯係 ✈️：Boss91M1
2022-10-27 01:49:38 → 8218458144893 → bailaohui_cvv → 專業代發廣告 (Telegram、Skype、郵葙、WhatsApp、嶶信、QQ) 俬信、裙發、轰怍 聯係 ✈️：Boss91M1
2022-10-27 01:50:46 → 919482799261 → jiqiren886 → 轰炸、私信、群发 Telegram、Skype、邮箱、WhatsApp、微信、QQ  →  联系 ✈️：Boss91M1
2022-10-27 01:50:58 → 12032921790 → TG1949521 → 轰炸、私信、群发 Telegram、Skype、邮箱、WhatsApp、微信、QQ  →  联系 ✈️：Boss91M1
2022-10-27 01:51:47 → 8212265543492 → bdzycom → 專業代發廣告 (Telegram、Skype、郵葙、WhatsApp、嶶信、QQ) 俬信、裙發、轰怍 聯係 ✈️：Boss91M1
2022-10-27 01:52:11 → 8215482371180 → -1001615987555 → 专业代發广告 Telegram、Skype、郵葙、WhatsApp、嶶信、QQ  → 私信、群发、轰炸 联系 ✈️：Boss91M1
2022-10-27 01:52:27 → 8215483594842 → dongnanyaliaotian → Skype、Telegram、邮箱、WhatsApp、嶶信、QQ 专业代發广告 → 私信、群发、轰炸 联系 ✈️：Boss91M1
2022-10-27 01:52:44 → 8215793523536 → BKEXChinese → 专业代發广告 Telegram、Skype、郵葙、WhatsApp、嶶信、QQ  → 私信、群发、轰炸 联系 ✈️：Boss91M1
2022-10-27 01:53:25 → 8217826052665 → dyjiaoliu → 專業代發廣告 (Skype、Telegram、郵葙、WhatsApp、嶶信、QQ) 俬信、裙發、轰怍 聯係 ✈️：Boss91M1
2022-10-27 01:53:36 → 8218458144893 → ziyuan2 → Telegram、Skype、郵葙、WhatsApp、嶶信、QQ  → 俬信、裙發、轟怍 聯係 ✈️：Boss91M1
2022-10-27 01:54:05 → 918252478913 → TGTRX123 → 專業代發廣告 (Telegram、Skype、郵葙、WhatsApp、嶶信、QQ) 俬信、裙發、轰怍 聯係 ✈️：Boss91M1
2022-10-27 01:54:32 → 919482799261 → -1001882703700 → 专业代發广告 Telegram、Skype、郵葙、WhatsApp、嶶信、QQ  → 私信、群发、轰炸 联系 ✈️：Boss91M1
2022-10-27 01:54:51 → 12032921790 → Asiaweed → 专业代發广告 Telegram、Skype、郵葙、WhatsApp、嶶信、QQ  → 私信、群发、轰炸 联系 ✈️：Boss91M1
2022-10-27 01:55:04 → 13462309531 → phbbs → Skype、Telegram、邮箱、WhatsApp、嶶信、QQ 专业代發广告 → 私信、群发、轰炸 联系 ✈️：Boss91M1
2022-10-27 01:55:16 → 18382362995 → HWDBQ → 專業代發廣告 (Telegram、Skype、郵葙、WhatsApp、嶶信、QQ) 俬信、裙發、轰怍 聯係 ✈️：Boss91M1
2022-10-27 01:55:26 → 8212265543492 → TG166 → 專業代發廣告 (Skype、Telegram、郵葙、WhatsApp、嶶信、QQ) 俬信、裙發、轰怍 聯係 ✈️：Boss91M1
2022-10-27 01:55:42 → 8212265648329 → x00008 → 邮箱、WhatsApp、Skype、Telegram、嶶信、QQ 专业代發广告 → 群发、私信、轰炸 联系 ✈️：Boss91M1
2022-10-27 01:55:54 → 8215482371180 → dibaifa → WhatsApp、Skype、Telegram、邮箱、嶶信、QQ 专业代發广告 → 私信、轰炸、群发 联系 ✈️：Boss91M1
2022-10-27 01:57:51 → 12032921790 → shuju888666 → 专业代發广告 Telegram、Skype、郵葙、WhatsApp、嶶信、QQ  → 俬信、裙發、轟怍 聯係 ✈️：Boss91M1
2022-10-27 01:58:21 → 8212265543492 → bailaohui_cvv → 专业代發广告 Telegram、Skype、邮箱、WhatsApp、QQ、嶶信  → 私信、群发、轰炸 联系 ✈️：Boss91M1
2022-10-27 01:58:33 → 8212265648329 → FQ3P3 → Telegram、Skype、郵葙、WhatsApp、嶶信、QQ  → 俬信、裙發、轟怍 聯係 ✈️：Boss91M1
2022-10-27 01:59:00 → 8215483594842 → zhongwen6 → WhatsApp、Skype、Telegram、邮箱、嶶信、QQ 专业代發广告 → 私信、轰炸、群发 联系 ✈️：Boss91M1
2022-10-27 01:59:46 → 8217019886215 → yuantoushuju4 → 专业代發广告 Telegram、Skype、郵葙、WhatsApp、嶶信、QQ  → 俬信、裙發、轟怍 聯係 ✈️：Boss91M1
2022-10-27 02:00:10 → 8218458144893 → bailaohui_cvv → 专业代發广告 Telegram、Skype、郵葙、WhatsApp、嶶信、QQ  → 私信、群发、轰炸 联系 ✈️：Boss91M1
2022-10-27 02:00:48 → 918265087243 → WKLhuaren → WhatsApp、Skype、Telegram、邮箱、嶶信、QQ 专业代發广告 → 私信、轰炸、群发 联系 ✈️：Boss91M1
2022-10-27 02:01:36 → 13462309531 → bailaohui_cvv → 专业代發广告 Telegram、Skype、邮箱、WhatsApp、QQ、嶶信  → 私信、群发、轰炸 联系 ✈️：Boss91M1
2022-10-27 02:02:30 → 8215793523536 → SHCPCO → 專業代發廣告 (Telegram、Skype、郵葙、WhatsApp、嶶信、QQ) 俬信、裙發、轰怍 聯係 ✈️：Boss91M1
2022-10-27 02:02:52 → 8216728738741 → TG5171 → 邮箱、WhatsApp、Skype、Telegram、嶶信、QQ 专业代發广告 → 群发、私信、轰炸 联系 ✈️：Boss91M1
2022-10-27 02:03:06 → 8217019886215 → guangdongyue → 轰炸、私信、群发 Telegram、Skype、邮箱、WhatsApp、微信、QQ  →  联系 ✈️：Boss91M1
2022-10-27 02:03:18 → 8217826052665 → TG108 → 邮箱、WhatsApp、Skype、Telegram、嶶信、QQ 专业代發广告 → 群发、私信、轰炸 联系 ✈️：Boss91M1
2022-10-27 02:03:34 → 8218458144893 → dyjiaoliu → 私信、群发、轰炸 Telegram、Skype、邮箱、WhatsApp、微信、QQ  →  联系 ✈️：Boss91M1
2022-10-27 02:04:37 → 12032921790 → dyjiaoliu → Skype、Telegram、邮箱、WhatsApp、嶶信、QQ 专业代發广告 → 私信、群发、轰炸 联系 ✈️：Boss91M1
2022-10-27 02:05:45 → 8215483594842 → dyjiaoliu → 私信、群发、轰炸 Telegram、Skype、邮箱、WhatsApp、微信、QQ  →  联系 ✈️：Boss91M1
2022-10-27 02:05:56 → 8215793523536 → TGlianmeng002 → WhatsApp、Skype、Telegram、邮箱、嶶信、QQ 专业代發广告 → 私信、轰炸、群发 联系 ✈️：Boss91M1
2022-10-27 02:06:23 → 8216728738741 → diyidaifu → 专业代發广告 Telegram、Skype、邮箱、WhatsApp、QQ、嶶信  → 私信、群发、轰炸 联系 ✈️：Boss91M1
2022-10-27 02:06:42 → 8217826052665 → ziyuan2 → 專業代發廣告 (Telegram、Skype、郵葙、WhatsApp、嶶信、QQ) 俬信、裙發、轰怍 聯係 ✈️：Boss91M1
2022-10-27 02:08:17 → 13462309531 → TG166 → 邮箱、WhatsApp、Skype、Telegram、嶶信、QQ 专业代發广告 → 群发、私信、轰炸 联系 ✈️：Boss91M1
2022-10-27 02:08:31 → 18382362995 → xmarspace → 專業代發廣告 (Telegram、Skype、郵葙、WhatsApp、嶶信、QQ) 俬信、裙發、轰怍 聯係 ✈️：Boss91M1
2022-10-27 02:08:44 → 8212265543492 → TG166 → 群發、私信、轟炸 Telegram、Skype、郵箱、WhatsApp、微信、QQ  → 聯系 ✈️：Boss91M1
2022-10-27 02:09:07 → 8215482371180 → diyidaifu → 专业代發广告 Telegram、Skype、郵葙、WhatsApp、嶶信、QQ  → 私信、群发、轰炸 联系 ✈️：Boss91M1
2022-10-27 02:09:19 → 8215483594842 → wwxcxinting → Telegram、Skype、邮箱、WhatsApp、嶶信、QQ 专业代發广告 → 私信、群发、轰炸 联系 ✈️：Boss91M1
2022-10-27 02:09:58 → 8216728738741 → TG088 → 群發、私信、轟炸 Telegram、Skype、郵箱、WhatsApp、微信、QQ  → 聯系 ✈️：Boss91M1
2022-10-27 02:11:11 → 919482799261 → bk33333 → Telegram、Skype、郵葙、WhatsApp、嶶信、QQ  → 俬信、裙發、轟怍 聯係 ✈️：Boss91M1
2022-10-27 02:11:47 → 18382362995 → aiweisi888 → 群發、私信、轟炸 Telegram、Skype、郵箱、WhatsApp、微信、QQ  → 聯系 ✈️：Boss91M1
2022-10-27 02:12:02 → 8212265543492 → bdzycom → 專業代發廣告 (Skype、Telegram、郵葙、WhatsApp、嶶信、QQ) 俬信、裙發、轰怍 聯係 ✈️：Boss91M1
2022-10-27 02:12:18 → 8212265648329 → SHCPCO → 专业代發广告 Telegram、Skype、郵葙、WhatsApp、嶶信、QQ  → 私信、群发、轰炸 联系 ✈️：Boss91M1
2022-10-27 02:12:32 → 8215482371180 → goutui1113 → Skype、Telegram、邮箱、WhatsApp、嶶信、QQ 专业代發广告 → 私信、群发、轰炸 联系 ✈️：Boss91M1
2022-10-27 02:14:47 → 919482799261 → xunhuanchuji → 专业代發广告 Telegram、Skype、郵葙、WhatsApp、嶶信、QQ  → 俬信、裙發、轟怍 聯係 ✈️：Boss91M1
2022-10-27 02:15:23 → 8212265543492 → bailaohui_cvv → 邮箱、WhatsApp、Skype、Telegram、嶶信、QQ 专业代發广告 → 群发、私信、轰炸 联系 ✈️：Boss91M1
2022-10-27 02:16:05 → 8215793523536 → BKEXChinese → 轰炸、私信、群发 Telegram、Skype、邮箱、WhatsApp、微信、QQ  →  联系 ✈️：Boss91M1
2022-10-27 02:16:25 → 8216728738741 → -1001532469436 → 专业代發广告 Telegram、Skype、邮箱、WhatsApp、QQ、嶶信  → 私信、群发、轰炸 联系 ✈️：Boss91M1
2022-10-27 02:16:38 → 8217019886215 → TG00016 → 私信、群发、轰炸 Telegram、Skype、邮箱、WhatsApp、微信、QQ  →  联系 ✈️：Boss91M1
2022-10-27 02:17:44 → 919482799261 → TGlianmeng002 → 群發、私信、轟炸 Telegram、Skype、郵箱、WhatsApp、微信、QQ  → 聯系 ✈️：Boss91M1
2022-10-27 02:18:38 → 8215482371180 → dibaifa → 私信、群发、轰炸 Telegram、Skype、邮箱、WhatsApp、微信、QQ  →  联系 ✈️：Boss91M1
2022-10-27 02:18:55 → 8215793523536 → SHCPCO → 专业代發广告 Telegram、Skype、郵葙、WhatsApp、嶶信、QQ  → 私信、群发、轰炸 联系 ✈️：Boss91M1
2022-10-27 02:19:42 → 8217826052665 → dyjiaoliu → 私信、群发、轰炸 Telegram、Skype、邮箱、WhatsApp、微信、QQ  →  联系 ✈️：Boss91M1
2022-10-27 02:20:48 → 919482799261 → Jiu9jiu99 → WhatsApp、Skype、Telegram、邮箱、嶶信、QQ 专业代發广告 → 私信、轰炸、群发 联系 ✈️：Boss91M1
2022-10-27 02:21:21 → 13462309531 → TG1949521 → 专业代發广告 Telegram、Skype、邮箱、WhatsApp、QQ、嶶信  → 私信、群发、轰炸 联系 ✈️：Boss91M1
2022-10-27 02:21:34 → 8212265543492 → bdzycom → 私信、群发、轰炸 Telegram、Skype、邮箱、WhatsApp、微信、QQ  →  联系 ✈️：Boss91M1
2022-10-27 02:21:55 → 8215482371180 → -1001615987555 → Telegram、Skype、邮箱、WhatsApp、嶶信、QQ 专业代發广告 → 私信、群发、轰炸 联系 ✈️：Boss91M1
2022-10-27 02:22:07 → 8215483594842 → TG108 → Telegram、Skype、邮箱、WhatsApp、嶶信、QQ 专业代發广告 → 私信、群发、轰炸 联系 ✈️：Boss91M1
2022-10-27 02:23:06 → 8218458144893 → bailaohui_cvv → 邮箱、WhatsApp、Skype、Telegram、嶶信、QQ 专业代發广告 → 群发、私信、轰炸 联系 ✈️：Boss91M1
2022-10-27 02:24:12 → 12032921790 → boss91MChannel → 专业代發广告 Telegram、Skype、邮箱、WhatsApp、QQ、嶶信  → 私信、群发、轰炸 联系 ✈️：Boss91M1
2022-10-27 02:24:35 → 8212265543492 → bailaohui_cvv → 專業代發廣告 (Telegram、Skype、郵葙、WhatsApp、嶶信、QQ) 俬信、裙發、轰怍 聯係 ✈️：Boss91M1
2022-10-27 02:25:16 → 8215793523536 → TGlianmeng002 → 轰炸、私信、群发 Telegram、Skype、邮箱、WhatsApp、微信、QQ  →  联系 ✈️：Boss91M1
2022-10-27 02:25:48 → 8217019886215 → sunshineyyds → Skype、Telegram、邮箱、WhatsApp、嶶信、QQ 专业代發广告 → 私信、群发、轰炸 联系 ✈️：Boss91M1
2022-10-27 02:26:13 → 8218458144893 → dyjiaoliu → 私信、群发、轰炸 Telegram、Skype、邮箱、WhatsApp、微信、QQ  →  联系 ✈️：Boss91M1