
2022-10-26 19:58:18 → 12135826468 → ccv348 → 专业代發广告 Telegram、Skype、郵葙、WhatsApp、嶶信、QQ  → 俬信、裙發、轟怍 聯係 ✈️：Boss91M1
2022-10-26 19:58:31 → 13462309531 → TG166 → 專業代發廣告 (Skype、Telegram、郵葙、WhatsApp、嶶信、QQ) 俬信、裙發、轰怍 聯係 ✈️：Boss91M1
2022-10-26 19:58:44 → 18382362995 → HAO2345e → 专业代發广告 Telegram、Skype、邮箱、WhatsApp、QQ、嶶信  → 私信、群发、轰炸 联系 ✈️：Boss91M1
2022-10-26 19:59:22 → 50497043593 → TG_88888 → 专业代發广告 Telegram、Skype、郵葙、WhatsApp、嶶信、QQ  → 俬信、裙發、轟怍 聯係 ✈️：Boss91M1
2022-10-26 19:59:48 → 79528551283 → -1001773231839 → 专业代發广告 Telegram、Skype、邮箱、WhatsApp、QQ、嶶信  → 私信、群发、轰炸 联系 ✈️：Boss91M1
2022-10-26 20:00:13 → 8212265641127 → xianliao01 → 邮箱、WhatsApp、Skype、Telegram、嶶信、QQ 专业代發广告 → 群发、私信、轰炸 联系 ✈️：Boss91M1
2022-10-26 20:00:35 → 8212344148765 → pigcommunity → 轰炸、私信、群发 Telegram、Skype、邮箱、WhatsApp、微信、QQ  →  联系 ✈️：Boss91M1
2022-10-26 20:00:49 → 8212894081776 → FQ3P3 → 专业代發广告 Telegram、Skype、郵葙、WhatsApp、嶶信、QQ  → 俬信、裙發、轟怍 聯係 ✈️：Boss91M1
2022-10-26 20:01:15 → 8215168309536 → aiweisi888 → 专业代發广告 Telegram、Skype、邮箱、WhatsApp、QQ、嶶信  → 私信、群发、轰炸 联系 ✈️：Boss91M1
2022-10-26 20:01:31 → 8215482371180 → HWDBQ → 邮箱、WhatsApp、Skype、Telegram、嶶信、QQ 专业代發广告 → 群发、私信、轰炸 联系 ✈️：Boss91M1
2022-10-26 20:02:01 → 8215485360479 → WKLhuaren → 專業代發廣告 (Telegram、Skype、郵葙、WhatsApp、嶶信、QQ) 俬信、裙發、轰怍 聯係 ✈️：Boss91M1
2022-10-26 20:02:13 → 8215793523536 → -1001687053991 → 私信、群发、轰炸 Telegram、Skype、邮箱、WhatsApp、微信、QQ  →  联系 ✈️：Boss91M1
2022-10-26 20:02:37 → 8216394192393 → tuishouLL01 → Skype、Telegram、邮箱、WhatsApp、嶶信、QQ 专业代發广告 → 私信、群发、轰炸 联系 ✈️：Boss91M1
2022-10-26 20:02:54 → 8216728732778 → aiweisi888 → Telegram、Skype、郵葙、WhatsApp、嶶信、QQ  → 俬信、裙發、轟怍 聯係 ✈️：Boss91M1
2022-10-26 20:03:08 → 8216728738741 → USDT43 → Telegram、Skype、郵葙、WhatsApp、嶶信、QQ  → 俬信、裙發、轟怍 聯係 ✈️：Boss91M1
2022-10-26 20:03:24 → 8217019886215 → sunshineyyds → 专业代發广告 Telegram、Skype、郵葙、WhatsApp、嶶信、QQ  → 俬信、裙發、轟怍 聯係 ✈️：Boss91M1
2022-10-26 20:03:36 → 8217165026899 → dibai12 → 专业代發广告 Telegram、Skype、邮箱、WhatsApp、QQ、嶶信  → 私信、群发、轰炸 联系 ✈️：Boss91M1
2022-10-26 20:03:50 → 8217825912641 → TG108 → Telegram、Skype、邮箱、WhatsApp、嶶信、QQ 专业代發广告 → 私信、群发、轰炸 联系 ✈️：Boss91M1
2022-10-26 20:06:09 → 918252478913 → -1001587788982 → 专业代發广告 Telegram、Skype、邮箱、WhatsApp、QQ、嶶信  → 私信、群发、轰炸 联系 ✈️：Boss91M1
2022-10-26 20:06:43 → 918260135412 → doge88 → 专业代發广告 Telegram、Skype、郵葙、WhatsApp、嶶信、QQ  → 俬信、裙發、轟怍 聯係 ✈️：Boss91M1
2022-10-26 20:07:44 → 918265087243 → doge88 → 群發、私信、轟炸 Telegram、Skype、郵箱、WhatsApp、微信、QQ  → 聯系 ✈️：Boss91M1
2022-10-26 20:08:22 → 919722809996 → -1001618775675 → 群發、私信、轟炸 Telegram、Skype、郵箱、WhatsApp、微信、QQ  → 聯系 ✈️：Boss91M1
2022-10-26 20:09:11 → 12032921790 → TGDL128 → Skype、Telegram、邮箱、WhatsApp、嶶信、QQ 专业代發广告 → 私信、群发、轰炸 联系 ✈️：Boss91M1
2022-10-26 20:09:40 → 18382362995 → huanqian35 → 邮箱、WhatsApp、Skype、Telegram、嶶信、QQ 专业代發广告 → 群发、私信、轰炸 联系 ✈️：Boss91M1
2022-10-26 20:10:33 → 8212265543492 → weikang2020 → Telegram、Skype、郵葙、WhatsApp、嶶信、QQ  → 俬信、裙發、轟怍 聯係 ✈️：Boss91M1
2022-10-26 20:10:49 → 8212265641127 → MLA9999 → 私信、群发、轰炸 Telegram、Skype、邮箱、WhatsApp、微信、QQ  →  联系 ✈️：Boss91M1
2022-10-26 20:11:03 → 8212265648329 → x00008 → WhatsApp、Skype、Telegram、邮箱、嶶信、QQ 专业代發广告 → 私信、轰炸、群发 联系 ✈️：Boss91M1
2022-10-26 20:11:22 → 8212894081776 → WKLhuaren → 专业代發广告 Telegram、Skype、郵葙、WhatsApp、嶶信、QQ  → 私信、群发、轰炸 联系 ✈️：Boss91M1
2022-10-26 20:11:33 → 8215168309536 → guiyangpapa → 專業代發廣告 (Skype、Telegram、郵葙、WhatsApp、嶶信、QQ) 俬信、裙發、轰怍 聯係 ✈️：Boss91M1
2022-10-26 20:12:17 → 8215485360479 → liang1112233 → 專業代發廣告 (Telegram、Skype、郵葙、WhatsApp、嶶信、QQ) 俬信、裙發、轰怍 聯係 ✈️：Boss91M1
2022-10-26 20:12:59 → 8216394192393 → wangzhuanusdt → 轰炸、私信、群发 Telegram、Skype、邮箱、WhatsApp、微信、QQ  →  联系 ✈️：Boss91M1
2022-10-26 20:13:16 → 8216728732778 → tfwzclz → 私信、群发、轰炸 Telegram、Skype、邮箱、WhatsApp、微信、QQ  →  联系 ✈️：Boss91M1
2022-10-26 20:13:32 → 8216728738741 → MLA9999 → WhatsApp、Skype、Telegram、邮箱、嶶信、QQ 专业代發广告 → 私信、轰炸、群发 联系 ✈️：Boss91M1
2022-10-26 20:13:58 → 8217825912641 → phbbs → 私信、群发、轰炸 Telegram、Skype、邮箱、WhatsApp、微信、QQ  →  联系 ✈️：Boss91M1
2022-10-26 20:15:17 → 918252735048 → B0r2tKkfcugxOGI1 → 专业代發广告 Telegram、Skype、郵葙、WhatsApp、嶶信、QQ  → 俬信、裙發、轟怍 聯係 ✈️：Boss91M1
2022-10-26 20:15:55 → 918265087243 → dayofdefeatCN → Telegram、Skype、邮箱、WhatsApp、嶶信、QQ 专业代發广告 → 私信、群发、轰炸 联系 ✈️：Boss91M1
2022-10-26 20:16:31 → 12032921790 → x00008 → 轰炸、私信、群发 Telegram、Skype、邮箱、WhatsApp、微信、QQ  →  联系 ✈️：Boss91M1
2022-10-26 20:17:30 → 8212265543492 → FHLMTEAM → 邮箱、WhatsApp、Skype、Telegram、嶶信、QQ 专业代發广告 → 群发、私信、轰炸 联系 ✈️：Boss91M1
2022-10-26 20:18:07 → 8212344148765 → huiguophp → 私信、群发、轰炸 Telegram、Skype、邮箱、WhatsApp、微信、QQ  →  联系 ✈️：Boss91M1
2022-10-26 20:18:25 → 8215168309536 → feihelp → 群發、私信、轟炸 Telegram、Skype、郵箱、WhatsApp、微信、QQ  → 聯系 ✈️：Boss91M1
2022-10-26 20:18:42 → 8215483594842 → ccv348 → 专业代發广告 Telegram、Skype、邮箱、WhatsApp、QQ、嶶信  → 私信、群发、轰炸 联系 ✈️：Boss91M1
2022-10-26 20:18:59 → 8215485360479 → TGlianmeng002 → 专业代發广告 Telegram、Skype、郵葙、WhatsApp、嶶信、QQ  → 俬信、裙發、轟怍 聯係 ✈️：Boss91M1
2022-10-26 20:19:31 → 8216394192393 → pigcommunity → Skype、Telegram、邮箱、WhatsApp、嶶信、QQ 专业代發广告 → 私信、群发、轰炸 联系 ✈️：Boss91M1
2022-10-26 20:19:43 → 8216728732778 → MLA9999 → Skype、Telegram、邮箱、WhatsApp、嶶信、QQ 专业代發广告 → 私信、群发、轰炸 联系 ✈️：Boss91M1
2022-10-26 20:20:02 → 8217019886215 → TG12389 → WhatsApp、Skype、Telegram、邮箱、嶶信、QQ 专业代發广告 → 私信、轰炸、群发 联系 ✈️：Boss91M1
2022-10-26 20:20:16 → 8217165026899 → BtokCN_0014 → 邮箱、WhatsApp、Skype、Telegram、嶶信、QQ 专业代發广告 → 群发、私信、轰炸 联系 ✈️：Boss91M1
2022-10-26 20:20:36 → 8217826052665 → TG96110 → 專業代發廣告 (Skype、Telegram、郵葙、WhatsApp、嶶信、QQ) 俬信、裙發、轰怍 聯係 ✈️：Boss91M1
2022-10-26 20:21:42 → 918252478913 → HuobiGlobal_zw → Telegram、Skype、郵葙、WhatsApp、嶶信、QQ  → 俬信、裙發、轟怍 聯係 ✈️：Boss91M1
2022-10-26 20:22:05 → 918260135412 → Usdtbmw → Skype、Telegram、邮箱、WhatsApp、嶶信、QQ 专业代發广告 → 私信、群发、轰炸 联系 ✈️：Boss91M1
2022-10-26 20:22:38 → 918265087243 → OKXGroup_CN → WhatsApp、Skype、Telegram、邮箱、嶶信、QQ 专业代發广告 → 私信、轰炸、群发 联系 ✈️：Boss91M1
2022-10-26 20:24:07 → 50497043593 → aiweisi888 → Telegram、Skype、郵葙、WhatsApp、嶶信、QQ  → 俬信、裙發、轟怍 聯係 ✈️：Boss91M1
2022-10-26 20:24:35 → 8212265648329 → TGDL128 → Skype、Telegram、邮箱、WhatsApp、嶶信、QQ 专业代發广告 → 私信、群发、轰炸 联系 ✈️：Boss91M1
2022-10-26 20:24:46 → 8212344148765 → MLA9999 → 专业代發广告 Telegram、Skype、邮箱、WhatsApp、QQ、嶶信  → 私信、群发、轰炸 联系 ✈️：Boss91M1
2022-10-26 20:24:58 → 8212894081776 → tuishouLL01 → Telegram、Skype、邮箱、WhatsApp、嶶信、QQ 专业代發广告 → 私信、群发、轰炸 联系 ✈️：Boss91M1
2022-10-26 20:25:10 → 8215168309536 → bdzycom → 專業代發廣告 (Skype、Telegram、郵葙、WhatsApp、嶶信、QQ) 俬信、裙發、轰怍 聯係 ✈️：Boss91M1
2022-10-26 20:25:26 → 8215482371180 → diyidaifu → 專業代發廣告 (Telegram、Skype、郵葙、WhatsApp、嶶信、QQ) 俬信、裙發、轰怍 聯係 ✈️：Boss91M1
2022-10-26 20:25:50 → 8215485360479 → FHLMTEAM → Telegram、Skype、郵葙、WhatsApp、嶶信、QQ  → 俬信、裙發、轟怍 聯係 ✈️：Boss91M1
2022-10-26 20:26:32 → 8216728732778 → TG00016 → 专业代發广告 Telegram、Skype、郵葙、WhatsApp、嶶信、QQ  → 私信、群发、轰炸 联系 ✈️：Boss91M1
2022-10-26 20:27:02 → 8217019886215 → tuishouLL01 → 专业代發广告 Telegram、Skype、郵葙、WhatsApp、嶶信、QQ  → 俬信、裙發、轟怍 聯係 ✈️：Boss91M1
2022-10-26 20:27:16 → 8217165026899 → liang1112233 → Skype、Telegram、邮箱、WhatsApp、嶶信、QQ 专业代發广告 → 私信、群发、轰炸 联系 ✈️：Boss91M1
2022-10-26 20:27:36 → 8217826052665 → maticnetwork_china → 群發、私信、轟炸 Telegram、Skype、郵箱、WhatsApp、微信、QQ  → 聯系 ✈️：Boss91M1
2022-10-26 20:27:53 → 8218458144893 → ziyuan2 → 專業代發廣告 (Skype、Telegram、郵葙、WhatsApp、嶶信、QQ) 俬信、裙發、轰怍 聯係 ✈️：Boss91M1
2022-10-26 20:28:41 → 918252478913 → tg771 → 专业代發广告 Telegram、Skype、郵葙、WhatsApp、嶶信、QQ  → 俬信、裙發、轟怍 聯係 ✈️：Boss91M1
2022-10-26 20:29:30 → 918260862577 → maticnetwork_china → 群發、私信、轟炸 Telegram、Skype、郵箱、WhatsApp、微信、QQ  → 聯系 ✈️：Boss91M1
2022-10-26 20:29:59 → 918265087243 → MikeBill888 → 私信、群发、轰炸 Telegram、Skype、邮箱、WhatsApp、微信、QQ  →  联系 ✈️：Boss91M1
2022-10-26 20:30:13 → 919482799261 → xmarspace → 私信、群发、轰炸 Telegram、Skype、邮箱、WhatsApp、微信、QQ  →  联系 ✈️：Boss91M1
2022-10-26 20:30:57 → 13462309531 → olddriver_cdu → Skype、Telegram、邮箱、WhatsApp、嶶信、QQ 专业代發广告 → 私信、群发、轰炸 联系 ✈️：Boss91M1
2022-10-26 20:31:26 → 50496735993 → kkkttt369 → 专业代發广告 Telegram、Skype、邮箱、WhatsApp、QQ、嶶信  → 私信、群发、轰炸 联系 ✈️：Boss91M1
2022-10-26 20:31:40 → 50497043593 → daifu76 → Telegram、Skype、邮箱、WhatsApp、嶶信、QQ 专业代發广告 → 私信、群发、轰炸 联系 ✈️：Boss91M1
2022-10-26 20:31:55 → 8212265543492 → tg771 → 私信、群发、轰炸 Telegram、Skype、邮箱、WhatsApp、微信、QQ  →  联系 ✈️：Boss91M1
2022-10-26 20:32:07 → 8212265641127 → tcelue1 → Telegram、Skype、郵葙、WhatsApp、嶶信、QQ  → 俬信、裙發、轟怍 聯係 ✈️：Boss91M1
2022-10-26 20:32:45 → 8212894081776 → BIYONGOfficial0015 → 邮箱、WhatsApp、Skype、Telegram、嶶信、QQ 专业代發广告 → 群发、私信、轰炸 联系 ✈️：Boss91M1
2022-10-26 20:33:18 → 8215483594842 → zhongwen6 → 邮箱、WhatsApp、Skype、Telegram、嶶信、QQ 专业代發广告 → 群发、私信、轰炸 联系 ✈️：Boss91M1
2022-10-26 20:33:34 → 8215793523536 → huiguophp → Telegram、Skype、邮箱、WhatsApp、嶶信、QQ 专业代發广告 → 私信、群发、轰炸 联系 ✈️：Boss91M1
2022-10-26 20:33:50 → 8216317179895 → bdzycom → WhatsApp、Skype、Telegram、邮箱、嶶信、QQ 专业代發广告 → 私信、轰炸、群发 联系 ✈️：Boss91M1
2022-10-26 20:34:17 → 8216728732778 → TG12389 → 专业代發广告 Telegram、Skype、邮箱、WhatsApp、QQ、嶶信  → 私信、群发、轰炸 联系 ✈️：Boss91M1
2022-10-26 20:34:33 → 8216728738741 → TGDL128 → 專業代發廣告 (Telegram、Skype、郵葙、WhatsApp、嶶信、QQ) 俬信、裙發、轰怍 聯係 ✈️：Boss91M1
2022-10-26 20:34:49 → 8217165026899 → sanfang53 → 专业代發广告 Telegram、Skype、邮箱、WhatsApp、QQ、嶶信  → 私信、群发、轰炸 联系 ✈️：Boss91M1
2022-10-26 20:35:05 → 8217825912641 → dibaifa → 群發、私信、轟炸 Telegram、Skype、郵箱、WhatsApp、微信、QQ  → 聯系 ✈️：Boss91M1
2022-10-26 20:35:19 → 8217826052665 → tongdao25 → 轰炸、私信、群发 Telegram、Skype、邮箱、WhatsApp、微信、QQ  →  联系 ✈️：Boss91M1
2022-10-26 20:36:18 → 918252735048 → goutui1113 → 群發、私信、轟炸 Telegram、Skype、郵箱、WhatsApp、微信、QQ  → 聯系 ✈️：Boss91M1
2022-10-26 20:36:43 → 918260862577 → YYL001 → 轰炸、私信、群发 Telegram、Skype、邮箱、WhatsApp、微信、QQ  →  联系 ✈️：Boss91M1
2022-10-26 20:37:01 → 918262022782 → TG5171 → 私信、群发、轰炸 Telegram、Skype、邮箱、WhatsApp、微信、QQ  →  联系 ✈️：Boss91M1
2022-10-26 20:37:44 → 12032921790 → huaren97 → Skype、Telegram、邮箱、WhatsApp、嶶信、QQ 专业代發广告 → 私信、群发、轰炸 联系 ✈️：Boss91M1
2022-10-26 20:37:55 → 12135826468 → Seeyellow → 群發、私信、轟炸 Telegram、Skype、郵箱、WhatsApp、微信、QQ  → 聯系 ✈️：Boss91M1
2022-10-26 20:38:11 → 13462309531 → FHLMTEAM → 群發、私信、轟炸 Telegram、Skype、郵箱、WhatsApp、微信、QQ  → 聯系 ✈️：Boss91M1
2022-10-26 20:38:50 → 50497043593 → chaguaner → 专业代發广告 Telegram、Skype、郵葙、WhatsApp、嶶信、QQ  → 俬信、裙發、轟怍 聯係 ✈️：Boss91M1
2022-10-26 20:39:06 → 8212265543492 → TG12389 → 私信、群发、轰炸 Telegram、Skype、邮箱、WhatsApp、微信、QQ  →  联系 ✈️：Boss91M1
2022-10-26 20:39:21 → 8212265641127 → wwxcxinting → 专业代發广告 Telegram、Skype、郵葙、WhatsApp、嶶信、QQ  → 俬信、裙發、轟怍 聯係 ✈️：Boss91M1
2022-10-26 20:40:06 → 8215482371180 → vfucloud → 專業代發廣告 (Skype、Telegram、郵葙、WhatsApp、嶶信、QQ) 俬信、裙發、轰怍 聯係 ✈️：Boss91M1
2022-10-26 20:40:19 → 8215483594842 → shuju888666 → 專業代發廣告 (Skype、Telegram、郵葙、WhatsApp、嶶信、QQ) 俬信、裙發、轰怍 聯係 ✈️：Boss91M1
2022-10-26 20:40:30 → 8215485360479 → hefeicar779 → 轰炸、私信、群发 Telegram、Skype、邮箱、WhatsApp、微信、QQ  →  联系 ✈️：Boss91M1
2022-10-26 20:40:56 → 8216317179895 → tcelue1 → 专业代發广告 Telegram、Skype、郵葙、WhatsApp、嶶信、QQ  → 私信、群发、轰炸 联系 ✈️：Boss91M1
2022-10-26 20:41:13 → 8216394192393 → YYL001 → 專業代發廣告 (Telegram、Skype、郵葙、WhatsApp、嶶信、QQ) 俬信、裙發、轰怍 聯係 ✈️：Boss91M1
2022-10-26 20:41:24 → 8216728732778 → dibai12 → 专业代發广告 Telegram、Skype、郵葙、WhatsApp、嶶信、QQ  → 俬信、裙發、轟怍 聯係 ✈️：Boss91M1
2022-10-26 20:41:58 → 8217165026899 → qwerdt1 → Telegram、Skype、邮箱、WhatsApp、嶶信、QQ 专业代發广告 → 私信、群发、轰炸 联系 ✈️：Boss91M1
2022-10-26 20:42:26 → 8217826052665 → IM0471 → 專業代發廣告 (Skype、Telegram、郵葙、WhatsApp、嶶信、QQ) 俬信、裙發、轰怍 聯係 ✈️：Boss91M1
2022-10-26 20:42:43 → 8218458144893 → IM0471 → 群發、私信、轟炸 Telegram、Skype、郵箱、WhatsApp、微信、QQ  → 聯系 ✈️：Boss91M1
2022-10-26 20:43:21 → 918252478913 → -1001581915439 → Telegram、Skype、郵葙、WhatsApp、嶶信、QQ  → 俬信、裙發、轟怍 聯係 ✈️：Boss91M1
2022-10-26 20:43:39 → 918252735048 → shengshiyule6666 → 邮箱、WhatsApp、Skype、Telegram、嶶信、QQ 专业代發广告 → 群发、私信、轰炸 联系 ✈️：Boss91M1
2022-10-26 20:44:02 → 918260862577 → phbbs → WhatsApp、Skype、Telegram、邮箱、嶶信、QQ 专业代發广告 → 私信、轰炸、群发 联系 ✈️：Boss91M1
2022-10-26 20:44:47 → 919482799261 → -1001882703700 → 專業代發廣告 (Skype、Telegram、郵葙、WhatsApp、嶶信、QQ) 俬信、裙發、轰怍 聯係 ✈️：Boss91M1
2022-10-26 20:45:00 → 12032921790 → Asiaweed → 私信、群发、轰炸 Telegram、Skype、邮箱、WhatsApp、微信、QQ  →  联系 ✈️：Boss91M1
2022-10-26 20:45:17 → 12135826468 → -1001555991223 → 專業代發廣告 (Telegram、Skype、郵葙、WhatsApp、嶶信、QQ) 俬信、裙發、轰怍 聯係 ✈️：Boss91M1
2022-10-26 20:45:37 → 18382362995 → FHLMTEAM → Skype、Telegram、邮箱、WhatsApp、嶶信、QQ 专业代發广告 → 私信、群发、轰炸 联系 ✈️：Boss91M1
2022-10-26 20:46:06 → 50497043593 → olddriver_gd → Telegram、Skype、邮箱、WhatsApp、嶶信、QQ 专业代發广告 → 私信、群发、轰炸 联系 ✈️：Boss91M1
2022-10-26 20:46:22 → 8212265641127 → -1001532469436 → Telegram、Skype、邮箱、WhatsApp、嶶信、QQ 专业代發广告 → 私信、群发、轰炸 联系 ✈️：Boss91M1
2022-10-26 20:46:38 → 8212265648329 → huione888 → 專業代發廣告 (Skype、Telegram、郵葙、WhatsApp、嶶信、QQ) 俬信、裙發、轰怍 聯係 ✈️：Boss91M1
2022-10-26 20:47:20 → 8215168309536 → daifu76 → 專業代發廣告 (Telegram、Skype、郵葙、WhatsApp、嶶信、QQ) 俬信、裙發、轰怍 聯係 ✈️：Boss91M1
2022-10-26 20:47:46 → 8215483594842 → usdthuihuan → 专业代發广告 Telegram、Skype、邮箱、WhatsApp、QQ、嶶信  → 私信、群发、轰炸 联系 ✈️：Boss91M1
2022-10-26 20:48:03 → 8215485360479 → USTCtg → Telegram、Skype、郵葙、WhatsApp、嶶信、QQ  → 俬信、裙發、轟怍 聯係 ✈️：Boss91M1
2022-10-26 20:48:32 → 8216394192393 → FHLMTEAM → 专业代發广告 Telegram、Skype、郵葙、WhatsApp、嶶信、QQ  → 俬信、裙發、轟怍 聯係 ✈️：Boss91M1
2022-10-26 20:48:45 → 8216728732778 → tuishouLL01 → Skype、Telegram、邮箱、WhatsApp、嶶信、QQ 专业代發广告 → 私信、群发、轰炸 联系 ✈️：Boss91M1
2022-10-26 20:49:27 → 8217165026899 → Sz1888 → WhatsApp、Skype、Telegram、邮箱、嶶信、QQ 专业代發广告 → 私信、轰炸、群发 联系 ✈️：Boss91M1
2022-10-26 20:49:39 → 8217825912641 → olddriver_gd → 私信、群发、轰炸 Telegram、Skype、邮箱、WhatsApp、微信、QQ  →  联系 ✈️：Boss91M1
2022-10-26 20:50:27 → 918252478913 → -1001644425268 → 轰炸、私信、群发 Telegram、Skype、邮箱、WhatsApp、微信、QQ  →  联系 ✈️：Boss91M1
2022-10-26 20:50:57 → 918260135412 → tg771 → Skype、Telegram、邮箱、WhatsApp、嶶信、QQ 专业代發广告 → 私信、群发、轰炸 联系 ✈️：Boss91M1
2022-10-26 20:51:47 → 918265087243 → shuju888666 → Telegram、Skype、郵葙、WhatsApp、嶶信、QQ  → 俬信、裙發、轟怍 聯係 ✈️：Boss91M1
2022-10-26 20:52:16 → 12032921790 → dyjiaoliu → Telegram、Skype、郵葙、WhatsApp、嶶信、QQ  → 俬信、裙發、轟怍 聯係 ✈️：Boss91M1
2022-10-26 20:52:31 → 12135826468 → yuantoushuju4 → Telegram、Skype、郵葙、WhatsApp、嶶信、QQ  → 俬信、裙發、轟怍 聯係 ✈️：Boss91M1
2022-10-26 20:53:10 → 50496735993 → TG5171 → 私信、群发、轰炸 Telegram、Skype、邮箱、WhatsApp、微信、QQ  →  联系 ✈️：Boss91M1
2022-10-26 20:53:58 → 8212894081776 → linkdyh → 专业代發广告 Telegram、Skype、郵葙、WhatsApp、嶶信、QQ  → 私信、群发、轰炸 联系 ✈️：Boss91M1
2022-10-26 20:54:22 → 8215482371180 → goutui1113 → Telegram、Skype、邮箱、WhatsApp、嶶信、QQ 专业代發广告 → 私信、群发、轰炸 联系 ✈️：Boss91M1
2022-10-26 20:54:45 → 8215485360479 → cyj58 → 私信、群发、轰炸 Telegram、Skype、邮箱、WhatsApp、微信、QQ  →  联系 ✈️：Boss91M1
2022-10-26 20:54:58 → 8215793523536 → SHCPCO → 专业代發广告 Telegram、Skype、郵葙、WhatsApp、嶶信、QQ  → 私信、群发、轰炸 联系 ✈️：Boss91M1
2022-10-26 20:55:22 → 8216394192393 → BtokCN_0016 → 群發、私信、轟炸 Telegram、Skype、郵箱、WhatsApp、微信、QQ  → 聯系 ✈️：Boss91M1
2022-10-26 20:55:34 → 8216728732778 → YTZX2 → 专业代發广告 Telegram、Skype、郵葙、WhatsApp、嶶信、QQ  → 私信、群发、轰炸 联系 ✈️：Boss91M1
2022-10-26 20:55:51 → 8216728738741 → feihelp → 專業代發廣告 (Skype、Telegram、郵葙、WhatsApp、嶶信、QQ) 俬信、裙發、轰怍 聯係 ✈️：Boss91M1
2022-10-26 20:56:13 → 8217165026899 → tfwzclz → Telegram、Skype、郵葙、WhatsApp、嶶信、QQ  → 俬信、裙發、轟怍 聯係 ✈️：Boss91M1
2022-10-26 20:56:38 → 8217826052665 → evilsquid → 專業代發廣告 (Telegram、Skype、郵葙、WhatsApp、嶶信、QQ) 俬信、裙發、轰怍 聯係 ✈️：Boss91M1
2022-10-26 20:56:51 → 8218458144893 → Asiaweed → 专业代發广告 Telegram、Skype、郵葙、WhatsApp、嶶信、QQ  → 私信、群发、轰炸 联系 ✈️：Boss91M1
2022-10-26 20:57:34 → 918252478913 → usdtdfds → 專業代發廣告 (Telegram、Skype、郵葙、WhatsApp、嶶信、QQ) 俬信、裙發、轰怍 聯係 ✈️：Boss91M1
2022-10-26 20:57:58 → 918260135412 → TG006 → 專業代發廣告 (Telegram、Skype、郵葙、WhatsApp、嶶信、QQ) 俬信、裙發、轰怍 聯係 ✈️：Boss91M1
2022-10-26 20:58:13 → 918260862577 → dibaifa → Telegram、Skype、邮箱、WhatsApp、嶶信、QQ 专业代發广告 → 私信、群发、轰炸 联系 ✈️：Boss91M1
2022-10-26 20:58:30 → 918262022782 → vfucloud → 私信、群发、轰炸 Telegram、Skype、邮箱、WhatsApp、微信、QQ  →  联系 ✈️：Boss91M1
2022-10-26 20:58:57 → 919482799261 → bk33333 → Telegram、Skype、郵葙、WhatsApp、嶶信、QQ  → 俬信、裙發、轟怍 聯係 ✈️：Boss91M1
2022-10-26 20:59:21 → 12135826468 → dyjiaoliu → 群發、私信、轟炸 Telegram、Skype、郵箱、WhatsApp、微信、QQ  → 聯系 ✈️：Boss91M1
2022-10-26 20:59:36 → 13462309531 → TG5171 → 私信、群发、轰炸 Telegram、Skype、邮箱、WhatsApp、微信、QQ  →  联系 ✈️：Boss91M1
2022-10-26 20:59:48 → 18382362995 → tongdao25 → WhatsApp、Skype、Telegram、邮箱、嶶信、QQ 专业代發广告 → 私信、轰炸、群发 联系 ✈️：Boss91M1
2022-10-26 21:00:03 → 50496735993 → ccv348 → 專業代發廣告 (Telegram、Skype、郵葙、WhatsApp、嶶信、QQ) 俬信、裙發、轰怍 聯係 ✈️：Boss91M1
2022-10-26 21:00:15 → 50497043593 → BtokCN_0014 → 专业代發广告 Telegram、Skype、郵葙、WhatsApp、嶶信、QQ  → 私信、群发、轰炸 联系 ✈️：Boss91M1
2022-10-26 21:00:31 → 8212265543492 → pshqo → Skype、Telegram、邮箱、WhatsApp、嶶信、QQ 专业代發广告 → 私信、群发、轰炸 联系 ✈️：Boss91M1
2022-10-26 21:00:57 → 8212894081776 → HuobiGlobal_zw → 专业代發广告 Telegram、Skype、郵葙、WhatsApp、嶶信、QQ  → 私信、群发、轰炸 联系 ✈️：Boss91M1
2022-10-26 21:01:52 → 8215485360479 → feihelp → 专业代發广告 Telegram、Skype、邮箱、WhatsApp、QQ、嶶信  → 私信、群发、轰炸 联系 ✈️：Boss91M1
2022-10-26 21:02:15 → 8216317179895 → dubaiqq918 → 邮箱、WhatsApp、Skype、Telegram、嶶信、QQ 专业代發广告 → 群发、私信、轰炸 联系 ✈️：Boss91M1
2022-10-26 21:02:27 → 8216394192393 → Usdtbmw → 专业代發广告 Telegram、Skype、郵葙、WhatsApp、嶶信、QQ  → 私信、群发、轰炸 联系 ✈️：Boss91M1
2022-10-26 21:03:15 → 8217825912641 → YTZX2 → 專業代發廣告 (Telegram、Skype、郵葙、WhatsApp、嶶信、QQ) 俬信、裙發、轰怍 聯係 ✈️：Boss91M1
2022-10-26 21:03:28 → 8217826052665 → HWDBQ → 專業代發廣告 (Skype、Telegram、郵葙、WhatsApp、嶶信、QQ) 俬信、裙發、轰怍 聯係 ✈️：Boss91M1
2022-10-26 21:04:12 → 918252478913 → xianliao01 → 专业代發广告 Telegram、Skype、郵葙、WhatsApp、嶶信、QQ  → 私信、群发、轰炸 联系 ✈️：Boss91M1
2022-10-26 21:04:25 → 918252735048 → evilsquid → 私信、群发、轰炸 Telegram、Skype、邮箱、WhatsApp、微信、QQ  →  联系 ✈️：Boss91M1
2022-10-26 21:05:28 → 12032921790 → YTZX2 → Telegram、Skype、邮箱、WhatsApp、嶶信、QQ 专业代發广告 → 私信、群发、轰炸 联系 ✈️：Boss91M1
2022-10-26 21:05:42 → 12135826468 → pshqo → Skype、Telegram、邮箱、WhatsApp、嶶信、QQ 专业代發广告 → 私信、群发、轰炸 联系 ✈️：Boss91M1
2022-10-26 21:06:02 → 18382362995 → UsdtdefiofficialCN → 專業代發廣告 (Skype、Telegram、郵葙、WhatsApp、嶶信、QQ) 俬信、裙發、轰怍 聯係 ✈️：Boss91M1
2022-10-26 21:06:46 → 8212265641127 → dubaiqq918 → WhatsApp、Skype、Telegram、邮箱、嶶信、QQ 专业代發广告 → 私信、轰炸、群发 联系 ✈️：Boss91M1
2022-10-26 21:06:57 → 8212265648329 → TG1949521 → 群發、私信、轟炸 Telegram、Skype、郵箱、WhatsApp、微信、QQ  → 聯系 ✈️：Boss91M1
2022-10-26 21:07:47 → 8215483594842 → TG108 → 邮箱、WhatsApp、Skype、Telegram、嶶信、QQ 专业代發广告 → 群发、私信、轰炸 联系 ✈️：Boss91M1
2022-10-26 21:08:08 → 8215793523536 → HuobiGlobal_zw → Skype、Telegram、邮箱、WhatsApp、嶶信、QQ 专业代發广告 → 私信、群发、轰炸 联系 ✈️：Boss91M1
2022-10-26 21:08:44 → 8216728732778 → SHCPCO → Skype、Telegram、邮箱、WhatsApp、嶶信、QQ 专业代發广告 → 私信、群发、轰炸 联系 ✈️：Boss91M1
2022-10-26 21:09:14 → 8217165026899 → TGDL128 → 轰炸、私信、群发 Telegram、Skype、邮箱、WhatsApp、微信、QQ  →  联系 ✈️：Boss91M1
2022-10-26 21:09:37 → 8217826052665 → TGlianmeng002 → 轰炸、私信、群发 Telegram、Skype、邮箱、WhatsApp、微信、QQ  →  联系 ✈️：Boss91M1
2022-10-26 21:10:23 → 918252478913 → weikang2020 → 私信、群发、轰炸 Telegram、Skype、邮箱、WhatsApp、微信、QQ  →  联系 ✈️：Boss91M1
2022-10-26 21:11:15 → 918262022782 → cyj58 → 群發、私信、轟炸 Telegram、Skype、郵箱、WhatsApp、微信、QQ  → 聯系 ✈️：Boss91M1
2022-10-26 21:11:27 → 918265087243 → TGdanbao000 → 轰炸、私信、群发 Telegram、Skype、邮箱、WhatsApp、微信、QQ  →  联系 ✈️：Boss91M1
2022-10-26 21:11:45 → 919482799261 → cc_bao → 专业代發广告 Telegram、Skype、郵葙、WhatsApp、嶶信、QQ  → 俬信、裙發、轟怍 聯係 ✈️：Boss91M1
2022-10-26 21:12:01 → 12032921790 → dahe_80_ariyanm → 專業代發廣告 (Skype、Telegram、郵葙、WhatsApp、嶶信、QQ) 俬信、裙發、轰怍 聯係 ✈️：Boss91M1
2022-10-26 21:12:14 → 12135826468 → -1001513752804 → 轰炸、私信、群发 Telegram、Skype、邮箱、WhatsApp、微信、QQ  →  联系 ✈️：Boss91M1
2022-10-26 21:12:27 → 13462309531 → tg771 → WhatsApp、Skype、Telegram、邮箱、嶶信、QQ 专业代發广告 → 私信、轰炸、群发 联系 ✈️：Boss91M1
2022-10-26 21:12:44 → 18382362995 → dyjiaoliu → 群發、私信、轟炸 Telegram、Skype、郵箱、WhatsApp、微信、QQ  → 聯系 ✈️：Boss91M1
2022-10-26 21:12:58 → 50496735993 → TG108 → 专业代發广告 Telegram、Skype、郵葙、WhatsApp、嶶信、QQ  → 私信、群发、轰炸 联系 ✈️：Boss91M1
2022-10-26 21:13:25 → 8212265543492 → bailaohui_cvv → WhatsApp、Skype、Telegram、邮箱、嶶信、QQ 专业代發广告 → 私信、轰炸、群发 联系 ✈️：Boss91M1
2022-10-26 21:13:42 → 8212265648329 → FQ3P3 → WhatsApp、Skype、Telegram、邮箱、嶶信、QQ 专业代發广告 → 私信、轰炸、群发 联系 ✈️：Boss91M1
2022-10-26 21:13:59 → 8212894081776 → -1001515609643 → 私信、群发、轰炸 Telegram、Skype、邮箱、WhatsApp、微信、QQ  →  联系 ✈️：Boss91M1
2022-10-26 21:14:37 → 8215485360479 → doge88 → 私信、群发、轰炸 Telegram、Skype、邮箱、WhatsApp、微信、QQ  →  联系 ✈️：Boss91M1
2022-10-26 21:15:41 → 8216728738741 → BtokCN_0014 → Telegram、Skype、郵葙、WhatsApp、嶶信、QQ  → 俬信、裙發、轟怍 聯係 ✈️：Boss91M1
2022-10-26 21:15:54 → 8217019886215 → zzlsjbyq → Telegram、Skype、邮箱、WhatsApp、嶶信、QQ 专业代發广告 → 私信、群发、轰炸 联系 ✈️：Boss91M1
2022-10-26 21:16:16 → 8217825912641 → sunshineyyds → 專業代發廣告 (Skype、Telegram、郵葙、WhatsApp、嶶信、QQ) 俬信、裙發、轰怍 聯係 ✈️：Boss91M1
2022-10-26 21:16:39 → 8218458144893 → ccv348 → 专业代發广告 Telegram、Skype、郵葙、WhatsApp、嶶信、QQ  → 私信、群发、轰炸 联系 ✈️：Boss91M1
2022-10-26 21:17:38 → 918252735048 → tg771 → 私信、群发、轰炸 Telegram、Skype、邮箱、WhatsApp、微信、QQ  →  联系 ✈️：Boss91M1
2022-10-26 21:17:56 → 918260135412 → v2rayN → Telegram、Skype、郵葙、WhatsApp、嶶信、QQ  → 俬信、裙發、轟怍 聯係 ✈️：Boss91M1
2022-10-26 21:19:14 → 12135826468 → TGHC1 → 私信、群发、轰炸 Telegram、Skype、邮箱、WhatsApp、微信、QQ  →  联系 ✈️：Boss91M1
2022-10-26 21:19:44 → 50496735993 → USTCtg → Telegram、Skype、郵葙、WhatsApp、嶶信、QQ  → 俬信、裙發、轟怍 聯係 ✈️：Boss91M1
2022-10-26 21:20:01 → 50497043593 → TG108 → 专业代發广告 Telegram、Skype、郵葙、WhatsApp、嶶信、QQ  → 私信、群发、轰炸 联系 ✈️：Boss91M1
2022-10-26 21:21:02 → 8215483594842 → Shore999888 → Telegram、Skype、郵葙、WhatsApp、嶶信、QQ  → 俬信、裙發、轟怍 聯係 ✈️：Boss91M1
2022-10-26 21:21:17 → 8215485360479 → zzlsjbyq → 专业代發广告 Telegram、Skype、郵葙、WhatsApp、嶶信、QQ  → 俬信、裙發、轟怍 聯係 ✈️：Boss91M1
2022-10-26 21:22:28 → 8217019886215 → yuantoushuju4 → 轰炸、私信、群发 Telegram、Skype、邮箱、WhatsApp、微信、QQ  →  联系 ✈️：Boss91M1
2022-10-26 21:23:18 → 8218458144893 → maticnetwork_china → 專業代發廣告 (Skype、Telegram、郵葙、WhatsApp、嶶信、QQ) 俬信、裙發、轰怍 聯係 ✈️：Boss91M1
2022-10-26 21:23:56 → 918252478913 → shengshiyule6666 → 专业代發广告 Telegram、Skype、邮箱、WhatsApp、QQ、嶶信  → 私信、群发、轰炸 联系 ✈️：Boss91M1
2022-10-26 21:24:51 → 918262022782 → TG1949521 → 邮箱、WhatsApp、Skype、Telegram、嶶信、QQ 专业代發广告 → 群发、私信、轰炸 联系 ✈️：Boss91M1
2022-10-26 21:25:22 → 919482799261 → MLWW00 → 私信、群发、轰炸 Telegram、Skype、邮箱、WhatsApp、微信、QQ  →  联系 ✈️：Boss91M1
2022-10-26 21:25:44 → 12135826468 → TGDL128 → 專業代發廣告 (Telegram、Skype、郵葙、WhatsApp、嶶信、QQ) 俬信、裙發、轰怍 聯係 ✈️：Boss91M1
2022-10-26 21:26:01 → 13462309531 → bailaohui_cvv → Telegram、Skype、郵葙、WhatsApp、嶶信、QQ  → 俬信、裙發、轟怍 聯係 ✈️：Boss91M1
2022-10-26 21:26:31 → 50497043593 → TGDL128 → Telegram、Skype、邮箱、WhatsApp、嶶信、QQ 专业代發广告 → 私信、群发、轰炸 联系 ✈️：Boss91M1
2022-10-26 21:26:43 → 8212265543492 → guiyangpapa → 专业代發广告 Telegram、Skype、郵葙、WhatsApp、嶶信、QQ  → 私信、群发、轰炸 联系 ✈️：Boss91M1
2022-10-26 21:27:36 → 8215482371180 → TG12389 → WhatsApp、Skype、Telegram、邮箱、嶶信、QQ 专业代發广告 → 私信、轰炸、群发 联系 ✈️：Boss91M1
2022-10-26 21:27:48 → 8215483594842 → dongnanyaliaotian → Skype、Telegram、邮箱、WhatsApp、嶶信、QQ 专业代發广告 → 私信、群发、轰炸 联系 ✈️：Boss91M1
2022-10-26 21:28:00 → 8215485360479 → chaguaner → 专业代發广告 Telegram、Skype、邮箱、WhatsApp、QQ、嶶信  → 私信、群发、轰炸 联系 ✈️：Boss91M1
2022-10-26 21:28:13 → 8215793523536 → TG_88888 → 邮箱、WhatsApp、Skype、Telegram、嶶信、QQ 专业代發广告 → 群发、私信、轰炸 联系 ✈️：Boss91M1
2022-10-26 21:28:31 → 8216317179895 → x00008 → 专业代發广告 Telegram、Skype、郵葙、WhatsApp、嶶信、QQ  → 俬信、裙發、轟怍 聯係 ✈️：Boss91M1
2022-10-26 21:28:56 → 8216728738741 → dibaifa → Telegram、Skype、邮箱、WhatsApp、嶶信、QQ 专业代發广告 → 私信、群发、轰炸 联系 ✈️：Boss91M1
2022-10-26 21:29:10 → 8217019886215 → USTCtg → 群發、私信、轟炸 Telegram、Skype、郵箱、WhatsApp、微信、QQ  → 聯系 ✈️：Boss91M1
2022-10-26 21:29:21 → 8217165026899 → usdthuihuan → 专业代發广告 Telegram、Skype、郵葙、WhatsApp、嶶信、QQ  → 私信、群发、轰炸 联系 ✈️：Boss91M1
2022-10-26 21:29:33 → 8217826052665 → paofen33 → 邮箱、WhatsApp、Skype、Telegram、嶶信、QQ 专业代發广告 → 群发、私信、轰炸 联系 ✈️：Boss91M1
2022-10-26 21:30:17 → 918252478913 → GouTui → 私信、群发、轰炸 Telegram、Skype、邮箱、WhatsApp、微信、QQ  →  联系 ✈️：Boss91M1
2022-10-26 21:30:42 → 918260135412 → B0r2tKkfcugxOGI1 → 轰炸、私信、群发 Telegram、Skype、邮箱、WhatsApp、微信、QQ  →  联系 ✈️：Boss91M1
2022-10-26 21:30:58 → 918260862577 → BtokCN_0014 → 專業代發廣告 (Telegram、Skype、郵葙、WhatsApp、嶶信、QQ) 俬信、裙發、轰怍 聯係 ✈️：Boss91M1
2022-10-26 21:31:25 → 918265087243 → dibai12 → 专业代發广告 Telegram、Skype、郵葙、WhatsApp、嶶信、QQ  → 私信、群发、轰炸 联系 ✈️：Boss91M1
2022-10-26 21:32:06 → 12135826468 → -1001755519477 → Telegram、Skype、郵葙、WhatsApp、嶶信、QQ  → 俬信、裙發、轟怍 聯係 ✈️：Boss91M1
2022-10-26 21:32:38 → 18382362995 → spacecoinmar → 專業代發廣告 (Telegram、Skype、郵葙、WhatsApp、嶶信、QQ) 俬信、裙發、轰怍 聯係 ✈️：Boss91M1
2022-10-26 21:32:51 → 50496735993 → dongnanyaliaotian → 专业代發广告 Telegram、Skype、郵葙、WhatsApp、嶶信、QQ  → 俬信、裙發、轟怍 聯係 ✈️：Boss91M1
2022-10-26 21:33:19 → 8212265543492 → TG166 → 專業代發廣告 (Telegram、Skype、郵葙、WhatsApp、嶶信、QQ) 俬信、裙發、轰怍 聯係 ✈️：Boss91M1
2022-10-26 21:33:50 → 8212265648329 → usdthuihuan → 專業代發廣告 (Telegram、Skype、郵葙、WhatsApp、嶶信、QQ) 俬信、裙發、轰怍 聯係 ✈️：Boss91M1
2022-10-26 21:34:18 → 8215168309536 → TG_88888 → 专业代發广告 Telegram、Skype、郵葙、WhatsApp、嶶信、QQ  → 俬信、裙發、轟怍 聯係 ✈️：Boss91M1
2022-10-26 21:34:46 → 8215483594842 → TGHC1 → Telegram、Skype、郵葙、WhatsApp、嶶信、QQ  → 俬信、裙發、轟怍 聯係 ✈️：Boss91M1
2022-10-26 21:35:01 → 8215485360479 → daishou44 → 私信、群发、轰炸 Telegram、Skype、邮箱、WhatsApp、微信、QQ  →  联系 ✈️：Boss91M1
2022-10-26 21:35:16 → 8215793523536 → TGlianmeng002 → 私信、群发、轰炸 Telegram、Skype、邮箱、WhatsApp、微信、QQ  →  联系 ✈️：Boss91M1
2022-10-26 21:35:27 → 8216317179895 → xmarspace → 轰炸、私信、群发 Telegram、Skype、邮箱、WhatsApp、微信、QQ  →  联系 ✈️：Boss91M1
2022-10-26 21:35:44 → 8216728738741 → TG108 → 轰炸、私信、群发 Telegram、Skype、邮箱、WhatsApp、微信、QQ  →  联系 ✈️：Boss91M1
2022-10-26 21:36:00 → 8217019886215 → tg771 → 專業代發廣告 (Skype、Telegram、郵葙、WhatsApp、嶶信、QQ) 俬信、裙發、轰怍 聯係 ✈️：Boss91M1
2022-10-26 21:36:36 → 8218458144893 → lasihaima266 → 专业代發广告 Telegram、Skype、郵葙、WhatsApp、嶶信、QQ  → 私信、群发、轰炸 联系 ✈️：Boss91M1
2022-10-26 21:37:12 → 918252478913 → B0r2tKkfcugxOGI1 → 群發、私信、轟炸 Telegram、Skype、郵箱、WhatsApp、微信、QQ  → 聯系 ✈️：Boss91M1
2022-10-26 21:37:30 → 918252735048 → HWDBQ → Telegram、Skype、郵葙、WhatsApp、嶶信、QQ  → 俬信、裙發、轟怍 聯係 ✈️：Boss91M1
2022-10-26 21:38:05 → 918260862577 → Usdtbmw → Skype、Telegram、邮箱、WhatsApp、嶶信、QQ 专业代發广告 → 私信、群发、轰炸 联系 ✈️：Boss91M1
2022-10-26 21:38:59 → 12135826468 → -1001594911460 → 专业代發广告 Telegram、Skype、邮箱、WhatsApp、QQ、嶶信  → 私信、群发、轰炸 联系 ✈️：Boss91M1
2022-10-26 21:39:15 → 13462309531 → usdtdfds → 专业代發广告 Telegram、Skype、郵葙、WhatsApp、嶶信、QQ  → 俬信、裙發、轟怍 聯係 ✈️：Boss91M1
2022-10-26 21:39:59 → 8212265543492 → bdzycom → Telegram、Skype、郵葙、WhatsApp、嶶信、QQ  → 俬信、裙發、轟怍 聯係 ✈️：Boss91M1
2022-10-26 21:40:10 → 8212265641127 → FQ3P3 → 群發、私信、轟炸 Telegram、Skype、郵箱、WhatsApp、微信、QQ  → 聯系 ✈️：Boss91M1
2022-10-26 21:40:24 → 8212265648329 → wybf168168 → Skype、Telegram、邮箱、WhatsApp、嶶信、QQ 专业代發广告 → 私信、群发、轰炸 联系 ✈️：Boss91M1
2022-10-26 21:40:36 → 8212894081776 → pshqo → 专业代發广告 Telegram、Skype、郵葙、WhatsApp、嶶信、QQ  → 私信、群发、轰炸 联系 ✈️：Boss91M1
2022-10-26 21:40:49 → 8215168309536 → YTZX2 → 轰炸、私信、群发 Telegram、Skype、邮箱、WhatsApp、微信、QQ  →  联系 ✈️：Boss91M1
2022-10-26 21:41:13 → 8215483594842 → dyjiaoliu → 專業代發廣告 (Telegram、Skype、郵葙、WhatsApp、嶶信、QQ) 俬信、裙發、轰怍 聯係 ✈️：Boss91M1
2022-10-26 21:41:30 → 8215485360479 → TGdanbao000 → 邮箱、WhatsApp、Skype、Telegram、嶶信、QQ 专业代發广告 → 群发、私信、轰炸 联系 ✈️：Boss91M1
2022-10-26 21:41:43 → 8215793523536 → BKEXChinese → 專業代發廣告 (Skype、Telegram、郵葙、WhatsApp、嶶信、QQ) 俬信、裙發、轰怍 聯係 ✈️：Boss91M1
2022-10-26 21:41:56 → 8216317179895 → BIYONGOfficial0015 → Telegram、Skype、邮箱、WhatsApp、嶶信、QQ 专业代發广告 → 私信、群发、轰炸 联系 ✈️：Boss91M1
2022-10-26 21:42:20 → 8217019886215 → YTZX2 → Telegram、Skype、郵葙、WhatsApp、嶶信、QQ  → 俬信、裙發、轟怍 聯係 ✈️：Boss91M1
2022-10-26 21:42:45 → 8218458144893 → TG_88888 → 邮箱、WhatsApp、Skype、Telegram、嶶信、QQ 专业代發广告 → 群发、私信、轰炸 联系 ✈️：Boss91M1
2022-10-26 21:43:29 → 918252735048 → zhongwen6 → 專業代發廣告 (Skype、Telegram、郵葙、WhatsApp、嶶信、QQ) 俬信、裙發、轰怍 聯係 ✈️：Boss91M1
2022-10-26 21:43:44 → 918260135412 → TG110 → Telegram、Skype、郵葙、WhatsApp、嶶信、QQ  → 俬信、裙發、轟怍 聯係 ✈️：Boss91M1
2022-10-26 21:44:22 → 918265087243 → WKLhuaren → 专业代發广告 Telegram、Skype、郵葙、WhatsApp、嶶信、QQ  → 私信、群发、轰炸 联系 ✈️：Boss91M1
2022-10-26 21:45:04 → 13462309531 → dongnanyaliaotian → 邮箱、WhatsApp、Skype、Telegram、嶶信、QQ 专业代發广告 → 群发、私信、轰炸 联系 ✈️：Boss91M1
2022-10-26 21:45:20 → 18382362995 → xiaowu300zm → 邮箱、WhatsApp、Skype、Telegram、嶶信、QQ 专业代發广告 → 群发、私信、轰炸 联系 ✈️：Boss91M1
2022-10-26 21:45:31 → 50496735993 → tg771 → 轰炸、私信、群发 Telegram、Skype、邮箱、WhatsApp、微信、QQ  →  联系 ✈️：Boss91M1
2022-10-26 21:45:49 → 8212265543492 → xianliao01 → 專業代發廣告 (Telegram、Skype、郵葙、WhatsApp、嶶信、QQ) 俬信、裙發、轰怍 聯係 ✈️：Boss91M1
2022-10-26 21:46:21 → 8212894081776 → zzlsjbyq → Telegram、Skype、郵葙、WhatsApp、嶶信、QQ  → 俬信、裙發、轟怍 聯係 ✈️：Boss91M1
2022-10-26 21:46:44 → 8215482371180 → huiguophp → 專業代發廣告 (Telegram、Skype、郵葙、WhatsApp、嶶信、QQ) 俬信、裙發、轰怍 聯係 ✈️：Boss91M1
2022-10-26 21:47:43 → 8216728738741 → TG12389 → Skype、Telegram、邮箱、WhatsApp、嶶信、QQ 专业代發广告 → 私信、群发、轰炸 联系 ✈️：Boss91M1
2022-10-26 21:48:27 → 8218458144893 → dyjiaoliu → Telegram、Skype、邮箱、WhatsApp、嶶信、QQ 专业代發广告 → 私信、群发、轰炸 联系 ✈️：Boss91M1
2022-10-26 21:49:14 → 918252735048 → kkkttt369 → Skype、Telegram、邮箱、WhatsApp、嶶信、QQ 专业代發广告 → 私信、群发、轰炸 联系 ✈️：Boss91M1
2022-10-26 21:49:36 → 918260862577 → prayasdiscuss2023 → 专业代發广告 Telegram、Skype、郵葙、WhatsApp、嶶信、QQ  → 私信、群发、轰炸 联系 ✈️：Boss91M1
2022-10-26 21:50:21 → 919482799261 → juyouge → 私信、群发、轰炸 Telegram、Skype、邮箱、WhatsApp、微信、QQ  →  联系 ✈️：Boss91M1
2022-10-26 21:50:36 → 12032921790 → TG96110 → 專業代發廣告 (Skype、Telegram、郵葙、WhatsApp、嶶信、QQ) 俬信、裙發、轰怍 聯係 ✈️：Boss91M1
2022-10-26 21:50:50 → 13462309531 → boss91MChannel → 專業代發廣告 (Skype、Telegram、郵葙、WhatsApp、嶶信、QQ) 俬信、裙發、轰怍 聯係 ✈️：Boss91M1
2022-10-26 21:51:08 → 18382362995 → huichanqun → Skype、Telegram、邮箱、WhatsApp、嶶信、QQ 专业代發广告 → 私信、群发、轰炸 联系 ✈️：Boss91M1
2022-10-26 21:51:22 → 50496735993 → TGDL128 → Telegram、Skype、邮箱、WhatsApp、嶶信、QQ 专业代發广告 → 私信、群发、轰炸 联系 ✈️：Boss91M1
2022-10-26 21:53:10 → 8216728738741 → qwerdt1 → 邮箱、WhatsApp、Skype、Telegram、嶶信、QQ 专业代發广告 → 群发、私信、轰炸 联系 ✈️：Boss91M1
2022-10-26 21:53:24 → 8217019886215 → TGTRX123 → Skype、Telegram、邮箱、WhatsApp、嶶信、QQ 专业代發广告 → 私信、群发、轰炸 联系 ✈️：Boss91M1
2022-10-26 21:53:40 → 8217826052665 → lasihaima266 → 私信、群发、轰炸 Telegram、Skype、邮箱、WhatsApp、微信、QQ  →  联系 ✈️：Boss91M1
2022-10-26 21:54:24 → 918252478913 → TGTRX123 → 轰炸、私信、群发 Telegram、Skype、邮箱、WhatsApp、微信、QQ  →  联系 ✈️：Boss91M1
2022-10-26 21:54:44 → 918260135412 → TG166 → Skype、Telegram、邮箱、WhatsApp、嶶信、QQ 专业代發广告 → 私信、群发、轰炸 联系 ✈️：Boss91M1
2022-10-26 21:55:15 → 918265087243 → daishou15 → 专业代發广告 Telegram、Skype、邮箱、WhatsApp、QQ、嶶信  → 私信、群发、轰炸 联系 ✈️：Boss91M1
2022-10-26 21:55:28 → 919482799261 → huanqian35 → Skype、Telegram、邮箱、WhatsApp、嶶信、QQ 专业代發广告 → 私信、群发、轰炸 联系 ✈️：Boss91M1
2022-10-26 21:55:56 → 18382362995 → QianXiangDB → 私信、群发、轰炸 Telegram、Skype、邮箱、WhatsApp、微信、QQ  →  联系 ✈️：Boss91M1
2022-10-26 21:56:12 → 50496735993 → boss91MChannel → 專業代發廣告 (Telegram、Skype、郵葙、WhatsApp、嶶信、QQ) 俬信、裙發、轰怍 聯係 ✈️：Boss91M1
2022-10-26 21:56:47 → 8212265648329 → dayofdefeatCN → 專業代發廣告 (Telegram、Skype、郵葙、WhatsApp、嶶信、QQ) 俬信、裙發、轰怍 聯係 ✈️：Boss91M1
2022-10-26 21:57:02 → 8212894081776 → TGdanbao000 → 邮箱、WhatsApp、Skype、Telegram、嶶信、QQ 专业代發广告 → 群发、私信、轰炸 联系 ✈️：Boss91M1
2022-10-26 21:57:46 → 8215793523536 → wangzhuanusdt → Telegram、Skype、郵葙、WhatsApp、嶶信、QQ  → 俬信、裙發、轟怍 聯係 ✈️：Boss91M1
2022-10-26 21:58:00 → 8216317179895 → tcelue1 → 私信、群发、轰炸 Telegram、Skype、邮箱、WhatsApp、微信、QQ  →  联系 ✈️：Boss91M1
2022-10-26 21:58:50 → 8218458144893 → bailaohui_cvv → 专业代發广告 Telegram、Skype、郵葙、WhatsApp、嶶信、QQ  → 俬信、裙發、轟怍 聯係 ✈️：Boss91M1
2022-10-26 22:01:00 → 18382362995 → DOGKUANG_BN_5 → 专业代發广告 Telegram、Skype、邮箱、WhatsApp、QQ、嶶信  → 私信、群发、轰炸 联系 ✈️：Boss91M1
2022-10-26 22:01:18 → 50496735993 → FHLMTEAM → 邮箱、WhatsApp、Skype、Telegram、嶶信、QQ 专业代發广告 → 群发、私信、轰炸 联系 ✈️：Boss91M1
2022-10-26 22:01:31 → 8212265543492 → dayofdefeatCN → 专业代發广告 Telegram、Skype、邮箱、WhatsApp、QQ、嶶信  → 私信、群发、轰炸 联系 ✈️：Boss91M1
2022-10-26 22:01:48 → 8212265648329 → YYL001 → 邮箱、WhatsApp、Skype、Telegram、嶶信、QQ 专业代發广告 → 群发、私信、轰炸 联系 ✈️：Boss91M1
2022-10-26 22:02:17 → 8215483594842 → wwxcxinting → 专业代發广告 Telegram、Skype、郵葙、WhatsApp、嶶信、QQ  → 私信、群发、轰炸 联系 ✈️：Boss91M1
2022-10-26 22:02:44 → 8215793523536 → cyj58 → 专业代發广告 Telegram、Skype、郵葙、WhatsApp、嶶信、QQ  → 俬信、裙發、轟怍 聯係 ✈️：Boss91M1
2022-10-26 22:02:56 → 8216317179895 → xmarspace → Skype、Telegram、邮箱、WhatsApp、嶶信、QQ 专业代發广告 → 私信、群发、轰炸 联系 ✈️：Boss91M1
2022-10-26 22:03:23 → 8217826052665 → CDshouchang4 → 邮箱、WhatsApp、Skype、Telegram、嶶信、QQ 专业代發广告 → 群发、私信、轰炸 联系 ✈️：Boss91M1
2022-10-26 22:04:40 → 918260862577 → TG166 → 专业代發广告 Telegram、Skype、郵葙、WhatsApp、嶶信、QQ  → 私信、群发、轰炸 联系 ✈️：Boss91M1
2022-10-26 22:04:52 → 918262022782 → daishou15 → 群發、私信、轟炸 Telegram、Skype、郵箱、WhatsApp、微信、QQ  → 聯系 ✈️：Boss91M1
2022-10-26 22:05:10 → 918265087243 → TGlianmeng002 → 私信、群发、轰炸 Telegram、Skype、邮箱、WhatsApp、微信、QQ  →  联系 ✈️：Boss91M1
2022-10-26 22:05:41 → 12032921790 → boss91MChannel → 群發、私信、轟炸 Telegram、Skype、郵箱、WhatsApp、微信、QQ  → 聯系 ✈️：Boss91M1
2022-10-26 22:06:07 → 18382362995 → tianxin023 → Telegram、Skype、邮箱、WhatsApp、嶶信、QQ 专业代發广告 → 私信、群发、轰炸 联系 ✈️：Boss91M1
2022-10-26 22:06:24 → 50496735993 → tongdao25 → 专业代發广告 Telegram、Skype、邮箱、WhatsApp、QQ、嶶信  → 私信、群发、轰炸 联系 ✈️：Boss91M1
2022-10-26 22:06:43 → 8212265648329 → SHCPCO → 專業代發廣告 (Telegram、Skype、郵葙、WhatsApp、嶶信、QQ) 俬信、裙發、轰怍 聯係 ✈️：Boss91M1
2022-10-26 22:07:02 → 8215482371180 → tongdao25 → WhatsApp、Skype、Telegram、邮箱、嶶信、QQ 专业代發广告 → 私信、轰炸、群发 联系 ✈️：Boss91M1
2022-10-26 22:07:15 → 8215483594842 → TG006 → 专业代發广告 Telegram、Skype、邮箱、WhatsApp、QQ、嶶信  → 私信、群发、轰炸 联系 ✈️：Boss91M1
2022-10-26 22:07:28 → 8215485360479 → dayofdefeatCN → 專業代發廣告 (Skype、Telegram、郵葙、WhatsApp、嶶信、QQ) 俬信、裙發、轰怍 聯係 ✈️：Boss91M1
2022-10-26 22:07:41 → 8215793523536 → BtokCN_0016 → 群發、私信、轟炸 Telegram、Skype、郵箱、WhatsApp、微信、QQ  → 聯系 ✈️：Boss91M1
2022-10-26 22:08:08 → 8216728738741 → guiyangpapa → 專業代發廣告 (Skype、Telegram、郵葙、WhatsApp、嶶信、QQ) 俬信、裙發、轰怍 聯係 ✈️：Boss91M1
2022-10-26 22:08:37 → 8217826052665 → huanqian35 → 专业代發广告 Telegram、Skype、郵葙、WhatsApp、嶶信、QQ  → 私信、群发、轰炸 联系 ✈️：Boss91M1
2022-10-26 22:08:53 → 8218458144893 → TG_88888 → Telegram、Skype、郵葙、WhatsApp、嶶信、QQ  → 俬信、裙發、轟怍 聯係 ✈️：Boss91M1
2022-10-26 22:09:40 → 918252735048 → YCQGZ88888 → 轰炸、私信、群发 Telegram、Skype、邮箱、WhatsApp、微信、QQ  →  联系 ✈️：Boss91M1
2022-10-26 22:09:56 → 918260135412 → Asiaweed → Telegram、Skype、邮箱、WhatsApp、嶶信、QQ 专业代發广告 → 私信、群发、轰炸 联系 ✈️：Boss91M1
2022-10-26 22:10:25 → 918265087243 → three001 → Telegram、Skype、邮箱、WhatsApp、嶶信、QQ 专业代發广告 → 私信、群发、轰炸 联系 ✈️：Boss91M1
2022-10-26 22:12:02 → 8215482371180 → dibaifa → Telegram、Skype、郵葙、WhatsApp、嶶信、QQ  → 俬信、裙發、轟怍 聯係 ✈️：Boss91M1
2022-10-26 22:12:20 → 8215483594842 → monstainfinitechinese → Skype、Telegram、邮箱、WhatsApp、嶶信、QQ 专业代發广告 → 私信、群发、轰炸 联系 ✈️：Boss91M1
2022-10-26 22:12:53 → 8216317179895 → x00008 → Skype、Telegram、邮箱、WhatsApp、嶶信、QQ 专业代發广告 → 私信、群发、轰炸 联系 ✈️：Boss91M1
2022-10-26 22:13:07 → 8216728738741 → tg771 → 专业代發广告 Telegram、Skype、邮箱、WhatsApp、QQ、嶶信  → 私信、群发、轰炸 联系 ✈️：Boss91M1
2022-10-26 22:13:17 → 8217019886215 → guangdongyue → 邮箱、WhatsApp、Skype、Telegram、嶶信、QQ 专业代發广告 → 群发、私信、轰炸 联系 ✈️：Boss91M1
2022-10-26 22:13:34 → 8217826052665 → Asiaweed → 群發、私信、轟炸 Telegram、Skype、郵箱、WhatsApp、微信、QQ  → 聯系 ✈️：Boss91M1
2022-10-26 22:14:34 → 918260135412 → TGTRX123 → 专业代發广告 Telegram、Skype、郵葙、WhatsApp、嶶信、QQ  → 私信、群发、轰炸 联系 ✈️：Boss91M1
2022-10-26 22:15:16 → 918265087243 → tcelue1 → Skype、Telegram、邮箱、WhatsApp、嶶信、QQ 专业代發广告 → 私信、群发、轰炸 联系 ✈️：Boss91M1
2022-10-26 22:15:35 → 919482799261 → kaiyun8888888888 → Skype、Telegram、邮箱、WhatsApp、嶶信、QQ 专业代發广告 → 私信、群发、轰炸 联系 ✈️：Boss91M1
2022-10-26 22:15:56 → 13462309531 → TG12389 → Skype、Telegram、邮箱、WhatsApp、嶶信、QQ 专业代發广告 → 私信、群发、轰炸 联系 ✈️：Boss91M1
2022-10-26 22:16:12 → 18382362995 → Chinasousyisou → 專業代發廣告 (Skype、Telegram、郵葙、WhatsApp、嶶信、QQ) 俬信、裙發、轰怍 聯係 ✈️：Boss91M1
2022-10-26 22:16:23 → 50496735993 → monstainfinitechinese → Telegram、Skype、郵葙、WhatsApp、嶶信、QQ  → 俬信、裙發、轟怍 聯係 ✈️：Boss91M1
2022-10-26 22:16:37 → 8212265543492 → TG166 → 邮箱、WhatsApp、Skype、Telegram、嶶信、QQ 专业代發广告 → 群发、私信、轰炸 联系 ✈️：Boss91M1
2022-10-26 22:17:49 → 8216317179895 → bdzycom → 邮箱、WhatsApp、Skype、Telegram、嶶信、QQ 专业代發广告 → 群发、私信、轰炸 联系 ✈️：Boss91M1
2022-10-26 22:18:10 → 8217019886215 → FHLMTEAM → 轰炸、私信、群发 Telegram、Skype、邮箱、WhatsApp、微信、QQ  →  联系 ✈️：Boss91M1
2022-10-26 22:18:21 → 8217826052665 → YTZX2 → 专业代發广告 Telegram、Skype、郵葙、WhatsApp、嶶信、QQ  → 私信、群发、轰炸 联系 ✈️：Boss91M1
2022-10-26 22:18:33 → 8218458144893 → bailaohui_cvv → WhatsApp、Skype、Telegram、邮箱、嶶信、QQ 专业代發广告 → 私信、轰炸、群发 联系 ✈️：Boss91M1
2022-10-26 22:19:29 → 918252735048 → evilsquid → 專業代發廣告 (Telegram、Skype、郵葙、WhatsApp、嶶信、QQ) 俬信、裙發、轰怍 聯係 ✈️：Boss91M1
2022-10-26 22:19:43 → 918260135412 → shengshiyule6666 → Telegram、Skype、邮箱、WhatsApp、嶶信、QQ 专业代發广告 → 私信、群发、轰炸 联系 ✈️：Boss91M1
2022-10-26 22:20:44 → 13462309531 → phbbs → Telegram、Skype、郵葙、WhatsApp、嶶信、QQ  → 俬信、裙發、轟怍 聯係 ✈️：Boss91M1
2022-10-26 22:21:23 → 8212265543492 → FHLMTEAM → 專業代發廣告 (Skype、Telegram、郵葙、WhatsApp、嶶信、QQ) 俬信、裙發、轰怍 聯係 ✈️：Boss91M1
2022-10-26 22:21:36 → 8212265648329 → x00008 → 专业代發广告 Telegram、Skype、邮箱、WhatsApp、QQ、嶶信  → 私信、群发、轰炸 联系 ✈️：Boss91M1
2022-10-26 22:21:48 → 8212894081776 → Usdtbmw → Telegram、Skype、郵葙、WhatsApp、嶶信、QQ  → 俬信、裙發、轟怍 聯係 ✈️：Boss91M1
2022-10-26 22:22:02 → 8215482371180 → BtokCN_0014 → 私信、群发、轰炸 Telegram、Skype、邮箱、WhatsApp、微信、QQ  →  联系 ✈️：Boss91M1
2022-10-26 22:22:28 → 8215485360479 → liang1112233 → 专业代發广告 Telegram、Skype、郵葙、WhatsApp、嶶信、QQ  → 俬信、裙發、轟怍 聯係 ✈️：Boss91M1
2022-10-26 22:23:02 → 8216728738741 → TG5171 → 專業代發廣告 (Skype、Telegram、郵葙、WhatsApp、嶶信、QQ) 俬信、裙發、轰怍 聯係 ✈️：Boss91M1
2022-10-26 22:23:24 → 8217826052665 → dyjiaoliu → 私信、群发、轰炸 Telegram、Skype、邮箱、WhatsApp、微信、QQ  →  联系 ✈️：Boss91M1
2022-10-26 22:24:12 → 918252478913 → shengshiyule6666 → 专业代發广告 Telegram、Skype、郵葙、WhatsApp、嶶信、QQ  → 私信、群发、轰炸 联系 ✈️：Boss91M1
2022-10-26 22:26:02 → 50496735993 → sanfang53 → 邮箱、WhatsApp、Skype、Telegram、嶶信、QQ 专业代發广告 → 群发、私信、轰炸 联系 ✈️：Boss91M1
2022-10-26 22:26:13 → 8212265543492 → bailaohui_cvv → Skype、Telegram、邮箱、WhatsApp、嶶信、QQ 专业代發广告 → 私信、群发、轰炸 联系 ✈️：Boss91M1
2022-10-26 22:26:34 → 8212894081776 → dayofdefeatCN → 專業代發廣告 (Skype、Telegram、郵葙、WhatsApp、嶶信、QQ) 俬信、裙發、轰怍 聯係 ✈️：Boss91M1
2022-10-26 22:26:46 → 8215482371180 → -1001615987555 → 专业代發广告 Telegram、Skype、邮箱、WhatsApp、QQ、嶶信  → 私信、群发、轰炸 联系 ✈️：Boss91M1
2022-10-26 22:27:25 → 8216317179895 → PG528 → 邮箱、WhatsApp、Skype、Telegram、嶶信、QQ 专业代發广告 → 群发、私信、轰炸 联系 ✈️：Boss91M1
2022-10-26 22:27:40 → 8216728738741 → diyidaifu → Telegram、Skype、邮箱、WhatsApp、嶶信、QQ 专业代發广告 → 私信、群发、轰炸 联系 ✈️：Boss91M1
2022-10-26 22:27:56 → 8217019886215 → TG00016 → Telegram、Skype、邮箱、WhatsApp、嶶信、QQ 专业代發广告 → 私信、群发、轰炸 联系 ✈️：Boss91M1
2022-10-26 22:28:12 → 8217826052665 → ziyuan2 → Telegram、Skype、郵葙、WhatsApp、嶶信、QQ  → 俬信、裙發、轟怍 聯係 ✈️：Boss91M1
2022-10-26 22:28:27 → 8218458144893 → ziyuan2 → 群發、私信、轟炸 Telegram、Skype、郵箱、WhatsApp、微信、QQ  → 聯系 ✈️：Boss91M1
2022-10-26 22:29:02 → 918252478913 → weikang2020 → 专业代發广告 Telegram、Skype、邮箱、WhatsApp、QQ、嶶信  → 私信、群发、轰炸 联系 ✈️：Boss91M1
2022-10-26 22:29:20 → 918252735048 → zhongwen6 → 邮箱、WhatsApp、Skype、Telegram、嶶信、QQ 专业代發广告 → 群发、私信、轰炸 联系 ✈️：Boss91M1
2022-10-26 22:29:40 → 918260862577 → BtokCN_0016 → 專業代發廣告 (Telegram、Skype、郵葙、WhatsApp、嶶信、QQ) 俬信、裙發、轰怍 聯係 ✈️：Boss91M1
2022-10-26 22:29:56 → 918262022782 → TG1949521 → 专业代發广告 Telegram、Skype、邮箱、WhatsApp、QQ、嶶信  → 私信、群发、轰炸 联系 ✈️：Boss91M1
2022-10-26 22:30:13 → 918265087243 → shuju888666 → Telegram、Skype、郵葙、WhatsApp、嶶信、QQ  → 俬信、裙發、轟怍 聯係 ✈️：Boss91M1
2022-10-26 22:30:51 → 13462309531 → qipaipan54 → Telegram、Skype、邮箱、WhatsApp、嶶信、QQ 专业代發广告 → 私信、群发、轰炸 联系 ✈️：Boss91M1
2022-10-26 22:31:10 → 50496735993 → TG110 → Telegram、Skype、邮箱、WhatsApp、嶶信、QQ 专业代發广告 → 私信、群发、轰炸 联系 ✈️：Boss91M1
2022-10-26 22:31:37 → 8212894081776 → FHLMTEAM → Telegram、Skype、邮箱、WhatsApp、嶶信、QQ 专业代發广告 → 私信、群发、轰炸 联系 ✈️：Boss91M1
2022-10-26 22:31:54 → 8215482371180 → TG006 → Telegram、Skype、郵葙、WhatsApp、嶶信、QQ  → 俬信、裙發、轟怍 聯係 ✈️：Boss91M1
2022-10-26 22:32:09 → 8215483594842 → TG108 → WhatsApp、Skype、Telegram、邮箱、嶶信、QQ 专业代發广告 → 私信、轰炸、群发 联系 ✈️：Boss91M1
2022-10-26 22:32:59 → 8217826052665 → GouTui → 专业代發广告 Telegram、Skype、郵葙、WhatsApp、嶶信、QQ  → 俬信、裙發、轟怍 聯係 ✈️：Boss91M1
2022-10-26 22:33:11 → 8218458144893 → dyjiaoliu → 专业代發广告 Telegram、Skype、郵葙、WhatsApp、嶶信、QQ  → 私信、群发、轰炸 联系 ✈️：Boss91M1
2022-10-26 22:33:44 → 918252478913 → TGTRX123 → Telegram、Skype、郵葙、WhatsApp、嶶信、QQ  → 俬信、裙發、轟怍 聯係 ✈️：Boss91M1
2022-10-26 22:34:01 → 918252735048 → kkkttt369 → 专业代發广告 Telegram、Skype、郵葙、WhatsApp、嶶信、QQ  → 私信、群发、轰炸 联系 ✈️：Boss91M1
2022-10-26 22:34:13 → 918260862577 → kkkttt369 → WhatsApp、Skype、Telegram、邮箱、嶶信、QQ 专业代發广告 → 私信、轰炸、群发 联系 ✈️：Boss91M1
2022-10-26 22:34:28 → 918262022782 → shuju888666 → 專業代發廣告 (Telegram、Skype、郵葙、WhatsApp、嶶信、QQ) 俬信、裙發、轰怍 聯係 ✈️：Boss91M1
2022-10-26 22:34:42 → 918265087243 → TGlianmeng002 → 群發、私信、轟炸 Telegram、Skype、郵箱、WhatsApp、微信、QQ  → 聯系 ✈️：Boss91M1
2022-10-26 22:35:26 → 13462309531 → usdthuihuan → 专业代發广告 Telegram、Skype、郵葙、WhatsApp、嶶信、QQ  → 私信、群发、轰炸 联系 ✈️：Boss91M1
2022-10-26 22:36:11 → 8212265648329 → TG1949521 → 邮箱、WhatsApp、Skype、Telegram、嶶信、QQ 专业代發广告 → 群发、私信、轰炸 联系 ✈️：Boss91M1
2022-10-26 22:36:26 → 8212894081776 → YYL001 → 专业代發广告 Telegram、Skype、郵葙、WhatsApp、嶶信、QQ  → 俬信、裙發、轟怍 聯係 ✈️：Boss91M1
2022-10-26 22:36:37 → 8215482371180 → lasihaima266 → 专业代發广告 Telegram、Skype、郵葙、WhatsApp、嶶信、QQ  → 私信、群发、轰炸 联系 ✈️：Boss91M1
2022-10-26 22:36:50 → 8215483594842 → zhongwen6 → 專業代發廣告 (Telegram、Skype、郵葙、WhatsApp、嶶信、QQ) 俬信、裙發、轰怍 聯係 ✈️：Boss91M1
2022-10-26 22:37:05 → 8215485360479 → FHLMTEAM → 專業代發廣告 (Telegram、Skype、郵葙、WhatsApp、嶶信、QQ) 俬信、裙發、轰怍 聯係 ✈️：Boss91M1
2022-10-26 22:37:17 → 8215793523536 → BKEXChinese → 私信、群发、轰炸 Telegram、Skype、邮箱、WhatsApp、微信、QQ  →  联系 ✈️：Boss91M1
2022-10-26 22:37:34 → 8216317179895 → tcelue1 → 專業代發廣告 (Telegram、Skype、郵葙、WhatsApp、嶶信、QQ) 俬信、裙發、轰怍 聯係 ✈️：Boss91M1
2022-10-26 22:37:57 → 8217019886215 → sunshineyyds → 专业代發广告 Telegram、Skype、郵葙、WhatsApp、嶶信、QQ  → 俬信、裙發、轟怍 聯係 ✈️：Boss91M1
2022-10-26 22:39:54 → 13462309531 → TG108 → Telegram、Skype、郵葙、WhatsApp、嶶信、QQ  → 俬信、裙發、轟怍 聯係 ✈️：Boss91M1
2022-10-26 22:40:09 → 18382362995 → QianXin001 → 轰炸、私信、群发 Telegram、Skype、邮箱、WhatsApp、微信、QQ  →  联系 ✈️：Boss91M1
2022-10-26 22:40:28 → 8212265543492 → bdzycom → 专业代發广告 Telegram、Skype、邮箱、WhatsApp、QQ、嶶信  → 私信、群发、轰炸 联系 ✈️：Boss91M1
2022-10-26 22:41:48 → 8216728738741 → dibaifa → 群發、私信、轟炸 Telegram、Skype、郵箱、WhatsApp、微信、QQ  → 聯系 ✈️：Boss91M1
2022-10-26 22:42:01 → 8217019886215 → tg771 → 专业代發广告 Telegram、Skype、郵葙、WhatsApp、嶶信、QQ  → 私信、群发、轰炸 联系 ✈️：Boss91M1
2022-10-26 22:43:03 → 918252735048 → goutui1113 → 私信、群发、轰炸 Telegram、Skype、邮箱、WhatsApp、微信、QQ  →  联系 ✈️：Boss91M1
2022-10-26 22:43:19 → 918260862577 → Usdtbmw → 專業代發廣告 (Skype、Telegram、郵葙、WhatsApp、嶶信、QQ) 俬信、裙發、轰怍 聯係 ✈️：Boss91M1
2022-10-26 22:43:43 → 918265087243 → TGdanbao000 → 专业代發广告 Telegram、Skype、邮箱、WhatsApp、QQ、嶶信  → 私信、群发、轰炸 联系 ✈️：Boss91M1
2022-10-26 22:44:09 → 13462309531 → chaguaner → 專業代發廣告 (Telegram、Skype、郵葙、WhatsApp、嶶信、QQ) 俬信、裙發、轰怍 聯係 ✈️：Boss91M1
2022-10-26 22:44:33 → 50496735993 → tg771 → 邮箱、WhatsApp、Skype、Telegram、嶶信、QQ 专业代發广告 → 群发、私信、轰炸 联系 ✈️：Boss91M1
2022-10-26 22:44:49 → 8212265543492 → weikang2020 → Skype、Telegram、邮箱、WhatsApp、嶶信、QQ 专业代發广告 → 私信、群发、轰炸 联系 ✈️：Boss91M1
2022-10-26 22:45:00 → 8212265648329 → FQ3P3 → WhatsApp、Skype、Telegram、邮箱、嶶信、QQ 专业代發广告 → 私信、轰炸、群发 联系 ✈️：Boss91M1
2022-10-26 22:45:16 → 8212894081776 → linkdyh → 群發、私信、轟炸 Telegram、Skype、郵箱、WhatsApp、微信、QQ  → 聯系 ✈️：Boss91M1
2022-10-26 22:45:54 → 8215793523536 → tcelue1 → 專業代發廣告 (Skype、Telegram、郵葙、WhatsApp、嶶信、QQ) 俬信、裙發、轰怍 聯係 ✈️：Boss91M1
2022-10-26 22:46:05 → 8216317179895 → CDshouchang4 → Skype、Telegram、邮箱、WhatsApp、嶶信、QQ 专业代發广告 → 私信、群发、轰炸 联系 ✈️：Boss91M1
2022-10-26 22:46:22 → 8216728738741 → TG5171 → WhatsApp、Skype、Telegram、邮箱、嶶信、QQ 专业代發广告 → 私信、轰炸、群发 联系 ✈️：Boss91M1
2022-10-26 22:47:00 → 8218458144893 → TG_88888 → Telegram、Skype、邮箱、WhatsApp、嶶信、QQ 专业代發广告 → 私信、群发、轰炸 联系 ✈️：Boss91M1
2022-10-26 22:47:29 → 918252478913 → YCQGZ88888 → 專業代發廣告 (Telegram、Skype、郵葙、WhatsApp、嶶信、QQ) 俬信、裙發、轰怍 聯係 ✈️：Boss91M1
2022-10-26 22:47:43 → 918252735048 → shengshiyule6666 → 群發、私信、轟炸 Telegram、Skype、郵箱、WhatsApp、微信、QQ  → 聯系 ✈️：Boss91M1
2022-10-26 22:47:59 → 918260862577 → TG166 → 群發、私信、轟炸 Telegram、Skype、郵箱、WhatsApp、微信、QQ  → 聯系 ✈️：Boss91M1
2022-10-26 22:48:13 → 918262022782 → TG5171 → 專業代發廣告 (Telegram、Skype、郵葙、WhatsApp、嶶信、QQ) 俬信、裙發、轰怍 聯係 ✈️：Boss91M1
2022-10-26 22:48:25 → 918265087243 → MikeBill888 → 专业代發广告 Telegram、Skype、邮箱、WhatsApp、QQ、嶶信  → 私信、群发、轰炸 联系 ✈️：Boss91M1
2022-10-26 22:48:42 → 919482799261 → Jiu9jiu99 → Telegram、Skype、郵葙、WhatsApp、嶶信、QQ  → 俬信、裙發、轟怍 聯係 ✈️：Boss91M1
2022-10-26 22:49:09 → 13462309531 → TG1949521 → 轰炸、私信、群发 Telegram、Skype、邮箱、WhatsApp、微信、QQ  →  联系 ✈️：Boss91M1
2022-10-26 22:49:34 → 50496735993 → TG5171 → 群發、私信、轟炸 Telegram、Skype、郵箱、WhatsApp、微信、QQ  → 聯系 ✈️：Boss91M1
2022-10-26 22:49:47 → 8212265543492 → pshqo → Skype、Telegram、邮箱、WhatsApp、嶶信、QQ 专业代發广告 → 私信、群发、轰炸 联系 ✈️：Boss91M1
2022-10-26 22:50:18 → 8212894081776 → Usdtbmw → 轰炸、私信、群发 Telegram、Skype、邮箱、WhatsApp、微信、QQ  →  联系 ✈️：Boss91M1
2022-10-26 22:50:40 → 8215483594842 → Shore999888 → Telegram、Skype、邮箱、WhatsApp、嶶信、QQ 专业代發广告 → 私信、群发、轰炸 联系 ✈️：Boss91M1
2022-10-26 22:51:08 → 8215793523536 → SHCPCO → 专业代發广告 Telegram、Skype、邮箱、WhatsApp、QQ、嶶信  → 私信、群发、轰炸 联系 ✈️：Boss91M1
2022-10-26 22:51:40 → 8217826052665 → dyjiaoliu → Telegram、Skype、邮箱、WhatsApp、嶶信、QQ 专业代發广告 → 私信、群发、轰炸 联系 ✈️：Boss91M1
2022-10-26 22:52:56 → 918260862577 → maticnetwork_china → Telegram、Skype、邮箱、WhatsApp、嶶信、QQ 专业代發广告 → 私信、群发、轰炸 联系 ✈️：Boss91M1
2022-10-26 22:53:13 → 918262022782 → YCQGZ88888 → Skype、Telegram、邮箱、WhatsApp、嶶信、QQ 专业代發广告 → 私信、群发、轰炸 联系 ✈️：Boss91M1
2022-10-26 22:53:27 → 918265087243 → dibai12 → 专业代發广告 Telegram、Skype、邮箱、WhatsApp、QQ、嶶信  → 私信、群发、轰炸 联系 ✈️：Boss91M1
2022-10-26 22:53:53 → 12032921790 → shuju888666 → 專業代發廣告 (Telegram、Skype、郵葙、WhatsApp、嶶信、QQ) 俬信、裙發、轰怍 聯係 ✈️：Boss91M1
2022-10-26 22:54:44 → 8212265648329 → SHCPCO → WhatsApp、Skype、Telegram、邮箱、嶶信、QQ 专业代發广告 → 私信、轰炸、群发 联系 ✈️：Boss91M1
2022-10-26 22:55:20 → 8215483594842 → TGlianmeng002 → 專業代發廣告 (Telegram、Skype、郵葙、WhatsApp、嶶信、QQ) 俬信、裙發、轰怍 聯係 ✈️：Boss91M1
2022-10-26 22:55:59 → 8216317179895 → x00008 → 專業代發廣告 (Telegram、Skype、郵葙、WhatsApp、嶶信、QQ) 俬信、裙發、轰怍 聯係 ✈️：Boss91M1
2022-10-26 22:56:39 → 8217826052665 → paofen33 → 專業代發廣告 (Skype、Telegram、郵葙、WhatsApp、嶶信、QQ) 俬信、裙發、轰怍 聯係 ✈️：Boss91M1
2022-10-26 22:56:54 → 8218458144893 → dyjiaoliu → 专业代發广告 Telegram、Skype、郵葙、WhatsApp、嶶信、QQ  → 私信、群发、轰炸 联系 ✈️：Boss91M1
2022-10-26 22:57:28 → 918252478913 → qwerdt1 → 私信、群发、轰炸 Telegram、Skype、邮箱、WhatsApp、微信、QQ  →  联系 ✈️：Boss91M1
2022-10-26 22:58:46 → 12032921790 → huione888 → 专业代發广告 Telegram、Skype、郵葙、WhatsApp、嶶信、QQ  → 俬信、裙發、轟怍 聯係 ✈️：Boss91M1
2022-10-26 22:59:03 → 13462309531 → india_moneypay → WhatsApp、Skype、Telegram、邮箱、嶶信、QQ 专业代發广告 → 私信、轰炸、群发 联系 ✈️：Boss91M1
2022-10-26 22:59:14 → 18382362995 → boss91MChannel → Skype、Telegram、邮箱、WhatsApp、嶶信、QQ 专业代發广告 → 私信、群发、轰炸 联系 ✈️：Boss91M1
2022-10-26 22:59:25 → 50496735993 → dongnanyaliaotian → 专业代發广告 Telegram、Skype、邮箱、WhatsApp、QQ、嶶信  → 私信、群发、轰炸 联系 ✈️：Boss91M1
2022-10-26 22:59:38 → 8212265543492 → weikang2020 → 专业代發广告 Telegram、Skype、邮箱、WhatsApp、QQ、嶶信  → 私信、群发、轰炸 联系 ✈️：Boss91M1
2022-10-26 23:00:13 → 8215482371180 → diyidaifu → Telegram、Skype、郵葙、WhatsApp、嶶信、QQ  → 俬信、裙發、轟怍 聯係 ✈️：Boss91M1
2022-10-26 23:00:30 → 8215483594842 → dyjiaoliu → 專業代發廣告 (Skype、Telegram、郵葙、WhatsApp、嶶信、QQ) 俬信、裙發、轰怍 聯係 ✈️：Boss91M1
2022-10-26 23:00:45 → 8215485360479 → cyj58 → 私信、群发、轰炸 Telegram、Skype、邮箱、WhatsApp、微信、QQ  →  联系 ✈️：Boss91M1
2022-10-26 23:00:59 → 8215793523536 → TGlianmeng002 → WhatsApp、Skype、Telegram、邮箱、嶶信、QQ 专业代發广告 → 私信、轰炸、群发 联系 ✈️：Boss91M1
2022-10-26 23:01:38 → 8217019886215 → TG088 → 轰炸、私信、群发 Telegram、Skype、邮箱、WhatsApp、微信、QQ  →  联系 ✈️：Boss91M1
2022-10-26 23:03:25 → 918265087243 → YCQGZ88888 → Skype、Telegram、邮箱、WhatsApp、嶶信、QQ 专业代發广告 → 私信、群发、轰炸 联系 ✈️：Boss91M1
2022-10-26 23:03:54 → 12032921790 → yuantoushuju4 → 專業代發廣告 (Telegram、Skype、郵葙、WhatsApp、嶶信、QQ) 俬信、裙發、轰怍 聯係 ✈️：Boss91M1
2022-10-26 23:04:07 → 13462309531 → BKEXChinese → WhatsApp、Skype、Telegram、邮箱、嶶信、QQ 专业代發广告 → 私信、轰炸、群发 联系 ✈️：Boss91M1
2022-10-26 23:04:38 → 8212265543492 → FHLMTEAM → 轰炸、私信、群发 Telegram、Skype、邮箱、WhatsApp、微信、QQ  →  联系 ✈️：Boss91M1
2022-10-26 23:05:49 → 8216728738741 → TG108 → 专业代發广告 Telegram、Skype、邮箱、WhatsApp、QQ、嶶信  → 私信、群发、轰炸 联系 ✈️：Boss91M1
2022-10-26 23:06:03 → 8217019886215 → guangdongyue → 轰炸、私信、群发 Telegram、Skype、邮箱、WhatsApp、微信、QQ  →  联系 ✈️：Boss91M1
2022-10-26 23:06:27 → 8218458144893 → bailaohui_cvv → Skype、Telegram、邮箱、WhatsApp、嶶信、QQ 专业代發广告 → 私信、群发、轰炸 联系 ✈️：Boss91M1
2022-10-26 23:07:23 → 918260862577 → kkkttt369 → Skype、Telegram、邮箱、WhatsApp、嶶信、QQ 专业代發广告 → 私信、群发、轰炸 联系 ✈️：Boss91M1
2022-10-26 23:07:39 → 918262022782 → cyj58 → 群發、私信、轟炸 Telegram、Skype、郵箱、WhatsApp、微信、QQ  → 聯系 ✈️：Boss91M1
2022-10-26 23:08:16 → 919482799261 → jiqiren886 → 私信、群发、轰炸 Telegram、Skype、邮箱、WhatsApp、微信、QQ  →  联系 ✈️：Boss91M1
2022-10-26 23:08:45 → 18382362995 → TGtuifei_S → 專業代發廣告 (Telegram、Skype、郵葙、WhatsApp、嶶信、QQ) 俬信、裙發、轰怍 聯係 ✈️：Boss91M1
2022-10-26 23:09:07 → 8212265543492 → bailaohui_cvv → Skype、Telegram、邮箱、WhatsApp、嶶信、QQ 专业代發广告 → 私信、群发、轰炸 联系 ✈️：Boss91M1
2022-10-26 23:09:28 → 8215482371180 → dibaifa → 专业代發广告 Telegram、Skype、邮箱、WhatsApp、QQ、嶶信  → 私信、群发、轰炸 联系 ✈️：Boss91M1
2022-10-26 23:09:58 → 8215485360479 → TGlianmeng002 → 邮箱、WhatsApp、Skype、Telegram、嶶信、QQ 专业代發广告 → 群发、私信、轰炸 联系 ✈️：Boss91M1
2022-10-26 23:10:30 → 8216728738741 → TG088 → 專業代發廣告 (Skype、Telegram、郵葙、WhatsApp、嶶信、QQ) 俬信、裙發、轰怍 聯係 ✈️：Boss91M1
2022-10-26 23:11:54 → 918260862577 → phbbs → 轰炸、私信、群发 Telegram、Skype、邮箱、WhatsApp、微信、QQ  →  联系 ✈️：Boss91M1
2022-10-26 23:12:26 → 918265087243 → tcelue1 → 专业代發广告 Telegram、Skype、郵葙、WhatsApp、嶶信、QQ  → 俬信、裙發、轟怍 聯係 ✈️：Boss91M1
2022-10-26 23:12:44 → 919482799261 → xunhuanchuji → 專業代發廣告 (Telegram、Skype、郵葙、WhatsApp、嶶信、QQ) 俬信、裙發、轰怍 聯係 ✈️：Boss91M1
2022-10-26 23:13:07 → 13462309531 → TG110 → 专业代發广告 Telegram、Skype、邮箱、WhatsApp、QQ、嶶信  → 私信、群发、轰炸 联系 ✈️：Boss91M1
2022-10-26 23:13:26 → 50496735993 → TG108 → Telegram、Skype、邮箱、WhatsApp、嶶信、QQ 专业代發广告 → 私信、群发、轰炸 联系 ✈️：Boss91M1
2022-10-26 23:13:37 → 8212265543492 → TG166 → 專業代發廣告 (Skype、Telegram、郵葙、WhatsApp、嶶信、QQ) 俬信、裙發、轰怍 聯係 ✈️：Boss91M1
2022-10-26 23:14:02 → 8215482371180 → -1001615987555 → 专业代發广告 Telegram、Skype、郵葙、WhatsApp、嶶信、QQ  → 俬信、裙發、轟怍 聯係 ✈️：Boss91M1
2022-10-26 23:14:49 → 8216317179895 → tcelue1 → 邮箱、WhatsApp、Skype、Telegram、嶶信、QQ 专业代發广告 → 群发、私信、轰炸 联系 ✈️：Boss91M1
2022-10-26 23:15:15 → 8217019886215 → yuantoushuju4 → 专业代發广告 Telegram、Skype、郵葙、WhatsApp、嶶信、QQ  → 私信、群发、轰炸 联系 ✈️：Boss91M1
2022-10-26 23:15:35 → 8218458144893 → dyjiaoliu → Telegram、Skype、邮箱、WhatsApp、嶶信、QQ 专业代發广告 → 私信、群发、轰炸 联系 ✈️：Boss91M1
2022-10-26 23:16:25 → 918252735048 → shengshiyule6666 → Skype、Telegram、邮箱、WhatsApp、嶶信、QQ 专业代發广告 → 私信、群发、轰炸 联系 ✈️：Boss91M1
2022-10-26 23:16:40 → 918260862577 → YCQGZ88888 → 邮箱、WhatsApp、Skype、Telegram、嶶信、QQ 专业代發广告 → 群发、私信、轰炸 联系 ✈️：Boss91M1
2022-10-26 23:17:02 → 918265087243 → OKXGroup_CN → 專業代發廣告 (Skype、Telegram、郵葙、WhatsApp、嶶信、QQ) 俬信、裙發、轰怍 聯係 ✈️：Boss91M1
2022-10-26 23:17:27 → 12032921790 → Sz1888 → 轰炸、私信、群发 Telegram、Skype、邮箱、WhatsApp、微信、QQ  →  联系 ✈️：Boss91M1
2022-10-26 23:17:40 → 13462309531 → HWDBQ → 专业代發广告 Telegram、Skype、郵葙、WhatsApp、嶶信、QQ  → 私信、群发、轰炸 联系 ✈️：Boss91M1
2022-10-26 23:17:56 → 18382362995 → makatibanzhuan → 轰炸、私信、群发 Telegram、Skype、邮箱、WhatsApp、微信、QQ  →  联系 ✈️：Boss91M1
2022-10-26 23:18:32 → 8215482371180 → goutui1113 → 专业代發广告 Telegram、Skype、郵葙、WhatsApp、嶶信、QQ  → 私信、群发、轰炸 联系 ✈️：Boss91M1
2022-10-26 23:19:00 → 8215485360479 → zzlsjbyq → WhatsApp、Skype、Telegram、邮箱、嶶信、QQ 专业代發广告 → 私信、轰炸、群发 联系 ✈️：Boss91M1
2022-10-26 23:19:56 → 8217019886215 → TG00016 → 专业代發广告 Telegram、Skype、郵葙、WhatsApp、嶶信、QQ  → 私信、群发、轰炸 联系 ✈️：Boss91M1
2022-10-26 23:20:16 → 8218458144893 → TG_88888 → 轰炸、私信、群发 Telegram、Skype、邮箱、WhatsApp、微信、QQ  →  联系 ✈️：Boss91M1
2022-10-26 23:21:00 → 918252735048 → evilsquid → 邮箱、WhatsApp、Skype、Telegram、嶶信、QQ 专业代發广告 → 群发、私信、轰炸 联系 ✈️：Boss91M1
2022-10-26 23:21:13 → 918260862577 → prayasdiscuss2023 → 專業代發廣告 (Skype、Telegram、郵葙、WhatsApp、嶶信、QQ) 俬信、裙發、轰怍 聯係 ✈️：Boss91M1
2022-10-26 23:21:41 → 918265087243 → WKLhuaren → Skype、Telegram、邮箱、WhatsApp、嶶信、QQ 专业代發广告 → 私信、群发、轰炸 联系 ✈️：Boss91M1
2022-10-26 23:21:56 → 919482799261 → -1001691862643 → 專業代發廣告 (Skype、Telegram、郵葙、WhatsApp、嶶信、QQ) 俬信、裙發、轰怍 聯係 ✈️：Boss91M1
2022-10-26 23:22:12 → 12032921790 → piterdaishlar95 → Skype、Telegram、邮箱、WhatsApp、嶶信、QQ 专业代發广告 → 私信、群发、轰炸 联系 ✈️：Boss91M1
2022-10-26 23:22:37 → 18382362995 → CgzgXVAswFK_UDS → 轰炸、私信、群发 Telegram、Skype、邮箱、WhatsApp、微信、QQ  →  联系 ✈️：Boss91M1
2022-10-26 23:22:50 → 50496735993 → boss91MChannel → Telegram、Skype、郵葙、WhatsApp、嶶信、QQ  → 俬信、裙發、轟怍 聯係 ✈️：Boss91M1
2022-10-26 23:23:03 → 8212265543492 → bdzycom → Telegram、Skype、邮箱、WhatsApp、嶶信、QQ 专业代發广告 → 私信、群发、轰炸 联系 ✈️：Boss91M1
2022-10-26 23:23:18 → 8212265648329 → pcptm → 邮箱、WhatsApp、Skype、Telegram、嶶信、QQ 专业代發广告 → 群发、私信、轰炸 联系 ✈️：Boss91M1
2022-10-26 23:23:40 → 8215483594842 → dongnanyaliaotian → Telegram、Skype、邮箱、WhatsApp、嶶信、QQ 专业代發广告 → 私信、群发、轰炸 联系 ✈️：Boss91M1
2022-10-26 23:24:39 → 8217019886215 → TGTRX123 → 私信、群发、轰炸 Telegram、Skype、邮箱、WhatsApp、微信、QQ  →  联系 ✈️：Boss91M1
2022-10-26 23:24:57 → 8218458144893 → bailaohui_cvv → 私信、群发、轰炸 Telegram、Skype、邮箱、WhatsApp、微信、QQ  →  联系 ✈️：Boss91M1
2022-10-26 23:25:39 → 918252735048 → zhongwen6 → Telegram、Skype、邮箱、WhatsApp、嶶信、QQ 专业代發广告 → 私信、群发、轰炸 联系 ✈️：Boss91M1
2022-10-26 23:26:38 → 13462309531 → liang1112233 → 專業代發廣告 (Telegram、Skype、郵葙、WhatsApp、嶶信、QQ) 俬信、裙發、轰怍 聯係 ✈️：Boss91M1
2022-10-26 23:26:52 → 18382362995 → xmarspace → 專業代發廣告 (Skype、Telegram、郵葙、WhatsApp、嶶信、QQ) 俬信、裙發、轰怍 聯係 ✈️：Boss91M1
2022-10-26 23:27:10 → 50496735993 → TG110 → 私信、群发、轰炸 Telegram、Skype、邮箱、WhatsApp、微信、QQ  →  联系 ✈️：Boss91M1
2022-10-26 23:27:38 → 8212265648329 → x00008 → Skype、Telegram、邮箱、WhatsApp、嶶信、QQ 专业代發广告 → 私信、群发、轰炸 联系 ✈️：Boss91M1
2022-10-26 23:28:00 → 8215483594842 → TG006 → Telegram、Skype、郵葙、WhatsApp、嶶信、QQ  → 俬信、裙發、轟怍 聯係 ✈️：Boss91M1
2022-10-26 23:28:19 → 8215793523536 → SHCPCO → 專業代發廣告 (Skype、Telegram、郵葙、WhatsApp、嶶信、QQ) 俬信、裙發、轰怍 聯係 ✈️：Boss91M1
2022-10-26 23:28:31 → 8216317179895 → x00008 → 群發、私信、轟炸 Telegram、Skype、郵箱、WhatsApp、微信、QQ  → 聯系 ✈️：Boss91M1
2022-10-26 23:28:42 → 8216728738741 → tg771 → Telegram、Skype、邮箱、WhatsApp、嶶信、QQ 专业代發广告 → 私信、群发、轰炸 联系 ✈️：Boss91M1
2022-10-26 23:28:59 → 8217019886215 → zzlsjbyq → Telegram、Skype、郵葙、WhatsApp、嶶信、QQ  → 俬信、裙發、轟怍 聯係 ✈️：Boss91M1
2022-10-26 23:29:16 → 8217826052665 → TG108 → WhatsApp、Skype、Telegram、邮箱、嶶信、QQ 专业代發广告 → 私信、轰炸、群发 联系 ✈️：Boss91M1
2022-10-26 23:29:28 → 8218458144893 → ziyuan2 → Skype、Telegram、邮箱、WhatsApp、嶶信、QQ 专业代發广告 → 私信、群发、轰炸 联系 ✈️：Boss91M1
2022-10-26 23:30:18 → 918252735048 → kkkttt369 → WhatsApp、Skype、Telegram、邮箱、嶶信、QQ 专业代發广告 → 私信、轰炸、群发 联系 ✈️：Boss91M1
2022-10-26 23:31:17 → 18382362995 → -1001772668090 → 轰炸、私信、群发 Telegram、Skype、邮箱、WhatsApp、微信、QQ  →  联系 ✈️：Boss91M1
2022-10-26 23:31:29 → 50496735993 → olddriver_gd → Skype、Telegram、邮箱、WhatsApp、嶶信、QQ 专业代發广告 → 私信、群发、轰炸 联系 ✈️：Boss91M1
2022-10-26 23:32:05 → 8215482371180 → TG006 → 专业代發广告 Telegram、Skype、郵葙、WhatsApp、嶶信、QQ  → 俬信、裙發、轟怍 聯係 ✈️：Boss91M1
2022-10-26 23:32:17 → 8215483594842 → wwxcxinting → 群發、私信、轟炸 Telegram、Skype、郵箱、WhatsApp、微信、QQ  → 聯系 ✈️：Boss91M1
2022-10-26 23:32:28 → 8215485360479 → FHLMTEAM → 專業代發廣告 (Telegram、Skype、郵葙、WhatsApp、嶶信、QQ) 俬信、裙發、轰怍 聯係 ✈️：Boss91M1
2022-10-26 23:32:40 → 8215793523536 → TG_88888 → 專業代發廣告 (Skype、Telegram、郵葙、WhatsApp、嶶信、QQ) 俬信、裙發、轰怍 聯係 ✈️：Boss91M1
2022-10-26 23:33:12 → 8216728738741 → diyidaifu → 群發、私信、轟炸 Telegram、Skype、郵箱、WhatsApp、微信、QQ  → 聯系 ✈️：Boss91M1
2022-10-26 23:34:25 → 918252735048 → goutui1113 → 专业代發广告 Telegram、Skype、郵葙、WhatsApp、嶶信、QQ  → 俬信、裙發、轟怍 聯係 ✈️：Boss91M1
2022-10-26 23:35:18 → 13462309531 → huanqian35 → 專業代發廣告 (Skype、Telegram、郵葙、WhatsApp、嶶信、QQ) 俬信、裙發、轰怍 聯係 ✈️：Boss91M1
2022-10-26 23:35:32 → 18382362995 → DogeGeniusinu_CE_1 → 專業代發廣告 (Telegram、Skype、郵葙、WhatsApp、嶶信、QQ) 俬信、裙發、轰怍 聯係 ✈️：Boss91M1
2022-10-26 23:35:53 → 8212265543492 → FHLMTEAM → WhatsApp、Skype、Telegram、邮箱、嶶信、QQ 专业代發广告 → 私信、轰炸、群发 联系 ✈️：Boss91M1
2022-10-26 23:36:37 → 8215483594842 → shuju888666 → 私信、群发、轰炸 Telegram、Skype、邮箱、WhatsApp、微信、QQ  →  联系 ✈️：Boss91M1
2022-10-26 23:37:00 → 8215793523536 → BKEXChinese → Telegram、Skype、郵葙、WhatsApp、嶶信、QQ  → 俬信、裙發、轟怍 聯係 ✈️：Boss91M1
2022-10-26 23:37:47 → 8217826052665 → GouTui → 专业代發广告 Telegram、Skype、郵葙、WhatsApp、嶶信、QQ  → 私信、群发、轰炸 联系 ✈️：Boss91M1
2022-10-26 23:39:03 → 918260862577 → kkkttt369 → 專業代發廣告 (Telegram、Skype、郵葙、WhatsApp、嶶信、QQ) 俬信、裙發、轰怍 聯係 ✈️：Boss91M1
2022-10-26 23:39:19 → 918265087243 → dibai12 → 群發、私信、轟炸 Telegram、Skype、郵箱、WhatsApp、微信、QQ  → 聯系 ✈️：Boss91M1
2022-10-26 23:39:54 → 13462309531 → CDshouchang4 → 群發、私信、轟炸 Telegram、Skype、郵箱、WhatsApp、微信、QQ  → 聯系 ✈️：Boss91M1
2022-10-26 23:40:09 → 18382362995 → wangzhuanusdt → 邮箱、WhatsApp、Skype、Telegram、嶶信、QQ 专业代發广告 → 群发、私信、轰炸 联系 ✈️：Boss91M1
2022-10-26 23:40:25 → 50496735993 → kkkttt369 → 专业代發广告 Telegram、Skype、邮箱、WhatsApp、QQ、嶶信  → 私信、群发、轰炸 联系 ✈️：Boss91M1
2022-10-26 23:40:44 → 8212265543492 → bailaohui_cvv → 專業代發廣告 (Telegram、Skype、郵葙、WhatsApp、嶶信、QQ) 俬信、裙發、轰怍 聯係 ✈️：Boss91M1
2022-10-26 23:40:55 → 8212265648329 → FQ3P3 → Telegram、Skype、郵葙、WhatsApp、嶶信、QQ  → 俬信、裙發、轟怍 聯係 ✈️：Boss91M1
2022-10-26 23:41:07 → 8215482371180 → MDhuaren1 → 專業代發廣告 (Telegram、Skype、郵葙、WhatsApp、嶶信、QQ) 俬信、裙發、轰怍 聯係 ✈️：Boss91M1
2022-10-26 23:41:24 → 8215485360479 → cyj58 → 私信、群发、轰炸 Telegram、Skype、邮箱、WhatsApp、微信、QQ  →  联系 ✈️：Boss91M1
2022-10-26 23:41:35 → 8215793523536 → tcelue1 → Telegram、Skype、郵葙、WhatsApp、嶶信、QQ  → 俬信、裙發、轟怍 聯係 ✈️：Boss91M1
2022-10-26 23:41:50 → 8216317179895 → x00008 → 專業代發廣告 (Telegram、Skype、郵葙、WhatsApp、嶶信、QQ) 俬信、裙發、轰怍 聯係 ✈️：Boss91M1
2022-10-26 23:42:09 → 8217019886215 → guangdongyue → Telegram、Skype、郵葙、WhatsApp、嶶信、QQ  → 俬信、裙發、轟怍 聯係 ✈️：Boss91M1
2022-10-26 23:42:26 → 8217826052665 → TGlianmeng002 → 专业代發广告 Telegram、Skype、郵葙、WhatsApp、嶶信、QQ  → 俬信、裙發、轟怍 聯係 ✈️：Boss91M1
2022-10-26 23:42:40 → 8218458144893 → TG_88888 → Telegram、Skype、邮箱、WhatsApp、嶶信、QQ 专业代發广告 → 私信、群发、轰炸 联系 ✈️：Boss91M1
2022-10-26 23:42:56 → 918240446800 → B0r2tKkfcugxOGI1 → 專業代發廣告 (Skype、Telegram、郵葙、WhatsApp、嶶信、QQ) 俬信、裙發、轰怍 聯係 ✈️：Boss91M1
2022-10-26 23:43:25 → 918252478913 → weikang2020 → 邮箱、WhatsApp、Skype、Telegram、嶶信、QQ 专业代發广告 → 群发、私信、轰炸 联系 ✈️：Boss91M1
2022-10-26 23:44:48 → 18382362995 → ayu12457 → 专业代發广告 Telegram、Skype、邮箱、WhatsApp、QQ、嶶信  → 私信、群发、轰炸 联系 ✈️：Boss91M1
2022-10-26 23:45:02 → 50496735993 → tg771 → 私信、群发、轰炸 Telegram、Skype、邮箱、WhatsApp、微信、QQ  →  联系 ✈️：Boss91M1
2022-10-26 23:45:19 → 8212265543492 → bdzycom → 专业代發广告 Telegram、Skype、郵葙、WhatsApp、嶶信、QQ  → 俬信、裙發、轟怍 聯係 ✈️：Boss91M1
2022-10-26 23:45:58 → 8215483594842 → wwxcxinting → Telegram、Skype、郵葙、WhatsApp、嶶信、QQ  → 俬信、裙發、轟怍 聯係 ✈️：Boss91M1
2022-10-26 23:46:09 → 8215485360479 → TGlianmeng002 → Skype、Telegram、邮箱、WhatsApp、嶶信、QQ 专业代發广告 → 私信、群发、轰炸 联系 ✈️：Boss91M1
2022-10-26 23:46:20 → 8215793523536 → TGlianmeng002 → Telegram、Skype、邮箱、WhatsApp、嶶信、QQ 专业代發广告 → 私信、群发、轰炸 联系 ✈️：Boss91M1
2022-10-26 23:46:53 → 8216728738741 → -1001532469436 → 轰炸、私信、群发 Telegram、Skype、邮箱、WhatsApp、微信、QQ  →  联系 ✈️：Boss91M1
2022-10-26 23:47:08 → 8217019886215 → tg771 → Telegram、Skype、郵葙、WhatsApp、嶶信、QQ  → 俬信、裙發、轟怍 聯係 ✈️：Boss91M1
2022-10-26 23:47:20 → 8217826052665 → evilsquid → 專業代發廣告 (Telegram、Skype、郵葙、WhatsApp、嶶信、QQ) 俬信、裙發、轰怍 聯係 ✈️：Boss91M1
2022-10-26 23:47:31 → 8218458144893 → bailaohui_cvv → 邮箱、WhatsApp、Skype、Telegram、嶶信、QQ 专业代發广告 → 群发、私信、轰炸 联系 ✈️：Boss91M1
2022-10-26 23:48:05 → 918252478913 → TGTRX123 → 私信、群发、轰炸 Telegram、Skype、邮箱、WhatsApp、微信、QQ  →  联系 ✈️：Boss91M1
2022-10-26 23:48:31 → 918260862577 → Usdtbmw → 专业代發广告 Telegram、Skype、邮箱、WhatsApp、QQ、嶶信  → 私信、群发、轰炸 联系 ✈️：Boss91M1
2022-10-26 23:48:47 → 918265087243 → shuju888666 → 专业代發广告 Telegram、Skype、郵葙、WhatsApp、嶶信、QQ  → 俬信、裙發、轟怍 聯係 ✈️：Boss91M1
2022-10-26 23:49:01 → 919482799261 → TGHRTL → Telegram、Skype、郵葙、WhatsApp、嶶信、QQ  → 俬信、裙發、轟怍 聯係 ✈️：Boss91M1
2022-10-26 23:49:44 → 50496735993 → dongnanyaliaotian → Telegram、Skype、郵葙、WhatsApp、嶶信、QQ  → 俬信、裙發、轟怍 聯係 ✈️：Boss91M1
2022-10-26 23:49:56 → 8212265543492 → TG166 → 專業代發廣告 (Telegram、Skype、郵葙、WhatsApp、嶶信、QQ) 俬信、裙發、轰怍 聯係 ✈️：Boss91M1
2022-10-26 23:50:13 → 8212265648329 → SHCPCO → Skype、Telegram、邮箱、WhatsApp、嶶信、QQ 专业代發广告 → 私信、群发、轰炸 联系 ✈️：Boss91M1
2022-10-26 23:51:01 → 8215485360479 → MDhuaren1 → 私信、群发、轰炸 Telegram、Skype、邮箱、WhatsApp、微信、QQ  →  联系 ✈️：Boss91M1
2022-10-26 23:51:41 → 8217019886215 → zzlsjbyq → 專業代發廣告 (Telegram、Skype、郵葙、WhatsApp、嶶信、QQ) 俬信、裙發、轰怍 聯係 ✈️：Boss91M1
2022-10-26 23:51:55 → 8217826052665 → maticnetwork_china → 专业代發广告 Telegram、Skype、郵葙、WhatsApp、嶶信、QQ  → 私信、群发、轰炸 联系 ✈️：Boss91M1
2022-10-26 23:52:06 → 8218458144893 → dyjiaoliu → Telegram、Skype、郵葙、WhatsApp、嶶信、QQ  → 俬信、裙發、轟怍 聯係 ✈️：Boss91M1
2022-10-26 23:52:42 → 918252478913 → YCQGZ88888 → 邮箱、WhatsApp、Skype、Telegram、嶶信、QQ 专业代發广告 → 群发、私信、轰炸 联系 ✈️：Boss91M1
2022-10-26 23:52:55 → 918252735048 → kkkttt369 → 专业代發广告 Telegram、Skype、邮箱、WhatsApp、QQ、嶶信  → 私信、群发、轰炸 联系 ✈️：Boss91M1
2022-10-26 23:53:54 → 13462309531 → Usdtbmw → 轰炸、私信、群发 Telegram、Skype、邮箱、WhatsApp、微信、QQ  →  联系 ✈️：Boss91M1
2022-10-26 23:54:05 → 18382362995 → hwzhifuxitongdajian → 专业代發广告 Telegram、Skype、郵葙、WhatsApp、嶶信、QQ  → 私信、群发、轰炸 联系 ✈️：Boss91M1
2022-10-26 23:54:20 → 50496735993 → boss91MChannel → 专业代發广告 Telegram、Skype、邮箱、WhatsApp、QQ、嶶信  → 私信、群发、轰炸 联系 ✈️：Boss91M1
2022-10-26 23:55:02 → 8215485360479 → WKLhuaren → Skype、Telegram、邮箱、WhatsApp、嶶信、QQ 专业代發广告 → 私信、群发、轰炸 联系 ✈️：Boss91M1
2022-10-26 23:55:46 → 8216728738741 → tg771 → Telegram、Skype、邮箱、WhatsApp、嶶信、QQ 专业代發广告 → 私信、群发、轰炸 联系 ✈️：Boss91M1
2022-10-26 23:56:54 → 918252735048 → goutui1113 → WhatsApp、Skype、Telegram、邮箱、嶶信、QQ 专业代發广告 → 私信、轰炸、群发 联系 ✈️：Boss91M1
2022-10-26 23:57:12 → 918260862577 → YCQGZ88888 → 轰炸、私信、群发 Telegram、Skype、邮箱、WhatsApp、微信、QQ  →  联系 ✈️：Boss91M1
2022-10-26 23:57:27 → 918265087243 → TGlianmeng002 → 群發、私信、轟炸 Telegram、Skype、郵箱、WhatsApp、微信、QQ  → 聯系 ✈️：Boss91M1
2022-10-26 23:58:05 → 18382362995 → HuobiGlobal_zw → WhatsApp、Skype、Telegram、邮箱、嶶信、QQ 专业代發广告 → 私信、轰炸、群发 联系 ✈️：Boss91M1
2022-10-26 23:58:18 → 50496735993 → TG5171 → 專業代發廣告 (Skype、Telegram、郵葙、WhatsApp、嶶信、QQ) 俬信、裙發、轰怍 聯係 ✈️：Boss91M1
2022-10-26 23:58:42 → 8212265648329 → x00008 → 私信、群发、轰炸 Telegram、Skype、邮箱、WhatsApp、微信、QQ  →  联系 ✈️：Boss91M1
2022-10-26 23:59:11 → 8215483594842 → zhongwen6 → Telegram、Skype、郵葙、WhatsApp、嶶信、QQ  → 俬信、裙發、轟怍 聯係 ✈️：Boss91M1
2022-10-26 23:59:28 → 8215485360479 → zzlsjbyq → 专业代發广告 Telegram、Skype、郵葙、WhatsApp、嶶信、QQ  → 私信、群发、轰炸 联系 ✈️：Boss91M1
2022-10-26 23:59:41 → 8215793523536 → TGlianmeng002 → WhatsApp、Skype、Telegram、邮箱、嶶信、QQ 专业代發广告 → 私信、轰炸、群发 联系 ✈️：Boss91M1