

----------------------------------------------

2022-10-24 20:30:42 → sotava9694@ilusale.com::xiaomu202206 → live:subosubo888 →  live:subosubo888 → Skype 发送消息错误：('502 response from GET https://api.skype.com/users/self/profile', <Response [502]>)

----------------------------------------------

2022-10-24 20:32:30 → sotava9694@ilusale.com::xiaomu202206 → 444474@qq.com →  444474@qq.com → Skype 发送消息错误：'NoneType' object has no attribute 'chat'

----------------------------------------------

2022-10-24 20:38:59 → fipep77911@24rumen.com::xiaomu202206 → hhh168186 →  连接到 Skype 错误：（'超出验证速率限制'，<Response[429]>）('Auth rate limit exceeded', <Response [429]>)

----------------------------------------------

2022-10-24 20:42:36 → fipep77911@24rumen.com::xiaomu202206 → live:473689 →  连接到 Skype 错误：（'超出验证速率限制'，<Response[429]>）('Auth rate limit exceeded', <Response [429]>)

----------------------------------------------

2022-10-24 20:42:56 → sotava9694@ilusale.com::xiaomu202206 → i66866 →  i66866 → Skype 发送消息错误：'NoneType' object has no attribute 'chat'

----------------------------------------------

2022-10-24 20:44:54 → sotava9694@ilusale.com::xiaomu202206 → 790127ae19a37bea →  790127ae19a37bea → Skype 发送消息错误：'NoneType' object has no attribute 'chat'

----------------------------------------------

2022-10-24 20:46:55 → sotava9694@ilusale.com::xiaomu202206 → yp6868 →  连接到 Skype 错误：（'超出验证速率限制'，<Response[429]>）('Auth rate limit exceeded', <Response [429]>)

----------------------------------------------

2022-10-24 20:48:15 → fipep77911@24rumen.com::xiaomu202206 → 297487@qq.com →  297487@qq.com → Skype 发送消息错误：'NoneType' object has no attribute 'chat'

----------------------------------------------

2022-10-24 20:50:11 → sotava9694@ilusale.com::xiaomu202206 → live:coco.wu_4 →  连接到 Skype 错误：（'超出验证速率限制'，<Response[429]>）('Auth rate limit exceeded', <Response [429]>)

----------------------------------------------

2022-10-24 20:51:02 → fipep77911@24rumen.com::xiaomu202206 → live:58276_1 →  身份验证失败,账号被锁定注销('wsse:FailedAuthentication - Authentication Failure', <Response [200]>)

----------------------------------------------

2022-10-24 20:52:43 → sotava9694@ilusale.com::xiaomu202206 → live:800199 →  身份验证失败,账号被锁定注销('wsse:FailedAuthentication - Authentication Failure', <Response [200]>)