

----------------------------------------------

2022-10-20 10:17:45 → bayay80042@inkmoto.com::xiaomu202206 → tangshao888 →  tangshao888 → Skype 发送消息错误：'NoneType' object has no attribute 'chat'

----------------------------------------------

2022-10-20 10:18:42 → nipon90881@kaimdr.com::xiaomu202206 → live:.cid.45c84c90879e4381 →  live:.cid.45c84c90879e4381 → Skype 发送消息错误：'NoneType' object has no attribute 'chat'

----------------------------------------------

2022-10-20 10:25:07 → bayay80042@inkmoto.com::xiaomu202206 → live:feida888_1 →  连接到 Skype 错误：（'超出验证速率限制'，<Response[429]>）('Auth rate limit exceeded', <Response [429]>)

----------------------------------------------

2022-10-20 10:27:17 → bayay80042@inkmoto.com::xiaomu202206 → ck2345 →  连接到 Skype 错误：（'超出验证速率限制'，<Response[429]>）('Auth rate limit exceeded', <Response [429]>)

----------------------------------------------

2022-10-20 10:28:18 → nipon90881@kaimdr.com::xiaomu202206 → 466629000@qq.com →  466629000@qq.com → Skype 发送消息错误：'NoneType' object has no attribute 'chat'

----------------------------------------------

2022-10-20 10:29:37 → jayiwo5850@inkmoto.com::xiaomu202206 → live:88.99 →  连接到 Skype 错误：（'超出验证速率限制'，<Response[429]>）('Auth rate limit exceeded', <Response [429]>)

----------------------------------------------

2022-10-20 10:29:43 → nipon90881@kaimdr.com::xiaomu202206 → live:f789ee011dbd1c3 →  连接到 Skype 错误：（'超出验证速率限制'，<Response[429]>）('Auth rate limit exceeded', <Response [429]>)

----------------------------------------------

2022-10-20 10:31:19 → jayiwo5850@inkmoto.com::xiaomu202206 → 92935@qq.com →  连接到 Skype 错误：（'超出验证速率限制'，<Response[429]>）('Auth rate limit exceeded', <Response [429]>)

----------------------------------------------

2022-10-20 10:31:33 → nipon90881@kaimdr.com::xiaomu202206 → live:vip1_77 →  连接到 Skype 错误：（'超出验证速率限制'，<Response[429]>）('Auth rate limit exceeded', <Response [429]>)

----------------------------------------------

2022-10-20 10:32:42 → jayiwo5850@inkmoto.com::xiaomu202206 → xinye_vip →  连接到 Skype 错误：（'超出验证速率限制'，<Response[429]>）('Auth rate limit exceeded', <Response [429]>)

----------------------------------------------

2022-10-20 10:33:21 → nipon90881@kaimdr.com::xiaomu202206 → live:1240048801 →  连接到 Skype 错误：（'超出验证速率限制'，<Response[429]>）('Auth rate limit exceeded', <Response [429]>)

----------------------------------------------

2022-10-20 10:34:23 → jayiwo5850@inkmoto.com::xiaomu202206 → live:niucai888 →  连接到 Skype 错误：（'超出验证速率限制'，<Response[429]>）('Auth rate limit exceeded', <Response [429]>)

----------------------------------------------

2022-10-20 10:35:03 → nipon90881@kaimdr.com::xiaomu202206 → live:.cid.e88ba35d0f7bbf90 →  连接到 Skype 错误：（'超出验证速率限制'，<Response[429]>）('Auth rate limit exceeded', <Response [429]>)

----------------------------------------------

2022-10-20 10:35:06 → jayiwo5850@inkmoto.com::xiaomu202206 → sy55555 →  连接到 Skype 错误：（'超出验证速率限制'，<Response[429]>）('Auth rate limit exceeded', <Response [429]>)

----------------------------------------------

2022-10-20 10:36:47 → jayiwo5850@inkmoto.com::xiaomu202206 → live:bwwvkig →  连接到 Skype 错误：（'超出验证速率限制'，<Response[429]>）('Auth rate limit exceeded', <Response [429]>)

----------------------------------------------

2022-10-20 10:36:59 → nipon90881@kaimdr.com::xiaomu202206 → vvtuvv →  连接到 Skype 错误：（'超出验证速率限制'，<Response[429]>）('Auth rate limit exceeded', <Response [429]>)

----------------------------------------------

2022-10-20 10:38:43 → jayiwo5850@inkmoto.com::xiaomu202206 → live:.cid.64665316d21053b0 →  连接到 Skype 错误：（'超出验证速率限制'，<Response[429]>）('Auth rate limit exceeded', <Response [429]>)

----------------------------------------------

2022-10-20 10:38:53 → nipon90881@kaimdr.com::xiaomu202206 → 969999@qq.com →  969999@qq.com → Skype 发送消息错误：'NoneType' object has no attribute 'chat'

----------------------------------------------

2022-10-20 10:39:14 → nipon90881@kaimdr.com::xiaomu202206 → live:cc736559 →  连接到 Skype 错误：（'超出验证速率限制'，<Response[429]>）('Auth rate limit exceeded', <Response [429]>)

----------------------------------------------

2022-10-20 10:39:40 → jayiwo5850@inkmoto.com::xiaomu202206 → 55555@qq.com →  55555@qq.com → Skype 发送消息错误：'NoneType' object has no attribute 'chat'

----------------------------------------------

2022-10-20 10:39:48 → jayiwo5850@inkmoto.com::xiaomu202206 → 33733@qq.com →  33733@qq.com → Skype 发送消息错误：'NoneType' object has no attribute 'chat'

----------------------------------------------

2022-10-20 10:42:22 → bayay80042@inkmoto.com::xiaomu202206 → wandousong2019@gmail.com →  wandousong2019@gmail.com → Skype 发送消息错误：'NoneType' object has no attribute 'chat'

----------------------------------------------

2022-10-20 10:44:18 → jayiwo5850@inkmoto.com::xiaomu202206 → zp7777 →  连接到 Skype 错误：（'超出验证速率限制'，<Response[429]>）('Auth rate limit exceeded', <Response [429]>)

----------------------------------------------

2022-10-20 10:44:29 → nipon90881@kaimdr.com::xiaomu202206 → live:.cid.5b9fe2858be92209 →  连接到 Skype 错误：（'超出验证速率限制'，<Response[429]>）('Auth rate limit exceeded', <Response [429]>)

----------------------------------------------

2022-10-20 10:45:06 → jayiwo5850@inkmoto.com::xiaomu202206 → 11188100@qq.com →  11188100@qq.com → Skype 发送消息错误：'NoneType' object has no attribute 'chat'

----------------------------------------------

2022-10-20 10:45:54 → jayiwo5850@inkmoto.com::xiaomu202206 → admin888892 →  连接到 Skype 错误：（'超出验证速率限制'，<Response[429]>）('Auth rate limit exceeded', <Response [429]>)

----------------------------------------------

2022-10-20 10:46:20 → nipon90881@kaimdr.com::xiaomu202206 → live:d5b27e76ea1ffd29 →  连接到 Skype 错误：（'超出验证速率限制'，<Response[429]>）('Auth rate limit exceeded', <Response [429]>)

----------------------------------------------

2022-10-20 10:46:24 → bayay80042@inkmoto.com::xiaomu202206 → hz98444@163.com →  hz98444@163.com → Skype 发送消息错误：'NoneType' object has no attribute 'chat'

----------------------------------------------

2022-10-20 10:47:48 → bayay80042@inkmoto.com::xiaomu202206 → 93948@qq.com →  93948@qq.com → Skype 发送消息错误：'NoneType' object has no attribute 'chat'

----------------------------------------------

2022-10-20 10:47:50 → jayiwo5850@inkmoto.com::xiaomu202206 → live:.cid.3b58784230d9bfd →  连接到 Skype 错误：（'超出验证速率限制'，<Response[429]>）('Auth rate limit exceeded', <Response [429]>)

----------------------------------------------

2022-10-20 10:48:01 → nipon90881@kaimdr.com::xiaomu202206 → live:47fad7268fb44bf9 →  连接到 Skype 错误：（'超出验证速率限制'，<Response[429]>）('Auth rate limit exceeded', <Response [429]>)

----------------------------------------------

2022-10-20 10:48:26 → bayay80042@inkmoto.com::xiaomu202206 → live:571205401 →  live:571205401 → Skype 发送消息错误：'NoneType' object has no attribute 'chat'

----------------------------------------------

2022-10-20 10:49:25 → jayiwo5850@inkmoto.com::xiaomu202206 → live:bdbcf5db9bbf4bc2 →  连接到 Skype 错误：（'超出验证速率限制'，<Response[429]>）('Auth rate limit exceeded', <Response [429]>)

----------------------------------------------

2022-10-20 10:49:43 → nipon90881@kaimdr.com::xiaomu202206 → tdc12593 →  连接到 Skype 错误：（'超出验证速率限制'，<Response[429]>）('Auth rate limit exceeded', <Response [429]>)

----------------------------------------------

2022-10-20 10:50:51 → jayiwo5850@inkmoto.com::xiaomu202206 → evarevo520 →  连接到 Skype 错误：（'超出验证速率限制'，<Response[429]>）('Auth rate limit exceeded', <Response [429]>)

----------------------------------------------

2022-10-20 10:51:27 → nipon90881@kaimdr.com::xiaomu202206 → live:6b135cdf2c83e4d1 →  连接到 Skype 错误：（'超出验证速率限制'，<Response[429]>）('Auth rate limit exceeded', <Response [429]>)

----------------------------------------------

2022-10-20 10:52:33 → bayay80042@inkmoto.com::xiaomu202206 → 55208@qq.com →  55208@qq.com → Skype 发送消息错误：'NoneType' object has no attribute 'chat'

----------------------------------------------

2022-10-20 10:52:35 → nipon90881@kaimdr.com::xiaomu202206 → cansen918@gmail.com →  cansen918@gmail.com → Skype 发送消息错误：'NoneType' object has no attribute 'chat'

----------------------------------------------

2022-10-20 10:54:57 → jayiwo5850@inkmoto.com::xiaomu202206 → 722892@qq.com →  722892@qq.com → Skype 发送消息错误：'NoneType' object has no attribute 'chat'

----------------------------------------------

2022-10-20 11:02:37 → jayiwo5850@inkmoto.com::xiaomu202206 → live:42123c06c3b70369 →  连接到 Skype 错误：（'超出验证速率限制'，<Response[429]>）('Auth rate limit exceeded', <Response [429]>)

----------------------------------------------

2022-10-20 11:03:00 → nipon90881@kaimdr.com::xiaomu202206 → king518811 →  连接到 Skype 错误：（'超出验证速率限制'，<Response[429]>）('Auth rate limit exceeded', <Response [429]>)

----------------------------------------------

2022-10-20 11:04:15 → jayiwo5850@inkmoto.com::xiaomu202206 → live:.cid.5519290937999acc →  连接到 Skype 错误：（'超出验证速率限制'，<Response[429]>）('Auth rate limit exceeded', <Response [429]>)

----------------------------------------------

2022-10-20 11:04:44 → nipon90881@kaimdr.com::xiaomu202206 → live:kuaifazhishu →  连接到 Skype 错误：（'超出验证速率限制'，<Response[429]>）('Auth rate limit exceeded', <Response [429]>)

----------------------------------------------

2022-10-20 11:05:53 → jayiwo5850@inkmoto.com::xiaomu202206 → q3333v →  连接到 Skype 错误：（'超出验证速率限制'，<Response[429]>）('Auth rate limit exceeded', <Response [429]>)

----------------------------------------------

2022-10-20 11:05:57 → nipon90881@kaimdr.com::xiaomu202206 → ssggpp →  身份验证失败,账号被锁定注销('wsse:FailedAuthentication - Authentication Failure', <Response [200]>)

----------------------------------------------

2022-10-20 11:06:00 → bayay80042@inkmoto.com::xiaomu202206 → live:ziqing0909 →  身份验证失败,账号被锁定注销('wsse:FailedAuthentication - Authentication Failure', <Response [200]>)

----------------------------------------------

2022-10-20 11:06:43 → jayiwo5850@inkmoto.com::xiaomu202206 → live:17022f77b6f3b52b →  身份验证失败,账号被锁定注销('wsse:FailedAuthentication - Authentication Failure', <Response [200]>)