

----------------------------------------------

2022-10-18 10:22:27 → devokow766@charav.com::xiaomu202206 → dafei312505 →  连接到 Skype 错误：（'超出验证速率限制'，<Response[429]>）('Auth rate limit exceeded', <Response [429]>)

----------------------------------------------

2022-10-18 10:22:47 → rayol15336@kaimdr.com::xiaomu202206 → hz88121@qq.com →  hz88121@qq.com → Skype 发送消息错误：'NoneType' object has no attribute 'chat'

----------------------------------------------

2022-10-18 10:25:03 → rayol15336@kaimdr.com::xiaomu202206 → 766660@qq.comlive:zxc88168588 →  766660@qq.comlive:zxc88168588 → Skype 发送消息错误：'NoneType' object has no attribute 'chat'

----------------------------------------------

2022-10-18 10:25:07 → devokow766@charav.com::xiaomu202206 → 189943223@qq.com →  189943223@qq.com → Skype 发送消息错误：'NoneType' object has no attribute 'chat'

----------------------------------------------

2022-10-18 10:25:17 → rayol15336@kaimdr.com::xiaomu202206 → 59611@qq.com →  59611@qq.com → Skype 发送消息错误：'NoneType' object has no attribute 'chat'

----------------------------------------------

2022-10-18 10:25:23 → devokow766@charav.com::xiaomu202206 → live:571205401@qq.com →  live:571205401@qq.com → Skype 发送消息错误：'NoneType' object has no attribute 'chat'

----------------------------------------------

2022-10-18 10:25:38 → devokow766@charav.com::xiaomu202206 → 416853@qq.com →  416853@qq.com → Skype 发送消息错误：'NoneType' object has no attribute 'chat'

----------------------------------------------

2022-10-18 10:25:50 → rayol15336@kaimdr.com::xiaomu202206 → live:258374@qq.com →  live:258374@qq.com → Skype 发送消息错误：'NoneType' object has no attribute 'chat'

----------------------------------------------

2022-10-18 10:25:57 → rayol15336@kaimdr.com::xiaomu202206 → lwjsj31929 →  lwjsj31929 → Skype 发送消息错误：'NoneType' object has no attribute 'chat'

----------------------------------------------

2022-10-18 10:26:04 → rayol15336@kaimdr.com::xiaomu202206 → 8359687_1 →  8359687_1 → Skype 发送消息错误：'NoneType' object has no attribute 'chat'

----------------------------------------------

2022-10-18 10:26:07 → devokow766@charav.com::xiaomu202206 → 877576@qq.com →  877576@qq.com → Skype 发送消息错误：'NoneType' object has no attribute 'chat'