

----------------------------------------------

2022-10-21 09:01:40 → mefovas199@ilusale.com::xiaomu202206 → aione1466 →  身份验证失败,账号被锁定注销('wsse:FailedAuthentication - Authentication Failure', <Response [200]>)

----------------------------------------------

2022-10-21 09:03:00 → mefovas199@ilusale.com::xiaomu202206 → live:.cid.26a9facbcc62f757 →  身份验证失败,账号被锁定注销('wsse:FailedAuthentication - Authentication Failure', <Response [200]>)

----------------------------------------------

2022-10-21 09:13:07 → cigadaf670@ilusale.com::xiaomu202206 → live:4a44c9dba755e8b6 →  连接到 Skype 错误：（'超出验证速率限制'，<Response[429]>）('Auth rate limit exceeded', <Response [429]>)

----------------------------------------------

2022-10-21 09:13:44 → moxaxi2118@cadolls.com::xiaomu202206 → live:333334_1 →  身份验证失败,账号被锁定注销('wsse:FailedAuthentication - Authentication Failure', <Response [200]>)

----------------------------------------------

2022-10-21 09:14:16 → cigadaf670@ilusale.com::xiaomu202206 → live:77774_1 →  连接到 Skype 错误：（'超出验证速率限制'，<Response[429]>）('Auth rate limit exceeded', <Response [429]>)

----------------------------------------------

2022-10-21 09:14:21 → cigadaf670@ilusale.com::xiaomu202206 → live:1d446aeb1b165192 →  连接到 Skype 错误：（'超出验证速率限制'，<Response[429]>）('Auth rate limit exceeded', <Response [429]>)

----------------------------------------------

2022-10-21 09:15:01 → cigadaf670@ilusale.com::xiaomu202206 → live:.cid.d7211c4e69d5b78e →  连接到 Skype 错误：（'超出验证速率限制'，<Response[429]>）('Auth rate limit exceeded', <Response [429]>)

----------------------------------------------

2022-10-21 09:15:04 → cigadaf670@ilusale.com::xiaomu202206 → live:.cid.9b5a7e6bf1d5e74c →  连接到 Skype 错误：（'超出验证速率限制'，<Response[429]>）('Auth rate limit exceeded', <Response [429]>)

----------------------------------------------

2022-10-21 09:16:00 → cigadaf670@ilusale.com::xiaomu202206 → live:1211155505 →  身份验证失败,账号被锁定注销('wsse:FailedAuthentication - Authentication Failure', <Response [200]>)

----------------------------------------------

2022-10-21 09:16:05 → cigadaf670@ilusale.com::xiaomu202206 → live:772237777 →  身份验证失败,账号被锁定注销('wsse:FailedAuthentication - Authentication Failure', <Response [200]>)

----------------------------------------------

2022-10-21 09:16:05 → moxaxi2118@cadolls.com::xiaomu202206 → y88w88 →  身份验证失败,账号被锁定注销('wsse:FailedAuthentication - Authentication Failure', <Response [200]>)

----------------------------------------------

2022-10-21 11:45:34 → wafotol596@corylan.com::xiaomu202206 → 2222227370@qq.com →  2222227370@qq.com → Skype 发送消息错误：'NoneType' object has no attribute 'chat'

----------------------------------------------

2022-10-21 11:49:56 → taheyek318@evilant.com::xiaomu202206 → 61629@qq.com →  61629@qq.com → Skype 发送消息错误：'NoneType' object has no attribute 'chat'

----------------------------------------------

2022-10-21 11:51:37 → taheyek318@evilant.com::xiaomu202206 → 444474@qq.com →  身份验证失败,账号被锁定注销('wsse:FailedAuthentication - Authentication Failure', <Response [200]>)

----------------------------------------------

2022-10-21 11:52:09 → wafotol596@corylan.com::xiaomu202206 → live:d6b76c0ece40ebdc →  身份验证失败,账号被锁定注销('wsse:FailedAuthentication - Authentication Failure', <Response [200]>)