

----------------------------------------------

2022-10-19 13:47:53 → senohej652@imdutex.com::xiaomu202206 → live:.cid.d3cb80f2cae445ae →  身份验证失败,账号被锁定注销('wsse:FailedAuthentication - Authentication Failure', <Response [200]>)

----------------------------------------------

2022-10-19 13:47:53 → fokifif873@imdutex.com::xiaomu202206 → live:.cid.e75b5642e4e6b736 →  身份验证失败,账号被锁定注销('wsse:FailedAuthentication - Authentication Failure', <Response [200]>)

----------------------------------------------

2022-10-19 13:48:02 → devokow766@charav.com::xiaomu202206 → at5953 →  身份验证失败,账号被锁定注销('wsse:FailedAuthentication - Authentication Failure', <Response [200]>)

----------------------------------------------

2022-10-19 13:48:02 → rayol15336@kaimdr.com::xiaomu202206 → live:pa.ngugame →  身份验证失败,账号被锁定注销('wsse:FailedAuthentication - Authentication Failure', <Response [200]>)

----------------------------------------------

2022-10-19 13:49:09 → jayiwo5850@inkmoto.com::xiaomu202206 → 83456@qq.com →  83456@qq.com → Skype 发送消息错误：'NoneType' object has no attribute 'chat'

----------------------------------------------

2022-10-19 13:50:04 → jayiwo5850@inkmoto.com::xiaomu202206 → live:.cid.f4b9456a78553550 →  live:.cid.f4b9456a78553550 → Skype 发送消息错误：('502 response from GET https://api.skype.com/users/self/profile', <Response [502]>)

----------------------------------------------

2022-10-19 13:50:34 → nipon90881@kaimdr.com::xiaomu202206 → live:598c1af180ea73bb →  连接到 Skype 错误：（'超出验证速率限制'，<Response[429]>）('Auth rate limit exceeded', <Response [429]>)

----------------------------------------------

2022-10-19 13:52:39 → nipon90881@kaimdr.com::xiaomu202206 → zzz168186 →  zzz168186 → Skype 发送消息错误：'NoneType' object has no attribute 'chat'

----------------------------------------------

2022-10-19 13:56:49 → jayiwo5850@inkmoto.com::xiaomu202206 → live:58039 →  连接到 Skype 错误：（'超出验证速率限制'，<Response[429]>）('Auth rate limit exceeded', <Response [429]>)

----------------------------------------------

2022-10-19 13:56:54 → jayiwo5850@inkmoto.com::xiaomu202206 → live:.cid.3a9ff69acf2e1b99 →  连接到 Skype 错误：（'超出验证速率限制'，<Response[429]>）('Auth rate limit exceeded', <Response [429]>)

----------------------------------------------

2022-10-19 14:00:26 → jayiwo5850@inkmoto.com::xiaomu202206 → live:394335 →  连接到 Skype 错误：（'超出验证速率限制'，<Response[429]>）('Auth rate limit exceeded', <Response [429]>)

----------------------------------------------

2022-10-19 14:00:27 → nipon90881@kaimdr.com::xiaomu202206 → live:789302 →  连接到 Skype 错误：（'超出验证速率限制'，<Response[429]>）('Auth rate limit exceeded', <Response [429]>)

----------------------------------------------

2022-10-19 14:00:29 → bayay80042@inkmoto.com::xiaomu202206 → live:.cid.c5d2d92e78cc70fd →  连接到 Skype 错误：（'超出验证速率限制'，<Response[429]>）('Auth rate limit exceeded', <Response [429]>)

----------------------------------------------

2022-10-19 14:01:54 → nipon90881@kaimdr.com::xiaomu202206 → live:.cid.f9010452143e428c →  live:.cid.f9010452143e428c → Skype 发送消息错误：'NoneType' object has no attribute 'chat'

----------------------------------------------

2022-10-19 14:02:22 → jayiwo5850@inkmoto.com::xiaomu202206 → abqmag →  连接到 Skype 错误：（'超出验证速率限制'，<Response[429]>）('Auth rate limit exceeded', <Response [429]>)

----------------------------------------------

2022-10-19 14:03:14 → nipon90881@kaimdr.com::xiaomu202206 → obsports66@outlook.com →  obsports66@outlook.com → Skype 发送消息错误：'NoneType' object has no attribute 'chat'

----------------------------------------------

2022-10-19 14:04:32 → bayay80042@inkmoto.com::xiaomu202206 → jiesen993@qq.com →  jiesen993@qq.com → Skype 发送消息错误：'NoneType' object has no attribute 'chat'

----------------------------------------------

2022-10-19 14:04:34 → jayiwo5850@inkmoto.com::xiaomu202206 → 58039@qq.com →  58039@qq.com → Skype 发送消息错误：'NoneType' object has no attribute 'chat'

----------------------------------------------

2022-10-19 14:07:08 → jayiwo5850@inkmoto.com::xiaomu202206 → 18888@qq.com →  18888@qq.com → Skype 发送消息错误：'NoneType' object has no attribute 'chat'

----------------------------------------------

2022-10-19 14:08:05 → jayiwo5850@inkmoto.com::xiaomu202206 → obsports66@outlook.com →  obsports66@outlook.com → Skype 发送消息错误：'NoneType' object has no attribute 'chat'

----------------------------------------------

2022-10-19 14:10:26 → nipon90881@kaimdr.com::xiaomu202206 → 977778@qq.com →  977778@qq.com → Skype 发送消息错误：'NoneType' object has no attribute 'chat'

----------------------------------------------

2022-10-19 14:10:54 → bayay80042@inkmoto.com::xiaomu202206 → wz6666 →  wz6666 → Skype 发送消息错误：'NoneType' object has no attribute 'chat'

----------------------------------------------

2022-10-19 14:14:59 → bayay80042@inkmoto.com::xiaomu202206 → live:571205401 →  live:571205401 → Skype 发送消息错误：'NoneType' object has no attribute 'chat'

----------------------------------------------

2022-10-19 14:15:53 → jayiwo5850@inkmoto.com::xiaomu202206 → live:.cid.1b24b8da082cf3ff →  连接到 Skype 错误：（'超出验证速率限制'，<Response[429]>）('Auth rate limit exceeded', <Response [429]>)

----------------------------------------------

2022-10-19 14:16:26 → bayay80042@inkmoto.com::xiaomu202206 → live:.cid.924db6f8680911dd →  连接到 Skype 错误：（'超出验证速率限制'，<Response[429]>）('Auth rate limit exceeded', <Response [429]>)

----------------------------------------------

2022-10-19 14:16:30 → nipon90881@kaimdr.com::xiaomu202206 → live:sha0522 →  连接到 Skype 错误：（'超出验证速率限制'，<Response[429]>）('Auth rate limit exceeded', <Response [429]>)

----------------------------------------------

2022-10-19 14:17:27 → jayiwo5850@inkmoto.com::xiaomu202206 → live:.cid.2e333a25e964a07f →  连接到 Skype 错误：（'超出验证速率限制'，<Response[429]>）('Auth rate limit exceeded', <Response [429]>)

----------------------------------------------

2022-10-19 14:18:07 → nipon90881@kaimdr.com::xiaomu202206 → live:9e6b8a75466d698c →  连接到 Skype 错误：（'超出验证速率限制'，<Response[429]>）('Auth rate limit exceeded', <Response [429]>)

----------------------------------------------

2022-10-19 14:18:10 → bayay80042@inkmoto.com::xiaomu202206 → 2222227370@qq.com →  连接到 Skype 错误：（'超出验证速率限制'，<Response[429]>）('Auth rate limit exceeded', <Response [429]>)

----------------------------------------------

2022-10-19 14:19:02 → jayiwo5850@inkmoto.com::xiaomu202206 → live:.cid.b5e63a34baa2930d →  连接到 Skype 错误：（'超出验证速率限制'，<Response[429]>）('Auth rate limit exceeded', <Response [429]>)

----------------------------------------------

2022-10-19 14:19:07 → nipon90881@kaimdr.com::xiaomu202206 → live:.cid.eab9a31a481ba202 →  live:.cid.eab9a31a481ba202 → Skype 发送消息错误：'NoneType' object has no attribute 'chat'

----------------------------------------------

2022-10-19 14:19:24 → nipon90881@kaimdr.com::xiaomu202206 → 297487@qq.com →  297487@qq.com → Skype 发送消息错误：'NoneType' object has no attribute 'chat'

----------------------------------------------

2022-10-19 14:19:26 → bayay80042@inkmoto.com::xiaomu202206 → 72461@qq.com →  72461@qq.com → Skype 发送消息错误：'NoneType' object has no attribute 'chat'

----------------------------------------------

2022-10-19 14:20:01 → nipon90881@kaimdr.com::xiaomu202206 → live:.cid.ec468115808f5a35 →  连接到 Skype 错误：（'超出验证速率限制'，<Response[429]>）('Auth rate limit exceeded', <Response [429]>)

----------------------------------------------

2022-10-19 14:22:09 → nipon90881@kaimdr.com::xiaomu202206 → boss88886@outlook.com →  boss88886@outlook.com → Skype 发送消息错误：'NoneType' object has no attribute 'chat'

----------------------------------------------

2022-10-19 14:25:21 → nipon90881@kaimdr.com::xiaomu202206 → live:.cid.60903cbd24f3c697 →  连接到 Skype 错误：（'超出验证速率限制'，<Response[429]>）('Auth rate limit exceeded', <Response [429]>)

----------------------------------------------

2022-10-19 14:25:22 → bayay80042@inkmoto.com::xiaomu202206 → live:hezuo.uy →  连接到 Skype 错误：（'超出验证速率限制'，<Response[429]>）('Auth rate limit exceeded', <Response [429]>)

----------------------------------------------

2022-10-19 14:25:31 → jayiwo5850@inkmoto.com::xiaomu202206 → live:.cid.1d8cd0ed1cb2d862 →  连接到 Skype 错误：（'超出验证速率限制'，<Response[429]>）('Auth rate limit exceeded', <Response [429]>)

----------------------------------------------

2022-10-19 14:26:57 → nipon90881@kaimdr.com::xiaomu202206 → live:.cid.9a174387b718940d →  连接到 Skype 错误：（'超出验证速率限制'，<Response[429]>）('Auth rate limit exceeded', <Response [429]>)

----------------------------------------------

2022-10-19 14:27:08 → bayay80042@inkmoto.com::xiaomu202206 → qyy688 →  连接到 Skype 错误：（'超出验证速率限制'，<Response[429]>）('Auth rate limit exceeded', <Response [429]>)

----------------------------------------------

2022-10-19 14:27:20 → jayiwo5850@inkmoto.com::xiaomu202206 → live:a2ec20da7646fd5a →  连接到 Skype 错误：（'超出验证速率限制'，<Response[429]>）('Auth rate limit exceeded', <Response [429]>)

----------------------------------------------

2022-10-19 14:31:14 → jayiwo5850@inkmoto.com::xiaomu202206 → yema91193@163.com →  yema91193@163.com → Skype 发送消息错误：'NoneType' object has no attribute 'chat'

----------------------------------------------

2022-10-19 14:31:20 → nipon90881@kaimdr.com::xiaomu202206 → live:.cid.5ecdda9fb10f2825 →  live:.cid.5ecdda9fb10f2825 → Skype 发送消息错误：'NoneType' object has no attribute 'chat'

----------------------------------------------

2022-10-19 14:31:44 → nipon90881@kaimdr.com::xiaomu202206 → live:.cid.f3ed359a3a529e9d →  live:.cid.f3ed359a3a529e9d → Skype 发送消息错误：'NoneType' object has no attribute 'chat'

----------------------------------------------

2022-10-19 14:34:30 → bayay80042@inkmoto.com::xiaomu202206 → jinniuyl888@163.com →  jinniuyl888@163.com → Skype 发送消息错误：'NoneType' object has no attribute 'chat'

----------------------------------------------

2022-10-19 14:36:37 → jayiwo5850@inkmoto.com::xiaomu202206 → live:60683 →  live:60683 → Skype 发送消息错误：'NoneType' object has no attribute 'chat'

----------------------------------------------

2022-10-19 14:37:10 → jayiwo5850@inkmoto.com::xiaomu202206 → live:15200822037 →  live:15200822037 → Skype 发送消息错误：'NoneType' object has no attribute 'chat'

----------------------------------------------

2022-10-19 14:37:33 → jayiwo5850@inkmoto.com::xiaomu202206 → live:edefa1f6fb8249f9 →  live:edefa1f6fb8249f9 → Skype 发送消息错误：'NoneType' object has no attribute 'chat'

----------------------------------------------

2022-10-19 14:38:01 → nipon90881@kaimdr.com::xiaomu202206 → qt44900@163.com →  qt44900@163.com → Skype 发送消息错误：'NoneType' object has no attribute 'chat'

----------------------------------------------

2022-10-19 14:38:03 → jayiwo5850@inkmoto.com::xiaomu202206 → yema91193@163.com →  yema91193@163.com → Skype 发送消息错误：'NoneType' object has no attribute 'chat'

----------------------------------------------

2022-10-19 14:38:19 → bayay80042@inkmoto.com::xiaomu202206 → live:.cid.45c84c90879e4381 →  live:.cid.45c84c90879e4381 → Skype 发送消息错误：'NoneType' object has no attribute 'chat'

----------------------------------------------

2022-10-19 14:39:27 → bayay80042@inkmoto.com::xiaomu202206 → live:.cid.fca434e5046c5d8c →  live:.cid.fca434e5046c5d8c → Skype 发送消息错误：'NoneType' object has no attribute 'chat'

----------------------------------------------

2022-10-19 14:40:30 → nipon90881@kaimdr.com::xiaomu202206 → live:1131116111 →  连接到 Skype 错误：('502 response from GET https://api.skype.com/users/self/profile', <Response [502]>)

----------------------------------------------

2022-10-19 14:43:04 → bayay80042@inkmoto.com::xiaomu202206 → live:303925_1 →  live:303925_1 → Skype 发送消息错误：'NoneType' object has no attribute 'chat'

----------------------------------------------

2022-10-19 14:47:14 → bayay80042@inkmoto.com::xiaomu202206 → hx84455@126.com →  hx84455@126.com → Skype 发送消息错误：'NoneType' object has no attribute 'chat'

----------------------------------------------

2022-10-19 14:47:21 → bayay80042@inkmoto.com::xiaomu202206 → jinniubg888@163.com →  jinniubg888@163.com → Skype 发送消息错误：'NoneType' object has no attribute 'chat'

----------------------------------------------

2022-10-19 14:47:25 → jayiwo5850@inkmoto.com::xiaomu202206 → linxi83303@163.com →  linxi83303@163.com → Skype 发送消息错误：'NoneType' object has no attribute 'chat'

----------------------------------------------

2022-10-19 14:47:27 → bayay80042@inkmoto.com::xiaomu202206 → jinniu766@163.com →  jinniu766@163.com → Skype 发送消息错误：'NoneType' object has no attribute 'chat'

----------------------------------------------

2022-10-19 14:47:31 → jayiwo5850@inkmoto.com::xiaomu202206 → mc98893@163.com →  mc98893@163.com → Skype 发送消息错误：'NoneType' object has no attribute 'chat'

----------------------------------------------

2022-10-19 14:47:33 → bayay80042@inkmoto.com::xiaomu202206 → jxs77170@163.com →  jxs77170@163.com → Skype 发送消息错误：'NoneType' object has no attribute 'chat'

----------------------------------------------

2022-10-19 14:48:20 → jayiwo5850@inkmoto.com::xiaomu202206 → jinniu222@163.com →  jinniu222@163.com → Skype 发送消息错误：'NoneType' object has no attribute 'chat'

----------------------------------------------

2022-10-19 14:48:39 → bayay80042@inkmoto.com::xiaomu202206 → live:.cid.e4a57ad65fd1e11b →  连接到 Skype 错误：（'超出验证速率限制'，<Response[429]>）('Auth rate limit exceeded', <Response [429]>)

----------------------------------------------

2022-10-19 14:50:09 → jayiwo5850@inkmoto.com::xiaomu202206 → live:zl668120 →  连接到 Skype 错误：（'超出验证速率限制'，<Response[429]>）('Auth rate limit exceeded', <Response [429]>)

----------------------------------------------

2022-10-19 14:50:14 → bayay80042@inkmoto.com::xiaomu202206 → live:aa0deb04d51a30f9 →  连接到 Skype 错误：（'超出验证速率限制'，<Response[429]>）('Auth rate limit exceeded', <Response [429]>)

----------------------------------------------

2022-10-19 14:50:45 → jayiwo5850@inkmoto.com::xiaomu202206 → live:9299784 →  连接到 Skype 错误：（'超出验证速率限制'，<Response[429]>）('Auth rate limit exceeded', <Response [429]>)

----------------------------------------------

2022-10-19 14:50:53 → bayay80042@inkmoto.com::xiaomu202206 → live:.cid.29e89a3b167f6097 →  连接到 Skype 错误：（'超出验证速率限制'，<Response[429]>）('Auth rate limit exceeded', <Response [429]>)

----------------------------------------------

2022-10-19 14:52:11 → jayiwo5850@inkmoto.com::xiaomu202206 → live:.cid.33cba42c6a731c53 →  连接到 Skype 错误：（'超出验证速率限制'，<Response[429]>）('Auth rate limit exceeded', <Response [429]>)

----------------------------------------------

2022-10-19 14:52:25 → bayay80042@inkmoto.com::xiaomu202206 → 815600@qq.com →  815600@qq.com → Skype 发送消息错误：'NoneType' object has no attribute 'chat'

----------------------------------------------

2022-10-19 14:52:30 → bayay80042@inkmoto.com::xiaomu202206 → boxxx70 →  连接到 Skype 错误：（'超出验证速率限制'，<Response[429]>）('Auth rate limit exceeded', <Response [429]>)

----------------------------------------------

2022-10-19 14:52:48 → jayiwo5850@inkmoto.com::xiaomu202206 → live:879819407 →  连接到 Skype 错误：（'超出验证速率限制'，<Response[429]>）('Auth rate limit exceeded', <Response [429]>)

----------------------------------------------

2022-10-19 14:54:07 → bayay80042@inkmoto.com::xiaomu202206 → live:.cid.3b58784230d9bfd →  连接到 Skype 错误：（'超出验证速率限制'，<Response[429]>）('Auth rate limit exceeded', <Response [429]>)

----------------------------------------------

2022-10-19 14:54:12 → jayiwo5850@inkmoto.com::xiaomu202206 → fei31118@163.com →  连接到 Skype 错误：（'超出验证速率限制'，<Response[429]>）('Auth rate limit exceeded', <Response [429]>)

----------------------------------------------

2022-10-19 14:55:12 → bayay80042@inkmoto.com::xiaomu202206 → ir18888@sina.cn →  ir18888@sina.cn → Skype 发送消息错误：'NoneType' object has no attribute 'chat'

----------------------------------------------

2022-10-19 14:55:37 → bayay80042@inkmoto.com::xiaomu202206 → live:.cid.7f33d2b36f8aefb9 →  连接到 Skype 错误：（'超出验证速率限制'，<Response[429]>）('Auth rate limit exceeded', <Response [429]>)

----------------------------------------------

2022-10-19 14:55:49 → jayiwo5850@inkmoto.com::xiaomu202206 → live:23168622 →  连接到 Skype 错误：（'超出验证速率限制'，<Response[429]>）('Auth rate limit exceeded', <Response [429]>)

----------------------------------------------

2022-10-19 14:56:24 → jayiwo5850@inkmoto.com::xiaomu202206 → live:530f11018b1b4edc →  连接到 Skype 错误：（'超出验证速率限制'，<Response[429]>）('Auth rate limit exceeded', <Response [429]>)

----------------------------------------------

2022-10-19 14:56:37 → bayay80042@inkmoto.com::xiaomu202206 → live:d31f01107779bfb →  live:d31f01107779bfb → Skype 发送消息错误：'NoneType' object has no attribute 'chat'

----------------------------------------------

2022-10-19 14:57:11 → bayay80042@inkmoto.com::xiaomu202206 → live:fe17a61053beee68 →  连接到 Skype 错误：（'超出验证速率限制'，<Response[429]>）('Auth rate limit exceeded', <Response [429]>)

----------------------------------------------

2022-10-19 14:57:47 → jayiwo5850@inkmoto.com::xiaomu202206 → live:.cid.a62808e3105d78d3 →  连接到 Skype 错误：（'超出验证速率限制'，<Response[429]>）('Auth rate limit exceeded', <Response [429]>)

----------------------------------------------

2022-10-19 14:58:43 → bayay80042@inkmoto.com::xiaomu202206 → tutututubiu →  连接到 Skype 错误：（'超出验证速率限制'，<Response[429]>）('Auth rate limit exceeded', <Response [429]>)

----------------------------------------------

2022-10-19 14:59:21 → jayiwo5850@inkmoto.com::xiaomu202206 → live:xinbaojituan_1 →  连接到 Skype 错误：（'超出验证速率限制'，<Response[429]>）('Auth rate limit exceeded', <Response [429]>)

----------------------------------------------

2022-10-19 15:00:06 → jayiwo5850@inkmoto.com::xiaomu202206 → live:.cid.98bdff5535348b83 →  连接到 Skype 错误：（'超出验证速率限制'，<Response[429]>）('Auth rate limit exceeded', <Response [429]>)

----------------------------------------------

2022-10-19 15:00:14 → bayay80042@inkmoto.com::xiaomu202206 → live:99626 →  连接到 Skype 错误：（'超出验证速率限制'，<Response[429]>）('Auth rate limit exceeded', <Response [429]>)

----------------------------------------------

2022-10-19 15:00:50 → bayay80042@inkmoto.com::xiaomu202206 → live:dc72b25445dec8fa →  连接到 Skype 错误：（'超出验证速率限制'，<Response[429]>）('Auth rate limit exceeded', <Response [429]>)

----------------------------------------------

2022-10-19 15:01:07 → jayiwo5850@inkmoto.com::xiaomu202206 → live:.cid.5ecdda9fb10f2825 →  live:.cid.5ecdda9fb10f2825 → Skype 发送消息错误：'NoneType' object has no attribute 'chat'

----------------------------------------------

2022-10-19 15:01:13 → jayiwo5850@inkmoto.com::xiaomu202206 → live:d31f01107779bfb →  live:d31f01107779bfb → Skype 发送消息错误：'NoneType' object has no attribute 'chat'

----------------------------------------------

2022-10-19 15:01:35 → jayiwo5850@inkmoto.com::xiaomu202206 → live:.cid.a01ba5467e2687bd →  连接到 Skype 错误：（'超出验证速率限制'，<Response[429]>）('Auth rate limit exceeded', <Response [429]>)

----------------------------------------------

2022-10-19 15:02:24 → jayiwo5850@inkmoto.com::xiaomu202206 → live:.cid.de3303f294c638f6 →  连接到 Skype 错误：（'超出验证速率限制'，<Response[429]>）('Auth rate limit exceeded', <Response [429]>)

----------------------------------------------

2022-10-19 15:03:09 → bayay80042@inkmoto.com::xiaomu202206 → live:5479677 →  live:5479677 → Skype 发送消息错误：('502 response from GET https://api.skype.com/users/self/profile', <Response [502]>)

----------------------------------------------

2022-10-19 15:04:17 → bayay80042@inkmoto.com::xiaomu202206 → 2246666687@qq.com →  2246666687@qq.com → Skype 发送消息错误：'NoneType' object has no attribute 'chat'

----------------------------------------------

2022-10-19 15:04:30 → jayiwo5850@inkmoto.com::xiaomu202206 → 297487@qq.com →  297487@qq.com → Skype 发送消息错误：'NoneType' object has no attribute 'chat'

----------------------------------------------

2022-10-19 15:04:34 → bayay80042@inkmoto.com::xiaomu202206 → live:372256944 →  live:372256944 → Skype 发送消息错误：'NoneType' object has no attribute 'chat'

----------------------------------------------

2022-10-19 15:05:04 → jayiwo5850@inkmoto.com::xiaomu202206 → 6661242@qq.com →  6661242@qq.com → Skype 发送消息错误：'NoneType' object has no attribute 'chat'

----------------------------------------------

2022-10-19 15:06:25 → bayay80042@inkmoto.com::xiaomu202206 → ekitty916@yahoo.com.tw →  ekitty916@yahoo.com.tw → Skype 发送消息错误：'NoneType' object has no attribute 'chat'

----------------------------------------------

2022-10-19 15:06:32 → bayay80042@inkmoto.com::xiaomu202206 → 6661242@qq.com →  6661242@qq.com → Skype 发送消息错误：'NoneType' object has no attribute 'chat'

----------------------------------------------

2022-10-19 15:06:48 → bayay80042@inkmoto.com::xiaomu202206 → 840448@qq.com →  840448@qq.com → Skype 发送消息错误：'NoneType' object has no attribute 'chat'

----------------------------------------------

2022-10-19 15:06:58 → bayay80042@inkmoto.com::xiaomu202206 → 57751@qq.com →  57751@qq.com → Skype 发送消息错误：'NoneType' object has no attribute 'chat'

----------------------------------------------

2022-10-19 15:07:07 → jayiwo5850@inkmoto.com::xiaomu202206 → cbin668 →  连接到 Skype 错误：（'超出验证速率限制'，<Response[429]>）('Auth rate limit exceeded', <Response [429]>)

----------------------------------------------

2022-10-19 15:07:20 → bayay80042@inkmoto.com::xiaomu202206 → live:.cid.3f983f319d1e0fcb →  连接到 Skype 错误：（'超出验证速率限制'，<Response[429]>）('Auth rate limit exceeded', <Response [429]>)

----------------------------------------------

2022-10-19 15:08:23 → jayiwo5850@inkmoto.com::xiaomu202206 → live:.cid.5d1061f030c12cfb →  live:.cid.5d1061f030c12cfb → Skype 发送消息错误：('502 response from GET https://api.skype.com/users/self/profile', <Response [502]>)

----------------------------------------------

2022-10-19 15:08:39 → jayiwo5850@inkmoto.com::xiaomu202206 → live:xiaozhang1698 →  连接到 Skype 错误：（'超出验证速率限制'，<Response[429]>）('Auth rate limit exceeded', <Response [429]>)

----------------------------------------------

2022-10-19 15:08:53 → bayay80042@inkmoto.com::xiaomu202206 → live:ykxz918 →  连接到 Skype 错误：（'超出验证速率限制'，<Response[429]>）('Auth rate limit exceeded', <Response [429]>)

----------------------------------------------

2022-10-19 15:09:28 → bayay80042@inkmoto.com::xiaomu202206 → live:38afe00868160876 →  连接到 Skype 错误：（'超出验证速率限制'，<Response[429]>）('Auth rate limit exceeded', <Response [429]>)

----------------------------------------------

2022-10-19 15:10:02 → jayiwo5850@inkmoto.com::xiaomu202206 → alan9527sss →  连接到 Skype 错误：（'超出验证速率限制'，<Response[429]>）('Auth rate limit exceeded', <Response [429]>)

----------------------------------------------

2022-10-19 15:10:49 → jayiwo5850@inkmoto.com::xiaomu202206 → lm666666 →  连接到 Skype 错误：（'超出验证速率限制'，<Response[429]>）('Auth rate limit exceeded', <Response [429]>)

----------------------------------------------

2022-10-19 15:10:52 → bayay80042@inkmoto.com::xiaomu202206 → aione1466 →  连接到 Skype 错误：（'超出验证速率限制'，<Response[429]>）('Auth rate limit exceeded', <Response [429]>)

----------------------------------------------

2022-10-19 15:11:29 → bayay80042@inkmoto.com::xiaomu202206 → henry731012 →  连接到 Skype 错误：（'超出验证速率限制'，<Response[429]>）('Auth rate limit exceeded', <Response [429]>)

----------------------------------------------

2022-10-19 15:11:52 → jayiwo5850@inkmoto.com::xiaomu202206 → live:278595751*** →  live:278595751*** → Skype 发送消息错误：'NoneType' object has no attribute 'chat'

----------------------------------------------

2022-10-19 15:12:25 → jayiwo5850@inkmoto.com::xiaomu202206 → wowtwo →  连接到 Skype 错误：（'超出验证速率限制'，<Response[429]>）('Auth rate limit exceeded', <Response [429]>)

----------------------------------------------

2022-10-19 15:13:10 → bayay80042@inkmoto.com::xiaomu202206 → cod1888 →  连接到 Skype 错误：（'超出验证速率限制'，<Response[429]>）('Auth rate limit exceeded', <Response [429]>)

----------------------------------------------

2022-10-19 15:13:23 → jayiwo5850@inkmoto.com::xiaomu202206 → hz88121@qq.com →  hz88121@qq.com → Skype 发送消息错误：'NoneType' object has no attribute 'chat'

----------------------------------------------

2022-10-19 15:13:58 → jayiwo5850@inkmoto.com::xiaomu202206 → live:q33033 →  连接到 Skype 错误：（'超出验证速率限制'，<Response[429]>）('Auth rate limit exceeded', <Response [429]>)

----------------------------------------------

2022-10-19 15:14:36 → jayiwo5850@inkmoto.com::xiaomu202206 → live:hc88888_1 →  连接到 Skype 错误：（'超出验证速率限制'，<Response[429]>）('Auth rate limit exceeded', <Response [429]>)

----------------------------------------------

2022-10-19 15:14:38 → bayay80042@inkmoto.com::xiaomu202206 → 9827777@qq.com →  9827777@qq.com → Skype 发送消息错误：'NoneType' object has no attribute 'chat'

----------------------------------------------

2022-10-19 15:14:43 → bayay80042@inkmoto.com::xiaomu202206 → ao7906 →  连接到 Skype 错误：（'超出验证速率限制'，<Response[429]>）('Auth rate limit exceeded', <Response [429]>)

----------------------------------------------

2022-10-19 15:15:14 → jayiwo5850@inkmoto.com::xiaomu202206 → qx39334@163.com →  qx39334@163.com → Skype 发送消息错误：'NoneType' object has no attribute 'chat'

----------------------------------------------

2022-10-19 15:15:29 → bayay80042@inkmoto.com::xiaomu202206 → i66866 →  连接到 Skype 错误：（'超出验证速率限制'，<Response[429]>）('Auth rate limit exceeded', <Response [429]>)

----------------------------------------------

2022-10-19 15:15:57 → jayiwo5850@inkmoto.com::xiaomu202206 → live:93392 →  连接到 Skype 错误：（'超出验证速率限制'，<Response[429]>）('Auth rate limit exceeded', <Response [429]>)

----------------------------------------------

2022-10-19 15:16:31 → bayay80042@inkmoto.com::xiaomu202206 → e3c8158f91a70e51 →  e3c8158f91a70e51 → Skype 发送消息错误：'NoneType' object has no attribute 'chat'

----------------------------------------------

2022-10-19 15:16:38 → bayay80042@inkmoto.com::xiaomu202206 → ykxz888 →  ykxz888 → Skype 发送消息错误：'NoneType' object has no attribute 'chat'

----------------------------------------------

2022-10-19 15:17:14 → bayay80042@inkmoto.com::xiaomu202206 → live:.cid.55928b1bf380e8ac →  连接到 Skype 错误：（'超出验证速率限制'，<Response[429]>）('Auth rate limit exceeded', <Response [429]>)

----------------------------------------------

2022-10-19 15:19:16 → jayiwo5850@inkmoto.com::xiaomu202206 → live:929978 →  live:929978 → Skype 发送消息错误：'NoneType' object has no attribute 'chat'

----------------------------------------------

2022-10-19 15:19:52 → jayiwo5850@inkmoto.com::xiaomu202206 → o88882 →  连接到 Skype 错误：（'超出验证速率限制'，<Response[429]>）('Auth rate limit exceeded', <Response [429]>)

----------------------------------------------

2022-10-19 15:20:53 → bayay80042@inkmoto.com::xiaomu202206 → rzj88888 →  连接到 Skype 错误：（'超出验证速率限制'，<Response[429]>）('Auth rate limit exceeded', <Response [429]>)

----------------------------------------------

2022-10-19 15:21:48 → bayay80042@inkmoto.com::xiaomu202206 → live:739279 →  live:739279 → Skype 发送消息错误：'NoneType' object has no attribute 'chat'

----------------------------------------------

2022-10-19 15:24:55 → jayiwo5850@inkmoto.com::xiaomu202206 → tangshao888 →  tangshao888 → Skype 发送消息错误：'NoneType' object has no attribute 'chat'

----------------------------------------------

2022-10-19 15:27:10 → bayay80042@inkmoto.com::xiaomu202206 → live:d31f01107779bfb →  live:d31f01107779bfb → Skype 发送消息错误：'NoneType' object has no attribute 'chat'

----------------------------------------------

2022-10-19 15:27:27 → bayay80042@inkmoto.com::xiaomu202206 → i66866 →  连接到 Skype 错误：（'超出验证速率限制'，<Response[429]>）('Auth rate limit exceeded', <Response [429]>)

----------------------------------------------

2022-10-19 15:27:30 → jayiwo5850@inkmoto.com::xiaomu202206 → live:wenchangsix →  连接到 Skype 错误：（'超出验证速率限制'，<Response[429]>）('Auth rate limit exceeded', <Response [429]>)

----------------------------------------------

2022-10-19 15:28:59 → bayay80042@inkmoto.com::xiaomu202206 → live:54255 →  连接到 Skype 错误：（'超出验证速率限制'，<Response[429]>）('Auth rate limit exceeded', <Response [429]>)

----------------------------------------------

2022-10-19 15:29:10 → jayiwo5850@inkmoto.com::xiaomu202206 → live:.cid.e2088d6309fb812e →  连接到 Skype 错误：（'超出验证速率限制'，<Response[429]>）('Auth rate limit exceeded', <Response [429]>)

----------------------------------------------

2022-10-19 15:30:00 → bayay80042@inkmoto.com::xiaomu202206 → 11188100@qq.com   live:.cid.1f72520e89f3bf9e →  11188100@qq.com   live:.cid.1f72520e89f3bf9e → Skype 发送消息错误：'NoneType' object has no attribute 'chat'

----------------------------------------------

2022-10-19 15:30:28 → bayay80042@inkmoto.com::xiaomu202206 → 55208@qq.com    live:55208 →  55208@qq.com    live:55208 → Skype 发送消息错误：'NoneType' object has no attribute 'chat'

----------------------------------------------

2022-10-19 15:30:36 → bayay80042@inkmoto.com::xiaomu202206 → m66666 →  连接到 Skype 错误：（'超出验证速率限制'，<Response[429]>）('Auth rate limit exceeded', <Response [429]>)

----------------------------------------------

2022-10-19 15:30:41 → jayiwo5850@inkmoto.com::xiaomu202206 → cansen918@gmail.com   live:cansen918_1 →  连接到 Skype 错误：（'超出验证速率限制'，<Response[429]>）('Auth rate limit exceeded', <Response [429]>)

----------------------------------------------

2022-10-19 15:31:12 → bayay80042@inkmoto.com::xiaomu202206 → live:e531f122ad86a573_1 →  连接到 Skype 错误：（'超出验证速率限制'，<Response[429]>）('Auth rate limit exceeded', <Response [429]>)

----------------------------------------------

2022-10-19 15:32:21 → bayay80042@inkmoto.com::xiaomu202206 → AK1111 →  AK1111 → Skype 发送消息错误：'NoneType' object has no attribute 'chat'

----------------------------------------------

2022-10-19 15:33:10 → jayiwo5850@inkmoto.com::xiaomu202206 → wz6666 →  wz6666 → Skype 发送消息错误：'NoneType' object has no attribute 'chat'

----------------------------------------------

2022-10-19 15:33:39 → bayay80042@inkmoto.com::xiaomu202206 → 599185889@qq.com →  599185889@qq.com → Skype 发送消息错误：'NoneType' object has no attribute 'chat'

----------------------------------------------

2022-10-19 15:33:48 → bayay80042@inkmoto.com::xiaomu202206 → dage8899 →  dage8899 → Skype 发送消息错误：'NoneType' object has no attribute 'chat'

----------------------------------------------

2022-10-19 15:34:04 → bayay80042@inkmoto.com::xiaomu202206 → 457a0a872f474971 →  457a0a872f474971 → Skype 发送消息错误：'NoneType' object has no attribute 'chat'

----------------------------------------------

2022-10-19 15:34:25 → jayiwo5850@inkmoto.com::xiaomu202206 → 444474@qq.com →  444474@qq.com → Skype 发送消息错误：'NoneType' object has no attribute 'chat'

----------------------------------------------

2022-10-19 15:34:32 → jayiwo5850@inkmoto.com::xiaomu202206 → AV0980 →  AV0980 → Skype 发送消息错误：'NoneType' object has no attribute 'chat'

----------------------------------------------

2022-10-19 15:34:38 → jayiwo5850@inkmoto.com::xiaomu202206 → live:fhlmgw →  连接到 Skype 错误：（'超出验证速率限制'，<Response[429]>）('Auth rate limit exceeded', <Response [429]>)

----------------------------------------------

2022-10-19 15:35:03 → bayay80042@inkmoto.com::xiaomu202206 → o88882 →  连接到 Skype 错误：（'超出验证速率限制'，<Response[429]>）('Auth rate limit exceeded', <Response [429]>)

----------------------------------------------

2022-10-19 15:36:38 → jayiwo5850@inkmoto.com::xiaomu202206 → q3333v →  连接到 Skype 错误：（'超出验证速率限制'，<Response[429]>）('Auth rate limit exceeded', <Response [429]>)

----------------------------------------------

2022-10-19 15:36:49 → bayay80042@inkmoto.com::xiaomu202206 → live:.cid.b553f550cf9ff3 →  连接到 Skype 错误：（'超出验证速率限制'，<Response[429]>）('Auth rate limit exceeded', <Response [429]>)

----------------------------------------------

2022-10-19 15:37:59 → bayay80042@inkmoto.com::xiaomu202206 → ca670dd7dbdb3499 →  ca670dd7dbdb3499 → Skype 发送消息错误：'NoneType' object has no attribute 'chat'

----------------------------------------------

2022-10-19 15:38:05 → bayay80042@inkmoto.com::xiaomu202206 → 7405017@qq.com →  7405017@qq.com → Skype 发送消息错误：'NoneType' object has no attribute 'chat'

----------------------------------------------

2022-10-19 15:38:08 → jayiwo5850@inkmoto.com::xiaomu202206 → live:.cid.b00ce138f0bc42c1 →  连接到 Skype 错误：（'超出验证速率限制'，<Response[429]>）('Auth rate limit exceeded', <Response [429]>)

----------------------------------------------

2022-10-19 15:38:11 → bayay80042@inkmoto.com::xiaomu202206 → 93948@qq.com →  连接到 Skype 错误：（'超出验证速率限制'，<Response[429]>）('Auth rate limit exceeded', <Response [429]>)

----------------------------------------------

2022-10-19 15:38:49 → bayay80042@inkmoto.com::xiaomu202206 → wandousong2019@gmail.com →  连接到 Skype 错误：（'超出验证速率限制'，<Response[429]>）('Auth rate limit exceeded', <Response [429]>)

----------------------------------------------

2022-10-19 15:38:50 → jayiwo5850@inkmoto.com::xiaomu202206 → asia-gaming →  连接到 Skype 错误：（'超出验证速率限制'，<Response[429]>）('Auth rate limit exceeded', <Response [429]>)

----------------------------------------------

2022-10-19 15:40:06 → jayiwo5850@inkmoto.com::xiaomu202206 → live:timothyc.affi →  连接到 Skype 错误：（'超出验证速率限制'，<Response[429]>）('Auth rate limit exceeded', <Response [429]>)

----------------------------------------------

2022-10-19 15:40:17 → bayay80042@inkmoto.com::xiaomu202206 → live:22414 →  连接到 Skype 错误：（'超出验证速率限制'，<Response[429]>）('Auth rate limit exceeded', <Response [429]>)

----------------------------------------------

2022-10-19 15:41:18 → bayay80042@inkmoto.com::xiaomu202206 → 501266666@qq.com →  501266666@qq.com → Skype 发送消息错误：'NoneType' object has no attribute 'chat'

----------------------------------------------

2022-10-19 15:41:22 → jayiwo5850@inkmoto.com::xiaomu202206 → 57751@qq.com →  57751@qq.com → Skype 发送消息错误：'NoneType' object has no attribute 'chat'

----------------------------------------------

2022-10-19 15:41:28 → jayiwo5850@inkmoto.com::xiaomu202206 → 80cc271ac295c733 →  80cc271ac295c733 → Skype 发送消息错误：'NoneType' object has no attribute 'chat'

----------------------------------------------

2022-10-19 15:41:33 → bayay80042@inkmoto.com::xiaomu202206 → on86543@gmail.com →  on86543@gmail.com → Skype 发送消息错误：'NoneType' object has no attribute 'chat'

----------------------------------------------

2022-10-19 15:41:36 → jayiwo5850@inkmoto.com::xiaomu202206 → 26228@qq.com →  26228@qq.com → Skype 发送消息错误：'NoneType' object has no attribute 'chat'

----------------------------------------------

2022-10-19 15:41:51 → jayiwo5850@inkmoto.com::xiaomu202206 → yl88877 →  yl88877 → Skype 发送消息错误：'NoneType' object has no attribute 'chat'

----------------------------------------------

2022-10-19 15:41:56 → bayay80042@inkmoto.com::xiaomu202206 → yingka99799 →  yingka99799 → Skype 发送消息错误：'NoneType' object has no attribute 'chat'

----------------------------------------------

2022-10-19 15:41:58 → jayiwo5850@inkmoto.com::xiaomu202206 → tyzb789990 →  连接到 Skype 错误：（'超出验证速率限制'，<Response[429]>）('Auth rate limit exceeded', <Response [429]>)

----------------------------------------------

2022-10-19 15:42:11 → bayay80042@inkmoto.com::xiaomu202206 → 268825@qq.com →  268825@qq.com → Skype 发送消息错误：'NoneType' object has no attribute 'chat'

----------------------------------------------

2022-10-19 15:42:27 → bayay80042@inkmoto.com::xiaomu202206 → 969999@qq.com →  969999@qq.com → Skype 发送消息错误：'NoneType' object has no attribute 'chat'

----------------------------------------------

2022-10-19 15:42:38 → bayay80042@inkmoto.com::xiaomu202206 → cd5138 →  连接到 Skype 错误：（'超出验证速率限制'，<Response[429]>）('Auth rate limit exceeded', <Response [429]>)

----------------------------------------------

2022-10-19 15:42:41 → jayiwo5850@inkmoto.com::xiaomu202206 → F80008@outlook.com →  F80008@outlook.com → Skype 发送消息错误：'NoneType' object has no attribute 'chat'

----------------------------------------------

2022-10-19 15:43:16 → jayiwo5850@inkmoto.com::xiaomu202206 → 66108.ovo@gmail.com →  66108.ovo@gmail.com → Skype 发送消息错误：'NoneType' object has no attribute 'chat'

----------------------------------------------

2022-10-19 15:43:23 → jayiwo5850@inkmoto.com::xiaomu202206 → 21128@qq.com →  21128@qq.com → Skype 发送消息错误：'NoneType' object has no attribute 'chat'

----------------------------------------------

2022-10-19 15:44:16 → bayay80042@inkmoto.com::xiaomu202206 → 526994@qq.com →  526994@qq.com → Skype 发送消息错误：'NoneType' object has no attribute 'chat'

----------------------------------------------

2022-10-19 15:44:21 → jayiwo5850@inkmoto.com::xiaomu202206 → 929780888@qq.com →  929780888@qq.com → Skype 发送消息错误：'NoneType' object has no attribute 'chat'

----------------------------------------------

2022-10-19 15:44:49 → jayiwo5850@inkmoto.com::xiaomu202206 → 3141314@qq.com →  3141314@qq.com → Skype 发送消息错误：'NoneType' object has no attribute 'chat'

----------------------------------------------

2022-10-19 15:44:54 → bayay80042@inkmoto.com::xiaomu202206 → 426687@qq.com →  426687@qq.com → Skype 发送消息错误：'NoneType' object has no attribute 'chat'

----------------------------------------------

2022-10-19 15:44:56 → jayiwo5850@inkmoto.com::xiaomu202206 → 82422@qq.com →  82422@qq.com → Skype 发送消息错误：'NoneType' object has no attribute 'chat'

----------------------------------------------

2022-10-19 15:45:01 → bayay80042@inkmoto.com::xiaomu202206 → 21128@qq.com →  21128@qq.com → Skype 发送消息错误：'NoneType' object has no attribute 'chat'

----------------------------------------------

2022-10-19 15:45:13 → jayiwo5850@inkmoto.com::xiaomu202206 → 58710@qq.com →  58710@qq.com → Skype 发送消息错误：'NoneType' object has no attribute 'chat'

----------------------------------------------

2022-10-19 15:45:14 → bayay80042@inkmoto.com::xiaomu202206 → 870006@qq.com →  870006@qq.com → Skype 发送消息错误：'NoneType' object has no attribute 'chat'

----------------------------------------------

2022-10-19 15:45:19 → jayiwo5850@inkmoto.com::xiaomu202206 → 441221@qq.com →  441221@qq.com → Skype 发送消息错误：'NoneType' object has no attribute 'chat'

----------------------------------------------

2022-10-19 15:45:22 → bayay80042@inkmoto.com::xiaomu202206 → sha0522 →  sha0522 → Skype 发送消息错误：'NoneType' object has no attribute 'chat'

----------------------------------------------

2022-10-19 15:45:24 → jayiwo5850@inkmoto.com::xiaomu202206 → 248179@qq.com →  248179@qq.com → Skype 发送消息错误：'NoneType' object has no attribute 'chat'

----------------------------------------------

2022-10-19 15:45:29 → bayay80042@inkmoto.com::xiaomu202206 → c92270a6bae542cc →  c92270a6bae542cc → Skype 发送消息错误：'NoneType' object has no attribute 'chat'

----------------------------------------------

2022-10-19 15:45:32 → jayiwo5850@inkmoto.com::xiaomu202206 → 57751@qq.com →  57751@qq.com → Skype 发送消息错误：'NoneType' object has no attribute 'chat'

----------------------------------------------

2022-10-19 15:45:34 → bayay80042@inkmoto.com::xiaomu202206 → 230777999@qq.com →  230777999@qq.com → Skype 发送消息错误：'NoneType' object has no attribute 'chat'

----------------------------------------------

2022-10-19 15:45:37 → jayiwo5850@inkmoto.com::xiaomu202206 → uy5555 →  连接到 Skype 错误：（'超出验证速率限制'，<Response[429]>）('Auth rate limit exceeded', <Response [429]>)

----------------------------------------------

2022-10-19 15:45:41 → bayay80042@inkmoto.com::xiaomu202206 → 74567@qq.com →  74567@qq.com → Skype 发送消息错误：'NoneType' object has no attribute 'chat'

----------------------------------------------

2022-10-19 15:45:54 → bayay80042@inkmoto.com::xiaomu202206 → dafei312505 →  dafei312505 → Skype 发送消息错误：'NoneType' object has no attribute 'chat'

----------------------------------------------

2022-10-19 15:45:59 → bayay80042@inkmoto.com::xiaomu202206 → 375343@qq.com →  375343@qq.com → Skype 发送消息错误：'NoneType' object has no attribute 'chat'

----------------------------------------------

2022-10-19 15:46:05 → bayay80042@inkmoto.com::xiaomu202206 → 184750400@qq.com →  184750400@qq.com → Skype 发送消息错误：'NoneType' object has no attribute 'chat'

----------------------------------------------

2022-10-19 15:46:10 → bayay80042@inkmoto.com::xiaomu202206 → 2222978@qq.com →  2222978@qq.com → Skype 发送消息错误：'NoneType' object has no attribute 'chat'

----------------------------------------------

2022-10-19 15:46:14 → bayay80042@inkmoto.com::xiaomu202206 → 33733@qq.com →  连接到 Skype 错误：（'超出验证速率限制'，<Response[429]>）('Auth rate limit exceeded', <Response [429]>)

----------------------------------------------

2022-10-19 15:46:39 → jayiwo5850@inkmoto.com::xiaomu202206 → 3423946888@qq.com →  3423946888@qq.com → Skype 发送消息错误：'NoneType' object has no attribute 'chat'

----------------------------------------------

2022-10-19 15:49:11 → jayiwo5850@inkmoto.com::xiaomu202206 → 118383@qq.com →  118383@qq.com → Skype 发送消息错误：'NoneType' object has no attribute 'chat'

----------------------------------------------

2022-10-19 15:49:23 → bayay80042@inkmoto.com::xiaomu202206 → 2166655@qq.com →  2166655@qq.com → Skype 发送消息错误：'NoneType' object has no attribute 'chat'

----------------------------------------------

2022-10-19 15:49:25 → jayiwo5850@inkmoto.com::xiaomu202206 → ekitty916@yahoo.com.tw →  ekitty916@yahoo.com.tw → Skype 发送消息错误：'NoneType' object has no attribute 'chat'

----------------------------------------------

2022-10-19 15:49:30 → bayay80042@inkmoto.com::xiaomu202206 → 68666.sk@gmail.com →  68666.sk@gmail.com → Skype 发送消息错误：'NoneType' object has no attribute 'chat'

----------------------------------------------

2022-10-19 15:49:32 → jayiwo5850@inkmoto.com::xiaomu202206 → 965300000@qq.com →  965300000@qq.com → Skype 发送消息错误：'NoneType' object has no attribute 'chat'

----------------------------------------------

2022-10-19 15:49:35 → bayay80042@inkmoto.com::xiaomu202206 → 426687@qq.com →  426687@qq.com → Skype 发送消息错误：'NoneType' object has no attribute 'chat'

----------------------------------------------

2022-10-19 15:49:39 → jayiwo5850@inkmoto.com::xiaomu202206 → 585557@qq.com →  585557@qq.com → Skype 发送消息错误：'NoneType' object has no attribute 'chat'

----------------------------------------------

2022-10-19 15:49:46 → jayiwo5850@inkmoto.com::xiaomu202206 → 719405@qq.com →  719405@qq.com → Skype 发送消息错误：'NoneType' object has no attribute 'chat'

----------------------------------------------

2022-10-19 15:49:56 → jayiwo5850@inkmoto.com::xiaomu202206 → laomo61 →  laomo61 → Skype 发送消息错误：'NoneType' object has no attribute 'chat'

----------------------------------------------

2022-10-19 15:50:01 → bayay80042@inkmoto.com::xiaomu202206 → boss88886@outlook.com →  boss88886@outlook.com → Skype 发送消息错误：'NoneType' object has no attribute 'chat'

----------------------------------------------

2022-10-19 15:50:03 → jayiwo5850@inkmoto.com::xiaomu202206 → cfy28806 →  cfy28806 → Skype 发送消息错误：'NoneType' object has no attribute 'chat'

----------------------------------------------

2022-10-19 15:50:05 → bayay80042@inkmoto.com::xiaomu202206 → iu11111 →  连接到 Skype 错误：（'超出验证速率限制'，<Response[429]>）('Auth rate limit exceeded', <Response [429]>)

----------------------------------------------

2022-10-19 15:50:09 → jayiwo5850@inkmoto.com::xiaomu202206 → +639664667305 →  +639664667305 → Skype 发送消息错误：'NoneType' object has no attribute 'chat'

----------------------------------------------

2022-10-19 15:50:25 → jayiwo5850@inkmoto.com::xiaomu202206 → fage8888@hotmail.com →  fage8888@hotmail.com → Skype 发送消息错误：'NoneType' object has no attribute 'chat'

----------------------------------------------

2022-10-19 15:50:37 → jayiwo5850@inkmoto.com::xiaomu202206 → 588211@qq.com →  588211@qq.com → Skype 发送消息错误：'NoneType' object has no attribute 'chat'

----------------------------------------------

2022-10-19 15:50:45 → jayiwo5850@inkmoto.com::xiaomu202206 → 756733@qq.com →  756733@qq.com → Skype 发送消息错误：'NoneType' object has no attribute 'chat'

----------------------------------------------

2022-10-19 15:50:51 → jayiwo5850@inkmoto.com::xiaomu202206 → 297487@qq.com →  297487@qq.com → Skype 发送消息错误：'NoneType' object has no attribute 'chat'

----------------------------------------------

2022-10-19 15:50:57 → jayiwo5850@inkmoto.com::xiaomu202206 → hhh168186 →  连接到 Skype 错误：（'超出验证速率限制'，<Response[429]>）('Auth rate limit exceeded', <Response [429]>)

----------------------------------------------

2022-10-19 15:50:59 → bayay80042@inkmoto.com::xiaomu202206 → 1299834567@qq.com →  1299834567@qq.com → Skype 发送消息错误：'NoneType' object has no attribute 'chat'

----------------------------------------------

2022-10-19 15:51:07 → bayay80042@inkmoto.com::xiaomu202206 → F58888 →  F58888 → Skype 发送消息错误：'NoneType' object has no attribute 'chat'

----------------------------------------------

2022-10-19 15:52:14 → bayay80042@inkmoto.com::xiaomu202206 → kinglee1230 →  连接到 Skype 错误：（'超出验证速率限制'，<Response[429]>）('Auth rate limit exceeded', <Response [429]>)

----------------------------------------------

2022-10-19 15:52:42 → jayiwo5850@inkmoto.com::xiaomu202206 → uy5555 →  连接到 Skype 错误：（'超出验证速率限制'，<Response[429]>）('Auth rate limit exceeded', <Response [429]>)

----------------------------------------------

2022-10-19 15:53:27 → jayiwo5850@inkmoto.com::xiaomu202206 → live:.cid.d44d1e579d961136 →  连接到 Skype 错误：（'超出验证速率限制'，<Response[429]>）('Auth rate limit exceeded', <Response [429]>)

----------------------------------------------

2022-10-19 15:53:33 → bayay80042@inkmoto.com::xiaomu202206 → o88882 →  连接到 Skype 错误：（'超出验证速率限制'，<Response[429]>）('Auth rate limit exceeded', <Response [429]>)

----------------------------------------------

2022-10-19 15:54:53 → jayiwo5850@inkmoto.com::xiaomu202206 → ivi707 →  连接到 Skype 错误：（'超出验证速率限制'，<Response[429]>）('Auth rate limit exceeded', <Response [429]>)

----------------------------------------------

2022-10-19 15:55:05 → bayay80042@inkmoto.com::xiaomu202206 → srvpnxg →  连接到 Skype 错误：（'超出验证速率限制'，<Response[429]>）('Auth rate limit exceeded', <Response [429]>)

----------------------------------------------

2022-10-19 15:55:40 → bayay80042@inkmoto.com::xiaomu202206 → live:.cid.e5808c4117e07501 →  连接到 Skype 错误：（'超出验证速率限制'，<Response[429]>）('Auth rate limit exceeded', <Response [429]>)

----------------------------------------------

2022-10-19 15:56:58 → jayiwo5850@inkmoto.com::xiaomu202206 → ym_boss888 →  连接到 Skype 错误：（'超出验证速率限制'，<Response[429]>）('Auth rate limit exceeded', <Response [429]>)

----------------------------------------------

2022-10-19 15:57:28 → bayay80042@inkmoto.com::xiaomu202206 → live:549fbb92cde71d71 →  live:549fbb92cde71d71 → Skype 发送消息错误：'NoneType' object has no attribute 'chat'

----------------------------------------------

2022-10-19 15:59:18 → jayiwo5850@inkmoto.com::xiaomu202206 → bb99995@qq.com →  bb99995@qq.com → Skype 发送消息错误：'NoneType' object has no attribute 'chat'

----------------------------------------------

2022-10-19 15:59:51 → jayiwo5850@inkmoto.com::xiaomu202206 → live:138674400 →  live:138674400 → Skype 发送消息错误：'NoneType' object has no attribute 'chat'

----------------------------------------------

2022-10-19 16:02:17 → bayay80042@inkmoto.com::xiaomu202206 → live:.cid.251ff7ad2f33cdc0 →  live:.cid.251ff7ad2f33cdc0 → Skype 发送消息错误：'NoneType' object has no attribute 'chat'

----------------------------------------------

2022-10-19 16:02:47 → jayiwo5850@inkmoto.com::xiaomu202206 → Q982774 →  Q982774 → Skype 发送消息错误：'NoneType' object has no attribute 'chat'

----------------------------------------------

2022-10-19 16:02:59 → bayay80042@inkmoto.com::xiaomu202206 → live:138674400 →  live:138674400 → Skype 发送消息错误：'NoneType' object has no attribute 'chat'

----------------------------------------------

2022-10-19 16:03:22 → jayiwo5850@inkmoto.com::xiaomu202206 → o55552 →  o55552 → Skype 发送消息错误：'NoneType' object has no attribute 'chat'

----------------------------------------------

2022-10-19 16:03:29 → jayiwo5850@inkmoto.com::xiaomu202206 → live:yunyin0099 →  live:yunyin0099 → Skype 发送消息错误：'NoneType' object has no attribute 'chat'

----------------------------------------------

2022-10-19 16:05:06 → jayiwo5850@inkmoto.com::xiaomu202206 → live:6b135cdf2c83e4d1 →  live:6b135cdf2c83e4d1 → Skype 发送消息错误：('Connection aborted.', RemoteDisconnected('Remote end closed connection without response'))

----------------------------------------------

2022-10-19 16:06:17 → bayay80042@inkmoto.com::xiaomu202206 → AR9773 →  AR9773 → Skype 发送消息错误：'NoneType' object has no attribute 'chat'

----------------------------------------------

2022-10-19 16:08:37 → jayiwo5850@inkmoto.com::xiaomu202206 → tangshao888 →  tangshao888 → Skype 发送消息错误：'NoneType' object has no attribute 'chat'

----------------------------------------------

2022-10-19 16:08:40 → bayay80042@inkmoto.com::xiaomu202206 → 55555@qq.com →  55555@qq.com → Skype 发送消息错误：'NoneType' object has no attribute 'chat'

----------------------------------------------

2022-10-19 16:08:43 → jayiwo5850@inkmoto.com::xiaomu202206 → 86888@qq.com →  86888@qq.com → Skype 发送消息错误：'NoneType' object has no attribute 'chat'

----------------------------------------------

2022-10-19 16:08:47 → bayay80042@inkmoto.com::xiaomu202206 → 711112 →  711112 → Skype 发送消息错误：'NoneType' object has no attribute 'chat'

----------------------------------------------

2022-10-19 16:08:49 → jayiwo5850@inkmoto.com::xiaomu202206 → 370332@qq.com →  370332@qq.com → Skype 发送消息错误：'NoneType' object has no attribute 'chat'

----------------------------------------------

2022-10-19 16:11:21 → jayiwo5850@inkmoto.com::xiaomu202206 → dage8899 →  dage8899 → Skype 发送消息错误：'NoneType' object has no attribute 'chat'

----------------------------------------------

2022-10-19 16:11:30 → jayiwo5850@inkmoto.com::xiaomu202206 → lv11121@qq.com →  lv11121@qq.com → Skype 发送消息错误：'NoneType' object has no attribute 'chat'

----------------------------------------------

2022-10-19 16:11:45 → bayay80042@inkmoto.com::xiaomu202206 → 86555@qq.com →  86555@qq.com → Skype 发送消息错误：'NoneType' object has no attribute 'chat'

----------------------------------------------

2022-10-19 16:11:59 → jayiwo5850@inkmoto.com::xiaomu202206 → tianjiao168 →  tianjiao168 → Skype 发送消息错误：'NoneType' object has no attribute 'chat'

----------------------------------------------

2022-10-19 16:12:01 → bayay80042@inkmoto.com::xiaomu202206 → d57f0f45ae9c37c9 →  d57f0f45ae9c37c9 → Skype 发送消息错误：'NoneType' object has no attribute 'chat'

----------------------------------------------

2022-10-19 16:12:09 → bayay80042@inkmoto.com::xiaomu202206 → 37112@qq.com →  37112@qq.com → Skype 发送消息错误：'NoneType' object has no attribute 'chat'

----------------------------------------------

2022-10-19 16:12:16 → bayay80042@inkmoto.com::xiaomu202206 → 776899689@qq.com →  776899689@qq.com → Skype 发送消息错误：'NoneType' object has no attribute 'chat'

----------------------------------------------

2022-10-19 16:12:19 → jayiwo5850@inkmoto.com::xiaomu202206 → zhongwang527@gmail.com →  zhongwang527@gmail.com → Skype 发送消息错误：'NoneType' object has no attribute 'chat'

----------------------------------------------

2022-10-19 16:12:23 → bayay80042@inkmoto.com::xiaomu202206 → darkchanvn@gmail.com →  darkchanvn@gmail.com → Skype 发送消息错误：'NoneType' object has no attribute 'chat'

----------------------------------------------

2022-10-19 16:12:25 → jayiwo5850@inkmoto.com::xiaomu202206 → 455551111@qq.com →  455551111@qq.com → Skype 发送消息错误：'NoneType' object has no attribute 'chat'

----------------------------------------------

2022-10-19 16:12:29 → bayay80042@inkmoto.com::xiaomu202206 → xiao.jueze →  xiao.jueze → Skype 发送消息错误：'NoneType' object has no attribute 'chat'

----------------------------------------------

2022-10-19 16:12:35 → bayay80042@inkmoto.com::xiaomu202206 → 92935@qq.com →  92935@qq.com → Skype 发送消息错误：'NoneType' object has no attribute 'chat'

----------------------------------------------

2022-10-19 16:12:38 → jayiwo5850@inkmoto.com::xiaomu202206 → yk748404@qq.com →  yk748404@qq.com → Skype 发送消息错误：'NoneType' object has no attribute 'chat'

----------------------------------------------

2022-10-19 16:12:45 → jayiwo5850@inkmoto.com::xiaomu202206 → live：457a0a872f474971 →  live：457a0a872f474971 → Skype 发送消息错误：'NoneType' object has no attribute 'chat'

----------------------------------------------

2022-10-19 16:12:49 → bayay80042@inkmoto.com::xiaomu202206 → yxsskype777 →  yxsskype777 → Skype 发送消息错误：'NoneType' object has no attribute 'chat'

----------------------------------------------

2022-10-19 16:12:51 → jayiwo5850@inkmoto.com::xiaomu202206 → 211139@qq.com →  211139@qq.com → Skype 发送消息错误：'NoneType' object has no attribute 'chat'

----------------------------------------------

2022-10-19 16:12:55 → bayay80042@inkmoto.com::xiaomu202206 → 66108.ovo@gmail.com →  66108.ovo@gmail.com → Skype 发送消息错误：'NoneType' object has no attribute 'chat'

----------------------------------------------

2022-10-19 16:13:03 → bayay80042@inkmoto.com::xiaomu202206 → dj886 →  dj886 → Skype 发送消息错误：'NoneType' object has no attribute 'chat'

----------------------------------------------

2022-10-19 16:13:07 → jayiwo5850@inkmoto.com::xiaomu202206 → dayu20180 →  dayu20180 → Skype 发送消息错误：'NoneType' object has no attribute 'chat'

----------------------------------------------

2022-10-19 16:13:13 → jayiwo5850@inkmoto.com::xiaomu202206 → 719405@qq.com →  连接到 Skype 错误：（'超出验证速率限制'，<Response[429]>）('Auth rate limit exceeded', <Response [429]>)

----------------------------------------------

2022-10-19 16:13:43 → bayay80042@inkmoto.com::xiaomu202206 → ys168ys →  连接到 Skype 错误：（'超出验证速率限制'，<Response[429]>）('Auth rate limit exceeded', <Response [429]>)

----------------------------------------------

2022-10-19 16:14:33 → jayiwo5850@inkmoto.com::xiaomu202206 → on86543@gmail.com →  on86543@gmail.com → Skype 发送消息错误：'NoneType' object has no attribute 'chat'

----------------------------------------------

2022-10-19 16:14:46 → bayay80042@inkmoto.com::xiaomu202206 → 463535@qq.com →  463535@qq.com → Skype 发送消息错误：'NoneType' object has no attribute 'chat'

----------------------------------------------

2022-10-19 16:14:49 → jayiwo5850@inkmoto.com::xiaomu202206 → live：975011 →  live：975011 → Skype 发送消息错误：'NoneType' object has no attribute 'chat'

----------------------------------------------

2022-10-19 16:14:57 → jayiwo5850@inkmoto.com::xiaomu202206 → 99126@qq.com →  99126@qq.com → Skype 发送消息错误：'NoneType' object has no attribute 'chat'

----------------------------------------------

2022-10-19 16:15:00 → bayay80042@inkmoto.com::xiaomu202206 → 474466@qq.com →  474466@qq.com → Skype 发送消息错误：'NoneType' object has no attribute 'chat'

----------------------------------------------

2022-10-19 16:15:09 → jayiwo5850@inkmoto.com::xiaomu202206 → cc36996 →  cc36996 → Skype 发送消息错误：'NoneType' object has no attribute 'chat'

----------------------------------------------

2022-10-19 16:15:13 → bayay80042@inkmoto.com::xiaomu202206 → rz72677 →  rz72677 → Skype 发送消息错误：'NoneType' object has no attribute 'chat'

----------------------------------------------

2022-10-19 16:15:15 → jayiwo5850@inkmoto.com::xiaomu202206 → 790127ae19a37bea →  790127ae19a37bea → Skype 发送消息错误：'NoneType' object has no attribute 'chat'

----------------------------------------------

2022-10-19 16:15:21 → bayay80042@inkmoto.com::xiaomu202206 → 230777999@qq.com →  230777999@qq.com → Skype 发送消息错误：'NoneType' object has no attribute 'chat'

----------------------------------------------

2022-10-19 16:15:23 → jayiwo5850@inkmoto.com::xiaomu202206 → 15012942334 →  15012942334 → Skype 发送消息错误：'NoneType' object has no attribute 'chat'

----------------------------------------------

2022-10-19 16:15:29 → jayiwo5850@inkmoto.com::xiaomu202206 → 37112@qq.com →  连接到 Skype 错误：（'超出验证速率限制'，<Response[429]>）('Auth rate limit exceeded', <Response [429]>)

----------------------------------------------

2022-10-19 16:15:34 → bayay80042@inkmoto.com::xiaomu202206 → 550000095@qq.com →  550000095@qq.com → Skype 发送消息错误：'NoneType' object has no attribute 'chat'

----------------------------------------------

2022-10-19 16:15:39 → bayay80042@inkmoto.com::xiaomu202206 → kk34567 →  kk34567 → Skype 发送消息错误：'NoneType' object has no attribute 'chat'

----------------------------------------------

2022-10-19 16:15:52 → bayay80042@inkmoto.com::xiaomu202206 → 61629@qq.com →  连接到 Skype 错误：（'超出验证速率限制'，<Response[429]>）('Auth rate limit exceeded', <Response [429]>)

----------------------------------------------

2022-10-19 16:16:25 → jayiwo5850@inkmoto.com::xiaomu202206 → b33335，c3333 →  b33335，c3333 → Skype 发送消息错误：'NoneType' object has no attribute 'chat'

----------------------------------------------

2022-10-19 16:16:32 → jayiwo5850@inkmoto.com::xiaomu202206 → cansen918@gmalil.com →  cansen918@gmalil.com → Skype 发送消息错误：'NoneType' object has no attribute 'chat'

----------------------------------------------

2022-10-19 16:16:38 → jayiwo5850@inkmoto.com::xiaomu202206 → o55552 →  o55552 → Skype 发送消息错误：'NoneType' object has no attribute 'chat'

----------------------------------------------

2022-10-19 16:16:44 → jayiwo5850@inkmoto.com::xiaomu202206 → xr8888888_1 →  xr8888888_1 → Skype 发送消息错误：'NoneType' object has no attribute 'chat'

----------------------------------------------

2022-10-19 16:16:47 → bayay80042@inkmoto.com::xiaomu202206 → mmcg188 →  mmcg188 → Skype 发送消息错误：'NoneType' object has no attribute 'chat'

----------------------------------------------

2022-10-19 16:16:50 → jayiwo5850@inkmoto.com::xiaomu202206 → 80600@qq.com →  80600@qq.com → Skype 发送消息错误：'NoneType' object has no attribute 'chat'

----------------------------------------------

2022-10-19 16:17:06 → jayiwo5850@inkmoto.com::xiaomu202206 → 66108.ovo@gmail.com →  66108.ovo@gmail.com → Skype 发送消息错误：'NoneType' object has no attribute 'chat'

----------------------------------------------

2022-10-19 16:17:10 → bayay80042@inkmoto.com::xiaomu202206 → 66656@qq.com →  66656@qq.com → Skype 发送消息错误：'NoneType' object has no attribute 'chat'

----------------------------------------------

2022-10-19 16:17:18 → bayay80042@inkmoto.com::xiaomu202206 → rtt2020168 →  rtt2020168 → Skype 发送消息错误：'NoneType' object has no attribute 'chat'

----------------------------------------------

2022-10-19 16:17:21 → jayiwo5850@inkmoto.com::xiaomu202206 → 55555@qq.com →  55555@qq.com → Skype 发送消息错误：'NoneType' object has no attribute 'chat'

----------------------------------------------

2022-10-19 16:17:24 → bayay80042@inkmoto.com::xiaomu202206 → 29999@qq.com →  29999@qq.com → Skype 发送消息错误：'NoneType' object has no attribute 'chat'

----------------------------------------------

2022-10-19 16:17:28 → jayiwo5850@inkmoto.com::xiaomu202206 → cai485259 →  连接到 Skype 错误：（'超出验证速率限制'，<Response[429]>）('Auth rate limit exceeded', <Response [429]>)

----------------------------------------------

2022-10-19 16:17:39 → bayay80042@inkmoto.com::xiaomu202206 → oelanyu →  oelanyu → Skype 发送消息错误：'NoneType' object has no attribute 'chat'

----------------------------------------------

2022-10-19 16:17:55 → bayay80042@inkmoto.com::xiaomu202206 → 26228@qq.com →  26228@qq.com → Skype 发送消息错误：'NoneType' object has no attribute 'chat'

----------------------------------------------

2022-10-19 16:18:00 → bayay80042@inkmoto.com::xiaomu202206 → shengyao668 →  shengyao668 → Skype 发送消息错误：'NoneType' object has no attribute 'chat'

----------------------------------------------

2022-10-19 16:18:04 → bayay80042@inkmoto.com::xiaomu202206 → 444474@qq.com →  连接到 Skype 错误：（'超出验证速率限制'，<Response[429]>）('Auth rate limit exceeded', <Response [429]>)

----------------------------------------------

2022-10-19 16:18:21 → jayiwo5850@inkmoto.com::xiaomu202206 → 76192@qq.com →  76192@qq.com → Skype 发送消息错误：'NoneType' object has no attribute 'chat'

----------------------------------------------

2022-10-19 16:18:28 → jayiwo5850@inkmoto.com::xiaomu202206 → hpqytkt →  hpqytkt → Skype 发送消息错误：'NoneType' object has no attribute 'chat'

----------------------------------------------

2022-10-19 16:18:33 → jayiwo5850@inkmoto.com::xiaomu202206 → AV0980 →  AV0980 → Skype 发送消息错误：'NoneType' object has no attribute 'chat'

----------------------------------------------

2022-10-19 16:18:38 → jayiwo5850@inkmoto.com::xiaomu202206 → mcshaohao@gmail.com →  mcshaohao@gmail.com → Skype 发送消息错误：'NoneType' object has no attribute 'chat'

----------------------------------------------

2022-10-19 16:18:53 → jayiwo5850@inkmoto.com::xiaomu202206 → 10825@qq.com →  10825@qq.com → Skype 发送消息错误：'NoneType' object has no attribute 'chat'

----------------------------------------------

2022-10-19 16:18:59 → jayiwo5850@inkmoto.com::xiaomu202206 → AK1111 →  AK1111 → Skype 发送消息错误：'NoneType' object has no attribute 'chat'

----------------------------------------------

2022-10-19 16:19:24 → jayiwo5850@inkmoto.com::xiaomu202206 → dafei32505 →  dafei32505 → Skype 发送消息错误：'NoneType' object has no attribute 'chat'

----------------------------------------------

2022-10-19 16:19:32 → jayiwo5850@inkmoto.com::xiaomu202206 → ------------------------------------ →  ------------------------------------ → Skype 发送消息错误：'NoneType' object has no attribute 'chat'

----------------------------------------------

2022-10-19 16:19:38 → jayiwo5850@inkmoto.com::xiaomu202206 → 66566@qq.com →  连接到 Skype 错误：（'超出验证速率限制'，<Response[429]>）('Auth rate limit exceeded', <Response [429]>)

----------------------------------------------

2022-10-19 16:19:41 → bayay80042@inkmoto.com::xiaomu202206 → hz98444@163.com →  hz98444@163.com → Skype 发送消息错误：'NoneType' object has no attribute 'chat'

----------------------------------------------

2022-10-19 16:19:48 → bayay80042@inkmoto.com::xiaomu202206 → 765555@qq.com →  765555@qq.com → Skype 发送消息错误：'NoneType' object has no attribute 'chat'

----------------------------------------------

2022-10-19 16:19:54 → bayay80042@inkmoto.com::xiaomu202206 → 1115595556@qq.com →  1115595556@qq.com → Skype 发送消息错误：'NoneType' object has no attribute 'chat'

----------------------------------------------

2022-10-19 16:20:17 → bayay80042@inkmoto.com::xiaomu202206 → fw.666 →  连接到 Skype 错误：（'超出验证速率限制'，<Response[429]>）('Auth rate limit exceeded', <Response [429]>)

----------------------------------------------

2022-10-19 16:20:19 → jayiwo5850@inkmoto.com::xiaomu202206 → 639655777770 →  639655777770 → Skype 发送消息错误：'NoneType' object has no attribute 'chat'

----------------------------------------------

2022-10-19 16:20:33 → jayiwo5850@inkmoto.com::xiaomu202206 → 3332000000@qq.com →  3332000000@qq.com → Skype 发送消息错误：'NoneType' object has no attribute 'chat'

----------------------------------------------

2022-10-19 16:20:40 → jayiwo5850@inkmoto.com::xiaomu202206 → 15012942334 →  15012942334 → Skype 发送消息错误：'NoneType' object has no attribute 'chat'

----------------------------------------------

2022-10-19 16:21:15 → bayay80042@inkmoto.com::xiaomu202206 → mozhen5678@outlook.com →  mozhen5678@outlook.com → Skype 发送消息错误：'NoneType' object has no attribute 'chat'

----------------------------------------------

2022-10-19 16:21:20 → bayay80042@inkmoto.com::xiaomu202206 → 199999325 →  199999325 → Skype 发送消息错误：'NoneType' object has no attribute 'chat'

----------------------------------------------

2022-10-19 16:21:22 → jayiwo5850@inkmoto.com::xiaomu202206 → JinWu666 →  JinWu666 → Skype 发送消息错误：'NoneType' object has no attribute 'chat'

----------------------------------------------

2022-10-19 16:21:27 → bayay80042@inkmoto.com::xiaomu202206 → LV4444 →  LV4444 → Skype 发送消息错误：'NoneType' object has no attribute 'chat'

----------------------------------------------

2022-10-19 16:21:29 → jayiwo5850@inkmoto.com::xiaomu202206 → 466629000@qq.com →  466629000@qq.com → Skype 发送消息错误：'NoneType' object has no attribute 'chat'

----------------------------------------------

2022-10-19 16:21:32 → bayay80042@inkmoto.com::xiaomu202206 → 58207@qq.com →  58207@qq.com → Skype 发送消息错误：'NoneType' object has no attribute 'chat'

----------------------------------------------

2022-10-19 16:21:35 → jayiwo5850@inkmoto.com::xiaomu202206 → 84448@qq.com →  84448@qq.com → Skype 发送消息错误：'NoneType' object has no attribute 'chat'

----------------------------------------------

2022-10-19 16:21:58 → jayiwo5850@inkmoto.com::xiaomu202206 → 20394_1 →  20394_1 → Skype 发送消息错误：'NoneType' object has no attribute 'chat'

----------------------------------------------

2022-10-19 16:22:09 → jayiwo5850@inkmoto.com::xiaomu202206 → live:.cid.c034972bcd26a88f →  live:.cid.c034972bcd26a88f → Skype 发送消息错误：('502 response from GET https://api.skype.com/users/self/profile', <Response [502]>)

----------------------------------------------

2022-10-19 16:22:44 → bayay80042@inkmoto.com::xiaomu202206 → ddddl@126.com →  ddddl@126.com → Skype 发送消息错误：'NoneType' object has no attribute 'chat'

----------------------------------------------

2022-10-19 16:23:22 → bayay80042@inkmoto.com::xiaomu202206 → live:8993a3d2f2f1d878v →  live:8993a3d2f2f1d878v → Skype 发送消息错误：'NoneType' object has no attribute 'chat'

----------------------------------------------

2022-10-19 16:23:56 → bayay80042@inkmoto.com::xiaomu202206 → bahuang666 →  bahuang666 → Skype 发送消息错误：'NoneType' object has no attribute 'chat'

----------------------------------------------

2022-10-19 16:24:44 → jayiwo5850@inkmoto.com::xiaomu202206 → hz88121@qq.com →  hz88121@qq.com → Skype 发送消息错误：'NoneType' object has no attribute 'chat'

----------------------------------------------

2022-10-19 16:24:59 → bayay80042@inkmoto.com::xiaomu202206 → 56555@qq.com →  56555@qq.com → Skype 发送消息错误：'NoneType' object has no attribute 'chat'

----------------------------------------------

2022-10-19 16:25:02 → jayiwo5850@inkmoto.com::xiaomu202206 → md46466@outlook.com →  md46466@outlook.com → Skype 发送消息错误：'NoneType' object has no attribute 'chat'

----------------------------------------------

2022-10-19 16:26:48 → jayiwo5850@inkmoto.com::xiaomu202206 → live:838454000@qq.com →  live:838454000@qq.com → Skype 发送消息错误：'NoneType' object has no attribute 'chat'

----------------------------------------------

2022-10-19 16:27:40 → bayay80042@inkmoto.com::xiaomu202206 → live:782559@qq.com →  live:782559@qq.com → Skype 发送消息错误：'NoneType' object has no attribute 'chat'

----------------------------------------------

2022-10-19 16:27:45 → jayiwo5850@inkmoto.com::xiaomu202206 → 54443@qq.com →  54443@qq.com → Skype 发送消息错误：'NoneType' object has no attribute 'chat'

----------------------------------------------

2022-10-19 16:27:47 → bayay80042@inkmoto.com::xiaomu202206 → live:192619191@qq.com →  live:192619191@qq.com → Skype 发送消息错误：'NoneType' object has no attribute 'chat'

----------------------------------------------

2022-10-19 16:27:50 → jayiwo5850@inkmoto.com::xiaomu202206 → 1965656565@qq.com →  1965656565@qq.com → Skype 发送消息错误：'NoneType' object has no attribute 'chat'

----------------------------------------------

2022-10-19 16:27:54 → bayay80042@inkmoto.com::xiaomu202206 → 513586980@qq.com →  513586980@qq.com → Skype 发送消息错误：'NoneType' object has no attribute 'chat'

----------------------------------------------

2022-10-19 16:28:01 → bayay80042@inkmoto.com::xiaomu202206 → 476671@qq.com →  476671@qq.com → Skype 发送消息错误：'NoneType' object has no attribute 'chat'

----------------------------------------------

2022-10-19 16:28:06 → jayiwo5850@inkmoto.com::xiaomu202206 → 229326364@qq.com →  229326364@qq.com → Skype 发送消息错误：'NoneType' object has no attribute 'chat'

----------------------------------------------

2022-10-19 16:28:08 → bayay80042@inkmoto.com::xiaomu202206 → live:746964@qq.com →  live:746964@qq.com → Skype 发送消息错误：'NoneType' object has no attribute 'chat'

----------------------------------------------

2022-10-19 16:28:11 → jayiwo5850@inkmoto.com::xiaomu202206 → 3339993339@qq.com →  3339993339@qq.com → Skype 发送消息错误：'NoneType' object has no attribute 'chat'

----------------------------------------------

2022-10-19 16:28:18 → jayiwo5850@inkmoto.com::xiaomu202206 → 206157@qq.com →  206157@qq.com → Skype 发送消息错误：'NoneType' object has no attribute 'chat'

----------------------------------------------

2022-10-19 16:28:22 → bayay80042@inkmoto.com::xiaomu202206 → 473689@qq.com →  473689@qq.com → Skype 发送消息错误：'NoneType' object has no attribute 'chat'

----------------------------------------------

2022-10-19 16:28:30 → bayay80042@inkmoto.com::xiaomu202206 → 30629298@qq.com →  30629298@qq.com → Skype 发送消息错误：'NoneType' object has no attribute 'chat'

----------------------------------------------

2022-10-19 16:28:38 → bayay80042@inkmoto.com::xiaomu202206 → live:8225362@qq.com →  live:8225362@qq.com → Skype 发送消息错误：'NoneType' object has no attribute 'chat'

----------------------------------------------

2022-10-19 16:28:55 → bayay80042@inkmoto.com::xiaomu202206 → 722892@qq.com →  连接到 Skype 错误：（'超出验证速率限制'，<Response[429]>）('Auth rate limit exceeded', <Response [429]>)

----------------------------------------------

2022-10-19 16:30:05 → bayay80042@inkmoto.com::xiaomu202206 → 45333@qq.com →  45333@qq.com → Skype 发送消息错误：'NoneType' object has no attribute 'chat'

----------------------------------------------

2022-10-19 16:30:36 → jayiwo5850@inkmoto.com::xiaomu202206 → live:guanli2014 →  live:guanli2014 → Skype 发送消息错误：'NoneType' object has no attribute 'chat'

----------------------------------------------

2022-10-19 16:30:48 → bayay80042@inkmoto.com::xiaomu202206 → l93333 →  l93333 → Skype 发送消息错误：'NoneType' object has no attribute 'chat'

----------------------------------------------

2022-10-19 16:32:02 → jayiwo5850@inkmoto.com::xiaomu202206 → live:av2770 →  live:av2770 → Skype 发送消息错误：'NoneType' object has no attribute 'chat'

----------------------------------------------

2022-10-19 16:32:09 → jayiwo5850@inkmoto.com::xiaomu202206 → 25520_1 →  25520_1 → Skype 发送消息错误：'NoneType' object has no attribute 'chat'

----------------------------------------------

2022-10-19 16:32:20 → bayay80042@inkmoto.com::xiaomu202206 → live:fhlm001 →  连接到 Skype 错误：（'超出验证速率限制'，<Response[429]>）('Auth rate limit exceeded', <Response [429]>)

----------------------------------------------

2022-10-19 16:32:21 → jayiwo5850@inkmoto.com::xiaomu202206 → agdaili66 →  连接到 Skype 错误：（'超出验证速率限制'，<Response[429]>）('Auth rate limit exceeded', <Response [429]>)

----------------------------------------------

2022-10-19 16:33:07 → bayay80042@inkmoto.com::xiaomu202206 → live:tt,888 →  live:tt,888 → Skype 发送消息错误：'NoneType' object has no attribute 'chat'

----------------------------------------------

2022-10-19 16:33:18 → jayiwo5850@inkmoto.com::xiaomu202206 → 248179@qq.com →  248179@qq.com → Skype 发送消息错误：'NoneType' object has no attribute 'chat'

----------------------------------------------

2022-10-19 16:33:21 → bayay80042@inkmoto.com::xiaomu202206 → 5422096@qq.com →  5422096@qq.com → Skype 发送消息错误：'NoneType' object has no attribute 'chat'

----------------------------------------------

2022-10-19 16:33:25 → jayiwo5850@inkmoto.com::xiaomu202206 → 439381@qq.com →  439381@qq.com → Skype 发送消息错误：'NoneType' object has no attribute 'chat'

----------------------------------------------

2022-10-19 16:33:27 → bayay80042@inkmoto.com::xiaomu202206 → live:36039@qq.com →  live:36039@qq.com → Skype 发送消息错误：'NoneType' object has no attribute 'chat'

----------------------------------------------

2022-10-19 16:33:33 → jayiwo5850@inkmoto.com::xiaomu202206 → live:8225362@qq.com →  live:8225362@qq.com → Skype 发送消息错误：'NoneType' object has no attribute 'chat'

----------------------------------------------

2022-10-19 16:33:35 → bayay80042@inkmoto.com::xiaomu202206 → live:93413@qq.com →  live:93413@qq.com → Skype 发送消息错误：'NoneType' object has no attribute 'chat'

----------------------------------------------

2022-10-19 16:33:37 → jayiwo5850@inkmoto.com::xiaomu202206 → live:125008540@qq.com →  连接到 Skype 错误：（'超出验证速率限制'，<Response[429]>）('Auth rate limit exceeded', <Response [429]>)

----------------------------------------------

2022-10-19 16:33:40 → bayay80042@inkmoto.com::xiaomu202206 → live:258374@qq.com →  连接到 Skype 错误：（'超出验证速率限制'，<Response[429]>）('Auth rate limit exceeded', <Response [429]>)

----------------------------------------------

2022-10-19 16:34:16 → jayiwo5850@inkmoto.com::xiaomu202206 → 30629298@qq.com →  连接到 Skype 错误：（'超出验证速率限制'，<Response[429]>）('Auth rate limit exceeded', <Response [429]>)

----------------------------------------------

2022-10-19 16:34:17 → bayay80042@inkmoto.com::xiaomu202206 → 473689@qq.com →  连接到 Skype 错误：（'超出验证速率限制'，<Response[429]>）('Auth rate limit exceeded', <Response [429]>)

----------------------------------------------

2022-10-19 16:35:00 → bayay80042@inkmoto.com::xiaomu202206 → 206157@qq.com →  206157@qq.com → Skype 发送消息错误：'NoneType' object has no attribute 'chat'

----------------------------------------------

2022-10-19 16:35:05 → bayay80042@inkmoto.com::xiaomu202206 → live:192619191@qq.com →  live:192619191@qq.com → Skype 发送消息错误：'NoneType' object has no attribute 'chat'

----------------------------------------------

2022-10-19 16:35:09 → jayiwo5850@inkmoto.com::xiaomu202206 → 1965656565@qq.com →  1965656565@qq.com → Skype 发送消息错误：'NoneType' object has no attribute 'chat'

----------------------------------------------

2022-10-19 16:35:11 → bayay80042@inkmoto.com::xiaomu202206 → 513586980@qq.com →  513586980@qq.com → Skype 发送消息错误：'NoneType' object has no attribute 'chat'

----------------------------------------------

2022-10-19 16:35:15 → jayiwo5850@inkmoto.com::xiaomu202206 → 54443@qq.com →  54443@qq.com → Skype 发送消息错误：'NoneType' object has no attribute 'chat'

----------------------------------------------

2022-10-19 16:35:17 → bayay80042@inkmoto.com::xiaomu202206 → 476671@qq.com →  476671@qq.com → Skype 发送消息错误：'NoneType' object has no attribute 'chat'

----------------------------------------------

2022-10-19 16:35:20 → jayiwo5850@inkmoto.com::xiaomu202206 → 2233333383@qq.com →  2233333383@qq.com → Skype 发送消息错误：'NoneType' object has no attribute 'chat'

----------------------------------------------

2022-10-19 16:35:22 → bayay80042@inkmoto.com::xiaomu202206 → live:229326364@qq.com →  live:229326364@qq.com → Skype 发送消息错误：'NoneType' object has no attribute 'chat'

----------------------------------------------

2022-10-19 16:35:27 → jayiwo5850@inkmoto.com::xiaomu202206 → live:746964@qq.com →  live:746964@qq.com → Skype 发送消息错误：'NoneType' object has no attribute 'chat'

----------------------------------------------

2022-10-19 16:35:29 → bayay80042@inkmoto.com::xiaomu202206 → 3339993339@qq.com →  3339993339@qq.com → Skype 发送消息错误：'NoneType' object has no attribute 'chat'

----------------------------------------------

2022-10-19 16:35:34 → jayiwo5850@inkmoto.com::xiaomu202206 → 466629000@qq.com →  466629000@qq.com → Skype 发送消息错误：'NoneType' object has no attribute 'chat'

----------------------------------------------

2022-10-19 16:35:47 → jayiwo5850@inkmoto.com::xiaomu202206 → 987400000@qq.com →  987400000@qq.com → Skype 发送消息错误：'NoneType' object has no attribute 'chat'

----------------------------------------------

2022-10-19 16:35:52 → jayiwo5850@inkmoto.com::xiaomu202206 → 55555@qq.com →  55555@qq.com → Skype 发送消息错误：'NoneType' object has no attribute 'chat'

----------------------------------------------

2022-10-19 16:36:03 → bayay80042@inkmoto.com::xiaomu202206 → 666656@qq.com →  666656@qq.com → Skype 发送消息错误：'NoneType' object has no attribute 'chat'

----------------------------------------------

2022-10-19 16:36:18 → bayay80042@inkmoto.com::xiaomu202206 → 8777887@qq.com →  连接到 Skype 错误：（'超出验证速率限制'，<Response[429]>）('Auth rate limit exceeded', <Response [429]>)

----------------------------------------------

2022-10-19 16:36:22 → jayiwo5850@inkmoto.com::xiaomu202206 → hz88121@qq.com →  连接到 Skype 错误：（'超出验证速率限制'，<Response[429]>）('Auth rate limit exceeded', <Response [429]>)

----------------------------------------------

2022-10-19 16:37:56 → bayay80042@inkmoto.com::xiaomu202206 → dafei312505 →  dafei312505 → Skype 发送消息错误：'NoneType' object has no attribute 'chat'

----------------------------------------------

2022-10-19 16:37:58 → jayiwo5850@inkmoto.com::xiaomu202206 → hz88121@qq.com →  hz88121@qq.com → Skype 发送消息错误：'NoneType' object has no attribute 'chat'

----------------------------------------------

2022-10-19 16:38:17 → jayiwo5850@inkmoto.com::xiaomu202206 → p55557 →  p55557 → Skype 发送消息错误：('502 response from GET https://api.skype.com/users/self/profile', <Response [502]>)

----------------------------------------------

2022-10-19 16:38:28 → bayay80042@inkmoto.com::xiaomu202206 → nassau0513 →  连接到 Skype 错误：（'超出验证速率限制'，<Response[429]>）('Auth rate limit exceeded', <Response [429]>)

----------------------------------------------

2022-10-19 16:38:39 → jayiwo5850@inkmoto.com::xiaomu202206 → bin7788999 →  连接到 Skype 错误：（'超出验证速率限制'，<Response[429]>）('Auth rate limit exceeded', <Response [429]>)

----------------------------------------------

2022-10-19 16:40:43 → jayiwo5850@inkmoto.com::xiaomu202206 → 766660@qq.comlive:zxc88168588 →  766660@qq.comlive:zxc88168588 → Skype 发送消息错误：'NoneType' object has no attribute 'chat'

----------------------------------------------

2022-10-19 16:40:48 → bayay80042@inkmoto.com::xiaomu202206 → 189943223@qq.com →  189943223@qq.com → Skype 发送消息错误：'NoneType' object has no attribute 'chat'

----------------------------------------------

2022-10-19 16:41:01 → jayiwo5850@inkmoto.com::xiaomu202206 → 59611@qq.com →  59611@qq.com → Skype 发送消息错误：'NoneType' object has no attribute 'chat'

----------------------------------------------

2022-10-19 16:41:06 → bayay80042@inkmoto.com::xiaomu202206 → live:571205401@qq.com →  live:571205401@qq.com → Skype 发送消息错误：'NoneType' object has no attribute 'chat'

----------------------------------------------

2022-10-19 16:41:22 → bayay80042@inkmoto.com::xiaomu202206 → 416853@qq.com →  416853@qq.com → Skype 发送消息错误：'NoneType' object has no attribute 'chat'

----------------------------------------------

2022-10-19 16:41:37 → jayiwo5850@inkmoto.com::xiaomu202206 → live:258374@qq.com →  live:258374@qq.com → Skype 发送消息错误：'NoneType' object has no attribute 'chat'

----------------------------------------------

2022-10-19 16:41:46 → jayiwo5850@inkmoto.com::xiaomu202206 → lwjsj31929 →  lwjsj31929 → Skype 发送消息错误：'NoneType' object has no attribute 'chat'

----------------------------------------------

2022-10-19 16:41:56 → jayiwo5850@inkmoto.com::xiaomu202206 → 8359687_1 →  8359687_1 → Skype 发送消息错误：'NoneType' object has no attribute 'chat'

----------------------------------------------

2022-10-19 16:42:00 → bayay80042@inkmoto.com::xiaomu202206 → 877576@qq.com →  877576@qq.com → Skype 发送消息错误：'NoneType' object has no attribute 'chat'

----------------------------------------------

2022-10-19 16:42:09 → jayiwo5850@inkmoto.com::xiaomu202206 → wz99999 →  连接到 Skype 错误：（'超出验证速率限制'，<Response[429]>）('Auth rate limit exceeded', <Response [429]>)