
{'phone': '601112672704', 'channel': 'kx360', 'submit': 'send_message', 'path': '91MBoss-session/群发账号/', 'code': 10010, 'status': False, 'messageEnglish': "You can't write in this chat (caused by SendMessageRequest)", 'message': '群组禁言', 'messageChinese': '群组禁言'}
{'phone': '60142963511', 'channel': -1001571405100, 'submit': 'send_message', 'path': '91MBoss-session/群发账号/', 'code': 10010, 'status': False, 'messageEnglish': "You can't write in this chat (caused by SendMessageRequest)", 'message': '群组禁言', 'messageChinese': '群组禁言'}
{'phone': '62895324567778', 'channel': -1001646738421, 'submit': 'send_message', 'path': '91MBoss-session/群发账号/', 'code': 10010, 'status': False, 'messageEnglish': "You can't write in this chat (caused by SendMessageRequest)", 'message': '群组禁言', 'messageChinese': '群组禁言'}
{'phone': '62895324567778', 'channel': -1001536485012, 'submit': 'send_message', 'path': '91MBoss-session/群发账号/', 'code': 10010, 'status': False, 'messageEnglish': "You can't write in this chat (caused by SendMessageRequest)", 'message': '群组禁言', 'messageChinese': '群组禁言'}
{'phone': '601112672704', 'channel': 'Ks10688881', 'submit': 'send_message', 'path': '91MBoss-session/群发账号/', 'code': 10010, 'status': False, 'messageEnglish': "You can't write in this chat (caused by SendMessageRequest)", 'message': '群组禁言', 'messageChinese': '群组禁言'}
{'phone': '601112672704', 'channel': 'baocai217', 'submit': 'send_message', 'path': '91MBoss-session/群发账号/', 'code': 10010, 'status': False, 'messageEnglish': "You can't write in this chat (caused by SendMessageRequest)", 'message': '群组禁言', 'messageChinese': '群组禁言'}
{'phone': '60142963511', 'channel': -1001669944879, 'submit': 'send_message', 'path': '91MBoss-session/群发账号/', 'code': 10010, 'status': False, 'messageEnglish': "You can't write in this chat (caused by SendMessageRequest)", 'message': '群组禁言', 'messageChinese': '群组禁言'}
{'phone': '60142963511', 'channel': -1001320121254, 'submit': 'send_message', 'path': '91MBoss-session/群发账号/', 'code': 10010, 'status': False, 'messageEnglish': "You can't write in this chat (caused by SendMessageRequest)", 'message': '群组禁言', 'messageChinese': '群组禁言'}
{'phone': '601112672704', 'channel': 'TG296', 'submit': 'send_message', 'path': '91MBoss-session/群发账号/', 'code': 10010, 'status': False, 'messageEnglish': 'Chat admin privileges are required to do that in the specified chat (for example, to send a message in a channel which is not yours), or invalid permissions used for the channel or group (caused by SendMessageRequest)', 'message': '在指定的聊天中执行此操作需要聊天管理员权限（例如，在不属于您的频道中发送消息），或用于频道或组的权限无效', 'messageChinese': '在指定的聊天中执行此操作需要聊天管理员权限（例如，在不属于您的频道中发送消息），或用于频道或组的权限无效'}
{'phone': '62895324567778', 'channel': -1001786312758, 'submit': 'send_message', 'path': '91MBoss-session/群发账号/', 'code': 10010, 'status': False, 'messageEnglish': "You can't write in this chat (caused by SendMessageRequest)", 'message': '群组禁言', 'messageChinese': '群组禁言'}
{'phone': '60142963511', 'channel': -1001502485100, 'submit': 'send_message', 'path': '91MBoss-session/群发账号/', 'code': 10010, 'status': False, 'messageEnglish': "You can't write in this chat (caused by SendMessageRequest)", 'message': '群组禁言', 'messageChinese': '群组禁言'}
{'phone': '601112672704', 'channel': 'huione888', 'submit': 'send_message', 'path': '91MBoss-session/群发账号/', 'code': 10010, 'status': False, 'messageEnglish': "You can't write in this chat (caused by SendMessageRequest)", 'message': '群组禁言', 'messageChinese': '群组禁言'}
{'phone': '62895324567778', 'channel': -1001717710900, 'submit': 'send_message', 'path': '91MBoss-session/群发账号/', 'code': 10010, 'status': False, 'messageEnglish': "You can't write in this chat (caused by SendMessageRequest)", 'message': '群组禁言', 'messageChinese': '群组禁言'}
{'phone': '60142963511', 'channel': -1001784732247, 'submit': 'send_message', 'path': '91MBoss-session/群发账号/', 'code': 10010, 'status': False, 'messageEnglish': "You can't write in this chat (caused by SendMessageRequest)", 'message': '群组禁言', 'messageChinese': '群组禁言'}
{'phone': '62895324567778', 'channel': -1001611419135, 'submit': 'send_message', 'path': '91MBoss-session/群发账号/', 'code': 10010, 'status': False, 'messageEnglish': "You can't write in this chat (caused by SendMessageRequest)", 'message': '群组禁言', 'messageChinese': '群组禁言'}
{'phone': '60142963511', 'channel': -1001612202795, 'submit': 'send_message', 'path': '91MBoss-session/群发账号/', 'code': 10010, 'status': False, 'messageEnglish': "You can't write in this chat (caused by SendMessageRequest)", 'message': '群组禁言', 'messageChinese': '群组禁言'}
{'phone': '601112672704', 'channel': 'HLS0002', 'submit': 'send_message', 'path': '91MBoss-session/群发账号/', 'code': 10010, 'status': False, 'messageEnglish': "You can't write in this chat (caused by SendMessageRequest)", 'message': '群组禁言', 'messageChinese': '群组禁言'}
{'phone': '60142963511', 'channel': -1001738829594, 'submit': 'send_message', 'path': '91MBoss-session/群发账号/', 'code': 10010, 'status': False, 'messageEnglish': "You can't write in this chat (caused by SendMessageRequest)", 'message': '群组禁言', 'messageChinese': '群组禁言'}
{'phone': '60142963511', 'channel': -1001626269421, 'submit': 'send_message', 'path': '91MBoss-session/群发账号/', 'code': 10010, 'status': False, 'messageEnglish': "You can't write in this chat (caused by SendMessageRequest)", 'message': '群组禁言', 'messageChinese': '群组禁言'}
{'phone': '62895324567778', 'channel': -1001625074639, 'submit': 'send_message', 'path': '91MBoss-session/群发账号/', 'code': 10010, 'status': False, 'messageEnglish': "You can't write in this chat (caused by SendMessageRequest)", 'message': '群组禁言', 'messageChinese': '群组禁言'}
{'phone': '62895324567778', 'channel': 'TG231', 'submit': 'send_message', 'path': '91MBoss-session/群发账号/', 'code': 10010, 'status': False, 'messageEnglish': 'Chat admin privileges are required to do that in the specified chat (for example, to send a message in a channel which is not yours), or invalid permissions used for the channel or group (caused by SendMessageRequest)', 'message': '在指定的聊天中执行此操作需要聊天管理员权限（例如，在不属于您的频道中发送消息），或用于频道或组的权限无效', 'messageChinese': '在指定的聊天中执行此操作需要聊天管理员权限（例如，在不属于您的频道中发送消息），或用于频道或组的权限无效'}
{'phone': '62895324567778', 'channel': -1001636852001, 'submit': 'send_message', 'path': '91MBoss-session/群发账号/', 'code': 10010, 'status': False, 'messageEnglish': "You can't write in this chat (caused by SendMessageRequest)", 'message': '群组禁言', 'messageChinese': '群组禁言'}
{'phone': '60142963511', 'channel': -1001502353314, 'submit': 'send_message', 'path': '91MBoss-session/群发账号/', 'code': 10010, 'status': False, 'messageEnglish': "You can't write in this chat (caused by SendMessageRequest)", 'message': '群组禁言', 'messageChinese': '群组禁言'}
{'phone': '62895324567778', 'channel': -1001663832462, 'submit': 'send_message', 'path': '91MBoss-session/群发账号/', 'code': 10010, 'status': False, 'messageEnglish': "You can't write in this chat (caused by SendMessageRequest)", 'message': '群组禁言', 'messageChinese': '群组禁言'}
{'phone': '60142963511', 'channel': 'DAGEZHENSHUI', 'submit': 'send_message', 'path': '91MBoss-session/群发账号/', 'code': 10010, 'status': False, 'messageEnglish': "You can't write in this chat (caused by SendMessageRequest)", 'message': '群组禁言', 'messageChinese': '群组禁言'}
{'phone': '601112672704', 'channel': 'zhaopin8', 'submit': 'send_message', 'path': '91MBoss-session/群发账号/', 'code': 10010, 'status': False, 'messageEnglish': "You can't write in this chat (caused by SendMessageRequest)", 'message': '群组禁言', 'messageChinese': '群组禁言'}
{'phone': '60142963511', 'channel': -1001712803716, 'submit': 'send_message', 'path': '91MBoss-session/群发账号/', 'code': 10010, 'status': False, 'messageEnglish': "You can't write in this chat (caused by SendMessageRequest)", 'message': '群组禁言', 'messageChinese': '群组禁言'}
{'phone': '601112672704', 'channel': 'A_K_3A', 'submit': 'send_message', 'path': '91MBoss-session/群发账号/', 'code': 10010, 'status': False, 'messageEnglish': "You can't write in this chat (caused by SendMessageRequest)", 'message': '群组禁言', 'messageChinese': '群组禁言'}
{'phone': '62895324567778', 'channel': -1001605952701, 'submit': 'send_message', 'path': '91MBoss-session/群发账号/', 'code': 10010, 'status': False, 'messageEnglish': "You can't write in this chat (caused by SendMessageRequest)", 'message': '群组禁言', 'messageChinese': '群组禁言'}
{'phone': '60142963511', 'channel': -1001658694175, 'submit': 'send_message', 'path': '91MBoss-session/群发账号/', 'code': 10010, 'status': False, 'messageEnglish': "You can't write in this chat (caused by SendMessageRequest)", 'message': '群组禁言', 'messageChinese': '群组禁言'}
{'phone': '62895324567778', 'channel': -1001437056348, 'submit': 'send_message', 'path': '91MBoss-session/群发账号/', 'code': 10010, 'status': False, 'messageEnglish': "You can't write in this chat (caused by SendMessageRequest)", 'message': '群组禁言', 'messageChinese': '群组禁言'}
{'phone': '62895324567778', 'channel': -1001667045797, 'submit': 'send_message', 'path': '91MBoss-session/群发账号/', 'code': 10010, 'status': False, 'messageEnglish': "You can't write in this chat (caused by SendMessageRequest)", 'message': '群组禁言', 'messageChinese': '群组禁言'}
{'phone': '601112672704', 'channel': 'BKEXChinese', 'submit': 'send_message', 'path': '91MBoss-session/群发账号/', 'code': 10010, 'status': False, 'messageEnglish': "You can't write in this chat (caused by SendMessageRequest)", 'message': '群组禁言', 'messageChinese': '群组禁言'}
{'phone': '60142963511', 'channel': -1001392282274, 'submit': 'send_message', 'path': '91MBoss-session/群发账号/', 'code': 10010, 'status': False, 'messageEnglish': "You can't write in this chat (caused by SendMessageRequest)", 'message': '群组禁言', 'messageChinese': '群组禁言'}
{'phone': '60142963511', 'channel': 'A_K_10A', 'submit': 'send_message', 'path': '91MBoss-session/群发账号/', 'code': 10010, 'status': False, 'messageEnglish': "You can't write in this chat (caused by SendMessageRequest)", 'message': '群组禁言', 'messageChinese': '群组禁言'}
{'phone': '62895324567778', 'channel': -1001707835102, 'submit': 'send_message', 'path': '91MBoss-session/群发账号/', 'code': 10010, 'status': False, 'messageEnglish': "You can't write in this chat (caused by SendMessageRequest)", 'message': '群组禁言', 'messageChinese': '群组禁言'}
{'phone': '62895324567778', 'channel': -1001635867819, 'submit': 'send_message', 'path': '91MBoss-session/群发账号/', 'code': 10010, 'status': False, 'messageEnglish': "You can't write in this chat (caused by SendMessageRequest)", 'message': '群组禁言', 'messageChinese': '群组禁言'}
{'phone': '60142963511', 'channel': -1001646738421, 'submit': 'send_message', 'path': '91MBoss-session/群发账号/', 'code': 10010, 'status': False, 'messageEnglish': "You can't write in this chat (caused by SendMessageRequest)", 'message': '群组禁言', 'messageChinese': '群组禁言'}
{'phone': '60142963511', 'channel': -1001578388156, 'submit': 'send_message', 'path': '91MBoss-session/群发账号/', 'code': 10010, 'status': False, 'messageEnglish': "You can't write in this chat (caused by SendMessageRequest)", 'message': '群组禁言', 'messageChinese': '群组禁言'}
{'phone': '601112672704', 'channel': 'JZ1688888', 'submit': 'send_message', 'path': '91MBoss-session/群发账号/', 'code': 10010, 'status': False, 'messageEnglish': "You can't write in this chat (caused by SendMessageRequest)", 'message': '群组禁言', 'messageChinese': '群组禁言'}
{'phone': '601112672704', 'channel': 'zscd18', 'submit': 'send_message', 'path': '91MBoss-session/群发账号/', 'code': 10010, 'status': False, 'messageEnglish': "You can't write in this chat (caused by SendMessageRequest)", 'message': '群组禁言', 'messageChinese': '群组禁言'}
{'phone': '60142963511', 'channel': 'youwin988', 'submit': 'send_message', 'path': '91MBoss-session/群发账号/', 'code': 10010, 'status': False, 'messageEnglish': "You can't write in this chat (caused by SendMessageRequest)", 'message': '群组禁言', 'messageChinese': '群组禁言'}
{'phone': '62895324567778', 'channel': -1001618516341, 'submit': 'send_message', 'path': '91MBoss-session/群发账号/', 'code': 10010, 'status': False, 'messageEnglish': "You can't write in this chat (caused by SendMessageRequest)", 'message': '群组禁言', 'messageChinese': '群组禁言'}
{'phone': '62895324567778', 'channel': -1001640750058, 'submit': 'send_message', 'path': '91MBoss-session/群发账号/', 'code': 10010, 'status': False, 'messageEnglish': "You can't write in this chat (caused by SendMessageRequest)", 'message': '群组禁言', 'messageChinese': '群组禁言'}
{'phone': '60142963511', 'channel': -1001730566299, 'submit': 'send_message', 'path': '91MBoss-session/群发账号/', 'code': 10010, 'status': False, 'messageEnglish': "You can't write in this chat (caused by SendMessageRequest)", 'message': '群组禁言', 'messageChinese': '群组禁言'}
{'phone': '62895324567778', 'channel': -1001534868946, 'submit': 'send_message', 'path': '91MBoss-session/群发账号/', 'code': 10010, 'status': False, 'messageEnglish': "You can't write in this chat (caused by SendMessageRequest)", 'message': '群组禁言', 'messageChinese': '群组禁言'}
{'phone': '601112672704', 'channel': 'Bzzone', 'submit': 'send_message', 'path': '91MBoss-session/群发账号/', 'code': 10010, 'status': False, 'messageEnglish': "You can't write in this chat (caused by SendMessageRequest)", 'message': '群组禁言', 'messageChinese': '群组禁言'}
{'phone': '60142963511', 'channel': -1001798433754, 'submit': 'send_message', 'path': '91MBoss-session/群发账号/', 'code': 10010, 'status': False, 'messageEnglish': "You can't write in this chat (caused by SendMessageRequest)", 'message': '群组禁言', 'messageChinese': '群组禁言'}
{'phone': '601112672704', 'channel': 'ziyuanduijie1', 'submit': 'send_message', 'path': '91MBoss-session/群发账号/', 'code': 10010, 'status': False, 'messageEnglish': 'A wait of 2374 seconds is required before sending another message in this chat (caused by SendMessageRequest)', 'message': 'A wait of 2374 seconds is required before sending another message in this chat (caused by SendMessageRequest)'}
{'phone': '62895324567778', 'channel': 'tuiguangwuhei', 'submit': 'send_message', 'path': '91MBoss-session/群发账号/', 'code': 10010, 'status': False, 'messageEnglish': "You can't write in this chat (caused by SendMessageRequest)", 'message': '群组禁言', 'messageChinese': '群组禁言'}
{'phone': '601112672704', 'channel': 'baocai217', 'submit': 'send_message', 'path': '91MBoss-session/群发账号/', 'code': 10010, 'status': False, 'messageEnglish': "You can't write in this chat (caused by SendMessageRequest)", 'message': '群组禁言', 'messageChinese': '群组禁言'}
{'phone': '601112672704', 'channel': 'zhaopin8', 'submit': 'send_message', 'path': '91MBoss-session/群发账号/', 'code': 10010, 'status': False, 'messageEnglish': "You can't write in this chat (caused by SendMessageRequest)", 'message': '群组禁言', 'messageChinese': '群组禁言'}
{'phone': '60142963511', 'channel': -1001625074639, 'submit': 'send_message', 'path': '91MBoss-session/群发账号/', 'code': 10010, 'status': False, 'messageEnglish': "You can't write in this chat (caused by SendMessageRequest)", 'message': '群组禁言', 'messageChinese': '群组禁言'}
{'phone': '601112672704', 'channel': 'JZ1688888', 'submit': 'send_message', 'path': '91MBoss-session/群发账号/', 'code': 10010, 'status': False, 'messageEnglish': "You can't write in this chat (caused by SendMessageRequest)", 'message': '群组禁言', 'messageChinese': '群组禁言'}
{'phone': '62895324567778', 'channel': -1001571405100, 'submit': 'send_message', 'path': '91MBoss-session/群发账号/', 'code': 10010, 'status': False, 'messageEnglish': "You can't write in this chat (caused by SendMessageRequest)", 'message': '群组禁言', 'messageChinese': '群组禁言'}
{'phone': '601112672704', 'channel': 'BKEXChinese', 'submit': 'send_message', 'path': '91MBoss-session/群发账号/', 'code': 10010, 'status': False, 'messageEnglish': "You can't write in this chat (caused by SendMessageRequest)", 'message': '群组禁言', 'messageChinese': '群组禁言'}
{'phone': '62895324567778', 'channel': -1001706375421, 'submit': 'send_message', 'path': '91MBoss-session/群发账号/', 'code': 10010, 'status': False, 'messageEnglish': "You can't write in this chat (caused by SendMessageRequest)", 'message': '群组禁言', 'messageChinese': '群组禁言'}
{'phone': '60142963511', 'channel': -1001605952701, 'submit': 'send_message', 'path': '91MBoss-session/群发账号/', 'code': 10010, 'status': False, 'messageEnglish': "You can't write in this chat (caused by SendMessageRequest)", 'message': '群组禁言', 'messageChinese': '群组禁言'}
{'phone': '60142963511', 'channel': -1001717564953, 'submit': 'send_message', 'path': '91MBoss-session/群发账号/', 'code': 10010, 'status': False, 'messageEnglish': "You can't write in this chat (caused by SendMessageRequest)", 'message': '群组禁言', 'messageChinese': '群组禁言'}
{'phone': '62895324567778', 'channel': -1001635867819, 'submit': 'send_message', 'path': '91MBoss-session/群发账号/', 'code': 10010, 'status': False, 'messageEnglish': "You can't write in this chat (caused by SendMessageRequest)", 'message': '群组禁言', 'messageChinese': '群组禁言'}
{'phone': '601112672704', 'channel': 'zscd18', 'submit': 'send_message', 'path': '91MBoss-session/群发账号/', 'code': 10010, 'status': False, 'messageEnglish': "You can't write in this chat (caused by SendMessageRequest)", 'message': '群组禁言', 'messageChinese': '群组禁言'}
{'phone': '62895324567778', 'channel': 'TG231', 'submit': 'send_message', 'path': '91MBoss-session/群发账号/', 'code': 10010, 'status': False, 'messageEnglish': 'Chat admin privileges are required to do that in the specified chat (for example, to send a message in a channel which is not yours), or invalid permissions used for the channel or group (caused by SendMessageRequest)', 'message': '在指定的聊天中执行此操作需要聊天管理员权限（例如，在不属于您的频道中发送消息），或用于频道或组的权限无效', 'messageChinese': '在指定的聊天中执行此操作需要聊天管理员权限（例如，在不属于您的频道中发送消息），或用于频道或组的权限无效'}
{'phone': '62895324567778', 'channel': -1001221206459, 'submit': 'send_message', 'path': '91MBoss-session/群发账号/', 'code': 10010, 'status': False, 'messageEnglish': "You can't write in this chat (caused by SendMessageRequest)", 'message': '群组禁言', 'messageChinese': '群组禁言'}
{'phone': '601112672704', 'channel': 'pshqo', 'submit': 'send_message', 'path': '91MBoss-session/群发账号/', 'code': 10010, 'status': False, 'messageEnglish': "You can't write in this chat (caused by SendMessageRequest)", 'message': '群组禁言', 'messageChinese': '群组禁言'}
{'phone': '60142963511', 'channel': -1001392010037, 'submit': 'send_message', 'path': '91MBoss-session/群发账号/', 'code': 10010, 'status': False, 'messageEnglish': "You can't write in this chat (caused by SendMessageRequest)", 'message': '群组禁言', 'messageChinese': '群组禁言'}
{'phone': '62895324567778', 'channel': -1001706375421, 'submit': 'send_message', 'path': '91MBoss-session/群发账号/', 'code': 10010, 'status': False, 'messageEnglish': "You can't write in this chat (caused by SendMessageRequest)", 'message': '群组禁言', 'messageChinese': '群组禁言'}
{'phone': '60142963511', 'channel': -1001762919852, 'submit': 'send_message', 'path': '91MBoss-session/群发账号/', 'code': 10010, 'status': False, 'messageEnglish': "You can't write in this chat (caused by SendMessageRequest)", 'message': '群组禁言', 'messageChinese': '群组禁言'}
{'phone': '601112672704', 'channel': 'pingan66chadang', 'submit': 'send_message', 'path': '91MBoss-session/群发账号/', 'code': 10010, 'status': False, 'messageEnglish': "You can't write in this chat (caused by SendMessageRequest)", 'message': '群组禁言', 'messageChinese': '群组禁言'}
{'phone': '60142963511', 'channel': -1001612202795, 'submit': 'send_message', 'path': '91MBoss-session/群发账号/', 'code': 10010, 'status': False, 'messageEnglish': "You can't write in this chat (caused by SendMessageRequest)", 'message': '群组禁言', 'messageChinese': '群组禁言'}
{'phone': '62895324567778', 'channel': -1001587424465, 'submit': 'send_message', 'path': '91MBoss-session/群发账号/', 'code': 10010, 'status': False, 'messageEnglish': "You can't write in this chat (caused by SendMessageRequest)", 'message': '群组禁言', 'messageChinese': '群组禁言'}
{'phone': '601112672704', 'channel': 'TG296', 'submit': 'send_message', 'path': '91MBoss-session/群发账号/', 'code': 10010, 'status': False, 'messageEnglish': 'Chat admin privileges are required to do that in the specified chat (for example, to send a message in a channel which is not yours), or invalid permissions used for the channel or group (caused by SendMessageRequest)', 'message': '在指定的聊天中执行此操作需要聊天管理员权限（例如，在不属于您的频道中发送消息），或用于频道或组的权限无效', 'messageChinese': '在指定的聊天中执行此操作需要聊天管理员权限（例如，在不属于您的频道中发送消息），或用于频道或组的权限无效'}
{'phone': '62895324567778', 'channel': -1001618516341, 'submit': 'send_message', 'path': '91MBoss-session/群发账号/', 'code': 10010, 'status': False, 'messageEnglish': "You can't write in this chat (caused by SendMessageRequest)", 'message': '群组禁言', 'messageChinese': '群组禁言'}
{'phone': '62895324567778', 'channel': -1001437056348, 'submit': 'send_message', 'path': '91MBoss-session/群发账号/', 'code': 10010, 'status': False, 'messageEnglish': "You can't write in this chat (caused by SendMessageRequest)", 'message': '群组禁言', 'messageChinese': '群组禁言'}
{'phone': '601112672704', 'channel': 'A_K_3A', 'submit': 'send_message', 'path': '91MBoss-session/群发账号/', 'code': 10010, 'status': False, 'messageEnglish': "You can't write in this chat (caused by SendMessageRequest)", 'message': '群组禁言', 'messageChinese': '群组禁言'}
{'phone': '601112672704', 'channel': 'huione888', 'submit': 'send_message', 'path': '91MBoss-session/群发账号/', 'code': 10010, 'status': False, 'messageEnglish': "You can't write in this chat (caused by SendMessageRequest)", 'message': '群组禁言', 'messageChinese': '群组禁言'}
{'phone': '62895324567778', 'channel': -1001717710900, 'submit': 'send_message', 'path': '91MBoss-session/群发账号/', 'code': 10010, 'status': False, 'messageEnglish': "You can't write in this chat (caused by SendMessageRequest)", 'message': '群组禁言', 'messageChinese': '群组禁言'}
{'phone': '60142963511', 'channel': -1001625074639, 'submit': 'send_message', 'path': '91MBoss-session/群发账号/', 'code': 10010, 'status': False, 'messageEnglish': "You can't write in this chat (caused by SendMessageRequest)", 'message': '群组禁言', 'messageChinese': '群组禁言'}
{'phone': '60142963511', 'channel': -1001626269421, 'submit': 'send_message', 'path': '91MBoss-session/群发账号/', 'code': 10010, 'status': False, 'messageEnglish': "You can't write in this chat (caused by SendMessageRequest)", 'message': '群组禁言', 'messageChinese': '群组禁言'}
{'phone': '601112672704', 'channel': 'Ks10688881', 'submit': 'send_message', 'path': '91MBoss-session/群发账号/', 'code': 10010, 'status': False, 'messageEnglish': "You can't write in this chat (caused by SendMessageRequest)", 'message': '群组禁言', 'messageChinese': '群组禁言'}
{'phone': '62895324567778', 'channel': -1001640750058, 'submit': 'send_message', 'path': '91MBoss-session/群发账号/', 'code': 10010, 'status': False, 'messageEnglish': "You can't write in this chat (caused by SendMessageRequest)", 'message': '群组禁言', 'messageChinese': '群组禁言'}
{'phone': '60142963511', 'channel': -1001730566299, 'submit': 'send_message', 'path': '91MBoss-session/群发账号/', 'code': 10010, 'status': False, 'messageEnglish': "You can't write in this chat (caused by SendMessageRequest)", 'message': '群组禁言', 'messageChinese': '群组禁言'}
{'phone': '62895324567778', 'channel': -1001726874998, 'submit': 'send_message', 'path': '91MBoss-session/群发账号/', 'code': 10010, 'status': False, 'messageEnglish': "You can't write in this chat (caused by SendMessageRequest)", 'message': '群组禁言', 'messageChinese': '群组禁言'}
{'phone': '60142963511', 'channel': -1001752188521, 'submit': 'send_message', 'path': '91MBoss-session/群发账号/', 'code': 10010, 'status': False, 'messageEnglish': "You can't write in this chat (caused by SendMessageRequest)", 'message': '群组禁言', 'messageChinese': '群组禁言'}
{'phone': '60142963511', 'channel': -1001717564953, 'submit': 'send_message', 'path': '91MBoss-session/群发账号/', 'code': 10010, 'status': False, 'messageEnglish': "You can't write in this chat (caused by SendMessageRequest)", 'message': '群组禁言', 'messageChinese': '群组禁言'}
{'phone': '62895324567778', 'path': '91MBoss-session/群发账号/', 'code': '1000', 'status': False, 'messageEnglish': 'database is locked', 'message': 'database is locked'}
{'phone': '62895324567778', 'channel': 'miaomiao12356', 'submit': 'send_message', 'is_fake_content': '1', 'path': '91MBoss-session/群发账号/', 'code': 1008, 'status': False, 'messageEnglish': 'database is locked', 'message': 'database is locked'}
{'phone': '62895324567778', 'path': '91MBoss-session/群发账号/', 'code': '1000', 'status': False, 'messageEnglish': 'database is locked', 'message': 'database is locked'}
{'phone': '62895324567778', 'channel': 'xd836809', 'submit': 'send_message', 'is_fake_content': '1', 'path': '91MBoss-session/群发账号/', 'code': 1008, 'status': False, 'messageEnglish': 'database is locked', 'message': 'database is locked'}
{'phone': '601112672704', 'channel': 'kx360', 'submit': 'send_message', 'path': '91MBoss-session/群发账号/', 'code': 10010, 'status': False, 'messageEnglish': "You can't write in this chat (caused by SendMessageRequest)", 'message': '群组禁言', 'messageChinese': '群组禁言'}
{'phone': '60142963511', 'channel': -1001716794091, 'submit': 'send_message', 'path': '91MBoss-session/群发账号/', 'code': 10010, 'status': False, 'messageEnglish': "You can't write in this chat (caused by SendMessageRequest)", 'message': '群组禁言', 'messageChinese': '群组禁言'}
{'phone': '601112672704', 'channel': 'tianypay1234', 'submit': 'send_message', 'path': '91MBoss-session/群发账号/', 'code': 10010, 'status': False, 'messageEnglish': "You can't write in this chat (caused by SendMessageRequest)", 'message': '群组禁言', 'messageChinese': '群组禁言'}
{'phone': '62895324567778', 'path': '91MBoss-session/群发账号/', 'code': '1000', 'status': False, 'messageEnglish': 'database is locked', 'message': 'database is locked'}
{'phone': '62895324567778', 'channel': -1001729790672, 'submit': 'send_message', 'is_fake_content': '1', 'path': '91MBoss-session/群发账号/', 'code': 1008, 'status': False, 'messageEnglish': 'database is locked', 'message': 'database is locked'}
{'phone': '60142963511', 'channel': -1001712803716, 'submit': 'send_message', 'path': '91MBoss-session/群发账号/', 'code': 10010, 'status': False, 'messageEnglish': "You can't write in this chat (caused by SendMessageRequest)", 'message': '群组禁言', 'messageChinese': '群组禁言'}
{'phone': '60142963511', 'channel': -1001669944879, 'submit': 'send_message', 'path': '91MBoss-session/群发账号/', 'code': 10010, 'status': False, 'messageEnglish': "You can't write in this chat (caused by SendMessageRequest)", 'message': '群组禁言', 'messageChinese': '群组禁言'}
{'phone': '62895324567778', 'path': '91MBoss-session/群发账号/', 'code': '1000', 'status': False, 'messageEnglish': 'database is locked', 'message': 'database is locked'}
{'phone': '62895324567778', 'channel': -1001392282274, 'submit': 'send_message', 'is_fake_content': '1', 'path': '91MBoss-session/群发账号/', 'code': 1008, 'status': False, 'messageEnglish': 'database is locked', 'message': 'database is locked'}
{'phone': '601112672704', 'channel': 'HLS0002', 'submit': 'send_message', 'path': '91MBoss-session/群发账号/', 'code': 10010, 'status': False, 'messageEnglish': "You can't write in this chat (caused by SendMessageRequest)", 'message': '群组禁言', 'messageChinese': '群组禁言'}
{'phone': '60142963511', 'channel': -1001502353314, 'submit': 'send_message', 'path': '91MBoss-session/群发账号/', 'code': 10010, 'status': False, 'messageEnglish': "You can't write in this chat (caused by SendMessageRequest)", 'message': '群组禁言', 'messageChinese': '群组禁言'}
{'phone': '62895324567778', 'path': '91MBoss-session/群发账号/', 'code': '1000', 'status': False, 'messageEnglish': 'database is locked', 'message': 'database is locked'}
{'phone': '62895324567778', 'channel': -1001774825121, 'submit': 'send_message', 'is_fake_content': '1', 'path': '91MBoss-session/群发账号/', 'code': 1008, 'status': False, 'messageEnglish': 'database is locked', 'message': 'database is locked'}
{'phone': '62895324567778', 'path': '91MBoss-session/群发账号/', 'code': '1000', 'status': False, 'messageEnglish': 'database is locked', 'message': 'database is locked'}
{'phone': '62895324567778', 'channel': 'tuiguangwuhei', 'submit': 'send_message', 'is_fake_content': '1', 'path': '91MBoss-session/群发账号/', 'code': 1008, 'status': False, 'messageEnglish': 'database is locked', 'message': 'database is locked'}
{'phone': '60142963511', 'channel': -1001392282274, 'submit': 'send_message', 'path': '91MBoss-session/群发账号/', 'code': 10010, 'status': False, 'messageEnglish': "You can't write in this chat (caused by SendMessageRequest)", 'message': '群组禁言', 'messageChinese': '群组禁言'}
{'phone': '601112672704', 'channel': 'HLS0002', 'submit': 'send_message', 'path': '91MBoss-session/群发账号/', 'code': 10010, 'status': False, 'messageEnglish': "You can't write in this chat (caused by SendMessageRequest)", 'message': '群组禁言', 'messageChinese': '群组禁言'}
{'phone': '62895324567778', 'path': '91MBoss-session/群发账号/', 'code': '1000', 'status': False, 'messageEnglish': 'database is locked', 'message': 'database is locked'}
{'phone': '62895324567778', 'channel': -1001534868946, 'submit': 'send_message', 'is_fake_content': '1', 'path': '91MBoss-session/群发账号/', 'code': 1008, 'status': False, 'messageEnglish': 'database is locked', 'message': 'database is locked'}
{'phone': '601112672704', 'channel': 'pingan66chadang', 'submit': 'send_message', 'path': '91MBoss-session/群发账号/', 'code': 10010, 'status': False, 'messageEnglish': "You can't write in this chat (caused by SendMessageRequest)", 'message': '群组禁言', 'messageChinese': '群组禁言'}
{'phone': '62895324567778', 'path': '91MBoss-session/群发账号/', 'code': '1000', 'status': False, 'messageEnglish': 'database is locked', 'message': 'database is locked'}
{'phone': '62895324567778', 'channel': 'Hpy111', 'submit': 'send_message', 'is_fake_content': '1', 'path': '91MBoss-session/群发账号/', 'code': 1008, 'status': False, 'messageEnglish': 'database is locked', 'message': 'database is locked'}
{'phone': '62895324567778', 'path': '91MBoss-session/群发账号/', 'code': '1000', 'status': False, 'messageEnglish': 'database is locked', 'message': 'database is locked'}
{'phone': '62895324567778', 'channel': -1001571405100, 'submit': 'send_message', 'is_fake_content': '1', 'path': '91MBoss-session/群发账号/', 'code': 1008, 'status': False, 'messageEnglish': 'database is locked', 'message': 'database is locked'}
{'phone': '601112672704', 'channel': 'JZ1688888', 'submit': 'send_message', 'path': '91MBoss-session/群发账号/', 'code': 10010, 'status': False, 'messageEnglish': "You can't write in this chat (caused by SendMessageRequest)", 'message': '群组禁言', 'messageChinese': '群组禁言'}
{'phone': '60142963511', 'channel': -1001784732247, 'submit': 'send_message', 'path': '91MBoss-session/群发账号/', 'code': 10010, 'status': False, 'messageEnglish': "You can't write in this chat (caused by SendMessageRequest)", 'message': '群组禁言', 'messageChinese': '群组禁言'}
{'phone': '62895324567778', 'channel': -1001786312758, 'submit': 'send_message', 'path': '91MBoss-session/群发账号/', 'code': 10010, 'status': False, 'messageEnglish': "You can't write in this chat (caused by SendMessageRequest)", 'message': '群组禁言', 'messageChinese': '群组禁言'}
{'phone': '60142963511', 'channel': -1001738829594, 'submit': 'send_message', 'path': '91MBoss-session/群发账号/', 'code': 10010, 'status': False, 'messageEnglish': "You can't write in this chat (caused by SendMessageRequest)", 'message': '群组禁言', 'messageChinese': '群组禁言'}
{'phone': '60142963511', 'channel': -1001646738421, 'submit': 'send_message', 'path': '91MBoss-session/群发账号/', 'code': 10010, 'status': False, 'messageEnglish': "You can't write in this chat (caused by SendMessageRequest)", 'message': '群组禁言', 'messageChinese': '群组禁言'}
{'phone': '62895324567778', 'channel': -1001663832462, 'submit': 'send_message', 'path': '91MBoss-session/群发账号/', 'code': 10010, 'status': False, 'messageEnglish': "You can't write in this chat (caused by SendMessageRequest)", 'message': '群组禁言', 'messageChinese': '群组禁言'}
{'phone': '601112672704', 'channel': 'pshqo', 'submit': 'send_message', 'path': '91MBoss-session/群发账号/', 'code': 10010, 'status': False, 'messageEnglish': "You can't write in this chat (caused by SendMessageRequest)", 'message': '群组禁言', 'messageChinese': '群组禁言'}
{'phone': '62895324567778', 'channel': -1001625074639, 'submit': 'send_message', 'path': '91MBoss-session/群发账号/', 'code': 10010, 'status': False, 'messageEnglish': "You can't write in this chat (caused by SendMessageRequest)", 'message': '群组禁言', 'messageChinese': '群组禁言'}
{'phone': '60142963511', 'channel': -1001578388156, 'submit': 'send_message', 'path': '91MBoss-session/群发账号/', 'code': 10010, 'status': False, 'messageEnglish': "You can't write in this chat (caused by SendMessageRequest)", 'message': '群组禁言', 'messageChinese': '群组禁言'}
{'phone': '601112672704', 'channel': 'AG686', 'submit': 'send_message', 'path': '91MBoss-session/群发账号/', 'code': 10010, 'status': False, 'messageEnglish': 'A wait of 1543 seconds is required before sending another message in this chat (caused by SendMessageRequest)', 'message': 'A wait of 1543 seconds is required before sending another message in this chat (caused by SendMessageRequest)'}
{'phone': '60142963511', 'channel': -1001595462770, 'submit': 'send_message', 'path': '91MBoss-session/群发账号/', 'code': 10010, 'status': False, 'messageEnglish': "You can't write in this chat (caused by SendMessageRequest)", 'message': '群组禁言', 'messageChinese': '群组禁言'}
{'phone': '601112672704', 'channel': 'kx360', 'submit': 'send_message', 'path': '91MBoss-session/群发账号/', 'code': 10010, 'status': False, 'messageEnglish': "You can't write in this chat (caused by SendMessageRequest)", 'message': '群组禁言', 'messageChinese': '群组禁言'}
{'phone': '60142963511', 'channel': -1001617653277, 'submit': 'send_message', 'path': '91MBoss-session/群发账号/', 'code': 10010, 'status': False, 'messageEnglish': "You can't write in this chat (caused by SendMessageRequest)", 'message': '群组禁言', 'messageChinese': '群组禁言'}
{'phone': '60142963511', 'channel': -1001571405100, 'submit': 'send_message', 'path': '91MBoss-session/群发账号/', 'code': 10010, 'status': False, 'messageEnglish': "You can't write in this chat (caused by SendMessageRequest)", 'message': '群组禁言', 'messageChinese': '群组禁言'}
{'phone': '60142963511', 'channel': 'shuju59', 'submit': 'send_message', 'path': '91MBoss-session/群发账号/', 'code': 10010, 'status': False, 'messageEnglish': "You can't write in this chat (caused by SendMessageRequest)", 'message': '群组禁言', 'messageChinese': '群组禁言'}
{'phone': '601112672704', 'channel': 'huione888', 'submit': 'send_message', 'path': '91MBoss-session/群发账号/', 'code': 10010, 'status': False, 'messageEnglish': "You can't write in this chat (caused by SendMessageRequest)", 'message': '群组禁言', 'messageChinese': '群组禁言'}
{'phone': '62895324567778', 'channel': -1001611419135, 'submit': 'send_message', 'path': '91MBoss-session/群发账号/', 'code': 10010, 'status': False, 'messageEnglish': "You can't write in this chat (caused by SendMessageRequest)", 'message': '群组禁言', 'messageChinese': '群组禁言'}
{'phone': '60142963511', 'channel': -1001735997164, 'submit': 'send_message', 'path': '91MBoss-session/群发账号/', 'code': 10010, 'status': False, 'messageEnglish': "You can't write in this chat (caused by SendMessageRequest)", 'message': '群组禁言', 'messageChinese': '群组禁言'}
{'phone': '60142963511', 'channel': -1001658694175, 'submit': 'send_message', 'path': '91MBoss-session/群发账号/', 'code': 10010, 'status': False, 'messageEnglish': "You can't write in this chat (caused by SendMessageRequest)", 'message': '群组禁言', 'messageChinese': '群组禁言'}
{'phone': '62895324567778', 'channel': -1001646738421, 'submit': 'send_message', 'path': '91MBoss-session/群发账号/', 'code': 10010, 'status': False, 'messageEnglish': "You can't write in this chat (caused by SendMessageRequest)", 'message': '群组禁言', 'messageChinese': '群组禁言'}
{'phone': '60142963511', 'channel': -1001642174295, 'submit': 'send_message', 'path': '91MBoss-session/群发账号/', 'code': 10010, 'status': False, 'messageEnglish': "You can't write in this chat (caused by SendMessageRequest)", 'message': '群组禁言', 'messageChinese': '群组禁言'}
{'phone': '62895324567778', 'channel': -1001667045797, 'submit': 'send_message', 'path': '91MBoss-session/群发账号/', 'code': 10010, 'status': False, 'messageEnglish': "You can't write in this chat (caused by SendMessageRequest)", 'message': '群组禁言', 'messageChinese': '群组禁言'}
{'phone': '60142963511', 'channel': -1001624026921, 'submit': 'send_message', 'path': '91MBoss-session/群发账号/', 'code': 10010, 'status': False, 'messageEnglish': "You can't write in this chat (caused by SendMessageRequest)", 'message': '群组禁言', 'messageChinese': '群组禁言'}
{'phone': '601112672704', 'channel': 'Ks10688881', 'submit': 'send_message', 'path': '91MBoss-session/群发账号/', 'code': 10010, 'status': False, 'messageEnglish': "You can't write in this chat (caused by SendMessageRequest)", 'message': '群组禁言', 'messageChinese': '群组禁言'}
{'phone': '601112672704', 'channel': 'TG296', 'submit': 'send_message', 'path': '91MBoss-session/群发账号/', 'code': 10010, 'status': False, 'messageEnglish': 'Chat admin privileges are required to do that in the specified chat (for example, to send a message in a channel which is not yours), or invalid permissions used for the channel or group (caused by SendMessageRequest)', 'message': '在指定的聊天中执行此操作需要聊天管理员权限（例如，在不属于您的频道中发送消息），或用于频道或组的权限无效', 'messageChinese': '在指定的聊天中执行此操作需要聊天管理员权限（例如，在不属于您的频道中发送消息），或用于频道或组的权限无效'}
{'phone': '62895324567778', 'channel': -1001605952701, 'submit': 'send_message', 'path': '91MBoss-session/群发账号/', 'code': 10010, 'status': False, 'messageEnglish': "You can't write in this chat (caused by SendMessageRequest)", 'message': '群组禁言', 'messageChinese': '群组禁言'}
{'phone': '60142963511', 'channel': -1001502485100, 'submit': 'send_message', 'path': '91MBoss-session/群发账号/', 'code': 10010, 'status': False, 'messageEnglish': "You can't write in this chat (caused by SendMessageRequest)", 'message': '群组禁言', 'messageChinese': '群组禁言'}
{'phone': '601112672704', 'channel': 'A_K_3A', 'submit': 'send_message', 'path': '91MBoss-session/群发账号/', 'code': 10010, 'status': False, 'messageEnglish': "You can't write in this chat (caused by SendMessageRequest)", 'message': '群组禁言', 'messageChinese': '群组禁言'}
{'phone': '60142963511', 'channel': 'DAGEZHENSHUI', 'submit': 'send_message', 'path': '91MBoss-session/群发账号/', 'code': 10010, 'status': False, 'messageEnglish': "You can't write in this chat (caused by SendMessageRequest)", 'message': '群组禁言', 'messageChinese': '群组禁言'}
{'phone': '62895324567778', 'channel': -1001707835102, 'submit': 'send_message', 'path': '91MBoss-session/群发账号/', 'code': 10010, 'status': False, 'messageEnglish': "You can't write in this chat (caused by SendMessageRequest)", 'message': '群组禁言', 'messageChinese': '群组禁言'}
{'phone': '917602129536', 'channel': 'gdsjq', 'submit': 'send_message', 'path': '91MBoss-session/群发账号/', 'code': 10010, 'status': False, 'messageEnglish': "You're banned from sending messages in supergroups/channels (caused by SendMessageRequest)", 'message': '用户已被官方禁止公开发言', 'messageChinese': '用户已被官方禁止公开发言'}
{'phone': '601112672704', 'channel': 'zhaopin8', 'submit': 'send_message', 'path': '91MBoss-session/群发账号/', 'code': 10010, 'status': False, 'messageEnglish': "You can't write in this chat (caused by SendMessageRequest)", 'message': '群组禁言', 'messageChinese': '群组禁言'}
{'phone': '60142963511', 'channel': 'youwin988', 'submit': 'send_message', 'path': '91MBoss-session/群发账号/', 'code': 10010, 'status': False, 'messageEnglish': "You can't write in this chat (caused by SendMessageRequest)", 'message': '群组禁言', 'messageChinese': '群组禁言'}
{'phone': '60142963511', 'channel': -1001320121254, 'submit': 'send_message', 'path': '91MBoss-session/群发账号/', 'code': 10010, 'status': False, 'messageEnglish': "You can't write in this chat (caused by SendMessageRequest)", 'message': '群组禁言', 'messageChinese': '群组禁言'}
{'phone': '62895324567778', 'channel': -1001536485012, 'submit': 'send_message', 'path': '91MBoss-session/群发账号/', 'code': 10010, 'status': False, 'messageEnglish': "You can't write in this chat (caused by SendMessageRequest)", 'message': '群组禁言', 'messageChinese': '群组禁言'}
{'phone': '60142963511', 'channel': 'A_K_10A', 'submit': 'send_message', 'path': '91MBoss-session/群发账号/', 'code': 10010, 'status': False, 'messageEnglish': "You can't write in this chat (caused by SendMessageRequest)", 'message': '群组禁言', 'messageChinese': '群组禁言'}
{'phone': '601112672704', 'channel': 'BKEXChinese', 'submit': 'send_message', 'path': '91MBoss-session/群发账号/', 'code': 10010, 'status': False, 'messageEnglish': "You can't write in this chat (caused by SendMessageRequest)", 'message': '群组禁言', 'messageChinese': '群组禁言'}
{'phone': '60142963511', 'channel': -1001635867819, 'submit': 'send_message', 'path': '91MBoss-session/群发账号/', 'code': 10010, 'status': False, 'messageEnglish': "You can't write in this chat (caused by SendMessageRequest)", 'message': '群组禁言', 'messageChinese': '群组禁言'}
{'phone': '60142963511', 'channel': -1001605952701, 'submit': 'send_message', 'path': '91MBoss-session/群发账号/', 'code': 10010, 'status': False, 'messageEnglish': "You can't write in this chat (caused by SendMessageRequest)", 'message': '群组禁言', 'messageChinese': '群组禁言'}
{'phone': '601112672704', 'channel': 'baocai217', 'submit': 'send_message', 'path': '91MBoss-session/群发账号/', 'code': 10010, 'status': False, 'messageEnglish': "You can't write in this chat (caused by SendMessageRequest)", 'message': '群组禁言', 'messageChinese': '群组禁言'}
{'phone': '62895324567778', 'channel': -1001729790672, 'submit': 'send_message', 'path': '91MBoss-session/群发账号/', 'code': 10010, 'status': False, 'messageEnglish': "You can't write in this chat (caused by SendMessageRequest)", 'message': '群组禁言', 'messageChinese': '群组禁言'}
{'phone': '62895324567778', 'channel': -1001534868946, 'submit': 'send_message', 'path': '91MBoss-session/群发账号/', 'code': 10010, 'status': False, 'messageEnglish': "You can't write in this chat (caused by SendMessageRequest)", 'message': '群组禁言', 'messageChinese': '群组禁言'}
{'phone': '601112672704', 'channel': 'Bzzone', 'submit': 'send_message', 'path': '91MBoss-session/群发账号/', 'code': 10010, 'status': False, 'messageEnglish': "You can't write in this chat (caused by SendMessageRequest)", 'message': '群组禁言', 'messageChinese': '群组禁言'}
{'phone': '601112672704', 'channel': 'tgzhcn', 'submit': 'send_message', 'path': '91MBoss-session/群发账号/', 'code': 10010, 'status': False, 'messageEnglish': "You can't write in this chat (caused by SendMessageRequest)", 'message': '群组禁言', 'messageChinese': '群组禁言'}
{'phone': '60142963511', 'channel': -1001798433754, 'submit': 'send_message', 'path': '91MBoss-session/群发账号/', 'code': 10010, 'status': False, 'messageEnglish': "You can't write in this chat (caused by SendMessageRequest)", 'message': '群组禁言', 'messageChinese': '群组禁言'}
{'phone': '62895324567778', 'channel': 'TG231', 'submit': 'send_message', 'path': '91MBoss-session/群发账号/', 'code': 10010, 'status': False, 'messageEnglish': 'Chat admin privileges are required to do that in the specified chat (for example, to send a message in a channel which is not yours), or invalid permissions used for the channel or group (caused by SendMessageRequest)', 'message': '在指定的聊天中执行此操作需要聊天管理员权限（例如，在不属于您的频道中发送消息），或用于频道或组的权限无效', 'messageChinese': '在指定的聊天中执行此操作需要聊天管理员权限（例如，在不属于您的频道中发送消息），或用于频道或组的权限无效'}
{'phone': '62895324567778', 'channel': -1001392282274, 'submit': 'send_message', 'path': '91MBoss-session/群发账号/', 'code': 10010, 'status': False, 'messageEnglish': "You can't write in this chat (caused by SendMessageRequest)", 'message': '群组禁言', 'messageChinese': '群组禁言'}
{'phone': '601112672704', 'channel': 'zscd18', 'submit': 'send_message', 'path': '91MBoss-session/群发账号/', 'code': 10010, 'status': False, 'messageEnglish': "You can't write in this chat (caused by SendMessageRequest)", 'message': '群组禁言', 'messageChinese': '群组禁言'}
{'phone': '601112672704', 'channel': 'tianypay1234', 'submit': 'send_message', 'path': '91MBoss-session/群发账号/', 'code': 10010, 'status': False, 'messageEnglish': "You can't write in this chat (caused by SendMessageRequest)", 'message': '群组禁言', 'messageChinese': '群组禁言'}
{'phone': '62895324567778', 'channel': -1001774825121, 'submit': 'send_message', 'path': '91MBoss-session/群发账号/', 'code': 10010, 'status': False, 'messageEnglish': "You can't write in this chat (caused by SendMessageRequest)", 'message': '群组禁言', 'messageChinese': '群组禁言'}
{'phone': '62895324567778', 'channel': -1001571405100, 'submit': 'send_message', 'path': '91MBoss-session/群发账号/', 'code': 10010, 'status': False, 'messageEnglish': "You can't write in this chat (caused by SendMessageRequest)", 'message': '群组禁言', 'messageChinese': '群组禁言'}
{'phone': '60142963511', 'channel': -1001716794091, 'submit': 'send_message', 'path': '91MBoss-session/群发账号/', 'code': 10010, 'status': False, 'messageEnglish': "You can't write in this chat (caused by SendMessageRequest)", 'message': '群组禁言', 'messageChinese': '群组禁言'}
{'phone': '60142963511', 'channel': -1001502353314, 'submit': 'send_message', 'path': '91MBoss-session/群发账号/', 'code': 10010, 'status': False, 'messageEnglish': "You can't write in this chat (caused by SendMessageRequest)", 'message': '群组禁言', 'messageChinese': '群组禁言'}
{'phone': '62895324567778', 'channel': -1001640750058, 'submit': 'send_message', 'path': '91MBoss-session/群发账号/', 'code': 10010, 'status': False, 'messageEnglish': "You can't write in this chat (caused by SendMessageRequest)", 'message': '群组禁言', 'messageChinese': '群组禁言'}
{'phone': '601112672704', 'channel': 'JZ1688888', 'submit': 'send_message', 'path': '91MBoss-session/群发账号/', 'code': 10010, 'status': False, 'messageEnglish': "You can't write in this chat (caused by SendMessageRequest)", 'message': '群组禁言', 'messageChinese': '群组禁言'}
{'phone': '62895324567778', 'channel': -1001706375421, 'submit': 'send_message', 'path': '91MBoss-session/群发账号/', 'code': 10010, 'status': False, 'messageEnglish': "You can't write in this chat (caused by SendMessageRequest)", 'message': '群组禁言', 'messageChinese': '群组禁言'}
{'phone': '60142963511', 'channel': -1001669944879, 'submit': 'send_message', 'path': '91MBoss-session/群发账号/', 'code': 10010, 'status': False, 'messageEnglish': "You can't write in this chat (caused by SendMessageRequest)", 'message': '群组禁言', 'messageChinese': '群组禁言'}
{'phone': '60142963511', 'channel': -1001762919852, 'submit': 'send_message', 'path': '91MBoss-session/群发账号/', 'code': 10010, 'status': False, 'messageEnglish': "You can't write in this chat (caused by SendMessageRequest)", 'message': '群组禁言', 'messageChinese': '群组禁言'}
{'phone': '62895324567778', 'channel': -1001726874998, 'submit': 'send_message', 'path': '91MBoss-session/群发账号/', 'code': 10010, 'status': False, 'messageEnglish': "You can't write in this chat (caused by SendMessageRequest)", 'message': '群组禁言', 'messageChinese': '群组禁言'}
{'phone': '601112672704', 'channel': 'HLS0002', 'submit': 'send_message', 'path': '91MBoss-session/群发账号/', 'code': 10010, 'status': False, 'messageEnglish': "You can't write in this chat (caused by SendMessageRequest)", 'message': '群组禁言', 'messageChinese': '群组禁言'}
{'phone': '60142963511', 'channel': -1001625074639, 'submit': 'send_message', 'path': '91MBoss-session/群发账号/', 'code': 10010, 'status': False, 'messageEnglish': "You can't write in this chat (caused by SendMessageRequest)", 'message': '群组禁言', 'messageChinese': '群组禁言'}
{'phone': '62895324567778', 'channel': 'tuiguangwuhei', 'submit': 'send_message', 'path': '91MBoss-session/群发账号/', 'code': 10010, 'status': False, 'messageEnglish': "You can't write in this chat (caused by SendMessageRequest)", 'message': '群组禁言', 'messageChinese': '群组禁言'}
{'phone': '60142963511', 'channel': -1001730566299, 'submit': 'send_message', 'path': '91MBoss-session/群发账号/', 'code': 10010, 'status': False, 'messageEnglish': "You can't write in this chat (caused by SendMessageRequest)", 'message': '群组禁言', 'messageChinese': '群组禁言'}
{'phone': '60142963511', 'channel': -1001392010037, 'submit': 'send_message', 'path': '91MBoss-session/群发账号/', 'code': 10010, 'status': False, 'messageEnglish': "You can't write in this chat (caused by SendMessageRequest)", 'message': '群组禁言', 'messageChinese': '群组禁言'}
{'phone': '62895324567778', 'channel': -1001635867819, 'submit': 'send_message', 'path': '91MBoss-session/群发账号/', 'code': 10010, 'status': False, 'messageEnglish': "You can't write in this chat (caused by SendMessageRequest)", 'message': '群组禁言', 'messageChinese': '群组禁言'}
{'phone': '60142963511', 'channel': -1001392282274, 'submit': 'send_message', 'path': '91MBoss-session/群发账号/', 'code': 10010, 'status': False, 'messageEnglish': "You can't write in this chat (caused by SendMessageRequest)", 'message': '群组禁言', 'messageChinese': '群组禁言'}
{'phone': '62895324567778', 'channel': -1001437056348, 'submit': 'send_message', 'path': '91MBoss-session/群发账号/', 'code': 10010, 'status': False, 'messageEnglish': "You can't write in this chat (caused by SendMessageRequest)", 'message': '群组禁言', 'messageChinese': '群组禁言'}
{'phone': '60142963511', 'channel': -1001712803716, 'submit': 'send_message', 'path': '91MBoss-session/群发账号/', 'code': 10010, 'status': False, 'messageEnglish': "You can't write in this chat (caused by SendMessageRequest)", 'message': '群组禁言', 'messageChinese': '群组禁言'}
{'phone': '60142963511', 'channel': -1001784732247, 'submit': 'send_message', 'path': '91MBoss-session/群发账号/', 'code': 10010, 'status': False, 'messageEnglish': "You can't write in this chat (caused by SendMessageRequest)", 'message': '群组禁言', 'messageChinese': '群组禁言'}
{'phone': '62895324567778', 'channel': -1001587424465, 'submit': 'send_message', 'path': '91MBoss-session/群发账号/', 'code': 10010, 'status': False, 'messageEnglish': "You can't write in this chat (caused by SendMessageRequest)", 'message': '群组禁言', 'messageChinese': '群组禁言'}
{'phone': '601112672704', 'channel': 'pingan66chadang', 'submit': 'send_message', 'path': '91MBoss-session/群发账号/', 'code': 10010, 'status': False, 'messageEnglish': "You can't write in this chat (caused by SendMessageRequest)", 'message': '群组禁言', 'messageChinese': '群组禁言'}
{'phone': '62895324567778', 'channel': -1001717710900, 'submit': 'send_message', 'path': '91MBoss-session/群发账号/', 'code': 10010, 'status': False, 'messageEnglish': "You can't write in this chat (caused by SendMessageRequest)", 'message': '群组禁言', 'messageChinese': '群组禁言'}
{'phone': '62895324567778', 'channel': -1001221206459, 'submit': 'send_message', 'path': '91MBoss-session/群发账号/', 'code': 10010, 'status': False, 'messageEnglish': "You can't write in this chat (caused by SendMessageRequest)", 'message': '群组禁言', 'messageChinese': '群组禁言'}
{'phone': '60142963511', 'channel': -1001626269421, 'submit': 'send_message', 'path': '91MBoss-session/群发账号/', 'code': 10010, 'status': False, 'messageEnglish': "You can't write in this chat (caused by SendMessageRequest)", 'message': '群组禁言', 'messageChinese': '群组禁言'}
{'phone': '60142963511', 'channel': -1001752188521, 'submit': 'send_message', 'path': '91MBoss-session/群发账号/', 'code': 10010, 'status': False, 'messageEnglish': "You can't write in this chat (caused by SendMessageRequest)", 'message': '群组禁言', 'messageChinese': '群组禁言'}
{'phone': '601112672704', 'channel': 'AG686', 'submit': 'send_message', 'path': '91MBoss-session/群发账号/', 'code': 10010, 'status': False, 'messageEnglish': 'A wait of 489 seconds is required before sending another message in this chat (caused by SendMessageRequest)', 'message': 'A wait of 489 seconds is required before sending another message in this chat (caused by SendMessageRequest)'}
{'phone': '60142963511', 'channel': -1001717564953, 'submit': 'send_message', 'path': '91MBoss-session/群发账号/', 'code': 10010, 'status': False, 'messageEnglish': "You can't write in this chat (caused by SendMessageRequest)", 'message': '群组禁言', 'messageChinese': '群组禁言'}
{'phone': '62895324567778', 'channel': -1001618516341, 'submit': 'send_message', 'path': '91MBoss-session/群发账号/', 'code': 10010, 'status': False, 'messageEnglish': "You can't write in this chat (caused by SendMessageRequest)", 'message': '群组禁言', 'messageChinese': '群组禁言'}
{'phone': '60142963511', 'channel': -1001612202795, 'submit': 'send_message', 'path': '91MBoss-session/群发账号/', 'code': 10010, 'status': False, 'messageEnglish': "You can't write in this chat (caused by SendMessageRequest)", 'message': '群组禁言', 'messageChinese': '群组禁言'}
{'phone': '601112672704', 'channel': 'ziyuanduijie1', 'submit': 'send_message', 'path': '91MBoss-session/群发账号/', 'code': 10010, 'status': False, 'messageEnglish': 'A wait of 218 seconds is required before sending another message in this chat (caused by SendMessageRequest)', 'message': 'A wait of 218 seconds is required before sending another message in this chat (caused by SendMessageRequest)'}
{'phone': '62895324567778', 'channel': 'wwwpuu', 'submit': 'send_message', 'path': '91MBoss-session/群发账号/', 'code': 10010, 'status': False, 'messageEnglish': 'A wait of 547 seconds is required (caused by SendMessageRequest)', 'message': 'A wait of 547 seconds is required (caused by SendMessageRequest)'}
{'phone': '62895324567778', 'channel': 'zgfCYJT', 'submit': 'send_message', 'path': '91MBoss-session/群发账号/', 'code': 10010, 'status': False, 'messageEnglish': 'A wait of 317 seconds is required (caused by SendMessageRequest)', 'message': 'A wait of 317 seconds is required (caused by SendMessageRequest)'}
{'phone': '62895324567778', 'channel': 'xd836809', 'submit': 'send_message', 'path': '91MBoss-session/群发账号/', 'code': 10010, 'status': False, 'messageEnglish': 'A wait of 256 seconds is required (caused by SendMessageRequest)', 'message': 'A wait of 256 seconds is required (caused by SendMessageRequest)'}
{'phone': '601112672704', 'channel': 'buyusdtx', 'submit': 'send_message', 'path': '91MBoss-session/群发账号/', 'code': 10010, 'status': False, 'messageEnglish': 'A wait of 1927 seconds is required before sending another message in this chat (caused by SendMessageRequest)', 'message': 'A wait of 1927 seconds is required before sending another message in this chat (caused by SendMessageRequest)'}