

=============================================

【 2022-05-27 01:40:20 】
api_id → 15117592
api_hash → 25d33fa4cdf65b28412a5ebc7479b8fb
phone → 12895591095
api_code → api-1
api_respose → aHR0cHM6Ly9hcGkuZHp0YXBpLmNvbS9nZXQvc21zP3Rva2VuPTE4ZGI0ODYzOTg4MjEwY2JmNjdjYjVjM2RhYmZhNWI4
message → string indices must be integers
status → False
submit_code → 

=============================================

【 2022-05-27 06:05:51 】
api_id → 10747127
api_hash → ec1120e73205c59c0b2fd140a5456a2b
phone →  12895631992
api_code → api-1
phone_code_hash → 14ccbbb087c3aed79f
api_respose → aHR0cHM6Ly9hcGkuZHp0YXBpLmNvbS9nZXQvc21zP3Rva2VuPWE2NzJkNzFhOTlmYmVjMjFkZWZlNWRkMWNmNmY0NDA2
message → string indices must be integers
status → False
submit_code → 

=============================================

【 2022-05-27 06:05:55 】
api_id → 10747127
api_hash → ec1120e73205c59c0b2fd140a5456a2b
phone →  12895631992
api_code → api-1
phone_code_hash → 14ccbbb087c3aed79f
api_respose → aHR0cHM6Ly9hcGkuZHp0YXBpLmNvbS9nZXQvc21zP3Rva2VuPWE2NzJkNzFhOTlmYmVjMjFkZWZlNWRkMWNmNmY0NDA2
message → string indices must be integers
status → False
submit_code → 

=============================================

【 2022-05-27 06:05:58 】
api_id → 10747127
api_hash → ec1120e73205c59c0b2fd140a5456a2b
phone →  12895631992
api_code → api-1
phone_code_hash → 14ccbbb087c3aed79f
api_respose → aHR0cHM6Ly9hcGkuZHp0YXBpLmNvbS9nZXQvc21zP3Rva2VuPWE2NzJkNzFhOTlmYmVjMjFkZWZlNWRkMWNmNmY0NDA2
message → string indices must be integers
status → False
submit_code → 

=============================================

【 2022-05-27 06:06:01 】
api_id → 10747127
api_hash → ec1120e73205c59c0b2fd140a5456a2b
phone →  12895631992
api_code → api-1
phone_code_hash → 14ccbbb087c3aed79f
api_respose → aHR0cHM6Ly9hcGkuZHp0YXBpLmNvbS9nZXQvc21zP3Rva2VuPWE2NzJkNzFhOTlmYmVjMjFkZWZlNWRkMWNmNmY0NDA2
message → string indices must be integers
status → False
submit_code → 

=============================================

【 2022-05-27 06:06:05 】
api_id → 10747127
api_hash → ec1120e73205c59c0b2fd140a5456a2b
phone →  12895631992
api_code → api-1
phone_code_hash → 14ccbbb087c3aed79f
api_respose → aHR0cHM6Ly9hcGkuZHp0YXBpLmNvbS9nZXQvc21zP3Rva2VuPWE2NzJkNzFhOTlmYmVjMjFkZWZlNWRkMWNmNmY0NDA2
message → string indices must be integers
status → False
submit_code → 

=============================================

【 2022-05-27 06:06:08 】
api_id → 10747127
api_hash → ec1120e73205c59c0b2fd140a5456a2b
phone →  12895631992
api_code → api-1
phone_code_hash → 14ccbbb087c3aed79f
api_respose → aHR0cHM6Ly9hcGkuZHp0YXBpLmNvbS9nZXQvc21zP3Rva2VuPWE2NzJkNzFhOTlmYmVjMjFkZWZlNWRkMWNmNmY0NDA2
message → string indices must be integers
status → False
submit_code → 

=============================================

【 2022-05-27 06:06:12 】
api_id → 10747127
api_hash → ec1120e73205c59c0b2fd140a5456a2b
phone →  12895631992
api_code → api-1
phone_code_hash → 14ccbbb087c3aed79f
api_respose → aHR0cHM6Ly9hcGkuZHp0YXBpLmNvbS9nZXQvc21zP3Rva2VuPWE2NzJkNzFhOTlmYmVjMjFkZWZlNWRkMWNmNmY0NDA2
message → string indices must be integers
status → False
submit_code → 

=============================================

【 2022-05-27 06:06:15 】
api_id → 10747127
api_hash → ec1120e73205c59c0b2fd140a5456a2b
phone →  12895631992
api_code → api-1
phone_code_hash → 14ccbbb087c3aed79f
api_respose → aHR0cHM6Ly9hcGkuZHp0YXBpLmNvbS9nZXQvc21zP3Rva2VuPWE2NzJkNzFhOTlmYmVjMjFkZWZlNWRkMWNmNmY0NDA2
message → string indices must be integers
status → False
submit_code → 

=============================================

【 2022-05-27 06:06:19 】
api_id → 10747127
api_hash → ec1120e73205c59c0b2fd140a5456a2b
phone →  12895631992
api_code → api-1
phone_code_hash → 14ccbbb087c3aed79f
api_respose → aHR0cHM6Ly9hcGkuZHp0YXBpLmNvbS9nZXQvc21zP3Rva2VuPWE2NzJkNzFhOTlmYmVjMjFkZWZlNWRkMWNmNmY0NDA2
message → string indices must be integers
status → False
submit_code → 

=============================================

【 2022-05-27 06:06:22 】
api_id → 10747127
api_hash → ec1120e73205c59c0b2fd140a5456a2b
phone →  12895631992
api_code → api-1
phone_code_hash → 14ccbbb087c3aed79f
api_respose → aHR0cHM6Ly9hcGkuZHp0YXBpLmNvbS9nZXQvc21zP3Rva2VuPWE2NzJkNzFhOTlmYmVjMjFkZWZlNWRkMWNmNmY0NDA2
message → string indices must be integers
status → False
submit_code → 

=============================================

【 2022-05-27 06:06:26 】
api_id → 10747127
api_hash → ec1120e73205c59c0b2fd140a5456a2b
phone →  12895631992
api_code → api-1
phone_code_hash → 14ccbbb087c3aed79f
api_respose → aHR0cHM6Ly9hcGkuZHp0YXBpLmNvbS9nZXQvc21zP3Rva2VuPWE2NzJkNzFhOTlmYmVjMjFkZWZlNWRkMWNmNmY0NDA2
message → string indices must be integers
status → False
submit_code → 

=============================================

【 2022-05-27 06:06:29 】
api_id → 10747127
api_hash → ec1120e73205c59c0b2fd140a5456a2b
phone →  12895631992
api_code → api-1
phone_code_hash → 14ccbbb087c3aed79f
api_respose → aHR0cHM6Ly9hcGkuZHp0YXBpLmNvbS9nZXQvc21zP3Rva2VuPWE2NzJkNzFhOTlmYmVjMjFkZWZlNWRkMWNmNmY0NDA2
message → string indices must be integers
status → False
submit_code → 

=============================================

【 2022-05-27 06:06:33 】
api_id → 10747127
api_hash → ec1120e73205c59c0b2fd140a5456a2b
phone →  12895631992
api_code → api-1
phone_code_hash → 14ccbbb087c3aed79f
api_respose → aHR0cHM6Ly9hcGkuZHp0YXBpLmNvbS9nZXQvc21zP3Rva2VuPWE2NzJkNzFhOTlmYmVjMjFkZWZlNWRkMWNmNmY0NDA2
message → string indices must be integers
status → False
submit_code → 

=============================================

【 2022-05-27 06:06:36 】
api_id → 10747127
api_hash → ec1120e73205c59c0b2fd140a5456a2b
phone →  12895631992
api_code → api-1
phone_code_hash → 14ccbbb087c3aed79f
api_respose → aHR0cHM6Ly9hcGkuZHp0YXBpLmNvbS9nZXQvc21zP3Rva2VuPWE2NzJkNzFhOTlmYmVjMjFkZWZlNWRkMWNmNmY0NDA2
message → string indices must be integers
status → False
submit_code → 

=============================================

【 2022-05-27 06:06:39 】
api_id → 10747127
api_hash → ec1120e73205c59c0b2fd140a5456a2b
phone →  12895631992
api_code → api-1
phone_code_hash → 14ccbbb087c3aed79f
api_respose → aHR0cHM6Ly9hcGkuZHp0YXBpLmNvbS9nZXQvc21zP3Rva2VuPWE2NzJkNzFhOTlmYmVjMjFkZWZlNWRkMWNmNmY0NDA2
message → string indices must be integers
status → False
submit_code → 

=============================================

【 2022-05-27 06:06:44 】
api_id → 10747127
api_hash → ec1120e73205c59c0b2fd140a5456a2b
phone →  12895631992
api_code → api-1
phone_code_hash → 14ccbbb087c3aed79f
api_respose → aHR0cHM6Ly9hcGkuZHp0YXBpLmNvbS9nZXQvc21zP3Rva2VuPWE2NzJkNzFhOTlmYmVjMjFkZWZlNWRkMWNmNmY0NDA2
message → string indices must be integers
status → False
submit_code → 

=============================================

【 2022-05-27 06:06:48 】
api_id → 10747127
api_hash → ec1120e73205c59c0b2fd140a5456a2b
phone →  12895631992
api_code → api-1
phone_code_hash → 14ccbbb087c3aed79f
api_respose → aHR0cHM6Ly9hcGkuZHp0YXBpLmNvbS9nZXQvc21zP3Rva2VuPWE2NzJkNzFhOTlmYmVjMjFkZWZlNWRkMWNmNmY0NDA2
message → string indices must be integers
status → False
submit_code → 

=============================================

【 2022-05-27 06:06:52 】
api_id → 10747127
api_hash → ec1120e73205c59c0b2fd140a5456a2b
phone →  12895631992
api_code → api-1
phone_code_hash → 14ccbbb087c3aed79f
api_respose → aHR0cHM6Ly9hcGkuZHp0YXBpLmNvbS9nZXQvc21zP3Rva2VuPWE2NzJkNzFhOTlmYmVjMjFkZWZlNWRkMWNmNmY0NDA2
message → string indices must be integers
status → False
submit_code → 

=============================================

【 2022-05-27 06:06:56 】
api_id → 10747127
api_hash → ec1120e73205c59c0b2fd140a5456a2b
phone →  12895631992
api_code → api-1
phone_code_hash → 14ccbbb087c3aed79f
api_respose → aHR0cHM6Ly9hcGkuZHp0YXBpLmNvbS9nZXQvc21zP3Rva2VuPWE2NzJkNzFhOTlmYmVjMjFkZWZlNWRkMWNmNmY0NDA2
message → string indices must be integers
status → False
submit_code → 

=============================================

【 2022-05-27 06:08:08 】
api_id → 10747127
api_hash → ec1120e73205c59c0b2fd140a5456a2b
phone →  12895631992
api_code → api-1
phone_code_hash → 14ccbbb087c3aed79f
api_respose → aHR0cHM6Ly9hcGkuZHp0YXBpLmNvbS9nZXQvc21zP3Rva2VuPWE2NzJkNzFhOTlmYmVjMjFkZWZlNWRkMWNmNmY0NDA2
message → string indices must be integers
status → False
submit_code → 

=============================================

【 2022-05-27 06:09:02 】
api_id → 10747127
api_hash → ec1120e73205c59c0b2fd140a5456a2b
phone →  12895631992
api_code → api-1
phone_code_hash → 46f3702de59b05a13a
api_respose → aHR0cHM6Ly9hcGkuZHp0YXBpLmNvbS9nZXQvc21zP3Rva2VuPWE2NzJkNzFhOTlmYmVjMjFkZWZlNWRkMWNmNmY0NDA2
proxy → {'host': '54.83.81.113', 'port': '11136', 'username': '', 'password': ''}
status → False
message → The phone code entered was invalid (caused by SignInRequest)
submit_code → 

=============================================

【 2022-05-27 06:09:06 】
api_id → 10747127
api_hash → ec1120e73205c59c0b2fd140a5456a2b
phone →  12895631992
api_code → api-1
phone_code_hash → 46f3702de59b05a13a
api_respose → aHR0cHM6Ly9hcGkuZHp0YXBpLmNvbS9nZXQvc21zP3Rva2VuPWE2NzJkNzFhOTlmYmVjMjFkZWZlNWRkMWNmNmY0NDA2
proxy → {'host': '3.93.195.111', 'port': '11134', 'username': '', 'password': ''}
status → False
message → The phone code entered was invalid (caused by SignInRequest)
submit_code → 

=============================================

【 2022-05-27 06:09:10 】
api_id → 10747127
api_hash → ec1120e73205c59c0b2fd140a5456a2b
phone →  12895631992
api_code → api-1
phone_code_hash → 46f3702de59b05a13a
api_respose → aHR0cHM6Ly9hcGkuZHp0YXBpLmNvbS9nZXQvc21zP3Rva2VuPWE2NzJkNzFhOTlmYmVjMjFkZWZlNWRkMWNmNmY0NDA2
proxy → {'host': '54.167.4.138', 'port': '11338', 'username': '', 'password': ''}
status → False
message → The phone code entered was invalid (caused by SignInRequest)
submit_code → 

=============================================

【 2022-05-27 06:09:15 】
api_id → 10747127
api_hash → ec1120e73205c59c0b2fd140a5456a2b
phone →  12895631992
api_code → api-1
phone_code_hash → 46f3702de59b05a13a
api_respose → aHR0cHM6Ly9hcGkuZHp0YXBpLmNvbS9nZXQvc21zP3Rva2VuPWE2NzJkNzFhOTlmYmVjMjFkZWZlNWRkMWNmNmY0NDA2
message → string indices must be integers
status → False
submit_code → 

=============================================

【 2022-05-27 06:09:19 】
api_id → 10747127
api_hash → ec1120e73205c59c0b2fd140a5456a2b
phone →  12895631992
api_code → api-1
phone_code_hash → 46f3702de59b05a13a
api_respose → aHR0cHM6Ly9hcGkuZHp0YXBpLmNvbS9nZXQvc21zP3Rva2VuPWE2NzJkNzFhOTlmYmVjMjFkZWZlNWRkMWNmNmY0NDA2
message → string indices must be integers
status → False
submit_code → 

=============================================

【 2022-05-27 06:09:23 】
api_id → 10747127
api_hash → ec1120e73205c59c0b2fd140a5456a2b
phone →  12895631992
api_code → api-1
phone_code_hash → 46f3702de59b05a13a
api_respose → aHR0cHM6Ly9hcGkuZHp0YXBpLmNvbS9nZXQvc21zP3Rva2VuPWE2NzJkNzFhOTlmYmVjMjFkZWZlNWRkMWNmNmY0NDA2
message → string indices must be integers
status → False
submit_code → 

=============================================

【 2022-05-27 06:09:41 】
api_id → 10747127
api_hash → ec1120e73205c59c0b2fd140a5456a2b
phone →  12895631992
api_code → api-1
api_respose → aHR0cHM6Ly9hcGkuZHp0YXBpLmNvbS9nZXQvc21zP3Rva2VuPWE2NzJkNzFhOTlmYmVjMjFkZWZlNWRkMWNmNmY0NDA2
message → string indices must be integers
status → False
submit_code → 

=============================================

【 2022-05-27 06:09:45 】
api_id → 10747127
api_hash → ec1120e73205c59c0b2fd140a5456a2b
phone →  12895631992
api_code → api-1
phone_code_hash → 
api_respose → aHR0cHM6Ly9hcGkuZHp0YXBpLmNvbS9nZXQvc21zP3Rva2VuPWE2NzJkNzFhOTlmYmVjMjFkZWZlNWRkMWNmNmY0NDA2
message → string indices must be integers
status → False
submit_code → 

=============================================

【 2022-05-27 06:09:57 】
api_id → 10747127
api_hash → ec1120e73205c59c0b2fd140a5456a2b
phone →  12895631992
api_code → api-1
phone_code_hash → 46f3702de59b05a13a
api_respose → aHR0cHM6Ly9hcGkuZHp0YXBpLmNvbS9nZXQvc21zP3Rva2VuPWE2NzJkNzFhOTlmYmVjMjFkZWZlNWRkMWNmNmY0NDA2
message → string indices must be integers
status → False
submit_code → 

=============================================

【 2022-05-27 06:10:01 】
api_id → 10747127
api_hash → ec1120e73205c59c0b2fd140a5456a2b
phone →  12895631992
api_code → api-1
phone_code_hash → 46f3702de59b05a13a
api_respose → aHR0cHM6Ly9hcGkuZHp0YXBpLmNvbS9nZXQvc21zP3Rva2VuPWE2NzJkNzFhOTlmYmVjMjFkZWZlNWRkMWNmNmY0NDA2
message → string indices must be integers
status → False
submit_code → 

=============================================

【 2022-05-27 06:10:05 】
api_id → 10747127
api_hash → ec1120e73205c59c0b2fd140a5456a2b
phone →  12895631992
api_code → api-1
phone_code_hash → 46f3702de59b05a13a
api_respose → aHR0cHM6Ly9hcGkuZHp0YXBpLmNvbS9nZXQvc21zP3Rva2VuPWE2NzJkNzFhOTlmYmVjMjFkZWZlNWRkMWNmNmY0NDA2
message → string indices must be integers
status → False
submit_code → 

=============================================

【 2022-05-27 06:10:10 】
api_id → 10747127
api_hash → ec1120e73205c59c0b2fd140a5456a2b
phone →  12895631992
api_code → api-1
phone_code_hash → 46f3702de59b05a13a
api_respose → aHR0cHM6Ly9hcGkuZHp0YXBpLmNvbS9nZXQvc21zP3Rva2VuPWE2NzJkNzFhOTlmYmVjMjFkZWZlNWRkMWNmNmY0NDA2
message → string indices must be integers
status → False
submit_code → 

=============================================

【 2022-05-27 06:10:14 】
api_id → 10747127
api_hash → ec1120e73205c59c0b2fd140a5456a2b
phone →  12895631992
api_code → api-1
phone_code_hash → 46f3702de59b05a13a
api_respose → aHR0cHM6Ly9hcGkuZHp0YXBpLmNvbS9nZXQvc21zP3Rva2VuPWE2NzJkNzFhOTlmYmVjMjFkZWZlNWRkMWNmNmY0NDA2
proxy → {'host': '3.93.195.111', 'port': '11133', 'username': '', 'password': ''}
status → False
message → The phone code entered was invalid (caused by SignInRequest)
submit_code → 

=============================================

【 2022-05-27 06:10:18 】
api_id → 10747127
api_hash → ec1120e73205c59c0b2fd140a5456a2b
phone →  12895631992
api_code → api-1
phone_code_hash → 46f3702de59b05a13a
api_respose → aHR0cHM6Ly9hcGkuZHp0YXBpLmNvbS9nZXQvc21zP3Rva2VuPWE2NzJkNzFhOTlmYmVjMjFkZWZlNWRkMWNmNmY0NDA2
proxy → {'host': '3.93.195.111', 'port': '11132', 'username': '', 'password': ''}
status → False
message → The phone code entered was invalid (caused by SignInRequest)
submit_code → 

=============================================

【 2022-05-27 06:10:24 】
api_id → 10747127
api_hash → ec1120e73205c59c0b2fd140a5456a2b
phone →  12895631992
api_code → api-1
phone_code_hash → 46f3702de59b05a13a
api_respose → aHR0cHM6Ly9hcGkuZHp0YXBpLmNvbS9nZXQvc21zP3Rva2VuPWE2NzJkNzFhOTlmYmVjMjFkZWZlNWRkMWNmNmY0NDA2
proxy → {'host': '54.83.81.113', 'port': '11136', 'username': '', 'password': ''}
status → False
message → The phone code entered was invalid (caused by SignInRequest)
submit_code → 

=============================================

【 2022-05-27 07:07:50 】
api_code → sms-man
api_respose → ['ACCESS_NUMBER', '115776800', '601125590724']
message → STATUS_CANCEL
submit_code → 

=============================================

【 2022-05-27 07:22:34 】
api_code → sms-man
api_respose → ACCESS_NUMBER:115782323:639486196854
message → ACCESS_NUMBER:115782323:639486196854 取码400次未出码主动放弃
submit_code → close
rejectActivation_respose → ACCESS_CANCEL

=============================================

【 2022-05-27 07:27:48 】
api_id → 10747127
api_hash → ec1120e73205c59c0b2fd140a5456a2b
phone → 601172569289
api_code → sms-man
api_respose → ACCESS_NUMBER:115786409:601172569289
status → False
message → 官方禁用 The used phone number has been banned from Telegram and cannot be used anymore. Maybe check https://www.telegram.org/faq_spam (caused by SendCodeRequest)
submit_code → close
rejectActivation_respose → ACCESS_CANCEL

=============================================

【 2022-05-27 07:28:12 】
api_id → 10747127
api_hash → ec1120e73205c59c0b2fd140a5456a2b
phone → 60142498793
api_code → sms-man
api_respose → ACCESS_NUMBER:115786481:60142498793
status → False
message → 官方禁用 The used phone number has been banned from Telegram and cannot be used anymore. Maybe check https://www.telegram.org/faq_spam (caused by SendCodeRequest)
submit_code → close
rejectActivation_respose → ACCESS_CANCEL

=============================================

【 2022-05-27 07:29:06 】
api_id → 10747127
api_hash → ec1120e73205c59c0b2fd140a5456a2b
phone → 601112501191
api_code → sms-man
phone_code_hash → e2ccd75fe1971c28bb
api_respose → ACCESS_NUMBER:115786686:601112501191
status → False
message → The phone code entered was invalid (caused by SignInRequest)
submit_code → 

=============================================

【 2022-05-27 07:29:09 】
api_id → 10747127
api_hash → ec1120e73205c59c0b2fd140a5456a2b
phone → 601112501191
api_code → sms-man
phone_code_hash → e2ccd75fe1971c28bb
api_respose → ACCESS_NUMBER:115786686:601112501191
status → False
message → The phone code entered was invalid (caused by SignInRequest)
submit_code → 

=============================================

【 2022-05-27 07:40:35 】
api_code → sms-man
api_respose → ['ACCESS_NUMBER', '115786686', '601112501191']
message → STATUS_CANCEL
submit_code → 

=============================================

【 2022-05-27 08:12:18 】
api_code → sms-man
api_respose → ['ACCESS_NUMBER', '115792044', '60175758798']
message → STATUS_CANCEL
submit_code → 

=============================================

【 2022-05-27 08:18:15 】
api_id → 10747127
api_hash → ec1120e73205c59c0b2fd140a5456a2b
phone → 60142489976
api_code → sms-man
api_respose → ACCESS_NUMBER:115796062:60142489976
status → False
message → 官方禁用 The used phone number has been banned from Telegram and cannot be used anymore. Maybe check https://www.telegram.org/faq_spam (caused by SendCodeRequest)
submit_code → close
rejectActivation_respose → ACCESS_CANCEL

=============================================

【 2022-05-27 08:19:03 】
api_id → 10747127
api_hash → ec1120e73205c59c0b2fd140a5456a2b
phone → 601124026433
api_code → sms-man
api_respose → ACCESS_NUMBER:115796160:601124026433
status → False
message → 官方禁用 The used phone number has been banned from Telegram and cannot be used anymore. Maybe check https://www.telegram.org/faq_spam (caused by SendCodeRequest)
submit_code → close
rejectActivation_respose → ACCESS_CANCEL

=============================================

【 2022-05-27 08:20:52 】
api_id → 10747127
api_hash → ec1120e73205c59c0b2fd140a5456a2b
phone → 601117584826
api_code → sms-man
api_respose → ACCESS_NUMBER:115796389:601117584826
status → False
message → 官方禁用 The used phone number has been banned from Telegram and cannot be used anymore. Maybe check https://www.telegram.org/faq_spam (caused by SendCodeRequest)
submit_code → close
rejectActivation_respose → ACCESS_CANCEL

=============================================

【 2022-05-27 08:21:37 】
api_id → 10747127
api_hash → ec1120e73205c59c0b2fd140a5456a2b
phone → 601117563725
api_code → sms-man
api_respose → ACCESS_NUMBER:115796503:601117563725
status → False
message → 官方禁用 The used phone number has been banned from Telegram and cannot be used anymore. Maybe check https://www.telegram.org/faq_spam (caused by SendCodeRequest)
submit_code → close
rejectActivation_respose → ACCESS_CANCEL

=============================================

【 2022-05-27 08:25:10 】
api_id → 10747127
api_hash → ec1120e73205c59c0b2fd140a5456a2b
phone → 84233030324
api_code → sms-man
api_respose → ACCESS_NUMBER:115796974:84233030324
status → False
message → The phone number is invalid (caused by SendCodeRequest)
submit_code → 

=============================================

【 2022-05-27 08:26:01 】
api_id → 10747127
api_hash → ec1120e73205c59c0b2fd140a5456a2b
phone → 84842607124
api_code → sms-man
api_respose → ACCESS_NUMBER:115797074:84842607124
status → False
message → 官方禁用 The used phone number has been banned from Telegram and cannot be used anymore. Maybe check https://www.telegram.org/faq_spam (caused by SendCodeRequest)
submit_code → close
rejectActivation_respose → ACCESS_CANCEL

=============================================

【 2022-05-27 08:26:06 】
api_id → 10747127
api_hash → ec1120e73205c59c0b2fd140a5456a2b
phone → 601117586946
api_code → sms-man
api_respose → ACCESS_NUMBER:115797088:601117586946
status → False
message → 官方禁用 The used phone number has been banned from Telegram and cannot be used anymore. Maybe check https://www.telegram.org/faq_spam (caused by SendCodeRequest)
submit_code → close
rejectActivation_respose → ACCESS_CANCEL

=============================================

【 2022-05-27 08:27:22 】
api_id → 10747127
api_hash → ec1120e73205c59c0b2fd140a5456a2b
phone → 84922413170
api_code → sms-man
api_respose → ACCESS_NUMBER:115797234:84922413170
status → False
message → 开发号频繁 A wait of 63274 seconds is required (caused by SendCodeRequest)
submit_code → close
rejectActivation_respose → ACCESS_CANCEL

=============================================

【 2022-05-27 08:34:36 】
api_id → 10747127
api_hash → ec1120e73205c59c0b2fd140a5456a2b
phone → 84922940517
api_code → sms-man
api_respose → ACCESS_NUMBER:115798317:84922940517
proxy → {'host': '54.83.81.113', 'port': 10781, 'username': '', 'password': ''}
status → False
message → 开发号频繁 A wait of 66823 seconds is required (caused by SendCodeRequest)
submit_code → close
rejectActivation_respose → ACCESS_CANCEL

=============================================

【 2022-05-27 08:37:58 】
api_id → 13978142
api_hash → aa6fa6139e284c3919882cdaf7a577f5
phone → 84932982834
api_code → sms-man
api_respose → ACCESS_NUMBER:115798762:84932982834
proxy → {'host': '3.93.195.111', 'port': 11501, 'username': '', 'password': ''}
status → False
message → 官方禁用 The used phone number has been banned from Telegram and cannot be used anymore. Maybe check https://www.telegram.org/faq_spam (caused by SendCodeRequest)
submit_code → close
rejectActivation_respose → ACCESS_CANCEL

=============================================

【 2022-05-27 08:38:06 】
api_id → 13978142
api_hash → aa6fa6139e284c3919882cdaf7a577f5
phone → 60142472402
api_code → sms-man
api_respose → ACCESS_NUMBER:115798778:60142472402
proxy → {'host': '3.93.195.111', 'port': 11147, 'username': '', 'password': ''}
status → False
message → 官方禁用 The used phone number has been banned from Telegram and cannot be used anymore. Maybe check https://www.telegram.org/faq_spam (caused by SendCodeRequest)
submit_code → close
rejectActivation_respose → ACCESS_CANCEL

=============================================

【 2022-05-27 08:38:43 】
api_id → 11499153
api_hash → 3f58796061b5c90bec34c055e565c1de
phone → 601112442177
api_code → sms-man
phone_code_hash → 6fdbbb46ef0c375283
api_respose → ACCESS_NUMBER:115798794:601112442177
proxy → {'host': '54.167.4.138', 'port': 11093, 'username': '', 'password': ''}
status → False
message → 启用两步验证，需要密码（由SignInRequest引起）Two-steps verification is enabled and a password is required (caused by SignInRequest)
submit_code → close
rejectActivation_respose → BAD_STATUS

=============================================

【 2022-05-27 08:38:48 】
api_id → 11499153
api_hash → 3f58796061b5c90bec34c055e565c1de
phone → 84961452750
api_code → sms-man
api_respose → ACCESS_NUMBER:115798864:84961452750
proxy → {'host': '54.167.4.138', 'port': 10734, 'username': '', 'password': ''}
status → False
message → 官方禁用 The used phone number has been banned from Telegram and cannot be used anymore. Maybe check https://www.telegram.org/faq_spam (caused by SendCodeRequest)
submit_code → close
rejectActivation_respose → ACCESS_CANCEL

=============================================

【 2022-05-27 08:47:01 】
api_id → 13978142
api_hash → aa6fa6139e284c3919882cdaf7a577f5
phone → 84704860041
api_code → sms-man
api_respose → ACCESS_NUMBER:115799903:84704860041
proxy → {'host': '54.83.81.113', 'port': 10175, 'username': '', 'password': ''}
status → False
message → 官方禁用 The used phone number has been banned from Telegram and cannot be used anymore. Maybe check https://www.telegram.org/faq_spam (caused by SendCodeRequest)
submit_code → close
rejectActivation_respose → ACCESS_CANCEL

=============================================

【 2022-05-27 08:47:14 】
api_id → 13978142
api_hash → aa6fa6139e284c3919882cdaf7a577f5
phone → 84922513482
api_code → sms-man
api_respose → ACCESS_NUMBER:115799916:84922513482
proxy → {'host': '54.83.81.113', 'port': 10767, 'username': '', 'password': ''}
status → False
message → 开发号频繁 A wait of 63170 seconds is required (caused by SendCodeRequest)
submit_code → close
rejectActivation_respose → ACCESS_CANCEL

=============================================

【 2022-05-27 08:48:00 】
api_id → 11499153
api_hash → 3f58796061b5c90bec34c055e565c1de
phone → 84812760372
api_code → sms-man
api_respose → ACCESS_NUMBER:115800050:84812760372
proxy → {'host': '54.83.81.113', 'port': 11374, 'username': '', 'password': ''}
status → False
message → 官方禁用 The used phone number has been banned from Telegram and cannot be used anymore. Maybe check https://www.telegram.org/faq_spam (caused by SendCodeRequest)
submit_code → close
rejectActivation_respose → ACCESS_CANCEL

=============================================

【 2022-05-27 09:01:17 】
api_code → sms-man
api_respose → ['ACCESS_NUMBER', '115798902', '84818608663']
message → STATUS_CANCEL
submit_code → 

=============================================

【 2022-05-27 09:01:29 】
api_code → sms-man
api_respose → ACCESS_NUMBER:115800066:84396075852
message → ACCESS_NUMBER:115800066:84396075852 取码400次未出码主动放弃
submit_code → close
rejectActivation_respose → ACCESS_CANCEL

=============================================

【 2022-05-27 09:01:40 】
api_id → 13978142
api_hash → aa6fa6139e284c3919882cdaf7a577f5
phone → 84763076451
api_code → sms-man
api_respose → ACCESS_NUMBER:115801853:84763076451
proxy → {'host': '3.93.195.111', 'port': 11921, 'username': '', 'password': ''}
status → False
message → 官方禁用 The used phone number has been banned from Telegram and cannot be used anymore. Maybe check https://www.telegram.org/faq_spam (caused by SendCodeRequest)
submit_code → close
rejectActivation_respose → ACCESS_CANCEL

=============================================

【 2022-05-27 09:01:42 】
api_id → 11499153
api_hash → 3f58796061b5c90bec34c055e565c1de
phone → 84971369530
api_code → sms-man
api_respose → ACCESS_NUMBER:115801865:84971369530
proxy → {'host': '3.93.195.111', 'port': 12597, 'username': '', 'password': ''}
status → False
message → 官方禁用 The used phone number has been banned from Telegram and cannot be used anymore. Maybe check https://www.telegram.org/faq_spam (caused by SendCodeRequest)
submit_code → close
rejectActivation_respose → ACCESS_CANCEL

=============================================

【 2022-05-27 09:02:25 】
api_id → 13978142
api_hash → aa6fa6139e284c3919882cdaf7a577f5
phone → 84974346105
api_code → sms-man
api_respose → ACCESS_NUMBER:115802014:84974346105
proxy → {'host': '54.167.4.138', 'port': 10486, 'username': '', 'password': ''}
status → False
message → 官方禁用 The used phone number has been banned from Telegram and cannot be used anymore. Maybe check https://www.telegram.org/faq_spam (caused by SendCodeRequest)
submit_code → close
rejectActivation_respose → ACCESS_CANCEL

=============================================

【 2022-05-27 09:03:33 】
api_id → 11499153
api_hash → 3f58796061b5c90bec34c055e565c1de
phone → 84961668901
api_code → sms-man
api_respose → ACCESS_NUMBER:115802244:84961668901
proxy → {'host': '54.167.4.138', 'port': 10846, 'username': '', 'password': ''}
status → False
message → 官方禁用 The used phone number has been banned from Telegram and cannot be used anymore. Maybe check https://www.telegram.org/faq_spam (caused by SendCodeRequest)
submit_code → close
rejectActivation_respose → ACCESS_CANCEL

=============================================

【 2022-05-27 09:04:49 】
api_id → 13978142
api_hash → aa6fa6139e284c3919882cdaf7a577f5
phone → 84972260465
api_code → sms-man
api_respose → ACCESS_NUMBER:115802618:84972260465
proxy → {'host': '3.93.195.111', 'port': 11744, 'username': '', 'password': ''}
status → False
message → 官方禁用 The used phone number has been banned from Telegram and cannot be used anymore. Maybe check https://www.telegram.org/faq_spam (caused by SendCodeRequest)
submit_code → close
rejectActivation_respose → ACCESS_CANCEL

=============================================

【 2022-05-27 09:06:05 】
api_id → 13978142
api_hash → aa6fa6139e284c3919882cdaf7a577f5
phone → 84968481240
api_code → sms-man
api_respose → ACCESS_NUMBER:115802885:84968481240
proxy → {'host': '3.93.195.111', 'port': 10468, 'username': '', 'password': ''}
status → False
message → 官方禁用 The used phone number has been banned from Telegram and cannot be used anymore. Maybe check https://www.telegram.org/faq_spam (caused by SendCodeRequest)
submit_code → close
rejectActivation_respose → ACCESS_CANCEL

=============================================

【 2022-05-27 09:26:28 】
api_code → sms-man
api_respose → ['ACCESS_NUMBER', '115801978', '84922158362']
message → STATUS_CANCEL
submit_code → 

=============================================

【 2022-05-27 09:27:57 】
api_code → sms-man
api_respose → ['ACCESS_NUMBER', '115802939', '84963135331']
message → STATUS_CANCEL
submit_code → 