

=============================================

【 2022-05-26 23:34:42 】
api_id → 15117592
api_hash → 25d33fa4cdf65b28412a5ebc7479b8fb
phone → 12895591665
api_code → api-1
api_respose → aHR0cHM6Ly9hcGkuZHp0YXBpLmNvbS9nZXQvc21zP3Rva2VuPTVhNTU3OTZkNTM1NTRmNmY5YWUzOTYyZTBmZGQwMzY3
message → string indices must be integers
submit_code → 

=============================================

【 2022-05-26 23:34:46 】
api_id → 15117592
api_hash → 25d33fa4cdf65b28412a5ebc7479b8fb
phone → 12895591665
api_code → api-1
phone_code_hash → 
api_respose → aHR0cHM6Ly9hcGkuZHp0YXBpLmNvbS9nZXQvc21zP3Rva2VuPTVhNTU3OTZkNTM1NTRmNmY5YWUzOTYyZTBmZGQwMzY3
message → string indices must be integers
submit_code → 

=============================================

【 2022-05-26 23:34:49 】
api_id → 15117592
api_hash → 25d33fa4cdf65b28412a5ebc7479b8fb
phone → 12895591665
api_code → api-1
phone_code_hash → 
api_respose → aHR0cHM6Ly9hcGkuZHp0YXBpLmNvbS9nZXQvc21zP3Rva2VuPTVhNTU3OTZkNTM1NTRmNmY5YWUzOTYyZTBmZGQwMzY3
message → string indices must be integers
submit_code → 

=============================================

【 2022-05-26 23:34:53 】
api_id → 15117592
api_hash → 25d33fa4cdf65b28412a5ebc7479b8fb
phone → 12895591665
api_code → api-1
phone_code_hash → 
api_respose → aHR0cHM6Ly9hcGkuZHp0YXBpLmNvbS9nZXQvc21zP3Rva2VuPTVhNTU3OTZkNTM1NTRmNmY5YWUzOTYyZTBmZGQwMzY3
message → string indices must be integers
submit_code → 

=============================================

【 2022-05-26 23:34:56 】
api_id → 15117592
api_hash → 25d33fa4cdf65b28412a5ebc7479b8fb
phone → 12895591665
api_code → api-1
phone_code_hash → 
api_respose → aHR0cHM6Ly9hcGkuZHp0YXBpLmNvbS9nZXQvc21zP3Rva2VuPTVhNTU3OTZkNTM1NTRmNmY5YWUzOTYyZTBmZGQwMzY3
message → string indices must be integers
submit_code → 

=============================================

【 2022-05-26 23:37:51 】
api_id → 15117592
api_hash → 25d33fa4cdf65b28412a5ebc7479b8fb
phone → 12895591665
api_code → api-1
api_respose → aHR0cHM6Ly9hcGkuZHp0YXBpLmNvbS9nZXQvc21zP3Rva2VuPTVhNTU3OTZkNTM1NTRmNmY5YWUzOTYyZTBmZGQwMzY3
message → string indices must be integers
status → False
submit_code → 

=============================================

【 2022-05-26 23:39:12 】
api_id → 15117592
api_hash → 25d33fa4cdf65b28412a5ebc7479b8fb
phone → 12895591665
api_code → api-1
api_respose → aHR0cHM6Ly9hcGkuZHp0YXBpLmNvbS9nZXQvc21zP3Rva2VuPTVhNTU3OTZkNTM1NTRmNmY5YWUzOTYyZTBmZGQwMzY3
message → string indices must be integers
status → False
submit_code → 

=============================================

【 2022-05-26 23:39:26 】
api_id → 15117592
api_hash → 25d33fa4cdf65b28412a5ebc7479b8fb
phone → 12895591665
api_code → api-1
api_respose → aHR0cHM6Ly9hcGkuZHp0YXBpLmNvbS9nZXQvc21zP3Rva2VuPTVhNTU3OTZkNTM1NTRmNmY5YWUzOTYyZTBmZGQwMzY3
message → string indices must be integers
status → False
submit_code → 

=============================================

【 2022-05-26 23:39:45 】
api_id → 15117592
api_hash → 25d33fa4cdf65b28412a5ebc7479b8fb
phone → 12895591665
api_code → api-1
api_respose → aHR0cHM6Ly9hcGkuZHp0YXBpLmNvbS9nZXQvc21zP3Rva2VuPTVhNTU3OTZkNTM1NTRmNmY5YWUzOTYyZTBmZGQwMzY3
message → string indices must be integers
status → False
submit_code → 

=============================================

【 2022-05-26 23:40:08 】
api_id → 15117592
api_hash → 25d33fa4cdf65b28412a5ebc7479b8fb
phone → 12895591665
api_code → api-1
api_respose → aHR0cHM6Ly9hcGkuZHp0YXBpLmNvbS9nZXQvc21zP3Rva2VuPTVhNTU3OTZkNTM1NTRmNmY5YWUzOTYyZTBmZGQwMzY3
message → string indices must be integers
status → False
submit_code → 