

=============================================

【 2022-05-21 09:51:07 】
api_id → 17345465
api_hash → 1fcfcffb77d010b5235b13e840a158ef
phone → 2268570657
api_code → api-1
api_respose → b'aHR0cHM6Ly9hcGkuZHp0YXBpLmNvbS9nZXQvc21zP3Rva2VuPTg4OTNkOWY1ODMwNTc4YTc1ZGE4NTViZWU1YjU3ZjY4'
status → False
message → The phone number is invalid (caused by SendCodeRequest)
submit_code → 

=============================================

【 2022-05-21 09:55:06 】
api_id → 12971859
api_hash → 2f5003c9d36f74d32bbd252391a386f8
phone → 2268570657
api_code → api-1
api_respose → b'aHR0cHM6Ly9hcGkuZHp0YXBpLmNvbS9nZXQvc21zP3Rva2VuPTg4OTNkOWY1ODMwNTc4YTc1ZGE4NTViZWU1YjU3ZjY4'
status → False
message → The phone number is invalid (caused by SendCodeRequest)
submit_code → 

=============================================

【 2022-05-21 09:56:04 】
api_id → 15718961
api_hash → 6355e6f68264228fbf0bff8891ad0370
phone → 12268570657
api_code → api-1
api_respose → b'aHR0cHM6Ly9hcGkuZHp0YXBpLmNvbS9nZXQvc21zP3Rva2VuPTg4OTNkOWY1ODMwNTc4YTc1ZGE4NTViZWU1YjU3ZjY4'
status → False
message → 开发号频繁 A wait of 49641 seconds is required (caused by SendCodeRequest)
submit_code → close

=============================================

【 2022-05-21 09:59:10 】
api_code → api-1
api_respose → https://api.dztapi.com/get/sms?token=8893d9f5830578a75da855bee5b57f68
message → {"code":401,"data":{},"message":"暂未登录或token已经过期"}
submit_code → 

=============================================

【 2022-05-21 09:59:13 】
api_code → api-1
api_respose → https://api.dztapi.com/get/sms?token=8893d9f5830578a75da855bee5b57f68
message → {"code":401,"data":{},"message":"暂未登录或token已经过期"}
submit_code → 

=============================================

【 2022-05-21 09:59:15 】
api_code → api-1
api_respose → https://api.dztapi.com/get/sms?token=8893d9f5830578a75da855bee5b57f68
message → {"code":401,"data":{},"message":"暂未登录或token已经过期"}
submit_code → 

=============================================

【 2022-05-21 09:59:18 】
api_code → api-1
api_respose → https://api.dztapi.com/get/sms?token=8893d9f5830578a75da855bee5b57f68
message → {"code":401,"data":{},"message":"暂未登录或token已经过期"}
submit_code → 

=============================================

【 2022-05-21 09:59:20 】
api_code → api-1
api_respose → https://api.dztapi.com/get/sms?token=8893d9f5830578a75da855bee5b57f68
message → {"code":401,"data":{},"message":"暂未登录或token已经过期"}
submit_code → 

=============================================

【 2022-05-21 09:59:23 】
api_code → api-1
api_respose → https://api.dztapi.com/get/sms?token=8893d9f5830578a75da855bee5b57f68
message → {"code":401,"data":{},"message":"暂未登录或token已经过期"}
submit_code → 

=============================================

【 2022-05-21 09:59:25 】
api_code → api-1
api_respose → https://api.dztapi.com/get/sms?token=8893d9f5830578a75da855bee5b57f68
message → {"code":401,"data":{},"message":"暂未登录或token已经过期"}
submit_code → 

=============================================

【 2022-05-21 09:59:28 】
api_code → api-1
api_respose → https://api.dztapi.com/get/sms?token=8893d9f5830578a75da855bee5b57f68
message → {"code":401,"data":{},"message":"暂未登录或token已经过期"}
submit_code → 

=============================================

【 2022-05-21 09:59:32 】
api_code → api-1
api_respose → https://api.dztapi.com/get/sms?token=8893d9f5830578a75da855bee5b57f68
submit_code → 
message → {"code":401,"data":{},"message":"暂未登录或token已经过期"}

=============================================

【 2022-05-21 09:59:35 】
api_code → api-1
api_respose → https://api.dztapi.com/get/sms?token=8893d9f5830578a75da855bee5b57f68
submit_code → 
message → {"code":401,"data":{},"message":"暂未登录或token已经过期"}

=============================================

【 2022-05-21 09:59:37 】
api_code → api-1
api_respose → https://api.dztapi.com/get/sms?token=8893d9f5830578a75da855bee5b57f68
submit_code → 
message → {"code":401,"data":{},"message":"暂未登录或token已经过期"}

=============================================

【 2022-05-21 09:59:40 】
api_code → api-1
api_respose → https://api.dztapi.com/get/sms?token=8893d9f5830578a75da855bee5b57f68
submit_code → 
message → {"code":401,"data":{},"message":"暂未登录或token已经过期"}

=============================================

【 2022-05-21 09:59:42 】
api_code → api-1
api_respose → https://api.dztapi.com/get/sms?token=8893d9f5830578a75da855bee5b57f68
submit_code → 
message → {"code":401,"data":{},"message":"暂未登录或token已经过期"}

=============================================

【 2022-05-21 09:59:45 】
api_code → api-1
api_respose → https://api.dztapi.com/get/sms?token=8893d9f5830578a75da855bee5b57f68
submit_code → 
message → {"code":401,"data":{},"message":"暂未登录或token已经过期"}

=============================================

【 2022-05-21 09:59:47 】
api_code → api-1
api_respose → https://api.dztapi.com/get/sms?token=8893d9f5830578a75da855bee5b57f68
submit_code → 
message → {"code":401,"data":{},"message":"暂未登录或token已经过期"}

=============================================

【 2022-05-21 09:59:50 】
api_code → api-1
api_respose → https://api.dztapi.com/get/sms?token=8893d9f5830578a75da855bee5b57f68
submit_code → 
message → {"code":401,"data":{},"message":"暂未登录或token已经过期"}

=============================================

【 2022-05-21 09:59:52 】
api_code → api-1
api_respose → https://api.dztapi.com/get/sms?token=8893d9f5830578a75da855bee5b57f68
submit_code → 
message → {"code":401,"data":{},"message":"暂未登录或token已经过期"}

=============================================

【 2022-05-21 09:59:55 】
api_code → api-1
api_respose → https://api.dztapi.com/get/sms?token=8893d9f5830578a75da855bee5b57f68
submit_code → 
message → {"code":401,"data":{},"message":"暂未登录或token已经过期"}

=============================================

【 2022-05-21 09:59:58 】
api_code → api-1
api_respose → https://api.dztapi.com/get/sms?token=8893d9f5830578a75da855bee5b57f68
submit_code → 
message → {"code":401,"data":{},"message":"暂未登录或token已经过期"}

=============================================

【 2022-05-21 10:00:36 】
api_code → api-1
api_respose → https://api.dztapi.com/get/sms?token=8893d9f5830578a75da855bee5b57f68
submit_code → 
message → {"code":401,"data":{},"message":"暂未登录或token已经过期"}

=============================================

【 2022-05-21 10:01:02 】
api_id → 15718961
api_hash → 6355e6f68264228fbf0bff8891ad0370
phone → 12268570657
api_code → api-1
api_respose → aHR0cHM6Ly9hcGkuZHp0YXBpLmNvbS9nZXQvc21zP3Rva2VuPTg4OTNkOWY1ODMwNTc4YTc1ZGE4NTViZWU1YjU3ZjY4
status → False
message → 开发号频繁 A wait of 49343 seconds is required (caused by SendCodeRequest)
submit_code → close

=============================================

【 2022-05-21 10:01:29 】
api_id → 15718961
api_hash → 6355e6f68264228fbf0bff8891ad0370
phone → 12268570657
api_code → api-1
api_respose → aHR0cHM6Ly9hcGkuZHp0YXBpLmNvbS9nZXQvc21zP3Rva2VuPTg4OTNkOWY1ODMwNTc4YTc1ZGE4NTViZWU1YjU3ZjY4
status → False
message → 开发号频繁 A wait of 85227 seconds is required (caused by SendCodeRequest)
submit_code → close

=============================================

【 2022-05-21 10:01:53 】
api_id → 15718961
api_hash → 6355e6f68264228fbf0bff8891ad0370
phone → 4318304388
api_code → api-1
api_respose → aHR0cHM6Ly9hcGkuZHp0YXBpLmNvbS9nZXQvc21zP3Rva2VuPTY0MzY4Y2NjYTNmNjc1OTM3NDllYjI5MGM2MzUzN2Mw
status → False
message → The phone number is invalid (caused by SendCodeRequest)
submit_code → 

=============================================

【 2022-05-21 10:01:55 】
api_code → api-1
api_respose → https://api.dztapi.com/get/sms?token=64368ccca3f67593749eb290c63537c0
submit_code → 
message → {"code":401,"data":{},"message":"暂未登录或token已经过期"}

=============================================

【 2022-05-21 10:02:07 】
api_id → 15718961
api_hash → 6355e6f68264228fbf0bff8891ad0370
phone → 3434440074
api_code → api-1
api_respose → aHR0cHM6Ly9hcGkuZHp0YXBpLmNvbS9nZXQvc21zP3Rva2VuPWMzY2U0ODZlNzg0YTZiY2UxMjZjZDU3ODNhNGQ4ZWEz
status → False
message → The phone number is invalid (caused by SendCodeRequest)
submit_code → 

=============================================

【 2022-05-21 10:02:09 】
api_code → api-1
api_respose → https://api.dztapi.com/get/sms?token=c3ce486e784a6bce126cd5783a4d8ea3
submit_code → 
message → {"code":401,"data":{},"message":"暂未登录或token已经过期"}

=============================================

【 2022-05-21 10:02:32 】
api_id → 17345465
api_hash → 1fcfcffb77d010b5235b13e840a158ef
phone → 4318304388
api_code → api-1
api_respose → aHR0cHM6Ly9hcGkuZHp0YXBpLmNvbS9nZXQvc21zP3Rva2VuPTY0MzY4Y2NjYTNmNjc1OTM3NDllYjI5MGM2MzUzN2Mw
status → False
message → The phone number is invalid (caused by SendCodeRequest)
submit_code → 

=============================================

【 2022-05-21 10:02:34 】
api_code → api-1
api_respose → https://api.dztapi.com/get/sms?token=64368ccca3f67593749eb290c63537c0
submit_code → 
message → {"code":401,"data":{},"message":"暂未登录或token已经过期"}

=============================================

【 2022-05-21 10:03:13 】
api_id → 17345465
api_hash → 1fcfcffb77d010b5235b13e840a158ef
phone → 4318304388
api_code → api-1
api_respose → aHR0cHM6Ly9hcGkuZHp0YXBpLmNvbS9nZXQvc21zP3Rva2VuPTY0MzY4Y2NjYTNmNjc1OTM3NDllYjI5MGM2MzUzN2Mw
status → False
message → The phone number is invalid (caused by SendCodeRequest)
submit_code → 

=============================================

【 2022-05-21 10:03:15 】
api_code → api-1
api_respose → https://api.dztapi.com/get/sms?token=64368ccca3f67593749eb290c63537c0
submit_code → 
message → {"code":401,"data":{},"message":"暂未登录或token已经过期"}

=============================================

【 2022-05-21 10:03:16 】
api_id → 12971859
api_hash → 2f5003c9d36f74d32bbd252391a386f8
phone → 2268570657
api_code → api-1
api_respose → aHR0cHM6Ly9hcGkuZHp0YXBpLmNvbS9nZXQvc21zP3Rva2VuPTg4OTNkOWY1ODMwNTc4YTc1ZGE4NTViZWU1YjU3ZjY4
status → False
message → The phone number is invalid (caused by SendCodeRequest)
submit_code → 

=============================================

【 2022-05-21 10:03:18 】
api_code → api-1
api_respose → https://api.dztapi.com/get/sms?token=8893d9f5830578a75da855bee5b57f68
submit_code → 
message → {"code":401,"data":{},"message":"暂未登录或token已经过期"}

=============================================

【 2022-05-21 10:03:20 】
api_id → 15718961
api_hash → 6355e6f68264228fbf0bff8891ad0370
phone → 3434440074
api_code → api-1
api_respose → aHR0cHM6Ly9hcGkuZHp0YXBpLmNvbS9nZXQvc21zP3Rva2VuPWMzY2U0ODZlNzg0YTZiY2UxMjZjZDU3ODNhNGQ4ZWEz
status → False
message → The phone number is invalid (caused by SendCodeRequest)
submit_code → 

=============================================

【 2022-05-21 10:03:22 】
api_code → api-1
api_respose → https://api.dztapi.com/get/sms?token=c3ce486e784a6bce126cd5783a4d8ea3
submit_code → 
message → {"code":401,"data":{},"message":"暂未登录或token已经过期"}

=============================================

【 2022-05-21 10:10:18 】
api_code → api-1
api_respose → https://api.dztapi.com/get/sms?token=64368ccca3f67593749eb290c63537c0
submit_code → 
message → {"code":401,"data":{},"message":"暂未登录或token已经过期"}

=============================================

【 2022-05-21 10:10:22 】
api_code → api-1
api_respose → https://api.dztapi.com/get/sms?token=8893d9f5830578a75da855bee5b57f68
submit_code → 
message → {"code":401,"data":{},"message":"暂未登录或token已经过期"}

=============================================

【 2022-05-21 10:10:32 】
api_code → api-1
api_respose → https://api.dztapi.com/get/sms?token=c3ce486e784a6bce126cd5783a4d8ea3
submit_code → 
message → {"code":401,"data":{},"message":"暂未登录或token已经过期"}

=============================================

【 2022-05-21 10:10:38 】
api_code → api-1
api_respose → https://api.dztapi.com/get/sms?token=64368ccca3f67593749eb290c63537c0
submit_code → 
message → {"code":401,"data":{},"message":"暂未登录或token已经过期"}

=============================================

【 2022-05-21 10:10:42 】
api_code → api-1
api_respose → https://api.dztapi.com/get/sms?token=8893d9f5830578a75da855bee5b57f68
submit_code → 
message → {"code":401,"data":{},"message":"暂未登录或token已经过期"}

=============================================

【 2022-05-21 10:10:45 】
api_code → api-1
api_respose → https://api.dztapi.com/get/sms?token=c3ce486e784a6bce126cd5783a4d8ea3
submit_code → 
message → {"code":401,"data":{},"message":"暂未登录或token已经过期"}

=============================================

【 2022-05-21 10:12:24 】
api_code → api-1
api_respose → https://api.dztapi.com/get/sms?token=953e66be3cbefd8852352d3824f8f91d
submit_code → 
message → {"code":401,"data":{},"message":"暂未登录或token已经过期"}

=============================================

【 2022-05-21 10:12:33 】
api_code → api-1
api_respose → https://api.dztapi.com/get/sms?token=f4b5aa2479c02d8fb0cc1eaae14fdb27
submit_code → 
message → {"code":401,"data":{},"message":"暂未登录或token已经过期"}

=============================================

【 2022-05-21 10:13:29 】
api_code → api-1
api_respose → https://api.dztapi.com/get/sms?token=7d8f9ff4c1b4de44e3890047670d149d
submit_code → 
message → {"code":401,"data":{},"message":"暂未登录或token已经过期"}

=============================================

【 2022-05-21 10:13:36 】
api_code → api-1
api_respose → https://api.dztapi.com/get/sms?token=a675a36dbec22bd5b955a9e12bd88932
submit_code → 
message → {"code":401,"data":{},"message":"暂未登录或token已经过期"}

=============================================

【 2022-05-21 10:13:43 】
api_code → api-1
api_respose → https://api.dztapi.com/get/sms?token=5195b7f5bcbb98dbe2e8484048cad446
submit_code → 
message → {"code":401,"data":{},"message":"暂未登录或token已经过期"}

=============================================

【 2022-05-21 10:13:50 】
api_code → api-1
api_respose → https://api.dztapi.com/get/sms?token=506fcb11a7caaa9bb18814a553823662
submit_code → 
message → {"code":401,"data":{},"message":"暂未登录或token已经过期"}

=============================================

【 2022-05-21 10:15:10 】
api_code → api-1
api_respose → https://api.dztapi.com/get/sms?token=953e66be3cbefd8852352d3824f8f91d
submit_code → 
message → {"code":401,"data":{},"message":"暂未登录或token已经过期"}

=============================================

【 2022-05-21 10:15:14 】
api_code → api-1
api_respose → https://api.dztapi.com/get/sms?token=f4b5aa2479c02d8fb0cc1eaae14fdb27
submit_code → 
message → {"code":401,"data":{},"message":"暂未登录或token已经过期"}

=============================================

【 2022-05-21 10:22:35 】
api_code → api-1
api_respose → https://api.dztapi.com/get/sms?token=64368ccca3f67593749eb290c63537c0
message → {"code":401,"data":{},"message":"暂未登录或token已经过期"}
submit_code → 

=============================================

【 2022-05-21 10:22:38 】
api_id → 15718961
api_hash → 6355e6f68264228fbf0bff8891ad0370
phone → 12268570657
api_code → api-1
api_respose → aHR0cHM6Ly9hcGkuZHp0YXBpLmNvbS9nZXQvc21zP3Rva2VuPTg4OTNkOWY1ODMwNTc4YTc1ZGE4NTViZWU1YjU3ZjY4
status → False
message → 开发号频繁 A wait of 83958 seconds is required (caused by SendCodeRequest)
submit_code → close

=============================================

【 2022-05-21 10:22:41 】
api_code → api-1
api_respose → https://api.dztapi.com/get/sms?token=c3ce486e784a6bce126cd5783a4d8ea3
message → {"code":401,"data":{},"message":"暂未登录或token已经过期"}
submit_code → 

=============================================

【 2022-05-21 10:23:06 】
api_code → api-1
api_respose → https://api.dztapi.com/get/sms?token=64368ccca3f67593749eb290c63537c0
message → {"code":401,"data":{},"message":"暂未登录或token已经过期"}
submit_code → 

=============================================

【 2022-05-21 10:23:08 】
api_code → api-1
api_respose → https://api.dztapi.com/get/sms?token=64368ccca3f67593749eb290c63537c0
message → {"code":401,"data":{},"message":"暂未登录或token已经过期"}
submit_code → 

=============================================

【 2022-05-21 10:23:11 】
api_code → api-1
api_respose → https://api.dztapi.com/get/sms?token=64368ccca3f67593749eb290c63537c0
message → {"code":401,"data":{},"message":"暂未登录或token已经过期"}
submit_code → 

=============================================

【 2022-05-21 10:23:14 】
api_code → api-1
api_respose → https://api.dztapi.com/get/sms?token=64368ccca3f67593749eb290c63537c0
message → {"code":401,"data":{},"message":"暂未登录或token已经过期"}
submit_code → 

=============================================

【 2022-05-21 10:23:16 】
api_code → api-1
api_respose → https://api.dztapi.com/get/sms?token=64368ccca3f67593749eb290c63537c0
message → {"code":401,"data":{},"message":"暂未登录或token已经过期"}
submit_code → 

=============================================

【 2022-05-21 10:23:19 】
api_code → api-1
api_respose → https://api.dztapi.com/get/sms?token=64368ccca3f67593749eb290c63537c0
message → {"code":401,"data":{},"message":"暂未登录或token已经过期"}
submit_code → 

=============================================

【 2022-05-21 10:23:22 】
api_code → api-1
api_respose → https://api.dztapi.com/get/sms?token=64368ccca3f67593749eb290c63537c0
message → {"code":401,"data":{},"message":"暂未登录或token已经过期"}
submit_code → 

=============================================

【 2022-05-21 10:23:25 】
api_code → api-1
api_respose → https://api.dztapi.com/get/sms?token=64368ccca3f67593749eb290c63537c0
message → {"code":401,"data":{},"message":"暂未登录或token已经过期"}
submit_code → 

=============================================

【 2022-05-21 10:23:28 】
api_code → api-1
api_respose → https://api.dztapi.com/get/sms?token=64368ccca3f67593749eb290c63537c0
message → {"code":401,"data":{},"message":"暂未登录或token已经过期"}
submit_code → 

=============================================

【 2022-05-21 10:23:31 】
api_code → api-1
api_respose → https://api.dztapi.com/get/sms?token=64368ccca3f67593749eb290c63537c0
message → {"code":401,"data":{},"message":"暂未登录或token已经过期"}
submit_code → 

=============================================

【 2022-05-21 10:23:34 】
api_code → api-1
api_respose → https://api.dztapi.com/get/sms?token=64368ccca3f67593749eb290c63537c0
message → {"code":401,"data":{},"message":"暂未登录或token已经过期"}
submit_code → 

=============================================

【 2022-05-21 10:23:46 】
api_code → api-1
api_respose → https://api.dztapi.com/get/sms?token=64368ccca3f67593749eb290c63537c0
message → {"code":401,"data":{},"message":"暂未登录或token已经过期"}
submit_code → 

=============================================

【 2022-05-21 10:23:51 】
api_code → api-1
api_respose → https://api.dztapi.com/get/sms?token=64368ccca3f67593749eb290c63537c0
message → {"code":401,"data":{},"message":"暂未登录或token已经过期"}
submit_code → 

=============================================

【 2022-05-21 10:23:53 】
api_code → api-1
api_respose → https://api.dztapi.com/get/sms?token=64368ccca3f67593749eb290c63537c0
message → {"code":401,"data":{},"message":"暂未登录或token已经过期"}
submit_code → 

=============================================

【 2022-05-21 10:23:56 】
api_code → api-1
api_respose → https://api.dztapi.com/get/sms?token=64368ccca3f67593749eb290c63537c0
message → {"code":401,"data":{},"message":"暂未登录或token已经过期"}
submit_code → 

=============================================

【 2022-05-21 10:23:59 】
api_code → api-1
api_respose → https://api.dztapi.com/get/sms?token=64368ccca3f67593749eb290c63537c0
message → {"code":401,"data":{},"message":"暂未登录或token已经过期"}
submit_code → 

=============================================

【 2022-05-21 10:24:01 】
api_code → api-1
api_respose → https://api.dztapi.com/get/sms?token=64368ccca3f67593749eb290c63537c0
message → {"code":401,"data":{},"message":"暂未登录或token已经过期"}
submit_code → 

=============================================

【 2022-05-21 10:24:04 】
api_code → api-1
api_respose → https://api.dztapi.com/get/sms?token=64368ccca3f67593749eb290c63537c0
message → {"code":401,"data":{},"message":"暂未登录或token已经过期"}
submit_code → 

=============================================

【 2022-05-21 10:24:06 】
api_code → api-1
api_respose → https://api.dztapi.com/get/sms?token=64368ccca3f67593749eb290c63537c0
message → {"code":401,"data":{},"message":"暂未登录或token已经过期"}
submit_code → 

=============================================

【 2022-05-21 10:24:09 】
api_code → api-1
api_respose → https://api.dztapi.com/get/sms?token=64368ccca3f67593749eb290c63537c0
message → {"code":401,"data":{},"message":"暂未登录或token已经过期"}
submit_code → 

=============================================

【 2022-05-21 10:24:11 】
api_code → api-1
api_respose → https://api.dztapi.com/get/sms?token=64368ccca3f67593749eb290c63537c0
message → {"code":401,"data":{},"message":"暂未登录或token已经过期"}
submit_code → 

=============================================

【 2022-05-21 10:24:14 】
api_code → api-1
api_respose → https://api.dztapi.com/get/sms?token=64368ccca3f67593749eb290c63537c0
message → {"code":401,"data":{},"message":"暂未登录或token已经过期"}
submit_code → 

=============================================

【 2022-05-21 10:24:16 】
api_code → api-1
api_respose → https://api.dztapi.com/get/sms?token=64368ccca3f67593749eb290c63537c0
message → {"code":401,"data":{},"message":"暂未登录或token已经过期"}
submit_code → 

=============================================

【 2022-05-21 10:24:19 】
api_code → api-1
api_respose → https://api.dztapi.com/get/sms?token=64368ccca3f67593749eb290c63537c0
message → {"code":401,"data":{},"message":"暂未登录或token已经过期"}
submit_code → 

=============================================

【 2022-05-21 10:24:21 】
api_code → api-1
api_respose → https://api.dztapi.com/get/sms?token=64368ccca3f67593749eb290c63537c0
message → {"code":401,"data":{},"message":"暂未登录或token已经过期"}
submit_code → 

=============================================

【 2022-05-21 10:24:24 】
api_code → api-1
api_respose → https://api.dztapi.com/get/sms?token=64368ccca3f67593749eb290c63537c0
message → {"code":401,"data":{},"message":"暂未登录或token已经过期"}
submit_code → 

=============================================

【 2022-05-21 10:24:26 】
api_code → api-1
api_respose → https://api.dztapi.com/get/sms?token=64368ccca3f67593749eb290c63537c0
message → {"code":401,"data":{},"message":"暂未登录或token已经过期"}
submit_code → 

=============================================

【 2022-05-21 10:24:29 】
api_code → api-1
api_respose → https://api.dztapi.com/get/sms?token=64368ccca3f67593749eb290c63537c0
message → {"code":401,"data":{},"message":"暂未登录或token已经过期"}
submit_code → 

=============================================

【 2022-05-21 10:24:33 】
api_code → api-1
api_respose → https://api.dztapi.com/get/sms?token=64368ccca3f67593749eb290c63537c0
message → {"code":401,"data":{},"message":"暂未登录或token已经过期"}
submit_code → 

=============================================

【 2022-05-21 10:24:35 】
api_code → api-1
api_respose → https://api.dztapi.com/get/sms?token=64368ccca3f67593749eb290c63537c0
message → {"code":401,"data":{},"message":"暂未登录或token已经过期"}
submit_code → 

=============================================

【 2022-05-21 10:24:38 】
api_code → api-1
api_respose → https://api.dztapi.com/get/sms?token=64368ccca3f67593749eb290c63537c0
message → {"code":401,"data":{},"message":"暂未登录或token已经过期"}
submit_code → 

=============================================

【 2022-05-21 10:24:40 】
api_code → api-1
api_respose → https://api.dztapi.com/get/sms?token=64368ccca3f67593749eb290c63537c0
message → {"code":401,"data":{},"message":"暂未登录或token已经过期"}
submit_code → 

=============================================

【 2022-05-21 10:24:43 】
api_code → api-1
api_respose → https://api.dztapi.com/get/sms?token=64368ccca3f67593749eb290c63537c0
message → {"code":401,"data":{},"message":"暂未登录或token已经过期"}
submit_code → 

=============================================

【 2022-05-21 10:24:45 】
api_code → api-1
api_respose → https://api.dztapi.com/get/sms?token=64368ccca3f67593749eb290c63537c0
message → {"code":401,"data":{},"message":"暂未登录或token已经过期"}
submit_code → 

=============================================

【 2022-05-21 10:24:48 】
api_code → api-1
api_respose → https://api.dztapi.com/get/sms?token=64368ccca3f67593749eb290c63537c0
message → {"code":401,"data":{},"message":"暂未登录或token已经过期"}
submit_code → 

=============================================

【 2022-05-21 10:24:50 】
api_code → api-1
api_respose → https://api.dztapi.com/get/sms?token=64368ccca3f67593749eb290c63537c0
message → {"code":401,"data":{},"message":"暂未登录或token已经过期"}
submit_code → 

=============================================

【 2022-05-21 10:24:53 】
api_code → api-1
api_respose → https://api.dztapi.com/get/sms?token=64368ccca3f67593749eb290c63537c0
message → {"code":401,"data":{},"message":"暂未登录或token已经过期"}
submit_code → 

=============================================

【 2022-05-21 10:24:55 】
api_code → api-1
api_respose → https://api.dztapi.com/get/sms?token=64368ccca3f67593749eb290c63537c0
message → {"code":401,"data":{},"message":"暂未登录或token已经过期"}
submit_code → 

=============================================

【 2022-05-21 10:24:58 】
api_code → api-1
api_respose → https://api.dztapi.com/get/sms?token=64368ccca3f67593749eb290c63537c0
message → {"code":401,"data":{},"message":"暂未登录或token已经过期"}
submit_code → 

=============================================

【 2022-05-21 10:25:00 】
api_code → api-1
api_respose → https://api.dztapi.com/get/sms?token=64368ccca3f67593749eb290c63537c0
message → {"code":401,"data":{},"message":"暂未登录或token已经过期"}
submit_code → 

=============================================

【 2022-05-21 10:25:04 】
api_code → api-1
api_respose → https://api.dztapi.com/get/sms?token=64368ccca3f67593749eb290c63537c0
message → no sms yet
submit_code → 

=============================================

【 2022-05-21 10:25:07 】
api_code → api-1
api_respose → https://api.dztapi.com/get/sms?token=64368ccca3f67593749eb290c63537c0
message → no sms yet
submit_code → 

=============================================

【 2022-05-21 10:25:10 】
api_code → api-1
api_respose → https://api.dztapi.com/get/sms?token=64368ccca3f67593749eb290c63537c0
message → no sms yet
submit_code → 

=============================================

【 2022-05-21 10:25:13 】
api_code → api-1
api_respose → https://api.dztapi.com/get/sms?token=64368ccca3f67593749eb290c63537c0
message → no sms yet
submit_code → 

=============================================

【 2022-05-21 10:25:36 】
api_id → 17345465
api_hash → 1fcfcffb77d010b5235b13e840a158ef
phone → 2268550334
api_code → api-1
api_respose → aHR0cHM6Ly9hcGkuZHp0YXBpLmNvbS9nZXQvc21zP3Rva2VuPTk1M2U2NmJlM2NiZWZkODg1MjM1MmQzODI0ZjhmOTFk
status → False
message → The phone number is invalid (caused by SendCodeRequest)
submit_code → 

=============================================

【 2022-05-21 10:25:39 】
api_code → api-1
api_respose → https://api.dztapi.com/get/sms?token=953e66be3cbefd8852352d3824f8f91d
message → no sms yet
submit_code → 

=============================================

【 2022-05-21 10:25:42 】
api_code → api-1
api_respose → https://api.dztapi.com/get/sms?token=953e66be3cbefd8852352d3824f8f91d
message → no sms yet
submit_code → 

=============================================

【 2022-05-21 10:25:45 】
api_code → api-1
api_respose → https://api.dztapi.com/get/sms?token=953e66be3cbefd8852352d3824f8f91d
message → no sms yet
submit_code → 

=============================================

【 2022-05-21 10:25:48 】
api_code → api-1
api_respose → https://api.dztapi.com/get/sms?token=953e66be3cbefd8852352d3824f8f91d
message → no sms yet
submit_code → 

=============================================

【 2022-05-21 10:25:51 】
api_code → api-1
api_respose → https://api.dztapi.com/get/sms?token=953e66be3cbefd8852352d3824f8f91d
message → no sms yet
submit_code → 

=============================================

【 2022-05-21 10:25:54 】
api_code → api-1
api_respose → https://api.dztapi.com/get/sms?token=953e66be3cbefd8852352d3824f8f91d
message → no sms yet
submit_code → 

=============================================

【 2022-05-21 10:25:57 】
api_code → api-1
api_respose → https://api.dztapi.com/get/sms?token=953e66be3cbefd8852352d3824f8f91d
message → no sms yet
submit_code → 

=============================================

【 2022-05-21 10:26:00 】
api_code → api-1
api_respose → https://api.dztapi.com/get/sms?token=953e66be3cbefd8852352d3824f8f91d
message → no sms yet
submit_code → 

=============================================

【 2022-05-21 10:26:03 】
api_code → api-1
api_respose → https://api.dztapi.com/get/sms?token=953e66be3cbefd8852352d3824f8f91d
message → no sms yet
submit_code → 

=============================================

【 2022-05-21 10:26:07 】
api_code → api-1
api_respose → https://api.dztapi.com/get/sms?token=953e66be3cbefd8852352d3824f8f91d
message → no sms yet
submit_code → 

=============================================

【 2022-05-21 10:26:11 】
api_code → api-1
api_respose → https://api.dztapi.com/get/sms?token=953e66be3cbefd8852352d3824f8f91d
message → no sms yet
submit_code → 

=============================================

【 2022-05-21 10:26:14 】
api_code → api-1
api_respose → https://api.dztapi.com/get/sms?token=953e66be3cbefd8852352d3824f8f91d
message → no sms yet
submit_code → 

=============================================

【 2022-05-21 10:27:58 】
api_code → api-1
api_respose → https://api.dztapi.com/get/sms?token=953e66be3cbefd8852352d3824f8f91d
message → no sms yet
submit_code → 

=============================================

【 2022-05-21 10:28:01 】
api_code → api-1
api_respose → https://api.dztapi.com/get/sms?token=953e66be3cbefd8852352d3824f8f91d
message → no sms yet
submit_code → 

=============================================

【 2022-05-21 10:28:04 】
api_code → api-1
api_respose → https://api.dztapi.com/get/sms?token=953e66be3cbefd8852352d3824f8f91d
message → no sms yet
submit_code → 

=============================================

【 2022-05-21 10:28:07 】
api_code → api-1
api_respose → https://api.dztapi.com/get/sms?token=953e66be3cbefd8852352d3824f8f91d
message → no sms yet
submit_code → 

=============================================

【 2022-05-21 10:28:10 】
api_code → api-1
api_respose → https://api.dztapi.com/get/sms?token=953e66be3cbefd8852352d3824f8f91d
message → no sms yet
submit_code → 

=============================================

【 2022-05-21 10:28:14 】
api_code → api-1
api_respose → https://api.dztapi.com/get/sms?token=953e66be3cbefd8852352d3824f8f91d
message → no sms yet
submit_code → 

=============================================

【 2022-05-21 10:28:17 】
api_code → api-1
api_respose → https://api.dztapi.com/get/sms?token=953e66be3cbefd8852352d3824f8f91d
message → no sms yet
submit_code → 

=============================================

【 2022-05-21 10:28:20 】
api_code → api-1
api_respose → https://api.dztapi.com/get/sms?token=953e66be3cbefd8852352d3824f8f91d
message → no sms yet
submit_code → 

=============================================

【 2022-05-21 10:28:23 】
api_code → api-1
api_respose → https://api.dztapi.com/get/sms?token=953e66be3cbefd8852352d3824f8f91d
message → no sms yet
submit_code → 

=============================================

【 2022-05-21 10:28:26 】
api_code → api-1
api_respose → https://api.dztapi.com/get/sms?token=953e66be3cbefd8852352d3824f8f91d
message → no sms yet
submit_code → 

=============================================

【 2022-05-21 10:28:29 】
api_code → api-1
api_respose → https://api.dztapi.com/get/sms?token=953e66be3cbefd8852352d3824f8f91d
message → no sms yet
submit_code → 

=============================================

【 2022-05-21 10:28:33 】
api_code → api-1
api_respose → https://api.dztapi.com/get/sms?token=953e66be3cbefd8852352d3824f8f91d
message → no sms yet
submit_code → 

=============================================

【 2022-05-21 10:28:36 】
api_code → api-1
api_respose → https://api.dztapi.com/get/sms?token=953e66be3cbefd8852352d3824f8f91d
message → no sms yet
submit_code → 

=============================================

【 2022-05-21 10:28:39 】
api_code → api-1
api_respose → https://api.dztapi.com/get/sms?token=953e66be3cbefd8852352d3824f8f91d
message → no sms yet
submit_code → 

=============================================

【 2022-05-21 10:28:42 】
api_code → api-1
api_respose → https://api.dztapi.com/get/sms?token=953e66be3cbefd8852352d3824f8f91d
message → no sms yet
submit_code → 

=============================================

【 2022-05-21 10:28:45 】
api_code → api-1
api_respose → https://api.dztapi.com/get/sms?token=953e66be3cbefd8852352d3824f8f91d
message → no sms yet
submit_code → 

=============================================

【 2022-05-21 10:28:48 】
api_code → api-1
api_respose → https://api.dztapi.com/get/sms?token=953e66be3cbefd8852352d3824f8f91d
message → no sms yet
submit_code → 

=============================================

【 2022-05-21 10:28:52 】
api_code → api-1
api_respose → https://api.dztapi.com/get/sms?token=953e66be3cbefd8852352d3824f8f91d
message → no sms yet
submit_code → 

=============================================

【 2022-05-21 10:28:55 】
api_code → api-1
api_respose → https://api.dztapi.com/get/sms?token=953e66be3cbefd8852352d3824f8f91d
message → no sms yet
submit_code → 

=============================================

【 2022-05-21 10:28:58 】
api_code → api-1
api_respose → https://api.dztapi.com/get/sms?token=953e66be3cbefd8852352d3824f8f91d
message → no sms yet
submit_code → 

=============================================

【 2022-05-21 10:29:01 】
api_code → api-1
api_respose → https://api.dztapi.com/get/sms?token=953e66be3cbefd8852352d3824f8f91d
message → no sms yet
submit_code → 

=============================================

【 2022-05-21 10:29:04 】
api_code → api-1
api_respose → https://api.dztapi.com/get/sms?token=953e66be3cbefd8852352d3824f8f91d
message → no sms yet
submit_code → 

=============================================

【 2022-05-21 10:29:07 】
api_code → api-1
api_respose → https://api.dztapi.com/get/sms?token=953e66be3cbefd8852352d3824f8f91d
message → no sms yet
submit_code → 

=============================================

【 2022-05-21 10:29:10 】
api_code → api-1
api_respose → https://api.dztapi.com/get/sms?token=953e66be3cbefd8852352d3824f8f91d
message → no sms yet
submit_code → 

=============================================

【 2022-05-21 10:29:13 】
api_code → api-1
api_respose → https://api.dztapi.com/get/sms?token=953e66be3cbefd8852352d3824f8f91d
message → no sms yet
submit_code → 

=============================================

【 2022-05-21 10:29:16 】
api_code → api-1
api_respose → https://api.dztapi.com/get/sms?token=953e66be3cbefd8852352d3824f8f91d
message → no sms yet
submit_code → 

=============================================

【 2022-05-21 10:29:19 】
api_code → api-1
api_respose → https://api.dztapi.com/get/sms?token=953e66be3cbefd8852352d3824f8f91d
message → no sms yet
submit_code → 

=============================================

【 2022-05-21 10:29:22 】
api_code → api-1
api_respose → https://api.dztapi.com/get/sms?token=953e66be3cbefd8852352d3824f8f91d
message → no sms yet
submit_code → 

=============================================

【 2022-05-21 10:29:25 】
api_code → api-1
api_respose → https://api.dztapi.com/get/sms?token=953e66be3cbefd8852352d3824f8f91d
message → no sms yet
submit_code → 

=============================================

【 2022-05-21 10:29:28 】
api_code → api-1
api_respose → https://api.dztapi.com/get/sms?token=953e66be3cbefd8852352d3824f8f91d
message → no sms yet
submit_code → 

=============================================

【 2022-05-21 10:29:31 】
api_code → api-1
api_respose → https://api.dztapi.com/get/sms?token=953e66be3cbefd8852352d3824f8f91d
message → no sms yet
submit_code → 

=============================================

【 2022-05-21 10:29:34 】
api_code → api-1
api_respose → https://api.dztapi.com/get/sms?token=953e66be3cbefd8852352d3824f8f91d
message → no sms yet
submit_code → 

=============================================

【 2022-05-21 10:29:37 】
api_code → api-1
api_respose → https://api.dztapi.com/get/sms?token=953e66be3cbefd8852352d3824f8f91d
message → no sms yet
submit_code → 

=============================================

【 2022-05-21 10:29:40 】
api_code → api-1
api_respose → https://api.dztapi.com/get/sms?token=953e66be3cbefd8852352d3824f8f91d
message → no sms yet
submit_code → 

=============================================

【 2022-05-21 10:29:57 】
api_code → api-1
api_respose → https://api.dztapi.com/get/sms?token=7d8f9ff4c1b4de44e3890047670d149d
message → no sms yet
submit_code → 

=============================================

【 2022-05-21 10:30:00 】
api_code → api-1
api_respose → https://api.dztapi.com/get/sms?token=7d8f9ff4c1b4de44e3890047670d149d
message → no sms yet
submit_code → 

=============================================

【 2022-05-21 10:30:03 】
api_code → api-1
api_respose → https://api.dztapi.com/get/sms?token=7d8f9ff4c1b4de44e3890047670d149d
message → no sms yet
submit_code → 

=============================================

【 2022-05-21 10:30:06 】
api_code → api-1
api_respose → https://api.dztapi.com/get/sms?token=7d8f9ff4c1b4de44e3890047670d149d
message → no sms yet
submit_code → 

=============================================

【 2022-05-21 10:30:35 】
api_code → api-1
api_respose → https://api.dztapi.com/get/sms?token=ca5da9e68d7fe71ee57156596e586580
message → no sms yet
submit_code → 

=============================================

【 2022-05-21 10:30:38 】
api_code → api-1
api_respose → https://api.dztapi.com/get/sms?token=ca5da9e68d7fe71ee57156596e586580
message → no sms yet
submit_code → 

=============================================

【 2022-05-21 10:30:42 】
api_code → api-1
api_respose → https://api.dztapi.com/get/sms?token=ca5da9e68d7fe71ee57156596e586580
message → no sms yet
submit_code → 

=============================================

【 2022-05-21 10:30:45 】
api_code → api-1
api_respose → https://api.dztapi.com/get/sms?token=ca5da9e68d7fe71ee57156596e586580
message → no sms yet
submit_code → 

=============================================

【 2022-05-21 10:30:48 】
api_code → api-1
api_respose → https://api.dztapi.com/get/sms?token=ca5da9e68d7fe71ee57156596e586580
message → no sms yet
submit_code → 

=============================================

【 2022-05-21 10:30:51 】
api_code → api-1
api_respose → https://api.dztapi.com/get/sms?token=ca5da9e68d7fe71ee57156596e586580
message → no sms yet
submit_code → 

=============================================

【 2022-05-21 10:30:54 】
api_code → api-1
api_respose → https://api.dztapi.com/get/sms?token=ca5da9e68d7fe71ee57156596e586580
message → no sms yet
submit_code → 

=============================================

【 2022-05-21 10:30:58 】
api_code → api-1
api_respose → https://api.dztapi.com/get/sms?token=ca5da9e68d7fe71ee57156596e586580
message → no sms yet
submit_code → 

=============================================

【 2022-05-21 10:31:01 】
api_code → api-1
api_respose → https://api.dztapi.com/get/sms?token=ca5da9e68d7fe71ee57156596e586580
message → no sms yet
submit_code → 

=============================================

【 2022-05-21 10:31:04 】
api_code → api-1
api_respose → https://api.dztapi.com/get/sms?token=ca5da9e68d7fe71ee57156596e586580
message → no sms yet
submit_code → 

=============================================

【 2022-05-21 10:31:07 】
api_code → api-1
api_respose → https://api.dztapi.com/get/sms?token=ca5da9e68d7fe71ee57156596e586580
message → no sms yet
submit_code → 

=============================================

【 2022-05-21 10:31:10 】
api_code → api-1
api_respose → https://api.dztapi.com/get/sms?token=ca5da9e68d7fe71ee57156596e586580
message → no sms yet
submit_code → 

=============================================

【 2022-05-21 10:31:13 】
api_code → api-1
api_respose → https://api.dztapi.com/get/sms?token=ca5da9e68d7fe71ee57156596e586580
message → no sms yet
submit_code → 

=============================================

【 2022-05-21 10:31:16 】
api_code → api-1
api_respose → https://api.dztapi.com/get/sms?token=ca5da9e68d7fe71ee57156596e586580
message → no sms yet
submit_code → 

=============================================

【 2022-05-21 10:31:20 】
api_code → api-1
api_respose → https://api.dztapi.com/get/sms?token=ca5da9e68d7fe71ee57156596e586580
message → no sms yet
submit_code → 

=============================================

【 2022-05-21 10:31:23 】
api_code → api-1
api_respose → https://api.dztapi.com/get/sms?token=ca5da9e68d7fe71ee57156596e586580
message → no sms yet
submit_code → 

=============================================

【 2022-05-21 10:31:26 】
api_code → api-1
api_respose → https://api.dztapi.com/get/sms?token=ca5da9e68d7fe71ee57156596e586580
message → no sms yet
submit_code → 

=============================================

【 2022-05-21 10:31:29 】
api_code → api-1
api_respose → https://api.dztapi.com/get/sms?token=ca5da9e68d7fe71ee57156596e586580
message → no sms yet
submit_code → 

=============================================

【 2022-05-21 10:31:32 】
api_code → api-1
api_respose → https://api.dztapi.com/get/sms?token=ca5da9e68d7fe71ee57156596e586580
message → no sms yet
submit_code → 

=============================================

【 2022-05-21 10:31:35 】
api_code → api-1
api_respose → https://api.dztapi.com/get/sms?token=ca5da9e68d7fe71ee57156596e586580
message → no sms yet
submit_code → 

=============================================

【 2022-05-21 10:31:38 】
api_code → api-1
api_respose → https://api.dztapi.com/get/sms?token=ca5da9e68d7fe71ee57156596e586580
message → no sms yet
submit_code → 

=============================================

【 2022-05-21 10:31:42 】
api_code → api-1
api_respose → https://api.dztapi.com/get/sms?token=ca5da9e68d7fe71ee57156596e586580
message → no sms yet
submit_code → 

=============================================

【 2022-05-21 10:31:45 】
api_code → api-1
api_respose → https://api.dztapi.com/get/sms?token=ca5da9e68d7fe71ee57156596e586580
message → no sms yet
submit_code → 

=============================================

【 2022-05-21 10:31:48 】
api_code → api-1
api_respose → https://api.dztapi.com/get/sms?token=ca5da9e68d7fe71ee57156596e586580
message → no sms yet
submit_code → 

=============================================

【 2022-05-21 10:31:51 】
api_code → api-1
api_respose → https://api.dztapi.com/get/sms?token=ca5da9e68d7fe71ee57156596e586580
message → no sms yet
submit_code → 

=============================================

【 2022-05-21 10:31:54 】
api_code → api-1
api_respose → https://api.dztapi.com/get/sms?token=ca5da9e68d7fe71ee57156596e586580
message → no sms yet
submit_code → 

=============================================

【 2022-05-21 10:31:57 】
api_code → api-1
api_respose → https://api.dztapi.com/get/sms?token=ca5da9e68d7fe71ee57156596e586580
message → no sms yet
submit_code → 

=============================================

【 2022-05-21 10:32:00 】
api_code → api-1
api_respose → https://api.dztapi.com/get/sms?token=ca5da9e68d7fe71ee57156596e586580
message → no sms yet
submit_code → 

=============================================

【 2022-05-21 10:32:03 】
api_code → api-1
api_respose → https://api.dztapi.com/get/sms?token=ca5da9e68d7fe71ee57156596e586580
message → no sms yet
submit_code → 

=============================================

【 2022-05-21 10:32:07 】
api_code → api-1
api_respose → https://api.dztapi.com/get/sms?token=ca5da9e68d7fe71ee57156596e586580
message → no sms yet
submit_code → 

=============================================

【 2022-05-21 10:32:45 】
api_code → api-1
api_respose → https://api.dztapi.com/get/sms?token=ca5da9e68d7fe71ee57156596e586580
message → no sms yet
submit_code → 

=============================================

【 2022-05-21 10:32:48 】
api_code → api-1
api_respose → https://api.dztapi.com/get/sms?token=ca5da9e68d7fe71ee57156596e586580
message → no sms yet
submit_code → 

=============================================

【 2022-05-21 10:32:51 】
api_code → api-1
api_respose → https://api.dztapi.com/get/sms?token=ca5da9e68d7fe71ee57156596e586580
message → no sms yet
submit_code → 

=============================================

【 2022-05-21 10:32:54 】
api_code → api-1
api_respose → https://api.dztapi.com/get/sms?token=ca5da9e68d7fe71ee57156596e586580
message → no sms yet
submit_code → 

=============================================

【 2022-05-21 10:32:57 】
api_code → api-1
api_respose → https://api.dztapi.com/get/sms?token=ca5da9e68d7fe71ee57156596e586580
message → no sms yet
submit_code → 

=============================================

【 2022-05-21 10:33:00 】
api_code → api-1
api_respose → https://api.dztapi.com/get/sms?token=ca5da9e68d7fe71ee57156596e586580
message → no sms yet
submit_code → 

=============================================

【 2022-05-21 10:33:03 】
api_code → api-1
api_respose → https://api.dztapi.com/get/sms?token=ca5da9e68d7fe71ee57156596e586580
message → no sms yet
submit_code → 

=============================================

【 2022-05-21 10:33:06 】
api_code → api-1
api_respose → https://api.dztapi.com/get/sms?token=ca5da9e68d7fe71ee57156596e586580
message → no sms yet
submit_code → 

=============================================

【 2022-05-21 10:33:08 】
api_code → api-1
api_respose → https://api.dztapi.com/get/sms?token=ca5da9e68d7fe71ee57156596e586580
message → no sms yet
submit_code → 

=============================================

【 2022-05-21 10:33:11 】
api_code → api-1
api_respose → https://api.dztapi.com/get/sms?token=ca5da9e68d7fe71ee57156596e586580
message → no sms yet
submit_code → 

=============================================

【 2022-05-21 10:33:14 】
api_code → api-1
api_respose → https://api.dztapi.com/get/sms?token=ca5da9e68d7fe71ee57156596e586580
message → no sms yet
submit_code → 

=============================================

【 2022-05-21 10:33:17 】
api_code → api-1
api_respose → https://api.dztapi.com/get/sms?token=ca5da9e68d7fe71ee57156596e586580
message → no sms yet
submit_code → 

=============================================

【 2022-05-21 10:33:20 】
api_code → api-1
api_respose → https://api.dztapi.com/get/sms?token=ca5da9e68d7fe71ee57156596e586580
message → no sms yet
submit_code → 

=============================================

【 2022-05-21 10:33:23 】
api_code → api-1
api_respose → https://api.dztapi.com/get/sms?token=ca5da9e68d7fe71ee57156596e586580
message → no sms yet
submit_code → 

=============================================

【 2022-05-21 10:33:26 】
api_code → api-1
api_respose → https://api.dztapi.com/get/sms?token=ca5da9e68d7fe71ee57156596e586580
message → no sms yet
submit_code → 

=============================================

【 2022-05-21 10:33:29 】
api_code → api-1
api_respose → https://api.dztapi.com/get/sms?token=ca5da9e68d7fe71ee57156596e586580
message → no sms yet
submit_code → 

=============================================

【 2022-05-21 10:33:32 】
api_code → api-1
api_respose → https://api.dztapi.com/get/sms?token=ca5da9e68d7fe71ee57156596e586580
message → no sms yet
submit_code → 

=============================================

【 2022-05-21 10:35:41 】
api_code → api-1
api_respose → https://api.dztapi.com/get/sms?token=ca5da9e68d7fe71ee57156596e586580
message → no sms yet
submit_code → 

=============================================

【 2022-05-21 10:35:44 】
api_code → api-1
api_respose → https://api.dztapi.com/get/sms?token=ca5da9e68d7fe71ee57156596e586580
message → no sms yet
submit_code → 

=============================================

【 2022-05-21 10:35:48 】
api_code → api-1
api_respose → https://api.dztapi.com/get/sms?token=ca5da9e68d7fe71ee57156596e586580
message → no sms yet
submit_code → 

=============================================

【 2022-05-21 10:35:51 】
api_code → api-1
api_respose → https://api.dztapi.com/get/sms?token=ca5da9e68d7fe71ee57156596e586580
message → no sms yet
submit_code → 

=============================================

【 2022-05-21 10:35:54 】
api_code → api-1
api_respose → https://api.dztapi.com/get/sms?token=ca5da9e68d7fe71ee57156596e586580
message → no sms yet
submit_code → 

=============================================

【 2022-05-21 10:35:58 】
api_code → api-1
api_respose → https://api.dztapi.com/get/sms?token=ca5da9e68d7fe71ee57156596e586580
message → no sms yet
submit_code → 

=============================================

【 2022-05-21 10:36:01 】
api_code → api-1
api_respose → https://api.dztapi.com/get/sms?token=ca5da9e68d7fe71ee57156596e586580
message → no sms yet
submit_code → 

=============================================

【 2022-05-21 10:36:04 】
api_code → api-1
api_respose → https://api.dztapi.com/get/sms?token=ca5da9e68d7fe71ee57156596e586580
message → no sms yet
submit_code → 

=============================================

【 2022-05-21 10:36:08 】
api_code → api-1
api_respose → https://api.dztapi.com/get/sms?token=ca5da9e68d7fe71ee57156596e586580
message → no sms yet
submit_code → 

=============================================

【 2022-05-21 10:36:11 】
api_code → api-1
api_respose → https://api.dztapi.com/get/sms?token=ca5da9e68d7fe71ee57156596e586580
message → no sms yet
submit_code → 

=============================================

【 2022-05-21 10:36:14 】
api_code → api-1
api_respose → https://api.dztapi.com/get/sms?token=ca5da9e68d7fe71ee57156596e586580
message → no sms yet
submit_code → 

=============================================

【 2022-05-21 10:36:17 】
api_code → api-1
api_respose → https://api.dztapi.com/get/sms?token=ca5da9e68d7fe71ee57156596e586580
message → no sms yet
submit_code → 

=============================================

【 2022-05-21 10:36:21 】
api_code → api-1
api_respose → https://api.dztapi.com/get/sms?token=ca5da9e68d7fe71ee57156596e586580
message → no sms yet
submit_code → 

=============================================

【 2022-05-21 10:36:24 】
api_code → api-1
api_respose → https://api.dztapi.com/get/sms?token=ca5da9e68d7fe71ee57156596e586580
message → no sms yet
submit_code → 

=============================================

【 2022-05-21 10:36:28 】
api_code → api-1
api_respose → https://api.dztapi.com/get/sms?token=ca5da9e68d7fe71ee57156596e586580
message → no sms yet
submit_code → 

=============================================

【 2022-05-21 10:36:31 】
api_code → api-1
api_respose → https://api.dztapi.com/get/sms?token=ca5da9e68d7fe71ee57156596e586580
message → no sms yet
submit_code → 

=============================================

【 2022-05-21 10:36:34 】
api_code → api-1
api_respose → https://api.dztapi.com/get/sms?token=ca5da9e68d7fe71ee57156596e586580
message → no sms yet
submit_code → 

=============================================

【 2022-05-21 10:36:38 】
api_code → api-1
api_respose → https://api.dztapi.com/get/sms?token=ca5da9e68d7fe71ee57156596e586580
message → no sms yet
submit_code → 

=============================================

【 2022-05-21 10:36:42 】
api_code → api-1
api_respose → https://api.dztapi.com/get/sms?token=ca5da9e68d7fe71ee57156596e586580
message → no sms yet
submit_code → 

=============================================

【 2022-05-21 10:36:47 】
api_code → api-1
api_respose → https://api.dztapi.com/get/sms?token=ca5da9e68d7fe71ee57156596e586580
message → no sms yet
submit_code → 

=============================================

【 2022-05-21 10:36:51 】
api_code → api-1
api_respose → https://api.dztapi.com/get/sms?token=ca5da9e68d7fe71ee57156596e586580
message → no sms yet
submit_code → 

=============================================

【 2022-05-21 10:37:31 】
api_code → api-1
api_respose → https://api.dztapi.com/get/sms?token=ca5da9e68d7fe71ee57156596e586580
message → no sms yet
submit_code → 

=============================================

【 2022-05-21 10:37:34 】
api_code → api-1
api_respose → https://api.dztapi.com/get/sms?token=ca5da9e68d7fe71ee57156596e586580
message → no sms yet
submit_code → 

=============================================

【 2022-05-21 10:37:38 】
api_code → api-1
api_respose → https://api.dztapi.com/get/sms?token=ca5da9e68d7fe71ee57156596e586580
message → no sms yet
submit_code → 

=============================================

【 2022-05-21 10:37:42 】
api_code → api-1
api_respose → https://api.dztapi.com/get/sms?token=ca5da9e68d7fe71ee57156596e586580
message → no sms yet
submit_code → 

=============================================

【 2022-05-21 10:37:45 】
api_code → api-1
api_respose → https://api.dztapi.com/get/sms?token=ca5da9e68d7fe71ee57156596e586580
message → no sms yet
submit_code → 

=============================================

【 2022-05-21 10:37:48 】
api_code → api-1
api_respose → https://api.dztapi.com/get/sms?token=ca5da9e68d7fe71ee57156596e586580
message → no sms yet
submit_code → 

=============================================

【 2022-05-21 10:37:52 】
api_code → api-1
api_respose → https://api.dztapi.com/get/sms?token=ca5da9e68d7fe71ee57156596e586580
message → no sms yet
submit_code → 

=============================================

【 2022-05-21 10:37:56 】
api_code → api-1
api_respose → https://api.dztapi.com/get/sms?token=ca5da9e68d7fe71ee57156596e586580
message → no sms yet
submit_code → 

=============================================

【 2022-05-21 10:38:00 】
api_code → api-1
api_respose → https://api.dztapi.com/get/sms?token=ca5da9e68d7fe71ee57156596e586580
message → Telegram code: 11011 You can also tap on this link to log in: https://t.me/login/11011
submit_code → 

=============================================

【 2022-05-21 10:38:03 】
api_code → api-1
api_respose → https://api.dztapi.com/get/sms?token=ca5da9e68d7fe71ee57156596e586580
message → Telegram code: 11011 You can also tap on this link to log in: https://t.me/login/11011
submit_code → 

=============================================

【 2022-05-21 10:38:08 】
api_code → api-1
api_respose → https://api.dztapi.com/get/sms?token=ca5da9e68d7fe71ee57156596e586580
message → Telegram code: 11011 You can also tap on this link to log in: https://t.me/login/11011
submit_code → 

=============================================

【 2022-05-21 10:39:09 】
api_code → api-1
api_respose → https://api.dztapi.com/get/sms?token=ca5da9e68d7fe71ee57156596e586580
message → Telegram code: 11011 You can also tap on this link to log in: https://t.me/login/11011
submit_code → 

=============================================

【 2022-05-21 10:39:47 】
api_code → api-1
api_respose → https://api.dztapi.com/get/sms?token=ca5da9e68d7fe71ee57156596e586580
message → Telegram code: 11011 You can also tap on this link to log in: https://t.me/login/11011
submit_code → 

=============================================

【 2022-05-21 10:39:51 】
api_code → api-1
api_respose → https://api.dztapi.com/get/sms?token=ca5da9e68d7fe71ee57156596e586580
message → Telegram code: 11011 You can also tap on this link to log in: https://t.me/login/11011
submit_code → 

=============================================

【 2022-05-21 10:39:54 】
api_code → api-1
api_respose → https://api.dztapi.com/get/sms?token=ca5da9e68d7fe71ee57156596e586580
message → Telegram code: 11011 You can also tap on this link to log in: https://t.me/login/11011
submit_code → 

=============================================

【 2022-05-21 10:39:57 】
api_code → api-1
api_respose → https://api.dztapi.com/get/sms?token=ca5da9e68d7fe71ee57156596e586580
message → Telegram code: 11011 You can also tap on this link to log in: https://t.me/login/11011
submit_code → 

=============================================

【 2022-05-21 10:40:01 】
api_code → api-1
api_respose → https://api.dztapi.com/get/sms?token=ca5da9e68d7fe71ee57156596e586580
message → Telegram code: 11011 You can also tap on this link to log in: https://t.me/login/11011
submit_code → 

=============================================

【 2022-05-21 10:40:06 】
api_code → api-1
api_respose → https://api.dztapi.com/get/sms?token=ca5da9e68d7fe71ee57156596e586580
message → Telegram code: 11011 You can also tap on this link to log in: https://t.me/login/11011
submit_code → 

=============================================

【 2022-05-21 10:40:09 】
api_code → api-1
api_respose → https://api.dztapi.com/get/sms?token=ca5da9e68d7fe71ee57156596e586580
message → Telegram code: 11011 You can also tap on this link to log in: https://t.me/login/11011
submit_code → 

=============================================

【 2022-05-21 10:40:14 】
api_code → api-1
api_respose → https://api.dztapi.com/get/sms?token=ca5da9e68d7fe71ee57156596e586580
message → Telegram code: 11011 You can also tap on this link to log in: https://t.me/login/11011
submit_code → 

=============================================

【 2022-05-21 10:40:17 】
api_code → api-1
api_respose → https://api.dztapi.com/get/sms?token=ca5da9e68d7fe71ee57156596e586580
message → Telegram code: 11011 You can also tap on this link to log in: https://t.me/login/11011
submit_code → 

=============================================

【 2022-05-21 10:40:26 】
api_code → api-1
api_respose → https://api.dztapi.com/get/sms?token=ca5da9e68d7fe71ee57156596e586580
message → Telegram code: 11011 You can also tap on this link to log in: https://t.me/login/11011
submit_code → 

=============================================

【 2022-05-21 10:40:29 】
api_code → api-1
api_respose → https://api.dztapi.com/get/sms?token=ca5da9e68d7fe71ee57156596e586580
message → Telegram code: 11011 You can also tap on this link to log in: https://t.me/login/11011
submit_code → 

=============================================

【 2022-05-21 10:40:33 】
api_code → api-1
api_respose → https://api.dztapi.com/get/sms?token=ca5da9e68d7fe71ee57156596e586580
message → Telegram code: 11011 You can also tap on this link to log in: https://t.me/login/11011
submit_code → 

=============================================

【 2022-05-21 10:40:37 】
api_code → api-1
api_respose → https://api.dztapi.com/get/sms?token=ca5da9e68d7fe71ee57156596e586580
message → Telegram code: 11011 You can also tap on this link to log in: https://t.me/login/11011
submit_code → 

=============================================

【 2022-05-21 10:40:40 】
api_code → api-1
api_respose → https://api.dztapi.com/get/sms?token=ca5da9e68d7fe71ee57156596e586580
message → Telegram code: 11011 You can also tap on this link to log in: https://t.me/login/11011
submit_code → 

=============================================

【 2022-05-21 10:41:05 】
api_code → api-1
api_respose → https://api.dztapi.com/get/sms?token=ca5da9e68d7fe71ee57156596e586580
message → Telegram code: 11011 You can also tap on this link to log in: https://t.me/login/11011
submit_code → 

=============================================

【 2022-05-21 10:41:08 】
api_code → api-1
api_respose → https://api.dztapi.com/get/sms?token=ca5da9e68d7fe71ee57156596e586580
message → Telegram code: 11011 You can also tap on this link to log in: https://t.me/login/11011
submit_code → 

=============================================

【 2022-05-21 10:41:17 】
api_code → api-1
api_respose → https://api.dztapi.com/get/sms?token=ca5da9e68d7fe71ee57156596e586580
message → Telegram code: 11011 You can also tap on this link to log in: https://t.me/login/11011
submit_code → 

=============================================

【 2022-05-21 10:41:20 】
api_code → api-1
api_respose → https://api.dztapi.com/get/sms?token=ca5da9e68d7fe71ee57156596e586580
message → Telegram code: 11011 You can also tap on this link to log in: https://t.me/login/11011
submit_code → 

=============================================

【 2022-05-21 10:41:23 】
api_code → api-1
api_respose → https://api.dztapi.com/get/sms?token=ca5da9e68d7fe71ee57156596e586580
message → Telegram code: 11011 You can also tap on this link to log in: https://t.me/login/11011
submit_code → 

=============================================

【 2022-05-21 10:41:27 】
api_code → api-1
api_respose → https://api.dztapi.com/get/sms?token=ca5da9e68d7fe71ee57156596e586580
message → Telegram code: 11011 You can also tap on this link to log in: https://t.me/login/11011
submit_code → 

=============================================

【 2022-05-21 10:41:31 】
api_code → api-1
api_respose → https://api.dztapi.com/get/sms?token=ca5da9e68d7fe71ee57156596e586580
message → Telegram code: 11011 You can also tap on this link to log in: https://t.me/login/11011
submit_code → 

=============================================

【 2022-05-21 10:41:34 】
api_code → api-1
api_respose → https://api.dztapi.com/get/sms?token=ca5da9e68d7fe71ee57156596e586580
message → Telegram code: 11011 You can also tap on this link to log in: https://t.me/login/11011
submit_code → 

=============================================

【 2022-05-21 10:41:37 】
api_code → api-1
api_respose → https://api.dztapi.com/get/sms?token=ca5da9e68d7fe71ee57156596e586580
message → Telegram code: 11011 You can also tap on this link to log in: https://t.me/login/11011
submit_code → 

=============================================

【 2022-05-21 10:41:41 】
api_code → api-1
api_respose → https://api.dztapi.com/get/sms?token=ca5da9e68d7fe71ee57156596e586580
message → Telegram code: 11011 You can also tap on this link to log in: https://t.me/login/11011
submit_code → 

=============================================

【 2022-05-21 10:41:44 】
api_code → api-1
api_respose → https://api.dztapi.com/get/sms?token=ca5da9e68d7fe71ee57156596e586580
message → Telegram code: 11011 You can also tap on this link to log in: https://t.me/login/11011
submit_code → 

=============================================

【 2022-05-21 10:41:48 】
api_code → api-1
api_respose → https://api.dztapi.com/get/sms?token=ca5da9e68d7fe71ee57156596e586580
message → Telegram code: 11011 You can also tap on this link to log in: https://t.me/login/11011
submit_code → 

=============================================

【 2022-05-21 10:41:51 】
api_code → api-1
api_respose → https://api.dztapi.com/get/sms?token=ca5da9e68d7fe71ee57156596e586580
message → Telegram code: 11011 You can also tap on this link to log in: https://t.me/login/11011
submit_code → 

=============================================

【 2022-05-21 10:41:54 】
api_code → api-1
api_respose → https://api.dztapi.com/get/sms?token=ca5da9e68d7fe71ee57156596e586580
message → Telegram code: 11011 You can also tap on this link to log in: https://t.me/login/11011
submit_code → 

=============================================

【 2022-05-21 10:41:58 】
api_code → api-1
api_respose → https://api.dztapi.com/get/sms?token=ca5da9e68d7fe71ee57156596e586580
message → Telegram code: 11011 You can also tap on this link to log in: https://t.me/login/11011
submit_code → 

=============================================

【 2022-05-21 10:42:01 】
api_code → api-1
api_respose → https://api.dztapi.com/get/sms?token=ca5da9e68d7fe71ee57156596e586580
message → Telegram code: 11011 You can also tap on this link to log in: https://t.me/login/11011
submit_code → 

=============================================

【 2022-05-21 10:42:04 】
api_code → api-1
api_respose → https://api.dztapi.com/get/sms?token=ca5da9e68d7fe71ee57156596e586580
message → Telegram code: 11011 You can also tap on this link to log in: https://t.me/login/11011
submit_code → 

=============================================

【 2022-05-21 10:42:08 】
api_code → api-1
api_respose → https://api.dztapi.com/get/sms?token=ca5da9e68d7fe71ee57156596e586580
message → Telegram code: 11011 You can also tap on this link to log in: https://t.me/login/11011
submit_code → 

=============================================

【 2022-05-21 10:48:31 】
api_code → api-1
api_respose → https://api.dztapi.com/get/sms?token=ca5da9e68d7fe71ee57156596e586580
message → no sms yet
submit_code → 

=============================================

【 2022-05-21 10:50:58 】
api_code → api-1
api_respose → https://api.dztapi.com/get/sms?token=ca5da9e68d7fe71ee57156596e586580
message → no sms yet
submit_code → 

=============================================

【 2022-05-21 10:53:22 】
api_code → api-1
api_respose → https://api.dztapi.com/get/sms?token=ca5da9e68d7fe71ee57156596e586580
message → Telegram code 29065
submit_code → 

=============================================

【 2022-05-21 10:53:26 】
api_code → api-1
api_respose → https://api.dztapi.com/get/sms?token=ca5da9e68d7fe71ee57156596e586580
message → Telegram code 29065
submit_code → 

=============================================

【 2022-05-21 10:53:27 】
api_code → api-1
api_respose → https://api.dztapi.com/get/sms?token=ca5da9e68d7fe71ee57156596e586580
message → Telegram code 29065
submit_code → 

=============================================

【 2022-05-21 10:53:29 】
api_code → api-1
api_respose → https://api.dztapi.com/get/sms?token=ca5da9e68d7fe71ee57156596e586580
message → Telegram code 29065
submit_code → 

=============================================

【 2022-05-21 10:53:32 】
api_code → api-1
api_respose → https://api.dztapi.com/get/sms?token=ca5da9e68d7fe71ee57156596e586580
message → Telegram code 29065
submit_code → 

=============================================

【 2022-05-21 10:53:35 】
api_code → api-1
api_respose → https://api.dztapi.com/get/sms?token=ca5da9e68d7fe71ee57156596e586580
message → Telegram code 29065
submit_code → 

=============================================

【 2022-05-21 10:53:39 】
api_code → api-1
api_respose → https://api.dztapi.com/get/sms?token=ca5da9e68d7fe71ee57156596e586580
message → Telegram code 29065
submit_code → 

=============================================

【 2022-05-21 10:53:43 】
api_code → api-1
api_respose → https://api.dztapi.com/get/sms?token=ca5da9e68d7fe71ee57156596e586580
message → Telegram code 29065
submit_code → 

=============================================

【 2022-05-21 10:53:47 】
api_code → api-1
api_respose → https://api.dztapi.com/get/sms?token=ca5da9e68d7fe71ee57156596e586580
message → Telegram code 29065
submit_code → 

=============================================

【 2022-05-21 10:53:50 】
api_code → api-1
api_respose → https://api.dztapi.com/get/sms?token=ca5da9e68d7fe71ee57156596e586580
message → Telegram code 29065
submit_code → 

=============================================

【 2022-05-21 10:53:53 】
api_code → api-1
api_respose → https://api.dztapi.com/get/sms?token=ca5da9e68d7fe71ee57156596e586580
message → Telegram code 29065
submit_code → 

=============================================

【 2022-05-21 10:53:57 】
api_code → api-1
api_respose → https://api.dztapi.com/get/sms?token=ca5da9e68d7fe71ee57156596e586580
message → Telegram code 29065
submit_code → 

=============================================

【 2022-05-21 10:54:01 】
api_code → api-1
api_respose → https://api.dztapi.com/get/sms?token=ca5da9e68d7fe71ee57156596e586580
message → Telegram code 29065
submit_code → 

=============================================

【 2022-05-21 10:54:04 】
api_code → api-1
api_respose → https://api.dztapi.com/get/sms?token=ca5da9e68d7fe71ee57156596e586580
message → Telegram code 29065
submit_code → 

=============================================

【 2022-05-21 10:54:08 】
api_code → api-1
api_respose → https://api.dztapi.com/get/sms?token=ca5da9e68d7fe71ee57156596e586580
message → Telegram code 29065
submit_code → 

=============================================

【 2022-05-21 10:54:11 】
api_code → api-1
api_respose → https://api.dztapi.com/get/sms?token=ca5da9e68d7fe71ee57156596e586580
message → Telegram code 29065
submit_code → 

=============================================

【 2022-05-21 10:54:14 】
api_code → api-1
api_respose → https://api.dztapi.com/get/sms?token=ca5da9e68d7fe71ee57156596e586580
message → Telegram code 29065
submit_code → 

=============================================

【 2022-05-21 10:54:18 】
api_code → api-1
api_respose → https://api.dztapi.com/get/sms?token=ca5da9e68d7fe71ee57156596e586580
message → Telegram code 29065
submit_code → 

=============================================

【 2022-05-21 10:54:21 】
api_code → api-1
api_respose → https://api.dztapi.com/get/sms?token=ca5da9e68d7fe71ee57156596e586580
message → Telegram code 29065
submit_code → 

=============================================

【 2022-05-21 10:54:24 】
api_code → api-1
api_respose → https://api.dztapi.com/get/sms?token=ca5da9e68d7fe71ee57156596e586580
message → Telegram code 29065
submit_code → 

=============================================

【 2022-05-21 10:54:28 】
api_code → api-1
api_respose → https://api.dztapi.com/get/sms?token=ca5da9e68d7fe71ee57156596e586580
message → Telegram code 29065
submit_code → 

=============================================

【 2022-05-21 10:54:31 】
api_code → api-1
api_respose → https://api.dztapi.com/get/sms?token=ca5da9e68d7fe71ee57156596e586580
message → Telegram code 29065
submit_code → 

=============================================

【 2022-05-21 10:54:34 】
api_code → api-1
api_respose → https://api.dztapi.com/get/sms?token=ca5da9e68d7fe71ee57156596e586580
message → Telegram code 29065
submit_code → 

=============================================

【 2022-05-21 10:54:38 】
api_code → api-1
api_respose → https://api.dztapi.com/get/sms?token=ca5da9e68d7fe71ee57156596e586580
message → Telegram code 29065
submit_code → 

=============================================

【 2022-05-21 10:54:41 】
api_code → api-1
api_respose → https://api.dztapi.com/get/sms?token=ca5da9e68d7fe71ee57156596e586580
message → Telegram code 29065
submit_code → 

=============================================

【 2022-05-21 10:54:44 】
api_code → api-1
api_respose → https://api.dztapi.com/get/sms?token=ca5da9e68d7fe71ee57156596e586580
message → Telegram code 29065
submit_code → 

=============================================

【 2022-05-21 10:54:48 】
api_code → api-1
api_respose → https://api.dztapi.com/get/sms?token=ca5da9e68d7fe71ee57156596e586580
message → Telegram code 29065
submit_code → 

=============================================

【 2022-05-21 10:54:51 】
api_code → api-1
api_respose → https://api.dztapi.com/get/sms?token=ca5da9e68d7fe71ee57156596e586580
message → Telegram code 29065
submit_code → 

=============================================

【 2022-05-21 10:54:54 】
api_code → api-1
api_respose → https://api.dztapi.com/get/sms?token=ca5da9e68d7fe71ee57156596e586580
message → Telegram code 29065
submit_code → 

=============================================

【 2022-05-21 10:54:57 】
api_code → api-1
api_respose → https://api.dztapi.com/get/sms?token=ca5da9e68d7fe71ee57156596e586580
message → Telegram code 29065
submit_code → 

=============================================

【 2022-05-21 10:55:01 】
api_code → api-1
api_respose → https://api.dztapi.com/get/sms?token=ca5da9e68d7fe71ee57156596e586580
message → Telegram code 29065
submit_code → 

=============================================

【 2022-05-21 10:55:04 】
api_code → api-1
api_respose → https://api.dztapi.com/get/sms?token=ca5da9e68d7fe71ee57156596e586580
message → Telegram code 29065
submit_code → 

=============================================

【 2022-05-21 10:55:07 】
api_code → api-1
api_respose → https://api.dztapi.com/get/sms?token=ca5da9e68d7fe71ee57156596e586580
message → Telegram code 29065
submit_code → 

=============================================

【 2022-05-21 10:55:11 】
api_code → api-1
api_respose → https://api.dztapi.com/get/sms?token=ca5da9e68d7fe71ee57156596e586580
message → Telegram code 29065
submit_code → 

=============================================

【 2022-05-21 10:55:14 】
api_code → api-1
api_respose → https://api.dztapi.com/get/sms?token=ca5da9e68d7fe71ee57156596e586580
message → Telegram code 29065
submit_code → 

=============================================

【 2022-05-21 10:55:18 】
api_code → api-1
api_respose → https://api.dztapi.com/get/sms?token=ca5da9e68d7fe71ee57156596e586580
message → Telegram code 29065
submit_code → 

=============================================

【 2022-05-21 10:55:21 】
api_code → api-1
api_respose → https://api.dztapi.com/get/sms?token=ca5da9e68d7fe71ee57156596e586580
message → Telegram code 29065
submit_code → 

=============================================

【 2022-05-21 10:55:24 】
api_code → api-1
api_respose → https://api.dztapi.com/get/sms?token=ca5da9e68d7fe71ee57156596e586580
message → Telegram code 29065
submit_code → 

=============================================

【 2022-05-21 10:55:28 】
api_code → api-1
api_respose → https://api.dztapi.com/get/sms?token=ca5da9e68d7fe71ee57156596e586580
message → Telegram code 29065
submit_code → 

=============================================

【 2022-05-21 10:55:31 】
api_code → api-1
api_respose → https://api.dztapi.com/get/sms?token=ca5da9e68d7fe71ee57156596e586580
message → Telegram code 29065
submit_code → 

=============================================

【 2022-05-21 10:55:34 】
api_code → api-1
api_respose → https://api.dztapi.com/get/sms?token=ca5da9e68d7fe71ee57156596e586580
message → Telegram code 29065
submit_code → 

=============================================

【 2022-05-21 10:55:39 】
api_code → api-1
api_respose → https://api.dztapi.com/get/sms?token=ca5da9e68d7fe71ee57156596e586580
message → Telegram code 29065
submit_code → 

=============================================

【 2022-05-21 10:55:40 】
api_code → api-1
api_respose → https://api.dztapi.com/get/sms?token=ca5da9e68d7fe71ee57156596e586580
message → Telegram code 29065
submit_code → 

=============================================

【 2022-05-21 10:55:43 】
api_code → api-1
api_respose → https://api.dztapi.com/get/sms?token=ca5da9e68d7fe71ee57156596e586580
message → Telegram code 29065
submit_code → 

=============================================

【 2022-05-21 10:55:48 】
api_code → api-1
api_respose → https://api.dztapi.com/get/sms?token=ca5da9e68d7fe71ee57156596e586580
message → Telegram code 29065
submit_code → 

=============================================

【 2022-05-21 10:55:51 】
api_code → api-1
api_respose → https://api.dztapi.com/get/sms?token=ca5da9e68d7fe71ee57156596e586580
message → Telegram code 29065
submit_code → 

=============================================

【 2022-05-21 10:55:55 】
api_code → api-1
api_respose → https://api.dztapi.com/get/sms?token=ca5da9e68d7fe71ee57156596e586580
message → Telegram code 29065
submit_code → 

=============================================

【 2022-05-21 10:55:58 】
api_code → api-1
api_respose → https://api.dztapi.com/get/sms?token=ca5da9e68d7fe71ee57156596e586580
message → Telegram code 29065
submit_code → 

=============================================

【 2022-05-21 10:56:01 】
api_code → api-1
api_respose → https://api.dztapi.com/get/sms?token=ca5da9e68d7fe71ee57156596e586580
message → Telegram code 29065
submit_code → 

=============================================

【 2022-05-21 10:56:05 】
api_code → api-1
api_respose → https://api.dztapi.com/get/sms?token=ca5da9e68d7fe71ee57156596e586580
message → Telegram code 29065
submit_code → 

=============================================

【 2022-05-21 10:56:08 】
api_code → api-1
api_respose → https://api.dztapi.com/get/sms?token=ca5da9e68d7fe71ee57156596e586580
message → Telegram code 29065
submit_code → 

=============================================

【 2022-05-21 10:56:11 】
api_code → api-1
api_respose → https://api.dztapi.com/get/sms?token=ca5da9e68d7fe71ee57156596e586580
message → Telegram code 29065
submit_code → 

=============================================

【 2022-05-21 10:56:15 】
api_code → api-1
api_respose → https://api.dztapi.com/get/sms?token=ca5da9e68d7fe71ee57156596e586580
message → Telegram code 29065
submit_code → 

=============================================

【 2022-05-21 10:56:18 】
api_code → api-1
api_respose → https://api.dztapi.com/get/sms?token=ca5da9e68d7fe71ee57156596e586580
message → Telegram code 29065
submit_code → 

=============================================

【 2022-05-21 10:56:21 】
api_code → api-1
api_respose → https://api.dztapi.com/get/sms?token=ca5da9e68d7fe71ee57156596e586580
message → Telegram code 29065
submit_code → 

=============================================

【 2022-05-21 10:56:25 】
api_code → api-1
api_respose → https://api.dztapi.com/get/sms?token=ca5da9e68d7fe71ee57156596e586580
message → Telegram code 29065
submit_code → 

=============================================

【 2022-05-21 10:56:29 】
api_code → api-1
api_respose → https://api.dztapi.com/get/sms?token=ca5da9e68d7fe71ee57156596e586580
message → Telegram code 29065
submit_code → 

=============================================

【 2022-05-21 10:56:32 】
api_code → api-1
api_respose → https://api.dztapi.com/get/sms?token=ca5da9e68d7fe71ee57156596e586580
message → Telegram code 29065
submit_code → 

=============================================

【 2022-05-21 10:56:36 】
api_code → api-1
api_respose → https://api.dztapi.com/get/sms?token=ca5da9e68d7fe71ee57156596e586580
message → Telegram code 29065
submit_code → 

=============================================

【 2022-05-21 10:56:39 】
api_code → api-1
api_respose → https://api.dztapi.com/get/sms?token=ca5da9e68d7fe71ee57156596e586580
message → Telegram code 29065
submit_code → 

=============================================

【 2022-05-21 10:56:42 】
api_code → api-1
api_respose → https://api.dztapi.com/get/sms?token=ca5da9e68d7fe71ee57156596e586580
message → Telegram code 29065
submit_code → 

=============================================

【 2022-05-21 10:56:46 】
api_code → api-1
api_respose → https://api.dztapi.com/get/sms?token=ca5da9e68d7fe71ee57156596e586580
message → Telegram code 29065
submit_code → 

=============================================

【 2022-05-21 10:56:49 】
api_code → api-1
api_respose → https://api.dztapi.com/get/sms?token=ca5da9e68d7fe71ee57156596e586580
message → Telegram code 29065
submit_code → 

=============================================

【 2022-05-21 10:56:53 】
api_code → api-1
api_respose → https://api.dztapi.com/get/sms?token=ca5da9e68d7fe71ee57156596e586580
message → Telegram code 29065
submit_code → 

=============================================

【 2022-05-21 10:56:56 】
api_code → api-1
api_respose → https://api.dztapi.com/get/sms?token=ca5da9e68d7fe71ee57156596e586580
message → Telegram code 29065
submit_code → 

=============================================

【 2022-05-21 10:56:59 】
api_code → api-1
api_respose → https://api.dztapi.com/get/sms?token=ca5da9e68d7fe71ee57156596e586580
message → Telegram code 29065
submit_code → 

=============================================

【 2022-05-21 10:57:02 】
api_code → api-1
api_respose → https://api.dztapi.com/get/sms?token=ca5da9e68d7fe71ee57156596e586580
message → Telegram code 29065
submit_code → 

=============================================

【 2022-05-21 10:57:06 】
api_code → api-1
api_respose → https://api.dztapi.com/get/sms?token=ca5da9e68d7fe71ee57156596e586580
message → Telegram code 29065
submit_code → 

=============================================

【 2022-05-21 10:57:09 】
api_code → api-1
api_respose → https://api.dztapi.com/get/sms?token=ca5da9e68d7fe71ee57156596e586580
message → Telegram code 29065
submit_code → 

=============================================

【 2022-05-21 10:57:12 】
api_code → api-1
api_respose → https://api.dztapi.com/get/sms?token=ca5da9e68d7fe71ee57156596e586580
message → Telegram code 29065
submit_code → 

=============================================

【 2022-05-21 10:57:17 】
api_code → api-1
api_respose → https://api.dztapi.com/get/sms?token=ca5da9e68d7fe71ee57156596e586580
message → Telegram code 29065
submit_code → 

=============================================

【 2022-05-21 10:57:20 】
api_code → api-1
api_respose → https://api.dztapi.com/get/sms?token=ca5da9e68d7fe71ee57156596e586580
message → Telegram code 29065
submit_code → 

=============================================

【 2022-05-21 10:57:24 】
api_code → api-1
api_respose → https://api.dztapi.com/get/sms?token=ca5da9e68d7fe71ee57156596e586580
message → Telegram code 29065
submit_code → 

=============================================

【 2022-05-21 10:57:28 】
api_code → api-1
api_respose → https://api.dztapi.com/get/sms?token=ca5da9e68d7fe71ee57156596e586580
message → Telegram code 29065
submit_code → 

=============================================

【 2022-05-21 10:57:31 】
api_code → api-1
api_respose → https://api.dztapi.com/get/sms?token=ca5da9e68d7fe71ee57156596e586580
message → Telegram code 29065
submit_code → 

=============================================

【 2022-05-21 10:57:34 】
api_code → api-1
api_respose → https://api.dztapi.com/get/sms?token=ca5da9e68d7fe71ee57156596e586580
message → Telegram code 29065
submit_code → 

=============================================

【 2022-05-21 10:57:38 】
api_code → api-1
api_respose → https://api.dztapi.com/get/sms?token=ca5da9e68d7fe71ee57156596e586580
message → Telegram code 29065
submit_code → 

=============================================

【 2022-05-21 10:57:41 】
api_code → api-1
api_respose → https://api.dztapi.com/get/sms?token=ca5da9e68d7fe71ee57156596e586580
message → Telegram code 29065
submit_code → 

=============================================

【 2022-05-21 10:57:44 】
api_code → api-1
api_respose → https://api.dztapi.com/get/sms?token=ca5da9e68d7fe71ee57156596e586580
message → Telegram code 29065
submit_code → 

=============================================

【 2022-05-21 10:57:48 】
api_code → api-1
api_respose → https://api.dztapi.com/get/sms?token=ca5da9e68d7fe71ee57156596e586580
message → Telegram code 29065
submit_code → 

=============================================

【 2022-05-21 10:57:51 】
api_code → api-1
api_respose → https://api.dztapi.com/get/sms?token=ca5da9e68d7fe71ee57156596e586580
message → Telegram code 29065
submit_code → 

=============================================

【 2022-05-21 10:57:55 】
api_code → api-1
api_respose → https://api.dztapi.com/get/sms?token=ca5da9e68d7fe71ee57156596e586580
message → Telegram code 29065
submit_code → 

=============================================

【 2022-05-21 10:57:58 】
api_code → api-1
api_respose → https://api.dztapi.com/get/sms?token=ca5da9e68d7fe71ee57156596e586580
message → Telegram code 29065
submit_code → 

=============================================

【 2022-05-21 10:58:01 】
api_code → api-1
api_respose → https://api.dztapi.com/get/sms?token=ca5da9e68d7fe71ee57156596e586580
message → Telegram code 29065
submit_code → 

=============================================

【 2022-05-21 10:58:04 】
api_code → api-1
api_respose → https://api.dztapi.com/get/sms?token=ca5da9e68d7fe71ee57156596e586580
message → Telegram code 29065
submit_code → 

=============================================

【 2022-05-21 10:58:08 】
api_code → api-1
api_respose → https://api.dztapi.com/get/sms?token=ca5da9e68d7fe71ee57156596e586580
message → Telegram code 29065
submit_code → 

=============================================

【 2022-05-21 10:58:11 】
api_code → api-1
api_respose → https://api.dztapi.com/get/sms?token=ca5da9e68d7fe71ee57156596e586580
message → Telegram code 29065
submit_code → 

=============================================

【 2022-05-21 10:58:14 】
api_code → api-1
api_respose → https://api.dztapi.com/get/sms?token=ca5da9e68d7fe71ee57156596e586580
message → Telegram code 29065
submit_code → 

=============================================

【 2022-05-21 10:58:20 】
api_code → api-1
api_respose → https://api.dztapi.com/get/sms?token=ca5da9e68d7fe71ee57156596e586580
message → Telegram code 29065
submit_code → 

=============================================

【 2022-05-21 10:58:23 】
api_code → api-1
api_respose → https://api.dztapi.com/get/sms?token=ca5da9e68d7fe71ee57156596e586580
message → no sms yet
submit_code → 

=============================================

【 2022-05-21 10:58:26 】
api_code → api-1
api_respose → https://api.dztapi.com/get/sms?token=ca5da9e68d7fe71ee57156596e586580
message → no sms yet
submit_code → 

=============================================

【 2022-05-21 10:58:29 】
api_code → api-1
api_respose → https://api.dztapi.com/get/sms?token=ca5da9e68d7fe71ee57156596e586580
message → no sms yet
submit_code → 

=============================================

【 2022-05-21 10:58:33 】
api_code → api-1
api_respose → https://api.dztapi.com/get/sms?token=ca5da9e68d7fe71ee57156596e586580
message → no sms yet
submit_code → 

=============================================

【 2022-05-21 10:58:36 】
api_code → api-1
api_respose → https://api.dztapi.com/get/sms?token=ca5da9e68d7fe71ee57156596e586580
message → no sms yet
submit_code → 

=============================================

【 2022-05-21 10:59:24 】
api_code → api-1
api_respose → https://api.dztapi.com/get/sms?token=ca5da9e68d7fe71ee57156596e586580
message → no sms yet
submit_code → 

=============================================

【 2022-05-21 10:59:28 】
api_code → api-1
api_respose → https://api.dztapi.com/get/sms?token=ca5da9e68d7fe71ee57156596e586580
message → no sms yet
submit_code → 

=============================================

【 2022-05-21 10:59:32 】
api_code → api-1
api_respose → https://api.dztapi.com/get/sms?token=ca5da9e68d7fe71ee57156596e586580
message → no sms yet
submit_code → 

=============================================

【 2022-05-21 10:59:35 】
api_code → api-1
api_respose → https://api.dztapi.com/get/sms?token=ca5da9e68d7fe71ee57156596e586580
message → no sms yet
submit_code → 

=============================================

【 2022-05-21 10:59:37 】
api_code → api-1
api_respose → https://api.dztapi.com/get/sms?token=ca5da9e68d7fe71ee57156596e586580
message → no sms yet
submit_code → 

=============================================

【 2022-05-21 10:59:38 】
api_code → api-1
api_respose → https://api.dztapi.com/get/sms?token=ca5da9e68d7fe71ee57156596e586580
message → no sms yet
submit_code → 

=============================================

【 2022-05-21 10:59:42 】
api_code → api-1
api_respose → https://api.dztapi.com/get/sms?token=ca5da9e68d7fe71ee57156596e586580
message → no sms yet
submit_code → 

=============================================

【 2022-05-21 10:59:46 】
api_code → api-1
api_respose → https://api.dztapi.com/get/sms?token=ca5da9e68d7fe71ee57156596e586580
message → no sms yet
submit_code → 

=============================================

【 2022-05-21 10:59:49 】
api_code → api-1
api_respose → https://api.dztapi.com/get/sms?token=ca5da9e68d7fe71ee57156596e586580
message → no sms yet
submit_code → 

=============================================

【 2022-05-21 10:59:55 】
api_code → api-1
api_respose → https://api.dztapi.com/get/sms?token=ca5da9e68d7fe71ee57156596e586580
message → no sms yet
submit_code → 

=============================================

【 2022-05-21 10:59:58 】
api_code → api-1
api_respose → https://api.dztapi.com/get/sms?token=ca5da9e68d7fe71ee57156596e586580
message → no sms yet
submit_code → 

=============================================

【 2022-05-21 11:00:02 】
api_code → api-1
api_respose → https://api.dztapi.com/get/sms?token=ca5da9e68d7fe71ee57156596e586580
message → no sms yet
submit_code → 

=============================================

【 2022-05-21 11:00:05 】
api_code → api-1
api_respose → https://api.dztapi.com/get/sms?token=ca5da9e68d7fe71ee57156596e586580
message → no sms yet
submit_code → 

=============================================

【 2022-05-21 11:00:08 】
api_code → api-1
api_respose → https://api.dztapi.com/get/sms?token=ca5da9e68d7fe71ee57156596e586580
message → no sms yet
submit_code → 

=============================================

【 2022-05-21 11:00:11 】
api_code → api-1
api_respose → https://api.dztapi.com/get/sms?token=ca5da9e68d7fe71ee57156596e586580
message → no sms yet
submit_code → 

=============================================

【 2022-05-21 11:00:15 】
api_code → api-1
api_respose → https://api.dztapi.com/get/sms?token=ca5da9e68d7fe71ee57156596e586580
message → no sms yet
submit_code → 

=============================================

【 2022-05-21 11:00:18 】
api_code → api-1
api_respose → https://api.dztapi.com/get/sms?token=ca5da9e68d7fe71ee57156596e586580
message → no sms yet
submit_code → 

=============================================

【 2022-05-21 11:00:22 】
api_code → api-1
api_respose → https://api.dztapi.com/get/sms?token=ca5da9e68d7fe71ee57156596e586580
message → no sms yet
submit_code → 

=============================================

【 2022-05-21 11:00:25 】
api_code → api-1
api_respose → https://api.dztapi.com/get/sms?token=ca5da9e68d7fe71ee57156596e586580
message → no sms yet
submit_code → 

=============================================

【 2022-05-21 11:00:29 】
api_code → api-1
api_respose → https://api.dztapi.com/get/sms?token=ca5da9e68d7fe71ee57156596e586580
message → no sms yet
submit_code → 

=============================================

【 2022-05-21 11:00:32 】
api_code → api-1
api_respose → https://api.dztapi.com/get/sms?token=ca5da9e68d7fe71ee57156596e586580
message → no sms yet
submit_code → 

=============================================

【 2022-05-21 11:00:35 】
api_code → api-1
api_respose → https://api.dztapi.com/get/sms?token=ca5da9e68d7fe71ee57156596e586580
message → no sms yet
submit_code → 

=============================================

【 2022-05-21 11:00:39 】
api_code → api-1
api_respose → https://api.dztapi.com/get/sms?token=ca5da9e68d7fe71ee57156596e586580
message → no sms yet
submit_code → 

=============================================

【 2022-05-21 11:00:42 】
api_code → api-1
api_respose → https://api.dztapi.com/get/sms?token=ca5da9e68d7fe71ee57156596e586580
message → no sms yet
submit_code → 

=============================================

【 2022-05-21 11:01:35 】
api_id → 12971859
api_hash → 2f5003c9d36f74d32bbd252391a386f8
phone → 12268570390
api_code → api-1
phone_code_hash → 5e3b0088137afc1f86
api_respose → aHR0cHM6Ly9hcGkuZHp0YXBpLmNvbS9nZXQvc21zP3Rva2VuPWNhNWRhOWU2OGQ3ZmU3MWVlNTcxNTY1OTZlNTg2NTgw
status → False
message → 启用两步验证，需要密码（由SignInRequest引起）Two-steps verification is enabled and a password is required (caused by SignInRequest)
submit_code → close

=============================================

【 2022-05-21 11:01:38 】
api_id → 15718961
api_hash → 6355e6f68264228fbf0bff8891ad0370
phone → 12268570390
api_code → api-1
phone_code_hash → d5fb5e0571e36aa2f1
api_respose → aHR0cHM6Ly9hcGkuZHp0YXBpLmNvbS9nZXQvc21zP3Rva2VuPWNhNWRhOWU2OGQ3ZmU3MWVlNTcxNTY1OTZlNTg2NTgw
status → False
message → The phone code entered was invalid (caused by SignInRequest)
submit_code → 

=============================================

【 2022-05-21 11:04:40 】
api_id → 15718961
api_hash → 6355e6f68264228fbf0bff8891ad0370
phone → 14318300753
api_code → api-1
phone_code_hash → db97a9160466722d1b
api_respose → aHR0cHM6Ly9hcGkuZHp0YXBpLmNvbS9nZXQvc21zP3Rva2VuPTdkOGY5ZmY0YzFiNGRlNDRlMzg5MDA0NzY3MGQxNDlk
status → False
message → The phone code entered was invalid (caused by SignInRequest)
submit_code → 

=============================================

【 2022-05-21 11:04:44 】
api_id → 15718961
api_hash → 6355e6f68264228fbf0bff8891ad0370
phone → 14318300753
api_code → api-1
phone_code_hash → db97a9160466722d1b
api_respose → aHR0cHM6Ly9hcGkuZHp0YXBpLmNvbS9nZXQvc21zP3Rva2VuPTdkOGY5ZmY0YzFiNGRlNDRlMzg5MDA0NzY3MGQxNDlk
status → False
message → The phone code entered was invalid (caused by SignInRequest)
submit_code → 

=============================================

【 2022-05-21 11:04:49 】
api_id → 15718961
api_hash → 6355e6f68264228fbf0bff8891ad0370
phone → 14318300753
api_code → api-1
phone_code_hash → db97a9160466722d1b
api_respose → aHR0cHM6Ly9hcGkuZHp0YXBpLmNvbS9nZXQvc21zP3Rva2VuPTdkOGY5ZmY0YzFiNGRlNDRlMzg5MDA0NzY3MGQxNDlk
status → False
message → The phone code entered was invalid (caused by SignInRequest)
submit_code → 

=============================================

【 2022-05-21 11:04:54 】
api_id → 15718961
api_hash → 6355e6f68264228fbf0bff8891ad0370
phone → 14318300753
api_code → api-1
phone_code_hash → db97a9160466722d1b
api_respose → aHR0cHM6Ly9hcGkuZHp0YXBpLmNvbS9nZXQvc21zP3Rva2VuPTdkOGY5ZmY0YzFiNGRlNDRlMzg5MDA0NzY3MGQxNDlk
status → False
message → The phone code entered was invalid (caused by SignInRequest)
submit_code → 

=============================================

【 2022-05-21 11:04:58 】
api_id → 15718961
api_hash → 6355e6f68264228fbf0bff8891ad0370
phone → 14318300753
api_code → api-1
phone_code_hash → db97a9160466722d1b
api_respose → aHR0cHM6Ly9hcGkuZHp0YXBpLmNvbS9nZXQvc21zP3Rva2VuPTdkOGY5ZmY0YzFiNGRlNDRlMzg5MDA0NzY3MGQxNDlk
status → False
message → The phone code entered was invalid (caused by SignInRequest)
submit_code → 

=============================================

【 2022-05-21 11:05:02 】
api_id → 15718961
api_hash → 6355e6f68264228fbf0bff8891ad0370
phone → 14318300753
api_code → api-1
phone_code_hash → db97a9160466722d1b
api_respose → aHR0cHM6Ly9hcGkuZHp0YXBpLmNvbS9nZXQvc21zP3Rva2VuPTdkOGY5ZmY0YzFiNGRlNDRlMzg5MDA0NzY3MGQxNDlk
status → False
message → The phone code entered was invalid (caused by SignInRequest)
submit_code → 

=============================================

【 2022-05-21 11:05:06 】
api_id → 15718961
api_hash → 6355e6f68264228fbf0bff8891ad0370
phone → 14318300753
api_code → api-1
phone_code_hash → db97a9160466722d1b
api_respose → aHR0cHM6Ly9hcGkuZHp0YXBpLmNvbS9nZXQvc21zP3Rva2VuPTdkOGY5ZmY0YzFiNGRlNDRlMzg5MDA0NzY3MGQxNDlk
status → False
message → The phone code entered was invalid (caused by SignInRequest)
submit_code → 

=============================================

【 2022-05-21 11:05:12 】
api_id → 15718961
api_hash → 6355e6f68264228fbf0bff8891ad0370
phone → 14318300753
api_code → api-1
phone_code_hash → db97a9160466722d1b
api_respose → aHR0cHM6Ly9hcGkuZHp0YXBpLmNvbS9nZXQvc21zP3Rva2VuPTdkOGY5ZmY0YzFiNGRlNDRlMzg5MDA0NzY3MGQxNDlk
status → False
message → The phone code entered was invalid (caused by SignInRequest)
submit_code → 

=============================================

【 2022-05-21 11:05:17 】
api_id → 15718961
api_hash → 6355e6f68264228fbf0bff8891ad0370
phone → 14318300753
api_code → api-1
phone_code_hash → db97a9160466722d1b
api_respose → aHR0cHM6Ly9hcGkuZHp0YXBpLmNvbS9nZXQvc21zP3Rva2VuPTdkOGY5ZmY0YzFiNGRlNDRlMzg5MDA0NzY3MGQxNDlk
status → False
message → The phone code entered was invalid (caused by SignInRequest)
submit_code → 

=============================================

【 2022-05-21 11:05:21 】
api_id → 15718961
api_hash → 6355e6f68264228fbf0bff8891ad0370
phone → 14318300753
api_code → api-1
phone_code_hash → db97a9160466722d1b
api_respose → aHR0cHM6Ly9hcGkuZHp0YXBpLmNvbS9nZXQvc21zP3Rva2VuPTdkOGY5ZmY0YzFiNGRlNDRlMzg5MDA0NzY3MGQxNDlk
status → False
message → The phone code entered was invalid (caused by SignInRequest)
submit_code → 

=============================================

【 2022-05-21 11:05:40 】
api_id → 15718961
api_hash → 6355e6f68264228fbf0bff8891ad0370
phone → 14318300753
api_code → api-1
phone_code_hash → db97a9160466722d1b
api_respose → aHR0cHM6Ly9hcGkuZHp0YXBpLmNvbS9nZXQvc21zP3Rva2VuPTdkOGY5ZmY0YzFiNGRlNDRlMzg5MDA0NzY3MGQxNDlk
status → False
message → The phone code entered was invalid (caused by SignInRequest)
submit_code → 

=============================================

【 2022-05-21 11:07:54 】
api_id → 15718961
api_hash → 6355e6f68264228fbf0bff8891ad0370
phone → 14318300753
api_code → api-1
phone_code_hash → db97a9160466722d1b
api_respose → aHR0cHM6Ly9hcGkuZHp0YXBpLmNvbS9nZXQvc21zP3Rva2VuPTdkOGY5ZmY0YzFiNGRlNDRlMzg5MDA0NzY3MGQxNDlk
status → False
message → The phone code entered was invalid (caused by SignInRequest)
submit_code → 

=============================================

【 2022-05-21 11:07:58 】
api_id → 15718961
api_hash → 6355e6f68264228fbf0bff8891ad0370
phone → 14318300753
api_code → api-1
phone_code_hash → db97a9160466722d1b
api_respose → aHR0cHM6Ly9hcGkuZHp0YXBpLmNvbS9nZXQvc21zP3Rva2VuPTdkOGY5ZmY0YzFiNGRlNDRlMzg5MDA0NzY3MGQxNDlk
status → False
message → The phone code entered was invalid (caused by SignInRequest)
submit_code → 

=============================================

【 2022-05-21 11:08:02 】
api_id → 15718961
api_hash → 6355e6f68264228fbf0bff8891ad0370
phone → 14318300753
api_code → api-1
phone_code_hash → db97a9160466722d1b
api_respose → aHR0cHM6Ly9hcGkuZHp0YXBpLmNvbS9nZXQvc21zP3Rva2VuPTdkOGY5ZmY0YzFiNGRlNDRlMzg5MDA0NzY3MGQxNDlk
status → False
message → The phone code entered was invalid (caused by SignInRequest)
submit_code → 

=============================================

【 2022-05-21 23:36:52 】
api_id → 17345465
api_hash → 1fcfcffb77d010b5235b13e840a158ef
phone → 2268550977
api_code → api-1
api_respose → aHR0cHM6Ly9hcGkuZHp0YXBpLmNvbS9nZXQvc21zP3Rva2VuPWYxZmUyMmExYmMxODA4YmUzMDg0MWEyOWZiMGEwMjA4
status → False
message → The phone number is invalid (caused by SendCodeRequest)
submit_code → 

=============================================

【 2022-05-21 23:37:08 】
api_id → 18806282
api_hash → 943cbfa09dd409ad53fba7ebce2ad477
phone → 12268550977
api_code → api-1
api_respose → aHR0cHM6Ly9hcGkuZHp0YXBpLmNvbS9nZXQvc21zP3Rva2VuPWYxZmUyMmExYmMxODA4YmUzMDg0MWEyOWZiMGEwMjA4
status → False
message → 开发号频繁 A wait of 81351 seconds is required (caused by SendCodeRequest)
submit_code → close