

----------------------------------------------

2022-10-18 10:22:06 → devokow766@charav.com::xiaomu202206 → z93333 →  🎁会员存款迎新大礼包🎁
💥首存礼金1288➕首单包赔！
💥复存送苹果13 pro max➕1888彩金！
💥每日存款送👋🏻2888彩金，天天存天天送
💥每周存款再送👋🏻5188彩金，彩金领不停

💎💎14年国际大牌，新利18诚邀您的加入💎💎
💸💸新利18带你赚钱带你飞💸💸
Telegram : @ningchang01
    Flygram+ : keigo1202

 91M Boss代发 联系 ✈️：Boss91M1   Skype : onam2221

----------------------------------------------

2022-10-18 10:22:14 → devokow766@charav.com::xiaomu202206 → ao8990 →  4年国际品牌德甲赞助商⚽️⚽️【新利18】招总代理💥
💥佣金+二级代理分红，赚不停！
💥佣金高达55%！一直持续到世界杯
💥人头费300/人！
💥介绍代理再享10%提成！！！
合营详细请洽询:
   Telegram : @ningchang01
    Flygram+ : keigo1202

 91M Boss代发 联系 ✈️：Boss91M1   Skype : onam2221

----------------------------------------------

2022-10-18 10:22:21 → devokow766@charav.com::xiaomu202206 → live:.cid.d930f32a11516906 →  🎁会员存款迎新大礼包🎁
💥首存礼金1288➕首单包赔！
💥复存送苹果13 pro max➕1888彩金！
💥每日存款送👋🏻2888彩金，天天存天天送
💥每周存款再送👋🏻5188彩金，彩金领不停

💎💎14年国际大牌，新利18诚邀您的加入💎💎
💸💸新利18带你赚钱带你飞💸💸
Telegram : @ningchang01
    Flygram+ : keigo1202

 91M Boss代发 联系 ✈️：Boss91M1   Skype : onam2221

----------------------------------------------

2022-10-18 10:22:55 → rayol15336@kaimdr.com::xiaomu202206 → live:yk0231 →  4年国际品牌德甲赞助商⚽️⚽️【新利18】招总代理💥
💥佣金+二级代理分红，赚不停！
💥佣金高达55%！一直持续到世界杯
💥人头费300/人！
💥介绍代理再享10%提成！！！
合营详细请洽询:
   Telegram : @ningchang01
    Flygram+ : keigo1202

 91M Boss代发 联系 ✈️：Boss91M1   Skype : onam2221

----------------------------------------------

2022-10-18 10:23:04 → rayol15336@kaimdr.com::xiaomu202206 → live:cs7777 →  🎁会员存款迎新大礼包🎁
💥首存礼金1288➕首单包赔！
💥复存送苹果13 pro max➕1888彩金！
💥每日存款送👋🏻2888彩金，天天存天天送
💥每周存款再送👋🏻5188彩金，彩金领不停

💎💎14年国际大牌，新利18诚邀您的加入💎💎
💸💸新利18带你赚钱带你飞💸💸
Telegram : @ningchang01
    Flygram+ : keigo1202

 91M Boss代发 联系 ✈️：Boss91M1   Skype : onam2221

----------------------------------------------

2022-10-18 10:23:13 → rayol15336@kaimdr.com::xiaomu202206 → live:.cid.6cd86b8d2ffc40ee →  4年国际品牌德甲赞助商⚽️⚽️【新利18】招总代理💥
💥佣金+二级代理分红，赚不停！
💥佣金高达55%！一直持续到世界杯
💥人头费300/人！
💥介绍代理再享10%提成！！！
合营详细请洽询:
   Telegram : @ningchang01
    Flygram+ : keigo1202

 91M Boss代发 联系 ✈️：Boss91M1   Skype : onam2221

----------------------------------------------

2022-10-18 10:23:21 → rayol15336@kaimdr.com::xiaomu202206 → p55557 →  🎁会员存款迎新大礼包🎁
💥首存礼金1288➕首单包赔！
💥复存送苹果13 pro max➕1888彩金！
💥每日存款送👋🏻2888彩金，天天存天天送
💥每周存款再送👋🏻5188彩金，彩金领不停

💎💎14年国际大牌，新利18诚邀您的加入💎💎
💸💸新利18带你赚钱带你飞💸💸
Telegram : @ningchang01
    Flygram+ : keigo1202

 91M Boss代发 联系 ✈️：Boss91M1   Skype : onam2221

----------------------------------------------

2022-10-18 10:23:24 → devokow766@charav.com::xiaomu202206 → live:qq39344 →  🎁会员存款迎新大礼包🎁
💥首存礼金1288➕首单包赔！
💥复存送苹果13 pro max➕1888彩金！
💥每日存款送👋🏻2888彩金，天天存天天送
💥每周存款再送👋🏻5188彩金，彩金领不停

💎💎14年国际大牌，新利18诚邀您的加入💎💎
💸💸新利18带你赚钱带你飞💸💸
Telegram : @ningchang01
    Flygram+ : keigo1202

 91M Boss代发 联系 ✈️：Boss91M1   Skype : onam2221

----------------------------------------------

2022-10-18 10:23:28 → rayol15336@kaimdr.com::xiaomu202206 → krr339 →  🎁会员存款迎新大礼包🎁
💥首存礼金1288➕首单包赔！
💥复存送苹果13 pro max➕1888彩金！
💥每日存款送👋🏻2888彩金，天天存天天送
💥每周存款再送👋🏻5188彩金，彩金领不停

💎💎14年国际大牌，新利18诚邀您的加入💎💎
💸💸新利18带你赚钱带你飞💸💸
Telegram : @ningchang01
    Flygram+ : keigo1202

 91M Boss代发 联系 ✈️：Boss91M1   Skype : onam2221

----------------------------------------------

2022-10-18 10:23:33 → devokow766@charav.com::xiaomu202206 → nassau0513 →  4年国际品牌德甲赞助商⚽️⚽️【新利18】招总代理💥
💥佣金+二级代理分红，赚不停！
💥佣金高达55%！一直持续到世界杯
💥人头费300/人！
💥介绍代理再享10%提成！！！
合营详细请洽询:
   Telegram : @ningchang01
    Flygram+ : keigo1202

 91M Boss代发 联系 ✈️：Boss91M1   Skype : onam2221

----------------------------------------------

2022-10-18 10:23:37 → rayol15336@kaimdr.com::xiaomu202206 → g49999 →  4年国际品牌德甲赞助商⚽️⚽️【新利18】招总代理💥
💥佣金+二级代理分红，赚不停！
💥佣金高达55%！一直持续到世界杯
💥人头费300/人！
💥介绍代理再享10%提成！！！
合营详细请洽询:
   Telegram : @ningchang01
    Flygram+ : keigo1202

 91M Boss代发 联系 ✈️：Boss91M1   Skype : onam2221

----------------------------------------------

2022-10-18 10:23:43 → devokow766@charav.com::xiaomu202206 → bin7788999 →  4年国际品牌德甲赞助商⚽️⚽️【新利18】招总代理💥
💥佣金+二级代理分红，赚不停！
💥佣金高达55%！一直持续到世界杯
💥人头费300/人！
💥介绍代理再享10%提成！！！
合营详细请洽询:
   Telegram : @ningchang01
    Flygram+ : keigo1202

 91M Boss代发 联系 ✈️：Boss91M1   Skype : onam2221

----------------------------------------------

2022-10-18 10:23:46 → rayol15336@kaimdr.com::xiaomu202206 → live:tbyzytbyzy →  🎁会员存款迎新大礼包🎁
💥首存礼金1288➕首单包赔！
💥复存送苹果13 pro max➕1888彩金！
💥每日存款送👋🏻2888彩金，天天存天天送
💥每周存款再送👋🏻5188彩金，彩金领不停

💎💎14年国际大牌，新利18诚邀您的加入💎💎
💸💸新利18带你赚钱带你飞💸💸
Telegram : @ningchang01
    Flygram+ : keigo1202

 91M Boss代发 联系 ✈️：Boss91M1   Skype : onam2221

----------------------------------------------

2022-10-18 10:23:52 → devokow766@charav.com::xiaomu202206 → dazhanggui999 →  🎁会员存款迎新大礼包🎁
💥首存礼金1288➕首单包赔！
💥复存送苹果13 pro max➕1888彩金！
💥每日存款送👋🏻2888彩金，天天存天天送
💥每周存款再送👋🏻5188彩金，彩金领不停

💎💎14年国际大牌，新利18诚邀您的加入💎💎
💸💸新利18带你赚钱带你飞💸💸
Telegram : @ningchang01
    Flygram+ : keigo1202

 91M Boss代发 联系 ✈️：Boss91M1   Skype : onam2221

----------------------------------------------

2022-10-18 10:23:55 → rayol15336@kaimdr.com::xiaomu202206 → sharou78 →  4年国际品牌德甲赞助商⚽️⚽️【新利18】招总代理💥
💥佣金+二级代理分红，赚不停！
💥佣金高达55%！一直持续到世界杯
💥人头费300/人！
💥介绍代理再享10%提成！！！
合营详细请洽询:
   Telegram : @ningchang01
    Flygram+ : keigo1202

 91M Boss代发 联系 ✈️：Boss91M1   Skype : onam2221

----------------------------------------------

2022-10-18 10:23:59 → devokow766@charav.com::xiaomu202206 → ap5572 →  🎁会员存款迎新大礼包🎁
💥首存礼金1288➕首单包赔！
💥复存送苹果13 pro max➕1888彩金！
💥每日存款送👋🏻2888彩金，天天存天天送
💥每周存款再送👋🏻5188彩金，彩金领不停

💎💎14年国际大牌，新利18诚邀您的加入💎💎
💸💸新利18带你赚钱带你飞💸💸
Telegram : @ningchang01
    Flygram+ : keigo1202

 91M Boss代发 联系 ✈️：Boss91M1   Skype : onam2221

----------------------------------------------

2022-10-18 10:24:03 → rayol15336@kaimdr.com::xiaomu202206 → live:fa5855 →  🎁会员存款迎新大礼包🎁
💥首存礼金1288➕首单包赔！
💥复存送苹果13 pro max➕1888彩金！
💥每日存款送👋🏻2888彩金，天天存天天送
💥每周存款再送👋🏻5188彩金，彩金领不停

💎💎14年国际大牌，新利18诚邀您的加入💎💎
💸💸新利18带你赚钱带你飞💸💸
Telegram : @ningchang01
    Flygram+ : keigo1202

 91M Boss代发 联系 ✈️：Boss91M1   Skype : onam2221

----------------------------------------------

2022-10-18 10:24:08 → devokow766@charav.com::xiaomu202206 → live:qq161001001 →  4年国际品牌德甲赞助商⚽️⚽️【新利18】招总代理💥
💥佣金+二级代理分红，赚不停！
💥佣金高达55%！一直持续到世界杯
💥人头费300/人！
💥介绍代理再享10%提成！！！
合营详细请洽询:
   Telegram : @ningchang01
    Flygram+ : keigo1202

 91M Boss代发 联系 ✈️：Boss91M1   Skype : onam2221

----------------------------------------------

2022-10-18 10:24:11 → rayol15336@kaimdr.com::xiaomu202206 → live:heshen971332 →  4年国际品牌德甲赞助商⚽️⚽️【新利18】招总代理💥
💥佣金+二级代理分红，赚不停！
💥佣金高达55%！一直持续到世界杯
💥人头费300/人！
💥介绍代理再享10%提成！！！
合营详细请洽询:
   Telegram : @ningchang01
    Flygram+ : keigo1202

 91M Boss代发 联系 ✈️：Boss91M1   Skype : onam2221

----------------------------------------------

2022-10-18 10:24:16 → devokow766@charav.com::xiaomu202206 → evarevo520 →  4年国际品牌德甲赞助商⚽️⚽️【新利18】招总代理💥
💥佣金+二级代理分红，赚不停！
💥佣金高达55%！一直持续到世界杯
💥人头费300/人！
💥介绍代理再享10%提成！！！
合营详细请洽询:
   Telegram : @ningchang01
    Flygram+ : keigo1202

 91M Boss代发 联系 ✈️：Boss91M1   Skype : onam2221

----------------------------------------------

2022-10-18 10:24:19 → rayol15336@kaimdr.com::xiaomu202206 → guizong5 →  4年国际品牌德甲赞助商⚽️⚽️【新利18】招总代理💥
💥佣金+二级代理分红，赚不停！
💥佣金高达55%！一直持续到世界杯
💥人头费300/人！
💥介绍代理再享10%提成！！！
合营详细请洽询:
   Telegram : @ningchang01
    Flygram+ : keigo1202

 91M Boss代发 联系 ✈️：Boss91M1   Skype : onam2221

----------------------------------------------

2022-10-18 10:24:25 → devokow766@charav.com::xiaomu202206 → live:gun3388 →  🎁会员存款迎新大礼包🎁
💥首存礼金1288➕首单包赔！
💥复存送苹果13 pro max➕1888彩金！
💥每日存款送👋🏻2888彩金，天天存天天送
💥每周存款再送👋🏻5188彩金，彩金领不停

💎💎14年国际大牌，新利18诚邀您的加入💎💎
💸💸新利18带你赚钱带你飞💸💸
Telegram : @ningchang01
    Flygram+ : keigo1202

 91M Boss代发 联系 ✈️：Boss91M1   Skype : onam2221

----------------------------------------------

2022-10-18 10:24:28 → rayol15336@kaimdr.com::xiaomu202206 → qqq98613 →  🎁会员存款迎新大礼包🎁
💥首存礼金1288➕首单包赔！
💥复存送苹果13 pro max➕1888彩金！
💥每日存款送👋🏻2888彩金，天天存天天送
💥每周存款再送👋🏻5188彩金，彩金领不停

💎💎14年国际大牌，新利18诚邀您的加入💎💎
💸💸新利18带你赚钱带你飞💸💸
Telegram : @ningchang01
    Flygram+ : keigo1202

 91M Boss代发 联系 ✈️：Boss91M1   Skype : onam2221

----------------------------------------------

2022-10-18 10:24:34 → devokow766@charav.com::xiaomu202206 → c5888888 →  4年国际品牌德甲赞助商⚽️⚽️【新利18】招总代理💥
💥佣金+二级代理分红，赚不停！
💥佣金高达55%！一直持续到世界杯
💥人头费300/人！
💥介绍代理再享10%提成！！！
合营详细请洽询:
   Telegram : @ningchang01
    Flygram+ : keigo1202

 91M Boss代发 联系 ✈️：Boss91M1   Skype : onam2221

----------------------------------------------

2022-10-18 10:24:37 → rayol15336@kaimdr.com::xiaomu202206 → jee886 →  🎁会员存款迎新大礼包🎁
💥首存礼金1288➕首单包赔！
💥复存送苹果13 pro max➕1888彩金！
💥每日存款送👋🏻2888彩金，天天存天天送
💥每周存款再送👋🏻5188彩金，彩金领不停

💎💎14年国际大牌，新利18诚邀您的加入💎💎
💸💸新利18带你赚钱带你飞💸💸
Telegram : @ningchang01
    Flygram+ : keigo1202

 91M Boss代发 联系 ✈️：Boss91M1   Skype : onam2221

----------------------------------------------

2022-10-18 10:24:41 → devokow766@charav.com::xiaomu202206 → live:555571_1 →  🎁会员存款迎新大礼包🎁
💥首存礼金1288➕首单包赔！
💥复存送苹果13 pro max➕1888彩金！
💥每日存款送👋🏻2888彩金，天天存天天送
💥每周存款再送👋🏻5188彩金，彩金领不停

💎💎14年国际大牌，新利18诚邀您的加入💎💎
💸💸新利18带你赚钱带你飞💸💸
Telegram : @ningchang01
    Flygram+ : keigo1202

 91M Boss代发 联系 ✈️：Boss91M1   Skype : onam2221

----------------------------------------------

2022-10-18 10:24:46 → rayol15336@kaimdr.com::xiaomu202206 → live:lk28234 →  4年国际品牌德甲赞助商⚽️⚽️【新利18】招总代理💥
💥佣金+二级代理分红，赚不停！
💥佣金高达55%！一直持续到世界杯
💥人头费300/人！
💥介绍代理再享10%提成！！！
合营详细请洽询:
   Telegram : @ningchang01
    Flygram+ : keigo1202

 91M Boss代发 联系 ✈️：Boss91M1   Skype : onam2221

----------------------------------------------

2022-10-18 10:24:51 → devokow766@charav.com::xiaomu202206 → live:18359687_1 →  🎁会员存款迎新大礼包🎁
💥首存礼金1288➕首单包赔！
💥复存送苹果13 pro max➕1888彩金！
💥每日存款送👋🏻2888彩金，天天存天天送
💥每周存款再送👋🏻5188彩金，彩金领不停

💎💎14年国际大牌，新利18诚邀您的加入💎💎
💸💸新利18带你赚钱带你飞💸💸
Telegram : @ningchang01
    Flygram+ : keigo1202

 91M Boss代发 联系 ✈️：Boss91M1   Skype : onam2221

----------------------------------------------

2022-10-18 10:24:53 → rayol15336@kaimdr.com::xiaomu202206 → live:333334_1 →  🎁会员存款迎新大礼包🎁
💥首存礼金1288➕首单包赔！
💥复存送苹果13 pro max➕1888彩金！
💥每日存款送👋🏻2888彩金，天天存天天送
💥每周存款再送👋🏻5188彩金，彩金领不停

💎💎14年国际大牌，新利18诚邀您的加入💎💎
💸💸新利18带你赚钱带你飞💸💸
Telegram : @ningchang01
    Flygram+ : keigo1202

 91M Boss代发 联系 ✈️：Boss91M1   Skype : onam2221

----------------------------------------------

2022-10-18 10:25:00 → devokow766@charav.com::xiaomu202206 → live:ii50000 →  4年国际品牌德甲赞助商⚽️⚽️【新利18】招总代理💥
💥佣金+二级代理分红，赚不停！
💥佣金高达55%！一直持续到世界杯
💥人头费300/人！
💥介绍代理再享10%提成！！！
合营详细请洽询:
   Telegram : @ningchang01
    Flygram+ : keigo1202

 91M Boss代发 联系 ✈️：Boss91M1   Skype : onam2221

----------------------------------------------

2022-10-18 10:25:11 → rayol15336@kaimdr.com::xiaomu202206 → live:58276_1 →  4年国际品牌德甲赞助商⚽️⚽️【新利18】招总代理💥
💥佣金+二级代理分红，赚不停！
💥佣金高达55%！一直持续到世界杯
💥人头费300/人！
💥介绍代理再享10%提成！！！
合营详细请洽询:
   Telegram : @ningchang01
    Flygram+ : keigo1202

 91M Boss代发 联系 ✈️：Boss91M1   Skype : onam2221

----------------------------------------------

2022-10-18 10:25:15 → devokow766@charav.com::xiaomu202206 → youyoushcn2 →  4年国际品牌德甲赞助商⚽️⚽️【新利18】招总代理💥
💥佣金+二级代理分红，赚不停！
💥佣金高达55%！一直持续到世界杯
💥人头费300/人！
💥介绍代理再享10%提成！！！
合营详细请洽询:
   Telegram : @ningchang01
    Flygram+ : keigo1202

 91M Boss代发 联系 ✈️：Boss91M1   Skype : onam2221

----------------------------------------------

2022-10-18 10:25:26 → rayol15336@kaimdr.com::xiaomu202206 → z83333 →  4年国际品牌德甲赞助商⚽️⚽️【新利18】招总代理💥
💥佣金+二级代理分红，赚不停！
💥佣金高达55%！一直持续到世界杯
💥人头费300/人！
💥介绍代理再享10%提成！！！
合营详细请洽询:
   Telegram : @ningchang01
    Flygram+ : keigo1202

 91M Boss代发 联系 ✈️：Boss91M1   Skype : onam2221

----------------------------------------------

2022-10-18 10:25:32 → devokow766@charav.com::xiaomu202206 → game17v →  🎁会员存款迎新大礼包🎁
💥首存礼金1288➕首单包赔！
💥复存送苹果13 pro max➕1888彩金！
💥每日存款送👋🏻2888彩金，天天存天天送
💥每周存款再送👋🏻5188彩金，彩金领不停

💎💎14年国际大牌，新利18诚邀您的加入💎💎
💸💸新利18带你赚钱带你飞💸💸
Telegram : @ningchang01
    Flygram+ : keigo1202

 91M Boss代发 联系 ✈️：Boss91M1   Skype : onam2221

----------------------------------------------

2022-10-18 10:25:35 → rayol15336@kaimdr.com::xiaomu202206 → dazhanggui999 →  🎁会员存款迎新大礼包🎁
💥首存礼金1288➕首单包赔！
💥复存送苹果13 pro max➕1888彩金！
💥每日存款送👋🏻2888彩金，天天存天天送
💥每周存款再送👋🏻5188彩金，彩金领不停

💎💎14年国际大牌，新利18诚邀您的加入💎💎
💸💸新利18带你赚钱带你飞💸💸
Telegram : @ningchang01
    Flygram+ : keigo1202

 91M Boss代发 联系 ✈️：Boss91M1   Skype : onam2221

----------------------------------------------

2022-10-18 10:25:42 → rayol15336@kaimdr.com::xiaomu202206 → live:v92222 →  🎁会员存款迎新大礼包🎁
💥首存礼金1288➕首单包赔！
💥复存送苹果13 pro max➕1888彩金！
💥每日存款送👋🏻2888彩金，天天存天天送
💥每周存款再送👋🏻5188彩金，彩金领不停

💎💎14年国际大牌，新利18诚邀您的加入💎💎
💸💸新利18带你赚钱带你飞💸💸
Telegram : @ningchang01
    Flygram+ : keigo1202

 91M Boss代发 联系 ✈️：Boss91M1   Skype : onam2221

----------------------------------------------

2022-10-18 10:25:46 → devokow766@charav.com::xiaomu202206 → live:124214_3 →  🎁会员存款迎新大礼包🎁
💥首存礼金1288➕首单包赔！
💥复存送苹果13 pro max➕1888彩金！
💥每日存款送👋🏻2888彩金，天天存天天送
💥每周存款再送👋🏻5188彩金，彩金领不停

💎💎14年国际大牌，新利18诚邀您的加入💎💎
💸💸新利18带你赚钱带你飞💸💸
Telegram : @ningchang01
    Flygram+ : keigo1202

 91M Boss代发 联系 ✈️：Boss91M1   Skype : onam2221

----------------------------------------------

2022-10-18 10:25:54 → devokow766@charav.com::xiaomu202206 → live:jxbet88888 →  4年国际品牌德甲赞助商⚽️⚽️【新利18】招总代理💥
💥佣金+二级代理分红，赚不停！
💥佣金高达55%！一直持续到世界杯
💥人头费300/人！
💥介绍代理再享10%提成！！！
合营详细请洽询:
   Telegram : @ningchang01
    Flygram+ : keigo1202

 91M Boss代发 联系 ✈️：Boss91M1   Skype : onam2221

----------------------------------------------

2022-10-18 10:26:02 → devokow766@charav.com::xiaomu202206 → vvvvw8 →  🎁会员存款迎新大礼包🎁
💥首存礼金1288➕首单包赔！
💥复存送苹果13 pro max➕1888彩金！
💥每日存款送👋🏻2888彩金，天天存天天送
💥每周存款再送👋🏻5188彩金，彩金领不停

💎💎14年国际大牌，新利18诚邀您的加入💎💎
💸💸新利18带你赚钱带你飞💸💸
Telegram : @ningchang01
    Flygram+ : keigo1202

 91M Boss代发 联系 ✈️：Boss91M1   Skype : onam2221

----------------------------------------------

2022-10-18 10:26:10 → rayol15336@kaimdr.com::xiaomu202206 → at3833 →  🎁会员存款迎新大礼包🎁
💥首存礼金1288➕首单包赔！
💥复存送苹果13 pro max➕1888彩金！
💥每日存款送👋🏻2888彩金，天天存天天送
💥每周存款再送👋🏻5188彩金，彩金领不停

💎💎14年国际大牌，新利18诚邀您的加入💎💎
💸💸新利18带你赚钱带你飞💸💸
Telegram : @ningchang01
    Flygram+ : keigo1202

 91M Boss代发 联系 ✈️：Boss91M1   Skype : onam2221

----------------------------------------------

2022-10-18 10:26:14 → devokow766@charav.com::xiaomu202206 → niucai888 →  4年国际品牌德甲赞助商⚽️⚽️【新利18】招总代理💥
💥佣金+二级代理分红，赚不停！
💥佣金高达55%！一直持续到世界杯
💥人头费300/人！
💥介绍代理再享10%提成！！！
合营详细请洽询:
   Telegram : @ningchang01
    Flygram+ : keigo1202

 91M Boss代发 联系 ✈️：Boss91M1   Skype : onam2221

----------------------------------------------

2022-10-18 10:26:19 → rayol15336@kaimdr.com::xiaomu202206 → wz99999 →  4年国际品牌德甲赞助商⚽️⚽️【新利18】招总代理💥
💥佣金+二级代理分红，赚不停！
💥佣金高达55%！一直持续到世界杯
💥人头费300/人！
💥介绍代理再享10%提成！！！
合营详细请洽询:
   Telegram : @ningchang01
    Flygram+ : keigo1202

 91M Boss代发 联系 ✈️：Boss91M1   Skype : onam2221