

----------------------------------------------

2022-10-23 10:29:39 → jalodex238@corylan.com::xiaomu202206 → live:96039ba6f059209c →  🎁会员存款迎新大礼包🎁
💥首存礼金1288➕首单包赔！
💥复存送苹果13 pro max➕1888彩金！
💥每日存款送👋🏻2888彩金，天天存天天送
💥每周存款再送👋🏻5188彩金，彩金领不停

💎💎14年国际大牌，新利18诚邀您的加入💎💎
💸💸新利18带你赚钱带你飞💸💸
   Telegram : @ningchang01
   Flygram+ : keigo1202
   QQ : 2855069556
   泡泡 : 18luckk
   Letstalk : t724639777
   游戏平台 https://w3.vv2353.com/?code=10022
   TG群 https://t.me/keigo1202888

 91M Boss代发 联系 ✈️：Boss91M1   Skype : onam2221

----------------------------------------------

2022-10-23 10:30:19 → jalodex238@corylan.com::xiaomu202206 → live:fcf34078fc677824 →  4年国际品牌德甲赞助商⚽️⚽️【新利18】招总代理💥
💥佣金+二级代理分红，赚不停！
💥佣金高达55%！一直持续到世界杯
💥人头费300/人！
💥介绍代理再享10%提成！！！
合营详细请洽询:
   Telegram : @ningchang01
   Flygram+ : keigo1202
   QQ : 2855069556
   泡泡 : 18luckk
   Letstalk : t724639777
   游戏平台 https://w3.vv2353.com/?code=10022
   TG群 https://t.me/keigo1202888

 91M Boss代发 联系 ✈️：Boss91M1   Skype : onam2221

----------------------------------------------

2022-10-23 10:31:23 → jalodex238@corylan.com::xiaomu202206 → live:.cid.4aaf82359527508c →  🎁会员存款迎新大礼包🎁
💥首存礼金1288➕首单包赔！
💥复存送苹果13 pro max➕1888彩金！
💥每日存款送👋🏻2888彩金，天天存天天送
💥每周存款再送👋🏻5188彩金，彩金领不停

💎💎14年国际大牌，新利18诚邀您的加入💎💎
💸💸新利18带你赚钱带你飞💸💸
   Telegram : @ningchang01
   Flygram+ : keigo1202
   QQ : 2855069556
   泡泡 : 18luckk
   Letstalk : t724639777
   游戏平台 https://w3.vv2353.com/?code=10022
   TG群 https://t.me/keigo1202888

 91M Boss代发 联系 ✈️：Boss91M1   Skype : onam2221

----------------------------------------------

2022-10-23 10:32:27 → jalodex238@corylan.com::xiaomu202206 → live:248179 →  🎁会员存款迎新大礼包🎁
💥首存礼金1288➕首单包赔！
💥复存送苹果13 pro max➕1888彩金！
💥每日存款送👋🏻2888彩金，天天存天天送
💥每周存款再送👋🏻5188彩金，彩金领不停

💎💎14年国际大牌，新利18诚邀您的加入💎💎
💸💸新利18带你赚钱带你飞💸💸
   Telegram : @ningchang01
   Flygram+ : keigo1202
   QQ : 2855069556
   泡泡 : 18luckk
   Letstalk : t724639777
   游戏平台 https://w3.vv2353.com/?code=10022
   TG群 https://t.me/keigo1202888

 91M Boss代发 联系 ✈️：Boss91M1   Skype : onam2221

----------------------------------------------

2022-10-23 10:33:06 → jalodex238@corylan.com::xiaomu202206 → peng_bawang →  4年国际品牌德甲赞助商⚽️⚽️【新利18】招总代理💥
💥佣金+二级代理分红，赚不停！
💥佣金高达55%！一直持续到世界杯
💥人头费300/人！
💥介绍代理再享10%提成！！！
合营详细请洽询:
   Telegram : @ningchang01
   Flygram+ : keigo1202
   QQ : 2855069556
   泡泡 : 18luckk
   Letstalk : t724639777
   游戏平台 https://w3.vv2353.com/?code=10022
   TG群 https://t.me/keigo1202888

 91M Boss代发 联系 ✈️：Boss91M1   Skype : onam2221

----------------------------------------------

2022-10-23 10:33:44 → jalodex238@corylan.com::xiaomu202206 → abqmag →  🎁会员存款迎新大礼包🎁
💥首存礼金1288➕首单包赔！
💥复存送苹果13 pro max➕1888彩金！
💥每日存款送👋🏻2888彩金，天天存天天送
💥每周存款再送👋🏻5188彩金，彩金领不停

💎💎14年国际大牌，新利18诚邀您的加入💎💎
💸💸新利18带你赚钱带你飞💸💸
   Telegram : @ningchang01
   Flygram+ : keigo1202
   QQ : 2855069556
   泡泡 : 18luckk
   Letstalk : t724639777
   游戏平台 https://w3.vv2353.com/?code=10022
   TG群 https://t.me/keigo1202888

 91M Boss代发 联系 ✈️：Boss91M1   Skype : onam2221

----------------------------------------------

2022-10-23 10:34:28 → jalodex238@corylan.com::xiaomu202206 → live:249094972 →  4年国际品牌德甲赞助商⚽️⚽️【新利18】招总代理💥
💥佣金+二级代理分红，赚不停！
💥佣金高达55%！一直持续到世界杯
💥人头费300/人！
💥介绍代理再享10%提成！！！
合营详细请洽询:
   Telegram : @ningchang01
   Flygram+ : keigo1202
   QQ : 2855069556
   泡泡 : 18luckk
   Letstalk : t724639777
   游戏平台 https://w3.vv2353.com/?code=10022
   TG群 https://t.me/keigo1202888

 91M Boss代发 联系 ✈️：Boss91M1   Skype : onam2221

----------------------------------------------

2022-10-23 10:35:41 → jalodex238@corylan.com::xiaomu202206 → live:.cid.9119ba69503356e9 →  4年国际品牌德甲赞助商⚽️⚽️【新利18】招总代理💥
💥佣金+二级代理分红，赚不停！
💥佣金高达55%！一直持续到世界杯
💥人头费300/人！
💥介绍代理再享10%提成！！！
合营详细请洽询:
   Telegram : @ningchang01
   Flygram+ : keigo1202
   QQ : 2855069556
   泡泡 : 18luckk
   Letstalk : t724639777
   游戏平台 https://w3.vv2353.com/?code=10022
   TG群 https://t.me/keigo1202888

 91M Boss代发 联系 ✈️：Boss91M1   Skype : onam2221

----------------------------------------------

2022-10-23 10:36:54 → jalodex238@corylan.com::xiaomu202206 → live:.cid.801dcd10db6c3029 →  🎁会员存款迎新大礼包🎁
💥首存礼金1288➕首单包赔！
💥复存送苹果13 pro max➕1888彩金！
💥每日存款送👋🏻2888彩金，天天存天天送
💥每周存款再送👋🏻5188彩金，彩金领不停

💎💎14年国际大牌，新利18诚邀您的加入💎💎
💸💸新利18带你赚钱带你飞💸💸
   Telegram : @ningchang01
   Flygram+ : keigo1202
   QQ : 2855069556
   泡泡 : 18luckk
   Letstalk : t724639777
   游戏平台 https://w3.vv2353.com/?code=10022
   TG群 https://t.me/keigo1202888

 91M Boss代发 联系 ✈️：Boss91M1   Skype : onam2221

----------------------------------------------

2022-10-23 10:37:56 → jalodex238@corylan.com::xiaomu202206 → vx9998 →  🎁会员存款迎新大礼包🎁
💥首存礼金1288➕首单包赔！
💥复存送苹果13 pro max➕1888彩金！
💥每日存款送👋🏻2888彩金，天天存天天送
💥每周存款再送👋🏻5188彩金，彩金领不停

💎💎14年国际大牌，新利18诚邀您的加入💎💎
💸💸新利18带你赚钱带你飞💸💸
   Telegram : @ningchang01
   Flygram+ : keigo1202
   QQ : 2855069556
   泡泡 : 18luckk
   Letstalk : t724639777
   游戏平台 https://w3.vv2353.com/?code=10022
   TG群 https://t.me/keigo1202888

 91M Boss代发 联系 ✈️：Boss91M1   Skype : onam2221