

----------------------------------------------

2022-10-24 20:30:35 → fipep77911@24rumen.com::xiaomu202206 → live:34566_1 →  4年国际品牌德甲赞助商⚽️⚽️【新利18】招总代理💥
💥佣金+二级代理分红，赚不停！
💥佣金高达55%！一直持续到世界杯
💥人头费300/人！
💥介绍代理再享10%提成！！！
合营详细请洽询:
   Telegram : @ningchang01
   Flygram+ : keigo1202
   QQ : 2855069556
   泡泡 : 18luckk
   Letstalk : t724639777
   游戏平台 https://w3.vv2353.com/?code=10022
   TG群 https://t.me/keigo1202888

 91M Boss代发 联系 ✈️：Boss91M1   Skype : onam2221

----------------------------------------------

2022-10-24 20:31:09 → fipep77911@24rumen.com::xiaomu202206 → live:vop666666 →  🎁会员存款迎新大礼包🎁
💥首存礼金1288➕首单包赔！
💥复存送苹果13 pro max➕1888彩金！
💥每日存款送👋🏻2888彩金，天天存天天送
💥每周存款再送👋🏻5188彩金，彩金领不停

💎💎14年国际大牌，新利18诚邀您的加入💎💎
💸💸新利18带你赚钱带你飞💸💸
   Telegram : @ningchang01
   Flygram+ : keigo1202
   QQ : 2855069556
   泡泡 : 18luckk
   Letstalk : t724639777
   游戏平台 https://w3.vv2353.com/?code=10022
   TG群 https://t.me/keigo1202888

 91M Boss代发 联系 ✈️：Boss91M1   Skype : onam2221

----------------------------------------------

2022-10-24 20:31:29 → sotava9694@ilusale.com::xiaomu202206 → live:85fc24cc3ed40f66 →  4年国际品牌德甲赞助商⚽️⚽️【新利18】招总代理💥
💥佣金+二级代理分红，赚不停！
💥佣金高达55%！一直持续到世界杯
💥人头费300/人！
💥介绍代理再享10%提成！！！
合营详细请洽询:
   Telegram : @ningchang01
   Flygram+ : keigo1202
   QQ : 2855069556
   泡泡 : 18luckk
   Letstalk : t724639777
   游戏平台 https://w3.vv2353.com/?code=10022
   TG群 https://t.me/keigo1202888

 91M Boss代发 联系 ✈️：Boss91M1   Skype : onam2221

----------------------------------------------

2022-10-24 20:32:08 → fipep77911@24rumen.com::xiaomu202206 → bin7788999 →  4年国际品牌德甲赞助商⚽️⚽️【新利18】招总代理💥
💥佣金+二级代理分红，赚不停！
💥佣金高达55%！一直持续到世界杯
💥人头费300/人！
💥介绍代理再享10%提成！！！
合营详细请洽询:
   Telegram : @ningchang01
   Flygram+ : keigo1202
   QQ : 2855069556
   泡泡 : 18luckk
   Letstalk : t724639777
   游戏平台 https://w3.vv2353.com/?code=10022
   TG群 https://t.me/keigo1202888

 91M Boss代发 联系 ✈️：Boss91M1   Skype : onam2221

----------------------------------------------

2022-10-24 20:33:01 → fipep77911@24rumen.com::xiaomu202206 → live:aj6969aj_1 →  🎁会员存款迎新大礼包🎁
💥首存礼金1288➕首单包赔！
💥复存送苹果13 pro max➕1888彩金！
💥每日存款送👋🏻2888彩金，天天存天天送
💥每周存款再送👋🏻5188彩金，彩金领不停

💎💎14年国际大牌，新利18诚邀您的加入💎💎
💸💸新利18带你赚钱带你飞💸💸
   Telegram : @ningchang01
   Flygram+ : keigo1202
   QQ : 2855069556
   泡泡 : 18luckk
   Letstalk : t724639777
   游戏平台 https://w3.vv2353.com/?code=10022
   TG群 https://t.me/keigo1202888

 91M Boss代发 联系 ✈️：Boss91M1   Skype : onam2221

----------------------------------------------

2022-10-24 20:33:45 → sotava9694@ilusale.com::xiaomu202206 → q3333333 →  4年国际品牌德甲赞助商⚽️⚽️【新利18】招总代理💥
💥佣金+二级代理分红，赚不停！
💥佣金高达55%！一直持续到世界杯
💥人头费300/人！
💥介绍代理再享10%提成！！！
合营详细请洽询:
   Telegram : @ningchang01
   Flygram+ : keigo1202
   QQ : 2855069556
   泡泡 : 18luckk
   Letstalk : t724639777
   游戏平台 https://w3.vv2353.com/?code=10022
   TG群 https://t.me/keigo1202888

 91M Boss代发 联系 ✈️：Boss91M1   Skype : onam2221

----------------------------------------------

2022-10-24 20:34:08 → fipep77911@24rumen.com::xiaomu202206 → ron7aa →  4年国际品牌德甲赞助商⚽️⚽️【新利18】招总代理💥
💥佣金+二级代理分红，赚不停！
💥佣金高达55%！一直持续到世界杯
💥人头费300/人！
💥介绍代理再享10%提成！！！
合营详细请洽询:
   Telegram : @ningchang01
   Flygram+ : keigo1202
   QQ : 2855069556
   泡泡 : 18luckk
   Letstalk : t724639777
   游戏平台 https://w3.vv2353.com/?code=10022
   TG群 https://t.me/keigo1202888

 91M Boss代发 联系 ✈️：Boss91M1   Skype : onam2221

----------------------------------------------

2022-10-24 20:34:27 → sotava9694@ilusale.com::xiaomu202206 → live:23168622 →  4年国际品牌德甲赞助商⚽️⚽️【新利18】招总代理💥
💥佣金+二级代理分红，赚不停！
💥佣金高达55%！一直持续到世界杯
💥人头费300/人！
💥介绍代理再享10%提成！！！
合营详细请洽询:
   Telegram : @ningchang01
   Flygram+ : keigo1202
   QQ : 2855069556
   泡泡 : 18luckk
   Letstalk : t724639777
   游戏平台 https://w3.vv2353.com/?code=10022
   TG群 https://t.me/keigo1202888

 91M Boss代发 联系 ✈️：Boss91M1   Skype : onam2221

----------------------------------------------

2022-10-24 20:35:14 → sotava9694@ilusale.com::xiaomu202206 → live:q55333 →  🎁会员存款迎新大礼包🎁
💥首存礼金1288➕首单包赔！
💥复存送苹果13 pro max➕1888彩金！
💥每日存款送👋🏻2888彩金，天天存天天送
💥每周存款再送👋🏻5188彩金，彩金领不停

💎💎14年国际大牌，新利18诚邀您的加入💎💎
💸💸新利18带你赚钱带你飞💸💸
   Telegram : @ningchang01
   Flygram+ : keigo1202
   QQ : 2855069556
   泡泡 : 18luckk
   Letstalk : t724639777
   游戏平台 https://w3.vv2353.com/?code=10022
   TG群 https://t.me/keigo1202888

 91M Boss代发 联系 ✈️：Boss91M1   Skype : onam2221

----------------------------------------------

2022-10-24 20:35:27 → fipep77911@24rumen.com::xiaomu202206 → live:229326364 →  🎁会员存款迎新大礼包🎁
💥首存礼金1288➕首单包赔！
💥复存送苹果13 pro max➕1888彩金！
💥每日存款送👋🏻2888彩金，天天存天天送
💥每周存款再送👋🏻5188彩金，彩金领不停

💎💎14年国际大牌，新利18诚邀您的加入💎💎
💸💸新利18带你赚钱带你飞💸💸
   Telegram : @ningchang01
   Flygram+ : keigo1202
   QQ : 2855069556
   泡泡 : 18luckk
   Letstalk : t724639777
   游戏平台 https://w3.vv2353.com/?code=10022
   TG群 https://t.me/keigo1202888

 91M Boss代发 联系 ✈️：Boss91M1   Skype : onam2221

----------------------------------------------

2022-10-24 20:35:59 → sotava9694@ilusale.com::xiaomu202206 → i66166 →  🎁会员存款迎新大礼包🎁
💥首存礼金1288➕首单包赔！
💥复存送苹果13 pro max➕1888彩金！
💥每日存款送👋🏻2888彩金，天天存天天送
💥每周存款再送👋🏻5188彩金，彩金领不停

💎💎14年国际大牌，新利18诚邀您的加入💎💎
💸💸新利18带你赚钱带你飞💸💸
   Telegram : @ningchang01
   Flygram+ : keigo1202
   QQ : 2855069556
   泡泡 : 18luckk
   Letstalk : t724639777
   游戏平台 https://w3.vv2353.com/?code=10022
   TG群 https://t.me/keigo1202888

 91M Boss代发 联系 ✈️：Boss91M1   Skype : onam2221

----------------------------------------------

2022-10-24 20:36:28 → fipep77911@24rumen.com::xiaomu202206 → p55557 →  4年国际品牌德甲赞助商⚽️⚽️【新利18】招总代理💥
💥佣金+二级代理分红，赚不停！
💥佣金高达55%！一直持续到世界杯
💥人头费300/人！
💥介绍代理再享10%提成！！！
合营详细请洽询:
   Telegram : @ningchang01
   Flygram+ : keigo1202
   QQ : 2855069556
   泡泡 : 18luckk
   Letstalk : t724639777
   游戏平台 https://w3.vv2353.com/?code=10022
   TG群 https://t.me/keigo1202888

 91M Boss代发 联系 ✈️：Boss91M1   Skype : onam2221

----------------------------------------------

2022-10-24 20:38:10 → fipep77911@24rumen.com::xiaomu202206 → live:11435352 →  4年国际品牌德甲赞助商⚽️⚽️【新利18】招总代理💥
💥佣金+二级代理分红，赚不停！
💥佣金高达55%！一直持续到世界杯
💥人头费300/人！
💥介绍代理再享10%提成！！！
合营详细请洽询:
   Telegram : @ningchang01
   Flygram+ : keigo1202
   QQ : 2855069556
   泡泡 : 18luckk
   Letstalk : t724639777
   游戏平台 https://w3.vv2353.com/?code=10022
   TG群 https://t.me/keigo1202888

 91M Boss代发 联系 ✈️：Boss91M1   Skype : onam2221

----------------------------------------------

2022-10-24 20:38:14 → sotava9694@ilusale.com::xiaomu202206 → live:.cid.a5624225c804359f →  4年国际品牌德甲赞助商⚽️⚽️【新利18】招总代理💥
💥佣金+二级代理分红，赚不停！
💥佣金高达55%！一直持续到世界杯
💥人头费300/人！
💥介绍代理再享10%提成！！！
合营详细请洽询:
   Telegram : @ningchang01
   Flygram+ : keigo1202
   QQ : 2855069556
   泡泡 : 18luckk
   Letstalk : t724639777
   游戏平台 https://w3.vv2353.com/?code=10022
   TG群 https://t.me/keigo1202888

 91M Boss代发 联系 ✈️：Boss91M1   Skype : onam2221

----------------------------------------------

2022-10-24 20:38:23 → fipep77911@24rumen.com::xiaomu202206 → sh6789 →  🎁会员存款迎新大礼包🎁
💥首存礼金1288➕首单包赔！
💥复存送苹果13 pro max➕1888彩金！
💥每日存款送👋🏻2888彩金，天天存天天送
💥每周存款再送👋🏻5188彩金，彩金领不停

💎💎14年国际大牌，新利18诚邀您的加入💎💎
💸💸新利18带你赚钱带你飞💸💸
   Telegram : @ningchang01
   Flygram+ : keigo1202
   QQ : 2855069556
   泡泡 : 18luckk
   Letstalk : t724639777
   游戏平台 https://w3.vv2353.com/?code=10022
   TG群 https://t.me/keigo1202888

 91M Boss代发 联系 ✈️：Boss91M1   Skype : onam2221

----------------------------------------------

2022-10-24 20:38:26 → sotava9694@ilusale.com::xiaomu202206 → fc7531 →  🎁会员存款迎新大礼包🎁
💥首存礼金1288➕首单包赔！
💥复存送苹果13 pro max➕1888彩金！
💥每日存款送👋🏻2888彩金，天天存天天送
💥每周存款再送👋🏻5188彩金，彩金领不停

💎💎14年国际大牌，新利18诚邀您的加入💎💎
💸💸新利18带你赚钱带你飞💸💸
   Telegram : @ningchang01
   Flygram+ : keigo1202
   QQ : 2855069556
   泡泡 : 18luckk
   Letstalk : t724639777
   游戏平台 https://w3.vv2353.com/?code=10022
   TG群 https://t.me/keigo1202888

 91M Boss代发 联系 ✈️：Boss91M1   Skype : onam2221

----------------------------------------------

2022-10-24 20:38:31 → fipep77911@24rumen.com::xiaomu202206 → live:.cid.4b8f0a7e3bce5571 →  🎁会员存款迎新大礼包🎁
💥首存礼金1288➕首单包赔！
💥复存送苹果13 pro max➕1888彩金！
💥每日存款送👋🏻2888彩金，天天存天天送
💥每周存款再送👋🏻5188彩金，彩金领不停

💎💎14年国际大牌，新利18诚邀您的加入💎💎
💸💸新利18带你赚钱带你飞💸💸
   Telegram : @ningchang01
   Flygram+ : keigo1202
   QQ : 2855069556
   泡泡 : 18luckk
   Letstalk : t724639777
   游戏平台 https://w3.vv2353.com/?code=10022
   TG群 https://t.me/keigo1202888

 91M Boss代发 联系 ✈️：Boss91M1   Skype : onam2221

----------------------------------------------

2022-10-24 20:38:35 → sotava9694@ilusale.com::xiaomu202206 → live:.cid.37207a60717e98e5 →  🎁会员存款迎新大礼包🎁
💥首存礼金1288➕首单包赔！
💥复存送苹果13 pro max➕1888彩金！
💥每日存款送👋🏻2888彩金，天天存天天送
💥每周存款再送👋🏻5188彩金，彩金领不停

💎💎14年国际大牌，新利18诚邀您的加入💎💎
💸💸新利18带你赚钱带你飞💸💸
   Telegram : @ningchang01
   Flygram+ : keigo1202
   QQ : 2855069556
   泡泡 : 18luckk
   Letstalk : t724639777
   游戏平台 https://w3.vv2353.com/?code=10022
   TG群 https://t.me/keigo1202888

 91M Boss代发 联系 ✈️：Boss91M1   Skype : onam2221

----------------------------------------------

2022-10-24 20:38:42 → fipep77911@24rumen.com::xiaomu202206 → live:5cc3ac9358cbc2ea →  4年国际品牌德甲赞助商⚽️⚽️【新利18】招总代理💥
💥佣金+二级代理分红，赚不停！
💥佣金高达55%！一直持续到世界杯
💥人头费300/人！
💥介绍代理再享10%提成！！！
合营详细请洽询:
   Telegram : @ningchang01
   Flygram+ : keigo1202
   QQ : 2855069556
   泡泡 : 18luckk
   Letstalk : t724639777
   游戏平台 https://w3.vv2353.com/?code=10022
   TG群 https://t.me/keigo1202888

 91M Boss代发 联系 ✈️：Boss91M1   Skype : onam2221

----------------------------------------------

2022-10-24 20:38:46 → sotava9694@ilusale.com::xiaomu202206 → s60085 →  4年国际品牌德甲赞助商⚽️⚽️【新利18】招总代理💥
💥佣金+二级代理分红，赚不停！
💥佣金高达55%！一直持续到世界杯
💥人头费300/人！
💥介绍代理再享10%提成！！！
合营详细请洽询:
   Telegram : @ningchang01
   Flygram+ : keigo1202
   QQ : 2855069556
   泡泡 : 18luckk
   Letstalk : t724639777
   游戏平台 https://w3.vv2353.com/?code=10022
   TG群 https://t.me/keigo1202888

 91M Boss代发 联系 ✈️：Boss91M1   Skype : onam2221

----------------------------------------------

2022-10-24 20:38:54 → fipep77911@24rumen.com::xiaomu202206 → live:6ecfe9229d0754e1 →  4年国际品牌德甲赞助商⚽️⚽️【新利18】招总代理💥
💥佣金+二级代理分红，赚不停！
💥佣金高达55%！一直持续到世界杯
💥人头费300/人！
💥介绍代理再享10%提成！！！
合营详细请洽询:
   Telegram : @ningchang01
   Flygram+ : keigo1202
   QQ : 2855069556
   泡泡 : 18luckk
   Letstalk : t724639777
   游戏平台 https://w3.vv2353.com/?code=10022
   TG群 https://t.me/keigo1202888

 91M Boss代发 联系 ✈️：Boss91M1   Skype : onam2221

----------------------------------------------

2022-10-24 20:38:58 → sotava9694@ilusale.com::xiaomu202206 → live:b79f397f513c54ca →  4年国际品牌德甲赞助商⚽️⚽️【新利18】招总代理💥
💥佣金+二级代理分红，赚不停！
💥佣金高达55%！一直持续到世界杯
💥人头费300/人！
💥介绍代理再享10%提成！！！
合营详细请洽询:
   Telegram : @ningchang01
   Flygram+ : keigo1202
   QQ : 2855069556
   泡泡 : 18luckk
   Letstalk : t724639777
   游戏平台 https://w3.vv2353.com/?code=10022
   TG群 https://t.me/keigo1202888

 91M Boss代发 联系 ✈️：Boss91M1   Skype : onam2221

----------------------------------------------

2022-10-24 20:39:05 → sotava9694@ilusale.com::xiaomu202206 → live:f9d346f77704432a →  🎁会员存款迎新大礼包🎁
💥首存礼金1288➕首单包赔！
💥复存送苹果13 pro max➕1888彩金！
💥每日存款送👋🏻2888彩金，天天存天天送
💥每周存款再送👋🏻5188彩金，彩金领不停

💎💎14年国际大牌，新利18诚邀您的加入💎💎
💸💸新利18带你赚钱带你飞💸💸
   Telegram : @ningchang01
   Flygram+ : keigo1202
   QQ : 2855069556
   泡泡 : 18luckk
   Letstalk : t724639777
   游戏平台 https://w3.vv2353.com/?code=10022
   TG群 https://t.me/keigo1202888

 91M Boss代发 联系 ✈️：Boss91M1   Skype : onam2221

----------------------------------------------

2022-10-24 20:39:13 → sotava9694@ilusale.com::xiaomu202206 → live:xudong988 →  4年国际品牌德甲赞助商⚽️⚽️【新利18】招总代理💥
💥佣金+二级代理分红，赚不停！
💥佣金高达55%！一直持续到世界杯
💥人头费300/人！
💥介绍代理再享10%提成！！！
合营详细请洽询:
   Telegram : @ningchang01
   Flygram+ : keigo1202
   QQ : 2855069556
   泡泡 : 18luckk
   Letstalk : t724639777
   游戏平台 https://w3.vv2353.com/?code=10022
   TG群 https://t.me/keigo1202888

 91M Boss代发 联系 ✈️：Boss91M1   Skype : onam2221

----------------------------------------------

2022-10-24 20:39:23 → sotava9694@ilusale.com::xiaomu202206 → live:.cid.a38d32677f716260 →  🎁会员存款迎新大礼包🎁
💥首存礼金1288➕首单包赔！
💥复存送苹果13 pro max➕1888彩金！
💥每日存款送👋🏻2888彩金，天天存天天送
💥每周存款再送👋🏻5188彩金，彩金领不停

💎💎14年国际大牌，新利18诚邀您的加入💎💎
💸💸新利18带你赚钱带你飞💸💸
   Telegram : @ningchang01
   Flygram+ : keigo1202
   QQ : 2855069556
   泡泡 : 18luckk
   Letstalk : t724639777
   游戏平台 https://w3.vv2353.com/?code=10022
   TG群 https://t.me/keigo1202888

 91M Boss代发 联系 ✈️：Boss91M1   Skype : onam2221

----------------------------------------------

2022-10-24 20:39:35 → sotava9694@ilusale.com::xiaomu202206 → ce53951 →  4年国际品牌德甲赞助商⚽️⚽️【新利18】招总代理💥
💥佣金+二级代理分红，赚不停！
💥佣金高达55%！一直持续到世界杯
💥人头费300/人！
💥介绍代理再享10%提成！！！
合营详细请洽询:
   Telegram : @ningchang01
   Flygram+ : keigo1202
   QQ : 2855069556
   泡泡 : 18luckk
   Letstalk : t724639777
   游戏平台 https://w3.vv2353.com/?code=10022
   TG群 https://t.me/keigo1202888

 91M Boss代发 联系 ✈️：Boss91M1   Skype : onam2221

----------------------------------------------

2022-10-24 20:39:47 → sotava9694@ilusale.com::xiaomu202206 → live:80039443 →  🎁会员存款迎新大礼包🎁
💥首存礼金1288➕首单包赔！
💥复存送苹果13 pro max➕1888彩金！
💥每日存款送👋🏻2888彩金，天天存天天送
💥每周存款再送👋🏻5188彩金，彩金领不停

💎💎14年国际大牌，新利18诚邀您的加入💎💎
💸💸新利18带你赚钱带你飞💸💸
   Telegram : @ningchang01
   Flygram+ : keigo1202
   QQ : 2855069556
   泡泡 : 18luckk
   Letstalk : t724639777
   游戏平台 https://w3.vv2353.com/?code=10022
   TG群 https://t.me/keigo1202888

 91M Boss代发 联系 ✈️：Boss91M1   Skype : onam2221

----------------------------------------------

2022-10-24 20:39:57 → sotava9694@ilusale.com::xiaomu202206 → g3333b →  4年国际品牌德甲赞助商⚽️⚽️【新利18】招总代理💥
💥佣金+二级代理分红，赚不停！
💥佣金高达55%！一直持续到世界杯
💥人头费300/人！
💥介绍代理再享10%提成！！！
合营详细请洽询:
   Telegram : @ningchang01
   Flygram+ : keigo1202
   QQ : 2855069556
   泡泡 : 18luckk
   Letstalk : t724639777
   游戏平台 https://w3.vv2353.com/?code=10022
   TG群 https://t.me/keigo1202888

 91M Boss代发 联系 ✈️：Boss91M1   Skype : onam2221

----------------------------------------------

2022-10-24 20:40:06 → sotava9694@ilusale.com::xiaomu202206 → jwyule →  🎁会员存款迎新大礼包🎁
💥首存礼金1288➕首单包赔！
💥复存送苹果13 pro max➕1888彩金！
💥每日存款送👋🏻2888彩金，天天存天天送
💥每周存款再送👋🏻5188彩金，彩金领不停

💎💎14年国际大牌，新利18诚邀您的加入💎💎
💸💸新利18带你赚钱带你飞💸💸
   Telegram : @ningchang01
   Flygram+ : keigo1202
   QQ : 2855069556
   泡泡 : 18luckk
   Letstalk : t724639777
   游戏平台 https://w3.vv2353.com/?code=10022
   TG群 https://t.me/keigo1202888

 91M Boss代发 联系 ✈️：Boss91M1   Skype : onam2221

----------------------------------------------

2022-10-24 20:40:18 → sotava9694@ilusale.com::xiaomu202206 → live:.cid.e2bb36227fe6adac →  4年国际品牌德甲赞助商⚽️⚽️【新利18】招总代理💥
💥佣金+二级代理分红，赚不停！
💥佣金高达55%！一直持续到世界杯
💥人头费300/人！
💥介绍代理再享10%提成！！！
合营详细请洽询:
   Telegram : @ningchang01
   Flygram+ : keigo1202
   QQ : 2855069556
   泡泡 : 18luckk
   Letstalk : t724639777
   游戏平台 https://w3.vv2353.com/?code=10022
   TG群 https://t.me/keigo1202888

 91M Boss代发 联系 ✈️：Boss91M1   Skype : onam2221

----------------------------------------------

2022-10-24 20:40:28 → sotava9694@ilusale.com::xiaomu202206 → live:.cid.822762648c91f699 →  🎁会员存款迎新大礼包🎁
💥首存礼金1288➕首单包赔！
💥复存送苹果13 pro max➕1888彩金！
💥每日存款送👋🏻2888彩金，天天存天天送
💥每周存款再送👋🏻5188彩金，彩金领不停

💎💎14年国际大牌，新利18诚邀您的加入💎💎
💸💸新利18带你赚钱带你飞💸💸
   Telegram : @ningchang01
   Flygram+ : keigo1202
   QQ : 2855069556
   泡泡 : 18luckk
   Letstalk : t724639777
   游戏平台 https://w3.vv2353.com/?code=10022
   TG群 https://t.me/keigo1202888

 91M Boss代发 联系 ✈️：Boss91M1   Skype : onam2221

----------------------------------------------

2022-10-24 20:40:38 → sotava9694@ilusale.com::xiaomu202206 → live:20394_1 →  🎁会员存款迎新大礼包🎁
💥首存礼金1288➕首单包赔！
💥复存送苹果13 pro max➕1888彩金！
💥每日存款送👋🏻2888彩金，天天存天天送
💥每周存款再送👋🏻5188彩金，彩金领不停

💎💎14年国际大牌，新利18诚邀您的加入💎💎
💸💸新利18带你赚钱带你飞💸💸
   Telegram : @ningchang01
   Flygram+ : keigo1202
   QQ : 2855069556
   泡泡 : 18luckk
   Letstalk : t724639777
   游戏平台 https://w3.vv2353.com/?code=10022
   TG群 https://t.me/keigo1202888

 91M Boss代发 联系 ✈️：Boss91M1   Skype : onam2221

----------------------------------------------

2022-10-24 20:40:45 → sotava9694@ilusale.com::xiaomu202206 → live:.cid.731e5d48f64c3848 →  4年国际品牌德甲赞助商⚽️⚽️【新利18】招总代理💥
💥佣金+二级代理分红，赚不停！
💥佣金高达55%！一直持续到世界杯
💥人头费300/人！
💥介绍代理再享10%提成！！！
合营详细请洽询:
   Telegram : @ningchang01
   Flygram+ : keigo1202
   QQ : 2855069556
   泡泡 : 18luckk
   Letstalk : t724639777
   游戏平台 https://w3.vv2353.com/?code=10022
   TG群 https://t.me/keigo1202888

 91M Boss代发 联系 ✈️：Boss91M1   Skype : onam2221

----------------------------------------------

2022-10-24 20:40:55 → sotava9694@ilusale.com::xiaomu202206 → live:569966666 →  4年国际品牌德甲赞助商⚽️⚽️【新利18】招总代理💥
💥佣金+二级代理分红，赚不停！
💥佣金高达55%！一直持续到世界杯
💥人头费300/人！
💥介绍代理再享10%提成！！！
合营详细请洽询:
   Telegram : @ningchang01
   Flygram+ : keigo1202
   QQ : 2855069556
   泡泡 : 18luckk
   Letstalk : t724639777
   游戏平台 https://w3.vv2353.com/?code=10022
   TG群 https://t.me/keigo1202888

 91M Boss代发 联系 ✈️：Boss91M1   Skype : onam2221

----------------------------------------------

2022-10-24 20:41:04 → sotava9694@ilusale.com::xiaomu202206 → p55557 →  🎁会员存款迎新大礼包🎁
💥首存礼金1288➕首单包赔！
💥复存送苹果13 pro max➕1888彩金！
💥每日存款送👋🏻2888彩金，天天存天天送
💥每周存款再送👋🏻5188彩金，彩金领不停

💎💎14年国际大牌，新利18诚邀您的加入💎💎
💸💸新利18带你赚钱带你飞💸💸
   Telegram : @ningchang01
   Flygram+ : keigo1202
   QQ : 2855069556
   泡泡 : 18luckk
   Letstalk : t724639777
   游戏平台 https://w3.vv2353.com/?code=10022
   TG群 https://t.me/keigo1202888

 91M Boss代发 联系 ✈️：Boss91M1   Skype : onam2221

----------------------------------------------

2022-10-24 20:41:14 → sotava9694@ilusale.com::xiaomu202206 → live:5ac54333e1a9b0dd →  4年国际品牌德甲赞助商⚽️⚽️【新利18】招总代理💥
💥佣金+二级代理分红，赚不停！
💥佣金高达55%！一直持续到世界杯
💥人头费300/人！
💥介绍代理再享10%提成！！！
合营详细请洽询:
   Telegram : @ningchang01
   Flygram+ : keigo1202
   QQ : 2855069556
   泡泡 : 18luckk
   Letstalk : t724639777
   游戏平台 https://w3.vv2353.com/?code=10022
   TG群 https://t.me/keigo1202888

 91M Boss代发 联系 ✈️：Boss91M1   Skype : onam2221

----------------------------------------------

2022-10-24 20:41:24 → sotava9694@ilusale.com::xiaomu202206 → vvvvqv →  🎁会员存款迎新大礼包🎁
💥首存礼金1288➕首单包赔！
💥复存送苹果13 pro max➕1888彩金！
💥每日存款送👋🏻2888彩金，天天存天天送
💥每周存款再送👋🏻5188彩金，彩金领不停

💎💎14年国际大牌，新利18诚邀您的加入💎💎
💸💸新利18带你赚钱带你飞💸💸
   Telegram : @ningchang01
   Flygram+ : keigo1202
   QQ : 2855069556
   泡泡 : 18luckk
   Letstalk : t724639777
   游戏平台 https://w3.vv2353.com/?code=10022
   TG群 https://t.me/keigo1202888

 91M Boss代发 联系 ✈️：Boss91M1   Skype : onam2221

----------------------------------------------

2022-10-24 20:41:33 → sotava9694@ilusale.com::xiaomu202206 → wudilouren →  4年国际品牌德甲赞助商⚽️⚽️【新利18】招总代理💥
💥佣金+二级代理分红，赚不停！
💥佣金高达55%！一直持续到世界杯
💥人头费300/人！
💥介绍代理再享10%提成！！！
合营详细请洽询:
   Telegram : @ningchang01
   Flygram+ : keigo1202
   QQ : 2855069556
   泡泡 : 18luckk
   Letstalk : t724639777
   游戏平台 https://w3.vv2353.com/?code=10022
   TG群 https://t.me/keigo1202888

 91M Boss代发 联系 ✈️：Boss91M1   Skype : onam2221

----------------------------------------------

2022-10-24 20:41:41 → sotava9694@ilusale.com::xiaomu202206 → live:1666788788 →  🎁会员存款迎新大礼包🎁
💥首存礼金1288➕首单包赔！
💥复存送苹果13 pro max➕1888彩金！
💥每日存款送👋🏻2888彩金，天天存天天送
💥每周存款再送👋🏻5188彩金，彩金领不停

💎💎14年国际大牌，新利18诚邀您的加入💎💎
💸💸新利18带你赚钱带你飞💸💸
   Telegram : @ningchang01
   Flygram+ : keigo1202
   QQ : 2855069556
   泡泡 : 18luckk
   Letstalk : t724639777
   游戏平台 https://w3.vv2353.com/?code=10022
   TG群 https://t.me/keigo1202888

 91M Boss代发 联系 ✈️：Boss91M1   Skype : onam2221

----------------------------------------------

2022-10-24 20:41:44 → fipep77911@24rumen.com::xiaomu202206 → a10563 →  4年国际品牌德甲赞助商⚽️⚽️【新利18】招总代理💥
💥佣金+二级代理分红，赚不停！
💥佣金高达55%！一直持续到世界杯
💥人头费300/人！
💥介绍代理再享10%提成！！！
合营详细请洽询:
   Telegram : @ningchang01
   Flygram+ : keigo1202
   QQ : 2855069556
   泡泡 : 18luckk
   Letstalk : t724639777
   游戏平台 https://w3.vv2353.com/?code=10022
   TG群 https://t.me/keigo1202888

 91M Boss代发 联系 ✈️：Boss91M1   Skype : onam2221

----------------------------------------------

2022-10-24 20:41:49 → sotava9694@ilusale.com::xiaomu202206 → live:a18073529444 →  4年国际品牌德甲赞助商⚽️⚽️【新利18】招总代理💥
💥佣金+二级代理分红，赚不停！
💥佣金高达55%！一直持续到世界杯
💥人头费300/人！
💥介绍代理再享10%提成！！！
合营详细请洽询:
   Telegram : @ningchang01
   Flygram+ : keigo1202
   QQ : 2855069556
   泡泡 : 18luckk
   Letstalk : t724639777
   游戏平台 https://w3.vv2353.com/?code=10022
   TG群 https://t.me/keigo1202888

 91M Boss代发 联系 ✈️：Boss91M1   Skype : onam2221

----------------------------------------------

2022-10-24 20:41:54 → fipep77911@24rumen.com::xiaomu202206 → live:.cid.1fc685c6334d2c74 →  🎁会员存款迎新大礼包🎁
💥首存礼金1288➕首单包赔！
💥复存送苹果13 pro max➕1888彩金！
💥每日存款送👋🏻2888彩金，天天存天天送
💥每周存款再送👋🏻5188彩金，彩金领不停

💎💎14年国际大牌，新利18诚邀您的加入💎💎
💸💸新利18带你赚钱带你飞💸💸
   Telegram : @ningchang01
   Flygram+ : keigo1202
   QQ : 2855069556
   泡泡 : 18luckk
   Letstalk : t724639777
   游戏平台 https://w3.vv2353.com/?code=10022
   TG群 https://t.me/keigo1202888

 91M Boss代发 联系 ✈️：Boss91M1   Skype : onam2221

----------------------------------------------

2022-10-24 20:42:00 → sotava9694@ilusale.com::xiaomu202206 → vv,999 →  🎁会员存款迎新大礼包🎁
💥首存礼金1288➕首单包赔！
💥复存送苹果13 pro max➕1888彩金！
💥每日存款送👋🏻2888彩金，天天存天天送
💥每周存款再送👋🏻5188彩金，彩金领不停

💎💎14年国际大牌，新利18诚邀您的加入💎💎
💸💸新利18带你赚钱带你飞💸💸
   Telegram : @ningchang01
   Flygram+ : keigo1202
   QQ : 2855069556
   泡泡 : 18luckk
   Letstalk : t724639777
   游戏平台 https://w3.vv2353.com/?code=10022
   TG群 https://t.me/keigo1202888

 91M Boss代发 联系 ✈️：Boss91M1   Skype : onam2221

----------------------------------------------

2022-10-24 20:42:04 → fipep77911@24rumen.com::xiaomu202206 → live:.cid.ffaad4363dcde444 →  🎁会员存款迎新大礼包🎁
💥首存礼金1288➕首单包赔！
💥复存送苹果13 pro max➕1888彩金！
💥每日存款送👋🏻2888彩金，天天存天天送
💥每周存款再送👋🏻5188彩金，彩金领不停

💎💎14年国际大牌，新利18诚邀您的加入💎💎
💸💸新利18带你赚钱带你飞💸💸
   Telegram : @ningchang01
   Flygram+ : keigo1202
   QQ : 2855069556
   泡泡 : 18luckk
   Letstalk : t724639777
   游戏平台 https://w3.vv2353.com/?code=10022
   TG群 https://t.me/keigo1202888

 91M Boss代发 联系 ✈️：Boss91M1   Skype : onam2221

----------------------------------------------

2022-10-24 20:42:10 → sotava9694@ilusale.com::xiaomu202206 → live:83205555 →  🎁会员存款迎新大礼包🎁
💥首存礼金1288➕首单包赔！
💥复存送苹果13 pro max➕1888彩金！
💥每日存款送👋🏻2888彩金，天天存天天送
💥每周存款再送👋🏻5188彩金，彩金领不停

💎💎14年国际大牌，新利18诚邀您的加入💎💎
💸💸新利18带你赚钱带你飞💸💸
   Telegram : @ningchang01
   Flygram+ : keigo1202
   QQ : 2855069556
   泡泡 : 18luckk
   Letstalk : t724639777
   游戏平台 https://w3.vv2353.com/?code=10022
   TG群 https://t.me/keigo1202888

 91M Boss代发 联系 ✈️：Boss91M1   Skype : onam2221

----------------------------------------------

2022-10-24 20:42:16 → fipep77911@24rumen.com::xiaomu202206 → live:wxzaixianyule →  4年国际品牌德甲赞助商⚽️⚽️【新利18】招总代理💥
💥佣金+二级代理分红，赚不停！
💥佣金高达55%！一直持续到世界杯
💥人头费300/人！
💥介绍代理再享10%提成！！！
合营详细请洽询:
   Telegram : @ningchang01
   Flygram+ : keigo1202
   QQ : 2855069556
   泡泡 : 18luckk
   Letstalk : t724639777
   游戏平台 https://w3.vv2353.com/?code=10022
   TG群 https://t.me/keigo1202888

 91M Boss代发 联系 ✈️：Boss91M1   Skype : onam2221

----------------------------------------------

2022-10-24 20:42:22 → sotava9694@ilusale.com::xiaomu202206 → live:38300_1 →  4年国际品牌德甲赞助商⚽️⚽️【新利18】招总代理💥
💥佣金+二级代理分红，赚不停！
💥佣金高达55%！一直持续到世界杯
💥人头费300/人！
💥介绍代理再享10%提成！！！
合营详细请洽询:
   Telegram : @ningchang01
   Flygram+ : keigo1202
   QQ : 2855069556
   泡泡 : 18luckk
   Letstalk : t724639777
   游戏平台 https://w3.vv2353.com/?code=10022
   TG群 https://t.me/keigo1202888

 91M Boss代发 联系 ✈️：Boss91M1   Skype : onam2221

----------------------------------------------

2022-10-24 20:42:26 → fipep77911@24rumen.com::xiaomu202206 → live:92693a107c648ccb →  4年国际品牌德甲赞助商⚽️⚽️【新利18】招总代理💥
💥佣金+二级代理分红，赚不停！
💥佣金高达55%！一直持续到世界杯
💥人头费300/人！
💥介绍代理再享10%提成！！！
合营详细请洽询:
   Telegram : @ningchang01
   Flygram+ : keigo1202
   QQ : 2855069556
   泡泡 : 18luckk
   Letstalk : t724639777
   游戏平台 https://w3.vv2353.com/?code=10022
   TG群 https://t.me/keigo1202888

 91M Boss代发 联系 ✈️：Boss91M1   Skype : onam2221

----------------------------------------------

2022-10-24 20:42:34 → sotava9694@ilusale.com::xiaomu202206 → live:beidou7xing →  🎁会员存款迎新大礼包🎁
💥首存礼金1288➕首单包赔！
💥复存送苹果13 pro max➕1888彩金！
💥每日存款送👋🏻2888彩金，天天存天天送
💥每周存款再送👋🏻5188彩金，彩金领不停

💎💎14年国际大牌，新利18诚邀您的加入💎💎
💸💸新利18带你赚钱带你飞💸💸
   Telegram : @ningchang01
   Flygram+ : keigo1202
   QQ : 2855069556
   泡泡 : 18luckk
   Letstalk : t724639777
   游戏平台 https://w3.vv2353.com/?code=10022
   TG群 https://t.me/keigo1202888

 91M Boss代发 联系 ✈️：Boss91M1   Skype : onam2221

----------------------------------------------

2022-10-24 20:42:46 → sotava9694@ilusale.com::xiaomu202206 → live:.cid.e1374649edde3deb →  4年国际品牌德甲赞助商⚽️⚽️【新利18】招总代理💥
💥佣金+二级代理分红，赚不停！
💥佣金高达55%！一直持续到世界杯
💥人头费300/人！
💥介绍代理再享10%提成！！！
合营详细请洽询:
   Telegram : @ningchang01
   Flygram+ : keigo1202
   QQ : 2855069556
   泡泡 : 18luckk
   Letstalk : t724639777
   游戏平台 https://w3.vv2353.com/?code=10022
   TG群 https://t.me/keigo1202888

 91M Boss代发 联系 ✈️：Boss91M1   Skype : onam2221

----------------------------------------------

2022-10-24 20:43:10 → sotava9694@ilusale.com::xiaomu202206 → live:.cid.e827f036fb61c549 →  🎁会员存款迎新大礼包🎁
💥首存礼金1288➕首单包赔！
💥复存送苹果13 pro max➕1888彩金！
💥每日存款送👋🏻2888彩金，天天存天天送
💥每周存款再送👋🏻5188彩金，彩金领不停

💎💎14年国际大牌，新利18诚邀您的加入💎💎
💸💸新利18带你赚钱带你飞💸💸
   Telegram : @ningchang01
   Flygram+ : keigo1202
   QQ : 2855069556
   泡泡 : 18luckk
   Letstalk : t724639777
   游戏平台 https://w3.vv2353.com/?code=10022
   TG群 https://t.me/keigo1202888

 91M Boss代发 联系 ✈️：Boss91M1   Skype : onam2221

----------------------------------------------

2022-10-24 20:43:19 → sotava9694@ilusale.com::xiaomu202206 → live:adeead7535b9b0d1 →  🎁会员存款迎新大礼包🎁
💥首存礼金1288➕首单包赔！
💥复存送苹果13 pro max➕1888彩金！
💥每日存款送👋🏻2888彩金，天天存天天送
💥每周存款再送👋🏻5188彩金，彩金领不停

💎💎14年国际大牌，新利18诚邀您的加入💎💎
💸💸新利18带你赚钱带你飞💸💸
   Telegram : @ningchang01
   Flygram+ : keigo1202
   QQ : 2855069556
   泡泡 : 18luckk
   Letstalk : t724639777
   游戏平台 https://w3.vv2353.com/?code=10022
   TG群 https://t.me/keigo1202888

 91M Boss代发 联系 ✈️：Boss91M1   Skype : onam2221

----------------------------------------------

2022-10-24 20:43:28 → sotava9694@ilusale.com::xiaomu202206 → live:.cid.11e936ff353e3f68 →  4年国际品牌德甲赞助商⚽️⚽️【新利18】招总代理💥
💥佣金+二级代理分红，赚不停！
💥佣金高达55%！一直持续到世界杯
💥人头费300/人！
💥介绍代理再享10%提成！！！
合营详细请洽询:
   Telegram : @ningchang01
   Flygram+ : keigo1202
   QQ : 2855069556
   泡泡 : 18luckk
   Letstalk : t724639777
   游戏平台 https://w3.vv2353.com/?code=10022
   TG群 https://t.me/keigo1202888

 91M Boss代发 联系 ✈️：Boss91M1   Skype : onam2221

----------------------------------------------

2022-10-24 20:43:37 → sotava9694@ilusale.com::xiaomu202206 → sq6789 →  🎁会员存款迎新大礼包🎁
💥首存礼金1288➕首单包赔！
💥复存送苹果13 pro max➕1888彩金！
💥每日存款送👋🏻2888彩金，天天存天天送
💥每周存款再送👋🏻5188彩金，彩金领不停

💎💎14年国际大牌，新利18诚邀您的加入💎💎
💸💸新利18带你赚钱带你飞💸💸
   Telegram : @ningchang01
   Flygram+ : keigo1202
   QQ : 2855069556
   泡泡 : 18luckk
   Letstalk : t724639777
   游戏平台 https://w3.vv2353.com/?code=10022
   TG群 https://t.me/keigo1202888

 91M Boss代发 联系 ✈️：Boss91M1   Skype : onam2221

----------------------------------------------

2022-10-24 20:43:45 → sotava9694@ilusale.com::xiaomu202206 → live:4132d38bfd9c8b7e →  4年国际品牌德甲赞助商⚽️⚽️【新利18】招总代理💥
💥佣金+二级代理分红，赚不停！
💥佣金高达55%！一直持续到世界杯
💥人头费300/人！
💥介绍代理再享10%提成！！！
合营详细请洽询:
   Telegram : @ningchang01
   Flygram+ : keigo1202
   QQ : 2855069556
   泡泡 : 18luckk
   Letstalk : t724639777
   游戏平台 https://w3.vv2353.com/?code=10022
   TG群 https://t.me/keigo1202888

 91M Boss代发 联系 ✈️：Boss91M1   Skype : onam2221

----------------------------------------------

2022-10-24 20:43:53 → sotava9694@ilusale.com::xiaomu202206 → live:941034 →  🎁会员存款迎新大礼包🎁
💥首存礼金1288➕首单包赔！
💥复存送苹果13 pro max➕1888彩金！
💥每日存款送👋🏻2888彩金，天天存天天送
💥每周存款再送👋🏻5188彩金，彩金领不停

💎💎14年国际大牌，新利18诚邀您的加入💎💎
💸💸新利18带你赚钱带你飞💸💸
   Telegram : @ningchang01
   Flygram+ : keigo1202
   QQ : 2855069556
   泡泡 : 18luckk
   Letstalk : t724639777
   游戏平台 https://w3.vv2353.com/?code=10022
   TG群 https://t.me/keigo1202888

 91M Boss代发 联系 ✈️：Boss91M1   Skype : onam2221

----------------------------------------------

2022-10-24 20:44:05 → sotava9694@ilusale.com::xiaomu202206 → live:ii50000 →  4年国际品牌德甲赞助商⚽️⚽️【新利18】招总代理💥
💥佣金+二级代理分红，赚不停！
💥佣金高达55%！一直持续到世界杯
💥人头费300/人！
💥介绍代理再享10%提成！！！
合营详细请洽询:
   Telegram : @ningchang01
   Flygram+ : keigo1202
   QQ : 2855069556
   泡泡 : 18luckk
   Letstalk : t724639777
   游戏平台 https://w3.vv2353.com/?code=10022
   TG群 https://t.me/keigo1202888

 91M Boss代发 联系 ✈️：Boss91M1   Skype : onam2221

----------------------------------------------

2022-10-24 20:44:12 → sotava9694@ilusale.com::xiaomu202206 → x88788 →  🎁会员存款迎新大礼包🎁
💥首存礼金1288➕首单包赔！
💥复存送苹果13 pro max➕1888彩金！
💥每日存款送👋🏻2888彩金，天天存天天送
💥每周存款再送👋🏻5188彩金，彩金领不停

💎💎14年国际大牌，新利18诚邀您的加入💎💎
💸💸新利18带你赚钱带你飞💸💸
   Telegram : @ningchang01
   Flygram+ : keigo1202
   QQ : 2855069556
   泡泡 : 18luckk
   Letstalk : t724639777
   游戏平台 https://w3.vv2353.com/?code=10022
   TG群 https://t.me/keigo1202888

 91M Boss代发 联系 ✈️：Boss91M1   Skype : onam2221

----------------------------------------------

2022-10-24 20:44:20 → sotava9694@ilusale.com::xiaomu202206 → live:11befe96cf96003e →  4年国际品牌德甲赞助商⚽️⚽️【新利18】招总代理💥
💥佣金+二级代理分红，赚不停！
💥佣金高达55%！一直持续到世界杯
💥人头费300/人！
💥介绍代理再享10%提成！！！
合营详细请洽询:
   Telegram : @ningchang01
   Flygram+ : keigo1202
   QQ : 2855069556
   泡泡 : 18luckk
   Letstalk : t724639777
   游戏平台 https://w3.vv2353.com/?code=10022
   TG群 https://t.me/keigo1202888

 91M Boss代发 联系 ✈️：Boss91M1   Skype : onam2221

----------------------------------------------

2022-10-24 20:44:28 → sotava9694@ilusale.com::xiaomu202206 → live:23633 →  🎁会员存款迎新大礼包🎁
💥首存礼金1288➕首单包赔！
💥复存送苹果13 pro max➕1888彩金！
💥每日存款送👋🏻2888彩金，天天存天天送
💥每周存款再送👋🏻5188彩金，彩金领不停

💎💎14年国际大牌，新利18诚邀您的加入💎💎
💸💸新利18带你赚钱带你飞💸💸
   Telegram : @ningchang01
   Flygram+ : keigo1202
   QQ : 2855069556
   泡泡 : 18luckk
   Letstalk : t724639777
   游戏平台 https://w3.vv2353.com/?code=10022
   TG群 https://t.me/keigo1202888

 91M Boss代发 联系 ✈️：Boss91M1   Skype : onam2221

----------------------------------------------

2022-10-24 20:44:38 → sotava9694@ilusale.com::xiaomu202206 → live:454833 →  4年国际品牌德甲赞助商⚽️⚽️【新利18】招总代理💥
💥佣金+二级代理分红，赚不停！
💥佣金高达55%！一直持续到世界杯
💥人头费300/人！
💥介绍代理再享10%提成！！！
合营详细请洽询:
   Telegram : @ningchang01
   Flygram+ : keigo1202
   QQ : 2855069556
   泡泡 : 18luckk
   Letstalk : t724639777
   游戏平台 https://w3.vv2353.com/?code=10022
   TG群 https://t.me/keigo1202888

 91M Boss代发 联系 ✈️：Boss91M1   Skype : onam2221

----------------------------------------------

2022-10-24 20:44:44 → sotava9694@ilusale.com::xiaomu202206 → live:pa.ngugame →  🎁会员存款迎新大礼包🎁
💥首存礼金1288➕首单包赔！
💥复存送苹果13 pro max➕1888彩金！
💥每日存款送👋🏻2888彩金，天天存天天送
💥每周存款再送👋🏻5188彩金，彩金领不停

💎💎14年国际大牌，新利18诚邀您的加入💎💎
💸💸新利18带你赚钱带你飞💸💸
   Telegram : @ningchang01
   Flygram+ : keigo1202
   QQ : 2855069556
   泡泡 : 18luckk
   Letstalk : t724639777
   游戏平台 https://w3.vv2353.com/?code=10022
   TG群 https://t.me/keigo1202888

 91M Boss代发 联系 ✈️：Boss91M1   Skype : onam2221

----------------------------------------------

2022-10-24 20:45:02 → sotava9694@ilusale.com::xiaomu202206 → kamionlyone →  4年国际品牌德甲赞助商⚽️⚽️【新利18】招总代理💥
💥佣金+二级代理分红，赚不停！
💥佣金高达55%！一直持续到世界杯
💥人头费300/人！
💥介绍代理再享10%提成！！！
合营详细请洽询:
   Telegram : @ningchang01
   Flygram+ : keigo1202
   QQ : 2855069556
   泡泡 : 18luckk
   Letstalk : t724639777
   游戏平台 https://w3.vv2353.com/?code=10022
   TG群 https://t.me/keigo1202888

 91M Boss代发 联系 ✈️：Boss91M1   Skype : onam2221

----------------------------------------------

2022-10-24 20:45:07 → fipep77911@24rumen.com::xiaomu202206 → live:.cid.871876843d618cf2 →  🎁会员存款迎新大礼包🎁
💥首存礼金1288➕首单包赔！
💥复存送苹果13 pro max➕1888彩金！
💥每日存款送👋🏻2888彩金，天天存天天送
💥每周存款再送👋🏻5188彩金，彩金领不停

💎💎14年国际大牌，新利18诚邀您的加入💎💎
💸💸新利18带你赚钱带你飞💸💸
   Telegram : @ningchang01
   Flygram+ : keigo1202
   QQ : 2855069556
   泡泡 : 18luckk
   Letstalk : t724639777
   游戏平台 https://w3.vv2353.com/?code=10022
   TG群 https://t.me/keigo1202888

 91M Boss代发 联系 ✈️：Boss91M1   Skype : onam2221

----------------------------------------------

2022-10-24 20:45:12 → sotava9694@ilusale.com::xiaomu202206 → live:18359687_1 →  🎁会员存款迎新大礼包🎁
💥首存礼金1288➕首单包赔！
💥复存送苹果13 pro max➕1888彩金！
💥每日存款送👋🏻2888彩金，天天存天天送
💥每周存款再送👋🏻5188彩金，彩金领不停

💎💎14年国际大牌，新利18诚邀您的加入💎💎
💸💸新利18带你赚钱带你飞💸💸
   Telegram : @ningchang01
   Flygram+ : keigo1202
   QQ : 2855069556
   泡泡 : 18luckk
   Letstalk : t724639777
   游戏平台 https://w3.vv2353.com/?code=10022
   TG群 https://t.me/keigo1202888

 91M Boss代发 联系 ✈️：Boss91M1   Skype : onam2221

----------------------------------------------

2022-10-24 20:45:16 → fipep77911@24rumen.com::xiaomu202206 → cctv.y →  4年国际品牌德甲赞助商⚽️⚽️【新利18】招总代理💥
💥佣金+二级代理分红，赚不停！
💥佣金高达55%！一直持续到世界杯
💥人头费300/人！
💥介绍代理再享10%提成！！！
合营详细请洽询:
   Telegram : @ningchang01
   Flygram+ : keigo1202
   QQ : 2855069556
   泡泡 : 18luckk
   Letstalk : t724639777
   游戏平台 https://w3.vv2353.com/?code=10022
   TG群 https://t.me/keigo1202888

 91M Boss代发 联系 ✈️：Boss91M1   Skype : onam2221

----------------------------------------------

2022-10-24 20:45:24 → fipep77911@24rumen.com::xiaomu202206 → live:.cid.a2a6b7aa40bb47fd →  🎁会员存款迎新大礼包🎁
💥首存礼金1288➕首单包赔！
💥复存送苹果13 pro max➕1888彩金！
💥每日存款送👋🏻2888彩金，天天存天天送
💥每周存款再送👋🏻5188彩金，彩金领不停

💎💎14年国际大牌，新利18诚邀您的加入💎💎
💸💸新利18带你赚钱带你飞💸💸
   Telegram : @ningchang01
   Flygram+ : keigo1202
   QQ : 2855069556
   泡泡 : 18luckk
   Letstalk : t724639777
   游戏平台 https://w3.vv2353.com/?code=10022
   TG群 https://t.me/keigo1202888

 91M Boss代发 联系 ✈️：Boss91M1   Skype : onam2221

----------------------------------------------

2022-10-24 20:45:28 → sotava9694@ilusale.com::xiaomu202206 → p88h88 →  4年国际品牌德甲赞助商⚽️⚽️【新利18】招总代理💥
💥佣金+二级代理分红，赚不停！
💥佣金高达55%！一直持续到世界杯
💥人头费300/人！
💥介绍代理再享10%提成！！！
合营详细请洽询:
   Telegram : @ningchang01
   Flygram+ : keigo1202
   QQ : 2855069556
   泡泡 : 18luckk
   Letstalk : t724639777
   游戏平台 https://w3.vv2353.com/?code=10022
   TG群 https://t.me/keigo1202888

 91M Boss代发 联系 ✈️：Boss91M1   Skype : onam2221

----------------------------------------------

2022-10-24 20:45:34 → fipep77911@24rumen.com::xiaomu202206 → live:1916699 →  4年国际品牌德甲赞助商⚽️⚽️【新利18】招总代理💥
💥佣金+二级代理分红，赚不停！
💥佣金高达55%！一直持续到世界杯
💥人头费300/人！
💥介绍代理再享10%提成！！！
合营详细请洽询:
   Telegram : @ningchang01
   Flygram+ : keigo1202
   QQ : 2855069556
   泡泡 : 18luckk
   Letstalk : t724639777
   游戏平台 https://w3.vv2353.com/?code=10022
   TG群 https://t.me/keigo1202888

 91M Boss代发 联系 ✈️：Boss91M1   Skype : onam2221

----------------------------------------------

2022-10-24 20:45:38 → sotava9694@ilusale.com::xiaomu202206 → live:.cid.5460f5254f07fbca →  🎁会员存款迎新大礼包🎁
💥首存礼金1288➕首单包赔！
💥复存送苹果13 pro max➕1888彩金！
💥每日存款送👋🏻2888彩金，天天存天天送
💥每周存款再送👋🏻5188彩金，彩金领不停

💎💎14年国际大牌，新利18诚邀您的加入💎💎
💸💸新利18带你赚钱带你飞💸💸
   Telegram : @ningchang01
   Flygram+ : keigo1202
   QQ : 2855069556
   泡泡 : 18luckk
   Letstalk : t724639777
   游戏平台 https://w3.vv2353.com/?code=10022
   TG群 https://t.me/keigo1202888

 91M Boss代发 联系 ✈️：Boss91M1   Skype : onam2221

----------------------------------------------

2022-10-24 20:45:44 → fipep77911@24rumen.com::xiaomu202206 → live:.cid.e75b5642e4e6b736 →  🎁会员存款迎新大礼包🎁
💥首存礼金1288➕首单包赔！
💥复存送苹果13 pro max➕1888彩金！
💥每日存款送👋🏻2888彩金，天天存天天送
💥每周存款再送👋🏻5188彩金，彩金领不停

💎💎14年国际大牌，新利18诚邀您的加入💎💎
💸💸新利18带你赚钱带你飞💸💸
   Telegram : @ningchang01
   Flygram+ : keigo1202
   QQ : 2855069556
   泡泡 : 18luckk
   Letstalk : t724639777
   游戏平台 https://w3.vv2353.com/?code=10022
   TG群 https://t.me/keigo1202888

 91M Boss代发 联系 ✈️：Boss91M1   Skype : onam2221

----------------------------------------------

2022-10-24 20:45:49 → sotava9694@ilusale.com::xiaomu202206 → live:93392 →  🎁会员存款迎新大礼包🎁
💥首存礼金1288➕首单包赔！
💥复存送苹果13 pro max➕1888彩金！
💥每日存款送👋🏻2888彩金，天天存天天送
💥每周存款再送👋🏻5188彩金，彩金领不停

💎💎14年国际大牌，新利18诚邀您的加入💎💎
💸💸新利18带你赚钱带你飞💸💸
   Telegram : @ningchang01
   Flygram+ : keigo1202
   QQ : 2855069556
   泡泡 : 18luckk
   Letstalk : t724639777
   游戏平台 https://w3.vv2353.com/?code=10022
   TG群 https://t.me/keigo1202888

 91M Boss代发 联系 ✈️：Boss91M1   Skype : onam2221

----------------------------------------------

2022-10-24 20:45:53 → fipep77911@24rumen.com::xiaomu202206 → live:.cid.7ad12f86122c9839 →  4年国际品牌德甲赞助商⚽️⚽️【新利18】招总代理💥
💥佣金+二级代理分红，赚不停！
💥佣金高达55%！一直持续到世界杯
💥人头费300/人！
💥介绍代理再享10%提成！！！
合营详细请洽询:
   Telegram : @ningchang01
   Flygram+ : keigo1202
   QQ : 2855069556
   泡泡 : 18luckk
   Letstalk : t724639777
   游戏平台 https://w3.vv2353.com/?code=10022
   TG群 https://t.me/keigo1202888

 91M Boss代发 联系 ✈️：Boss91M1   Skype : onam2221

----------------------------------------------

2022-10-24 20:46:01 → sotava9694@ilusale.com::xiaomu202206 → live:550765b0e48ab679 →  4年国际品牌德甲赞助商⚽️⚽️【新利18】招总代理💥
💥佣金+二级代理分红，赚不停！
💥佣金高达55%！一直持续到世界杯
💥人头费300/人！
💥介绍代理再享10%提成！！！
合营详细请洽询:
   Telegram : @ningchang01
   Flygram+ : keigo1202
   QQ : 2855069556
   泡泡 : 18luckk
   Letstalk : t724639777
   游戏平台 https://w3.vv2353.com/?code=10022
   TG群 https://t.me/keigo1202888

 91M Boss代发 联系 ✈️：Boss91M1   Skype : onam2221

----------------------------------------------

2022-10-24 20:46:05 → fipep77911@24rumen.com::xiaomu202206 → live:.cid.8518386a4c4ea508 →  🎁会员存款迎新大礼包🎁
💥首存礼金1288➕首单包赔！
💥复存送苹果13 pro max➕1888彩金！
💥每日存款送👋🏻2888彩金，天天存天天送
💥每周存款再送👋🏻5188彩金，彩金领不停

💎💎14年国际大牌，新利18诚邀您的加入💎💎
💸💸新利18带你赚钱带你飞💸💸
   Telegram : @ningchang01
   Flygram+ : keigo1202
   QQ : 2855069556
   泡泡 : 18luckk
   Letstalk : t724639777
   游戏平台 https://w3.vv2353.com/?code=10022
   TG群 https://t.me/keigo1202888

 91M Boss代发 联系 ✈️：Boss91M1   Skype : onam2221

----------------------------------------------

2022-10-24 20:46:10 → sotava9694@ilusale.com::xiaomu202206 → gggh03 →  4年国际品牌德甲赞助商⚽️⚽️【新利18】招总代理💥
💥佣金+二级代理分红，赚不停！
💥佣金高达55%！一直持续到世界杯
💥人头费300/人！
💥介绍代理再享10%提成！！！
合营详细请洽询:
   Telegram : @ningchang01
   Flygram+ : keigo1202
   QQ : 2855069556
   泡泡 : 18luckk
   Letstalk : t724639777
   游戏平台 https://w3.vv2353.com/?code=10022
   TG群 https://t.me/keigo1202888

 91M Boss代发 联系 ✈️：Boss91M1   Skype : onam2221

----------------------------------------------

2022-10-24 20:46:15 → fipep77911@24rumen.com::xiaomu202206 → hongniuyule →  4年国际品牌德甲赞助商⚽️⚽️【新利18】招总代理💥
💥佣金+二级代理分红，赚不停！
💥佣金高达55%！一直持续到世界杯
💥人头费300/人！
💥介绍代理再享10%提成！！！
合营详细请洽询:
   Telegram : @ningchang01
   Flygram+ : keigo1202
   QQ : 2855069556
   泡泡 : 18luckk
   Letstalk : t724639777
   游戏平台 https://w3.vv2353.com/?code=10022
   TG群 https://t.me/keigo1202888

 91M Boss代发 联系 ✈️：Boss91M1   Skype : onam2221

----------------------------------------------

2022-10-24 20:46:20 → sotava9694@ilusale.com::xiaomu202206 → live:yck9999 →  🎁会员存款迎新大礼包🎁
💥首存礼金1288➕首单包赔！
💥复存送苹果13 pro max➕1888彩金！
💥每日存款送👋🏻2888彩金，天天存天天送
💥每周存款再送👋🏻5188彩金，彩金领不停

💎💎14年国际大牌，新利18诚邀您的加入💎💎
💸💸新利18带你赚钱带你飞💸💸
   Telegram : @ningchang01
   Flygram+ : keigo1202
   QQ : 2855069556
   泡泡 : 18luckk
   Letstalk : t724639777
   游戏平台 https://w3.vv2353.com/?code=10022
   TG群 https://t.me/keigo1202888

 91M Boss代发 联系 ✈️：Boss91M1   Skype : onam2221

----------------------------------------------

2022-10-24 20:46:24 → fipep77911@24rumen.com::xiaomu202206 → live:63e6f75b1d18d0b9 →  4年国际品牌德甲赞助商⚽️⚽️【新利18】招总代理💥
💥佣金+二级代理分红，赚不停！
💥佣金高达55%！一直持续到世界杯
💥人头费300/人！
💥介绍代理再享10%提成！！！
合营详细请洽询:
   Telegram : @ningchang01
   Flygram+ : keigo1202
   QQ : 2855069556
   泡泡 : 18luckk
   Letstalk : t724639777
   游戏平台 https://w3.vv2353.com/?code=10022
   TG群 https://t.me/keigo1202888

 91M Boss代发 联系 ✈️：Boss91M1   Skype : onam2221

----------------------------------------------

2022-10-24 20:46:29 → sotava9694@ilusale.com::xiaomu202206 → live:248179 →  🎁会员存款迎新大礼包🎁
💥首存礼金1288➕首单包赔！
💥复存送苹果13 pro max➕1888彩金！
💥每日存款送👋🏻2888彩金，天天存天天送
💥每周存款再送👋🏻5188彩金，彩金领不停

💎💎14年国际大牌，新利18诚邀您的加入💎💎
💸💸新利18带你赚钱带你飞💸💸
   Telegram : @ningchang01
   Flygram+ : keigo1202
   QQ : 2855069556
   泡泡 : 18luckk
   Letstalk : t724639777
   游戏平台 https://w3.vv2353.com/?code=10022
   TG群 https://t.me/keigo1202888

 91M Boss代发 联系 ✈️：Boss91M1   Skype : onam2221

----------------------------------------------

2022-10-24 20:46:33 → fipep77911@24rumen.com::xiaomu202206 → ok49988 →  🎁会员存款迎新大礼包🎁
💥首存礼金1288➕首单包赔！
💥复存送苹果13 pro max➕1888彩金！
💥每日存款送👋🏻2888彩金，天天存天天送
💥每周存款再送👋🏻5188彩金，彩金领不停

💎💎14年国际大牌，新利18诚邀您的加入💎💎
💸💸新利18带你赚钱带你飞💸💸
   Telegram : @ningchang01
   Flygram+ : keigo1202
   QQ : 2855069556
   泡泡 : 18luckk
   Letstalk : t724639777
   游戏平台 https://w3.vv2353.com/?code=10022
   TG群 https://t.me/keigo1202888

 91M Boss代发 联系 ✈️：Boss91M1   Skype : onam2221

----------------------------------------------

2022-10-24 20:46:38 → sotava9694@ilusale.com::xiaomu202206 → live:.cid.c9a32e57ee30763d →  4年国际品牌德甲赞助商⚽️⚽️【新利18】招总代理💥
💥佣金+二级代理分红，赚不停！
💥佣金高达55%！一直持续到世界杯
💥人头费300/人！
💥介绍代理再享10%提成！！！
合营详细请洽询:
   Telegram : @ningchang01
   Flygram+ : keigo1202
   QQ : 2855069556
   泡泡 : 18luckk
   Letstalk : t724639777
   游戏平台 https://w3.vv2353.com/?code=10022
   TG群 https://t.me/keigo1202888

 91M Boss代发 联系 ✈️：Boss91M1   Skype : onam2221

----------------------------------------------

2022-10-24 20:46:42 → fipep77911@24rumen.com::xiaomu202206 → live:meier52000 →  🎁会员存款迎新大礼包🎁
💥首存礼金1288➕首单包赔！
💥复存送苹果13 pro max➕1888彩金！
💥每日存款送👋🏻2888彩金，天天存天天送
💥每周存款再送👋🏻5188彩金，彩金领不停

💎💎14年国际大牌，新利18诚邀您的加入💎💎
💸💸新利18带你赚钱带你飞💸💸
   Telegram : @ningchang01
   Flygram+ : keigo1202
   QQ : 2855069556
   泡泡 : 18luckk
   Letstalk : t724639777
   游戏平台 https://w3.vv2353.com/?code=10022
   TG群 https://t.me/keigo1202888

 91M Boss代发 联系 ✈️：Boss91M1   Skype : onam2221

----------------------------------------------

2022-10-24 20:46:47 → sotava9694@ilusale.com::xiaomu202206 → live:eggamie →  🎁会员存款迎新大礼包🎁
💥首存礼金1288➕首单包赔！
💥复存送苹果13 pro max➕1888彩金！
💥每日存款送👋🏻2888彩金，天天存天天送
💥每周存款再送👋🏻5188彩金，彩金领不停

💎💎14年国际大牌，新利18诚邀您的加入💎💎
💸💸新利18带你赚钱带你飞💸💸
   Telegram : @ningchang01
   Flygram+ : keigo1202
   QQ : 2855069556
   泡泡 : 18luckk
   Letstalk : t724639777
   游戏平台 https://w3.vv2353.com/?code=10022
   TG群 https://t.me/keigo1202888

 91M Boss代发 联系 ✈️：Boss91M1   Skype : onam2221

----------------------------------------------

2022-10-24 20:46:54 → fipep77911@24rumen.com::xiaomu202206 → live:91lgzx →  4年国际品牌德甲赞助商⚽️⚽️【新利18】招总代理💥
💥佣金+二级代理分红，赚不停！
💥佣金高达55%！一直持续到世界杯
💥人头费300/人！
💥介绍代理再享10%提成！！！
合营详细请洽询:
   Telegram : @ningchang01
   Flygram+ : keigo1202
   QQ : 2855069556
   泡泡 : 18luckk
   Letstalk : t724639777
   游戏平台 https://w3.vv2353.com/?code=10022
   TG群 https://t.me/keigo1202888

 91M Boss代发 联系 ✈️：Boss91M1   Skype : onam2221

----------------------------------------------

2022-10-24 20:47:04 → fipep77911@24rumen.com::xiaomu202206 → live:394335 →  4年国际品牌德甲赞助商⚽️⚽️【新利18】招总代理💥
💥佣金+二级代理分红，赚不停！
💥佣金高达55%！一直持续到世界杯
💥人头费300/人！
💥介绍代理再享10%提成！！！
合营详细请洽询:
   Telegram : @ningchang01
   Flygram+ : keigo1202
   QQ : 2855069556
   泡泡 : 18luckk
   Letstalk : t724639777
   游戏平台 https://w3.vv2353.com/?code=10022
   TG群 https://t.me/keigo1202888

 91M Boss代发 联系 ✈️：Boss91M1   Skype : onam2221

----------------------------------------------

2022-10-24 20:47:12 → fipep77911@24rumen.com::xiaomu202206 → live:.cid.3c66136f3edfd057 →  🎁会员存款迎新大礼包🎁
💥首存礼金1288➕首单包赔！
💥复存送苹果13 pro max➕1888彩金！
💥每日存款送👋🏻2888彩金，天天存天天送
💥每周存款再送👋🏻5188彩金，彩金领不停

💎💎14年国际大牌，新利18诚邀您的加入💎💎
💸💸新利18带你赚钱带你飞💸💸
   Telegram : @ningchang01
   Flygram+ : keigo1202
   QQ : 2855069556
   泡泡 : 18luckk
   Letstalk : t724639777
   游戏平台 https://w3.vv2353.com/?code=10022
   TG群 https://t.me/keigo1202888

 91M Boss代发 联系 ✈️：Boss91M1   Skype : onam2221

----------------------------------------------

2022-10-24 20:47:21 → fipep77911@24rumen.com::xiaomu202206 → live:hg54764 →  4年国际品牌德甲赞助商⚽️⚽️【新利18】招总代理💥
💥佣金+二级代理分红，赚不停！
💥佣金高达55%！一直持续到世界杯
💥人头费300/人！
💥介绍代理再享10%提成！！！
合营详细请洽询:
   Telegram : @ningchang01
   Flygram+ : keigo1202
   QQ : 2855069556
   泡泡 : 18luckk
   Letstalk : t724639777
   游戏平台 https://w3.vv2353.com/?code=10022
   TG群 https://t.me/keigo1202888

 91M Boss代发 联系 ✈️：Boss91M1   Skype : onam2221

----------------------------------------------

2022-10-24 20:47:29 → fipep77911@24rumen.com::xiaomu202206 → live:30666 →  🎁会员存款迎新大礼包🎁
💥首存礼金1288➕首单包赔！
💥复存送苹果13 pro max➕1888彩金！
💥每日存款送👋🏻2888彩金，天天存天天送
💥每周存款再送👋🏻5188彩金，彩金领不停

💎💎14年国际大牌，新利18诚邀您的加入💎💎
💸💸新利18带你赚钱带你飞💸💸
   Telegram : @ningchang01
   Flygram+ : keigo1202
   QQ : 2855069556
   泡泡 : 18luckk
   Letstalk : t724639777
   游戏平台 https://w3.vv2353.com/?code=10022
   TG群 https://t.me/keigo1202888

 91M Boss代发 联系 ✈️：Boss91M1   Skype : onam2221

----------------------------------------------

2022-10-24 20:47:38 → fipep77911@24rumen.com::xiaomu202206 → an7727 →  4年国际品牌德甲赞助商⚽️⚽️【新利18】招总代理💥
💥佣金+二级代理分红，赚不停！
💥佣金高达55%！一直持续到世界杯
💥人头费300/人！
💥介绍代理再享10%提成！！！
合营详细请洽询:
   Telegram : @ningchang01
   Flygram+ : keigo1202
   QQ : 2855069556
   泡泡 : 18luckk
   Letstalk : t724639777
   游戏平台 https://w3.vv2353.com/?code=10022
   TG群 https://t.me/keigo1202888

 91M Boss代发 联系 ✈️：Boss91M1   Skype : onam2221

----------------------------------------------

2022-10-24 20:47:45 → fipep77911@24rumen.com::xiaomu202206 → live:36783_2 →  🎁会员存款迎新大礼包🎁
💥首存礼金1288➕首单包赔！
💥复存送苹果13 pro max➕1888彩金！
💥每日存款送👋🏻2888彩金，天天存天天送
💥每周存款再送👋🏻5188彩金，彩金领不停

💎💎14年国际大牌，新利18诚邀您的加入💎💎
💸💸新利18带你赚钱带你飞💸💸
   Telegram : @ningchang01
   Flygram+ : keigo1202
   QQ : 2855069556
   泡泡 : 18luckk
   Letstalk : t724639777
   游戏平台 https://w3.vv2353.com/?code=10022
   TG群 https://t.me/keigo1202888

 91M Boss代发 联系 ✈️：Boss91M1   Skype : onam2221

----------------------------------------------

2022-10-24 20:47:56 → fipep77911@24rumen.com::xiaomu202206 → live:91023_1 →  4年国际品牌德甲赞助商⚽️⚽️【新利18】招总代理💥
💥佣金+二级代理分红，赚不停！
💥佣金高达55%！一直持续到世界杯
💥人头费300/人！
💥介绍代理再享10%提成！！！
合营详细请洽询:
   Telegram : @ningchang01
   Flygram+ : keigo1202
   QQ : 2855069556
   泡泡 : 18luckk
   Letstalk : t724639777
   游戏平台 https://w3.vv2353.com/?code=10022
   TG群 https://t.me/keigo1202888

 91M Boss代发 联系 ✈️：Boss91M1   Skype : onam2221

----------------------------------------------

2022-10-24 20:48:06 → fipep77911@24rumen.com::xiaomu202206 → live:.cid.54606d9cf4c5a4f8 →  🎁会员存款迎新大礼包🎁
💥首存礼金1288➕首单包赔！
💥复存送苹果13 pro max➕1888彩金！
💥每日存款送👋🏻2888彩金，天天存天天送
💥每周存款再送👋🏻5188彩金，彩金领不停

💎💎14年国际大牌，新利18诚邀您的加入💎💎
💸💸新利18带你赚钱带你飞💸💸
   Telegram : @ningchang01
   Flygram+ : keigo1202
   QQ : 2855069556
   泡泡 : 18luckk
   Letstalk : t724639777
   游戏平台 https://w3.vv2353.com/?code=10022
   TG群 https://t.me/keigo1202888

 91M Boss代发 联系 ✈️：Boss91M1   Skype : onam2221

----------------------------------------------

2022-10-24 20:48:24 → fipep77911@24rumen.com::xiaomu202206 → live:11550501 →  🎁会员存款迎新大礼包🎁
💥首存礼金1288➕首单包赔！
💥复存送苹果13 pro max➕1888彩金！
💥每日存款送👋🏻2888彩金，天天存天天送
💥每周存款再送👋🏻5188彩金，彩金领不停

💎💎14年国际大牌，新利18诚邀您的加入💎💎
💸💸新利18带你赚钱带你飞💸💸
   Telegram : @ningchang01
   Flygram+ : keigo1202
   QQ : 2855069556
   泡泡 : 18luckk
   Letstalk : t724639777
   游戏平台 https://w3.vv2353.com/?code=10022
   TG群 https://t.me/keigo1202888

 91M Boss代发 联系 ✈️：Boss91M1   Skype : onam2221

----------------------------------------------

2022-10-24 20:48:36 → fipep77911@24rumen.com::xiaomu202206 → live:54255 →  🎁会员存款迎新大礼包🎁
💥首存礼金1288➕首单包赔！
💥复存送苹果13 pro max➕1888彩金！
💥每日存款送👋🏻2888彩金，天天存天天送
💥每周存款再送👋🏻5188彩金，彩金领不停

💎💎14年国际大牌，新利18诚邀您的加入💎💎
💸💸新利18带你赚钱带你飞💸💸
   Telegram : @ningchang01
   Flygram+ : keigo1202
   QQ : 2855069556
   泡泡 : 18luckk
   Letstalk : t724639777
   游戏平台 https://w3.vv2353.com/?code=10022
   TG群 https://t.me/keigo1202888

 91M Boss代发 联系 ✈️：Boss91M1   Skype : onam2221

----------------------------------------------

2022-10-24 20:48:46 → fipep77911@24rumen.com::xiaomu202206 → live:c7d9fc9794a3746a →  4年国际品牌德甲赞助商⚽️⚽️【新利18】招总代理💥
💥佣金+二级代理分红，赚不停！
💥佣金高达55%！一直持续到世界杯
💥人头费300/人！
💥介绍代理再享10%提成！！！
合营详细请洽询:
   Telegram : @ningchang01
   Flygram+ : keigo1202
   QQ : 2855069556
   泡泡 : 18luckk
   Letstalk : t724639777
   游戏平台 https://w3.vv2353.com/?code=10022
   TG群 https://t.me/keigo1202888

 91M Boss代发 联系 ✈️：Boss91M1   Skype : onam2221

----------------------------------------------

2022-10-24 20:48:54 → fipep77911@24rumen.com::xiaomu202206 → live:fcded86ef049626c →  🎁会员存款迎新大礼包🎁
💥首存礼金1288➕首单包赔！
💥复存送苹果13 pro max➕1888彩金！
💥每日存款送👋🏻2888彩金，天天存天天送
💥每周存款再送👋🏻5188彩金，彩金领不停

💎💎14年国际大牌，新利18诚邀您的加入💎💎
💸💸新利18带你赚钱带你飞💸💸
   Telegram : @ningchang01
   Flygram+ : keigo1202
   QQ : 2855069556
   泡泡 : 18luckk
   Letstalk : t724639777
   游戏平台 https://w3.vv2353.com/?code=10022
   TG群 https://t.me/keigo1202888

 91M Boss代发 联系 ✈️：Boss91M1   Skype : onam2221

----------------------------------------------

2022-10-24 20:49:04 → fipep77911@24rumen.com::xiaomu202206 → live:hckf8888 →  4年国际品牌德甲赞助商⚽️⚽️【新利18】招总代理💥
💥佣金+二级代理分红，赚不停！
💥佣金高达55%！一直持续到世界杯
💥人头费300/人！
💥介绍代理再享10%提成！！！
合营详细请洽询:
   Telegram : @ningchang01
   Flygram+ : keigo1202
   QQ : 2855069556
   泡泡 : 18luckk
   Letstalk : t724639777
   游戏平台 https://w3.vv2353.com/?code=10022
   TG群 https://t.me/keigo1202888

 91M Boss代发 联系 ✈️：Boss91M1   Skype : onam2221

----------------------------------------------

2022-10-24 20:49:12 → fipep77911@24rumen.com::xiaomu202206 → live:87cf841eee0d89a4 →  🎁会员存款迎新大礼包🎁
💥首存礼金1288➕首单包赔！
💥复存送苹果13 pro max➕1888彩金！
💥每日存款送👋🏻2888彩金，天天存天天送
💥每周存款再送👋🏻5188彩金，彩金领不停

💎💎14年国际大牌，新利18诚邀您的加入💎💎
💸💸新利18带你赚钱带你飞💸💸
   Telegram : @ningchang01
   Flygram+ : keigo1202
   QQ : 2855069556
   泡泡 : 18luckk
   Letstalk : t724639777
   游戏平台 https://w3.vv2353.com/?code=10022
   TG群 https://t.me/keigo1202888

 91M Boss代发 联系 ✈️：Boss91M1   Skype : onam2221

----------------------------------------------

2022-10-24 20:49:21 → fipep77911@24rumen.com::xiaomu202206 → live:.cid.ea5629cab482bf13 →  4年国际品牌德甲赞助商⚽️⚽️【新利18】招总代理💥
💥佣金+二级代理分红，赚不停！
💥佣金高达55%！一直持续到世界杯
💥人头费300/人！
💥介绍代理再享10%提成！！！
合营详细请洽询:
   Telegram : @ningchang01
   Flygram+ : keigo1202
   QQ : 2855069556
   泡泡 : 18luckk
   Letstalk : t724639777
   游戏平台 https://w3.vv2353.com/?code=10022
   TG群 https://t.me/keigo1202888

 91M Boss代发 联系 ✈️：Boss91M1   Skype : onam2221

----------------------------------------------

2022-10-24 20:49:25 → sotava9694@ilusale.com::xiaomu202206 → live:73d6232ef8ddb0d1 →  🎁会员存款迎新大礼包🎁
💥首存礼金1288➕首单包赔！
💥复存送苹果13 pro max➕1888彩金！
💥每日存款送👋🏻2888彩金，天天存天天送
💥每周存款再送👋🏻5188彩金，彩金领不停

💎💎14年国际大牌，新利18诚邀您的加入💎💎
💸💸新利18带你赚钱带你飞💸💸
   Telegram : @ningchang01
   Flygram+ : keigo1202
   QQ : 2855069556
   泡泡 : 18luckk
   Letstalk : t724639777
   游戏平台 https://w3.vv2353.com/?code=10022
   TG群 https://t.me/keigo1202888

 91M Boss代发 联系 ✈️：Boss91M1   Skype : onam2221

----------------------------------------------

2022-10-24 20:49:30 → fipep77911@24rumen.com::xiaomu202206 → live:.cid.a7e89524853efce4 →  🎁会员存款迎新大礼包🎁
💥首存礼金1288➕首单包赔！
💥复存送苹果13 pro max➕1888彩金！
💥每日存款送👋🏻2888彩金，天天存天天送
💥每周存款再送👋🏻5188彩金，彩金领不停

💎💎14年国际大牌，新利18诚邀您的加入💎💎
💸💸新利18带你赚钱带你飞💸💸
   Telegram : @ningchang01
   Flygram+ : keigo1202
   QQ : 2855069556
   泡泡 : 18luckk
   Letstalk : t724639777
   游戏平台 https://w3.vv2353.com/?code=10022
   TG群 https://t.me/keigo1202888

 91M Boss代发 联系 ✈️：Boss91M1   Skype : onam2221

----------------------------------------------

2022-10-24 20:49:34 → sotava9694@ilusale.com::xiaomu202206 → live:.cid.da8f901d82cfdf60 →  4年国际品牌德甲赞助商⚽️⚽️【新利18】招总代理💥
💥佣金+二级代理分红，赚不停！
💥佣金高达55%！一直持续到世界杯
💥人头费300/人！
💥介绍代理再享10%提成！！！
合营详细请洽询:
   Telegram : @ningchang01
   Flygram+ : keigo1202
   QQ : 2855069556
   泡泡 : 18luckk
   Letstalk : t724639777
   游戏平台 https://w3.vv2353.com/?code=10022
   TG群 https://t.me/keigo1202888

 91M Boss代发 联系 ✈️：Boss91M1   Skype : onam2221

----------------------------------------------

2022-10-24 20:49:41 → fipep77911@24rumen.com::xiaomu202206 → jk999888 →  4年国际品牌德甲赞助商⚽️⚽️【新利18】招总代理💥
💥佣金+二级代理分红，赚不停！
💥佣金高达55%！一直持续到世界杯
💥人头费300/人！
💥介绍代理再享10%提成！！！
合营详细请洽询:
   Telegram : @ningchang01
   Flygram+ : keigo1202
   QQ : 2855069556
   泡泡 : 18luckk
   Letstalk : t724639777
   游戏平台 https://w3.vv2353.com/?code=10022
   TG群 https://t.me/keigo1202888

 91M Boss代发 联系 ✈️：Boss91M1   Skype : onam2221

----------------------------------------------

2022-10-24 20:49:45 → sotava9694@ilusale.com::xiaomu202206 → z83333 →  4年国际品牌德甲赞助商⚽️⚽️【新利18】招总代理💥
💥佣金+二级代理分红，赚不停！
💥佣金高达55%！一直持续到世界杯
💥人头费300/人！
💥介绍代理再享10%提成！！！
合营详细请洽询:
   Telegram : @ningchang01
   Flygram+ : keigo1202
   QQ : 2855069556
   泡泡 : 18luckk
   Letstalk : t724639777
   游戏平台 https://w3.vv2353.com/?code=10022
   TG群 https://t.me/keigo1202888

 91M Boss代发 联系 ✈️：Boss91M1   Skype : onam2221

----------------------------------------------

2022-10-24 20:49:50 → fipep77911@24rumen.com::xiaomu202206 → qq,666 →  4年国际品牌德甲赞助商⚽️⚽️【新利18】招总代理💥
💥佣金+二级代理分红，赚不停！
💥佣金高达55%！一直持续到世界杯
💥人头费300/人！
💥介绍代理再享10%提成！！！
合营详细请洽询:
   Telegram : @ningchang01
   Flygram+ : keigo1202
   QQ : 2855069556
   泡泡 : 18luckk
   Letstalk : t724639777
   游戏平台 https://w3.vv2353.com/?code=10022
   TG群 https://t.me/keigo1202888

 91M Boss代发 联系 ✈️：Boss91M1   Skype : onam2221

----------------------------------------------

2022-10-24 20:49:56 → sotava9694@ilusale.com::xiaomu202206 → live:32918cdbc371646e →  🎁会员存款迎新大礼包🎁
💥首存礼金1288➕首单包赔！
💥复存送苹果13 pro max➕1888彩金！
💥每日存款送👋🏻2888彩金，天天存天天送
💥每周存款再送👋🏻5188彩金，彩金领不停

💎💎14年国际大牌，新利18诚邀您的加入💎💎
💸💸新利18带你赚钱带你飞💸💸
   Telegram : @ningchang01
   Flygram+ : keigo1202
   QQ : 2855069556
   泡泡 : 18luckk
   Letstalk : t724639777
   游戏平台 https://w3.vv2353.com/?code=10022
   TG群 https://t.me/keigo1202888

 91M Boss代发 联系 ✈️：Boss91M1   Skype : onam2221

----------------------------------------------

2022-10-24 20:50:01 → fipep77911@24rumen.com::xiaomu202206 → live:2222225102 →  🎁会员存款迎新大礼包🎁
💥首存礼金1288➕首单包赔！
💥复存送苹果13 pro max➕1888彩金！
💥每日存款送👋🏻2888彩金，天天存天天送
💥每周存款再送👋🏻5188彩金，彩金领不停

💎💎14年国际大牌，新利18诚邀您的加入💎💎
💸💸新利18带你赚钱带你飞💸💸
   Telegram : @ningchang01
   Flygram+ : keigo1202
   QQ : 2855069556
   泡泡 : 18luckk
   Letstalk : t724639777
   游戏平台 https://w3.vv2353.com/?code=10022
   TG群 https://t.me/keigo1202888

 91M Boss代发 联系 ✈️：Boss91M1   Skype : onam2221

----------------------------------------------

2022-10-24 20:50:05 → sotava9694@ilusale.com::xiaomu202206 → live:peigong999 →  4年国际品牌德甲赞助商⚽️⚽️【新利18】招总代理💥
💥佣金+二级代理分红，赚不停！
💥佣金高达55%！一直持续到世界杯
💥人头费300/人！
💥介绍代理再享10%提成！！！
合营详细请洽询:
   Telegram : @ningchang01
   Flygram+ : keigo1202
   QQ : 2855069556
   泡泡 : 18luckk
   Letstalk : t724639777
   游戏平台 https://w3.vv2353.com/?code=10022
   TG群 https://t.me/keigo1202888

 91M Boss代发 联系 ✈️：Boss91M1   Skype : onam2221

----------------------------------------------

2022-10-24 20:50:09 → fipep77911@24rumen.com::xiaomu202206 → live:ca4444 →  🎁会员存款迎新大礼包🎁
💥首存礼金1288➕首单包赔！
💥复存送苹果13 pro max➕1888彩金！
💥每日存款送👋🏻2888彩金，天天存天天送
💥每周存款再送👋🏻5188彩金，彩金领不停

💎💎14年国际大牌，新利18诚邀您的加入💎💎
💸💸新利18带你赚钱带你飞💸💸
   Telegram : @ningchang01
   Flygram+ : keigo1202
   QQ : 2855069556
   泡泡 : 18luckk
   Letstalk : t724639777
   游戏平台 https://w3.vv2353.com/?code=10022
   TG群 https://t.me/keigo1202888

 91M Boss代发 联系 ✈️：Boss91M1   Skype : onam2221

----------------------------------------------

2022-10-24 20:50:19 → fipep77911@24rumen.com::xiaomu202206 → live:454138501 →  4年国际品牌德甲赞助商⚽️⚽️【新利18】招总代理💥
💥佣金+二级代理分红，赚不停！
💥佣金高达55%！一直持续到世界杯
💥人头费300/人！
💥介绍代理再享10%提成！！！
合营详细请洽询:
   Telegram : @ningchang01
   Flygram+ : keigo1202
   QQ : 2855069556
   泡泡 : 18luckk
   Letstalk : t724639777
   游戏平台 https://w3.vv2353.com/?code=10022
   TG群 https://t.me/keigo1202888

 91M Boss代发 联系 ✈️：Boss91M1   Skype : onam2221

----------------------------------------------

2022-10-24 20:50:31 → fipep77911@24rumen.com::xiaomu202206 → tv4444 →  4年国际品牌德甲赞助商⚽️⚽️【新利18】招总代理💥
💥佣金+二级代理分红，赚不停！
💥佣金高达55%！一直持续到世界杯
💥人头费300/人！
💥介绍代理再享10%提成！！！
合营详细请洽询:
   Telegram : @ningchang01
   Flygram+ : keigo1202
   QQ : 2855069556
   泡泡 : 18luckk
   Letstalk : t724639777
   游戏平台 https://w3.vv2353.com/?code=10022
   TG群 https://t.me/keigo1202888

 91M Boss代发 联系 ✈️：Boss91M1   Skype : onam2221

----------------------------------------------

2022-10-24 20:50:43 → fipep77911@24rumen.com::xiaomu202206 → live:strive_9u →  🎁会员存款迎新大礼包🎁
💥首存礼金1288➕首单包赔！
💥复存送苹果13 pro max➕1888彩金！
💥每日存款送👋🏻2888彩金，天天存天天送
💥每周存款再送👋🏻5188彩金，彩金领不停

💎💎14年国际大牌，新利18诚邀您的加入💎💎
💸💸新利18带你赚钱带你飞💸💸
   Telegram : @ningchang01
   Flygram+ : keigo1202
   QQ : 2855069556
   泡泡 : 18luckk
   Letstalk : t724639777
   游戏平台 https://w3.vv2353.com/?code=10022
   TG群 https://t.me/keigo1202888

 91M Boss代发 联系 ✈️：Boss91M1   Skype : onam2221

----------------------------------------------

2022-10-24 20:50:54 → fipep77911@24rumen.com::xiaomu202206 → live:vip222008_1 →  4年国际品牌德甲赞助商⚽️⚽️【新利18】招总代理💥
💥佣金+二级代理分红，赚不停！
💥佣金高达55%！一直持续到世界杯
💥人头费300/人！
💥介绍代理再享10%提成！！！
合营详细请洽询:
   Telegram : @ningchang01
   Flygram+ : keigo1202
   QQ : 2855069556
   泡泡 : 18luckk
   Letstalk : t724639777
   游戏平台 https://w3.vv2353.com/?code=10022
   TG群 https://t.me/keigo1202888

 91M Boss代发 联系 ✈️：Boss91M1   Skype : onam2221