

----------------------------------------------

2022-10-21 09:01:48 → moxaxi2118@cadolls.com::xiaomu202206 → live:1666688588 →  4年国际品牌德甲赞助商⚽️⚽️【新利18】招总代理💥
💥佣金+二级代理分红，赚不停！
💥佣金高达55%！一直持续到世界杯
💥人头费300/人！
💥介绍代理再享10%提成！！！
合营详细请洽询:
   Telegram : @ningchang01
   Flygram+ : keigo1202
   QQ : 2855069556
   泡泡 : 18luckk
   Letstalk : t724639777
   游戏平台 https://w3.vv2353.com/?code=10022
   TG群 https://t.me/keigo1202888

 91M Boss代发 联系 ✈️：Boss91M1   Skype : onam2221

----------------------------------------------

2022-10-21 09:03:06 → moxaxi2118@cadolls.com::xiaomu202206 → jax523 →  🎁会员存款迎新大礼包🎁
💥首存礼金1288➕首单包赔！
💥复存送苹果13 pro max➕1888彩金！
💥每日存款送👋🏻2888彩金，天天存天天送
💥每周存款再送👋🏻5188彩金，彩金领不停

💎💎14年国际大牌，新利18诚邀您的加入💎💎
💸💸新利18带你赚钱带你飞💸💸
   Telegram : @ningchang01
   Flygram+ : keigo1202
   QQ : 2855069556
   泡泡 : 18luckk
   Letstalk : t724639777
   游戏平台 https://w3.vv2353.com/?code=10022
   TG群 https://t.me/keigo1202888

 91M Boss代发 联系 ✈️：Boss91M1   Skype : onam2221

----------------------------------------------

2022-10-21 09:12:30 → cigadaf670@ilusale.com::xiaomu202206 → live:.cid.98bdff5535348b83 →  4年国际品牌德甲赞助商⚽️⚽️【新利18】招总代理💥
💥佣金+二级代理分红，赚不停！
💥佣金高达55%！一直持续到世界杯
💥人头费300/人！
💥介绍代理再享10%提成！！！
合营详细请洽询:
   Telegram : @ningchang01
   Flygram+ : keigo1202
   QQ : 2855069556
   泡泡 : 18luckk
   Letstalk : t724639777
   游戏平台 https://w3.vv2353.com/?code=10022
   TG群 https://t.me/keigo1202888

 91M Boss代发 联系 ✈️：Boss91M1   Skype : onam2221

----------------------------------------------

2022-10-21 09:12:37 → moxaxi2118@cadolls.com::xiaomu202206 → live:5b6b5e609d8784a2 →  4年国际品牌德甲赞助商⚽️⚽️【新利18】招总代理💥
💥佣金+二级代理分红，赚不停！
💥佣金高达55%！一直持续到世界杯
💥人头费300/人！
💥介绍代理再享10%提成！！！
合营详细请洽询:
   Telegram : @ningchang01
   Flygram+ : keigo1202
   QQ : 2855069556
   泡泡 : 18luckk
   Letstalk : t724639777
   游戏平台 https://w3.vv2353.com/?code=10022
   TG群 https://t.me/keigo1202888

 91M Boss代发 联系 ✈️：Boss91M1   Skype : onam2221

----------------------------------------------

2022-10-21 09:12:41 → cigadaf670@ilusale.com::xiaomu202206 → xieyusunshine →  🎁会员存款迎新大礼包🎁
💥首存礼金1288➕首单包赔！
💥复存送苹果13 pro max➕1888彩金！
💥每日存款送👋🏻2888彩金，天天存天天送
💥每周存款再送👋🏻5188彩金，彩金领不停

💎💎14年国际大牌，新利18诚邀您的加入💎💎
💸💸新利18带你赚钱带你飞💸💸
   Telegram : @ningchang01
   Flygram+ : keigo1202
   QQ : 2855069556
   泡泡 : 18luckk
   Letstalk : t724639777
   游戏平台 https://w3.vv2353.com/?code=10022
   TG群 https://t.me/keigo1202888

 91M Boss代发 联系 ✈️：Boss91M1   Skype : onam2221

----------------------------------------------

2022-10-21 09:12:47 → moxaxi2118@cadolls.com::xiaomu202206 → live:1d407b10c389c8e1 →  🎁会员存款迎新大礼包🎁
💥首存礼金1288➕首单包赔！
💥复存送苹果13 pro max➕1888彩金！
💥每日存款送👋🏻2888彩金，天天存天天送
💥每周存款再送👋🏻5188彩金，彩金领不停

💎💎14年国际大牌，新利18诚邀您的加入💎💎
💸💸新利18带你赚钱带你飞💸💸
   Telegram : @ningchang01
   Flygram+ : keigo1202
   QQ : 2855069556
   泡泡 : 18luckk
   Letstalk : t724639777
   游戏平台 https://w3.vv2353.com/?code=10022
   TG群 https://t.me/keigo1202888

 91M Boss代发 联系 ✈️：Boss91M1   Skype : onam2221

----------------------------------------------

2022-10-21 09:12:51 → cigadaf670@ilusale.com::xiaomu202206 → live:16668 →  4年国际品牌德甲赞助商⚽️⚽️【新利18】招总代理💥
💥佣金+二级代理分红，赚不停！
💥佣金高达55%！一直持续到世界杯
💥人头费300/人！
💥介绍代理再享10%提成！！！
合营详细请洽询:
   Telegram : @ningchang01
   Flygram+ : keigo1202
   QQ : 2855069556
   泡泡 : 18luckk
   Letstalk : t724639777
   游戏平台 https://w3.vv2353.com/?code=10022
   TG群 https://t.me/keigo1202888

 91M Boss代发 联系 ✈️：Boss91M1   Skype : onam2221

----------------------------------------------

2022-10-21 09:12:54 → moxaxi2118@cadolls.com::xiaomu202206 → live:446288074 →  4年国际品牌德甲赞助商⚽️⚽️【新利18】招总代理💥
💥佣金+二级代理分红，赚不停！
💥佣金高达55%！一直持续到世界杯
💥人头费300/人！
💥介绍代理再享10%提成！！！
合营详细请洽询:
   Telegram : @ningchang01
   Flygram+ : keigo1202
   QQ : 2855069556
   泡泡 : 18luckk
   Letstalk : t724639777
   游戏平台 https://w3.vv2353.com/?code=10022
   TG群 https://t.me/keigo1202888

 91M Boss代发 联系 ✈️：Boss91M1   Skype : onam2221

----------------------------------------------

2022-10-21 09:12:59 → cigadaf670@ilusale.com::xiaomu202206 → live:ad86efda7a11d56b →  🎁会员存款迎新大礼包🎁
💥首存礼金1288➕首单包赔！
💥复存送苹果13 pro max➕1888彩金！
💥每日存款送👋🏻2888彩金，天天存天天送
💥每周存款再送👋🏻5188彩金，彩金领不停

💎💎14年国际大牌，新利18诚邀您的加入💎💎
💸💸新利18带你赚钱带你飞💸💸
   Telegram : @ningchang01
   Flygram+ : keigo1202
   QQ : 2855069556
   泡泡 : 18luckk
   Letstalk : t724639777
   游戏平台 https://w3.vv2353.com/?code=10022
   TG群 https://t.me/keigo1202888

 91M Boss代发 联系 ✈️：Boss91M1   Skype : onam2221

----------------------------------------------

2022-10-21 09:13:06 → moxaxi2118@cadolls.com::xiaomu202206 → live:a0ee523af3a0e149 →  🎁会员存款迎新大礼包🎁
💥首存礼金1288➕首单包赔！
💥复存送苹果13 pro max➕1888彩金！
💥每日存款送👋🏻2888彩金，天天存天天送
💥每周存款再送👋🏻5188彩金，彩金领不停

💎💎14年国际大牌，新利18诚邀您的加入💎💎
💸💸新利18带你赚钱带你飞💸💸
   Telegram : @ningchang01
   Flygram+ : keigo1202
   QQ : 2855069556
   泡泡 : 18luckk
   Letstalk : t724639777
   游戏平台 https://w3.vv2353.com/?code=10022
   TG群 https://t.me/keigo1202888

 91M Boss代发 联系 ✈️：Boss91M1   Skype : onam2221

----------------------------------------------

2022-10-21 09:13:16 → moxaxi2118@cadolls.com::xiaomu202206 → o57777 →  🎁会员存款迎新大礼包🎁
💥首存礼金1288➕首单包赔！
💥复存送苹果13 pro max➕1888彩金！
💥每日存款送👋🏻2888彩金，天天存天天送
💥每周存款再送👋🏻5188彩金，彩金领不停

💎💎14年国际大牌，新利18诚邀您的加入💎💎
💸💸新利18带你赚钱带你飞💸💸
   Telegram : @ningchang01
   Flygram+ : keigo1202
   QQ : 2855069556
   泡泡 : 18luckk
   Letstalk : t724639777
   游戏平台 https://w3.vv2353.com/?code=10022
   TG群 https://t.me/keigo1202888

 91M Boss代发 联系 ✈️：Boss91M1   Skype : onam2221

----------------------------------------------

2022-10-21 09:13:23 → moxaxi2118@cadolls.com::xiaomu202206 → live:45333 →  4年国际品牌德甲赞助商⚽️⚽️【新利18】招总代理💥
💥佣金+二级代理分红，赚不停！
💥佣金高达55%！一直持续到世界杯
💥人头费300/人！
💥介绍代理再享10%提成！！！
合营详细请洽询:
   Telegram : @ningchang01
   Flygram+ : keigo1202
   QQ : 2855069556
   泡泡 : 18luckk
   Letstalk : t724639777
   游戏平台 https://w3.vv2353.com/?code=10022
   TG群 https://t.me/keigo1202888

 91M Boss代发 联系 ✈️：Boss91M1   Skype : onam2221

----------------------------------------------

2022-10-21 09:13:31 → moxaxi2118@cadolls.com::xiaomu202206 → cy00000000 →  4年国际品牌德甲赞助商⚽️⚽️【新利18】招总代理💥
💥佣金+二级代理分红，赚不停！
💥佣金高达55%！一直持续到世界杯
💥人头费300/人！
💥介绍代理再享10%提成！！！
合营详细请洽询:
   Telegram : @ningchang01
   Flygram+ : keigo1202
   QQ : 2855069556
   泡泡 : 18luckk
   Letstalk : t724639777
   游戏平台 https://w3.vv2353.com/?code=10022
   TG群 https://t.me/keigo1202888

 91M Boss代发 联系 ✈️：Boss91M1   Skype : onam2221

----------------------------------------------

2022-10-21 09:13:39 → moxaxi2118@cadolls.com::xiaomu202206 → live:66626_1 →  🎁会员存款迎新大礼包🎁
💥首存礼金1288➕首单包赔！
💥复存送苹果13 pro max➕1888彩金！
💥每日存款送👋🏻2888彩金，天天存天天送
💥每周存款再送👋🏻5188彩金，彩金领不停

💎💎14年国际大牌，新利18诚邀您的加入💎💎
💸💸新利18带你赚钱带你飞💸💸
   Telegram : @ningchang01
   Flygram+ : keigo1202
   QQ : 2855069556
   泡泡 : 18luckk
   Letstalk : t724639777
   游戏平台 https://w3.vv2353.com/?code=10022
   TG群 https://t.me/keigo1202888

 91M Boss代发 联系 ✈️：Boss91M1   Skype : onam2221

----------------------------------------------

2022-10-21 09:13:53 → cigadaf670@ilusale.com::xiaomu202206 → live:429241 →  🎁会员存款迎新大礼包🎁
💥首存礼金1288➕首单包赔！
💥复存送苹果13 pro max➕1888彩金！
💥每日存款送👋🏻2888彩金，天天存天天送
💥每周存款再送👋🏻5188彩金，彩金领不停

💎💎14年国际大牌，新利18诚邀您的加入💎💎
💸💸新利18带你赚钱带你飞💸💸
   Telegram : @ningchang01
   Flygram+ : keigo1202
   QQ : 2855069556
   泡泡 : 18luckk
   Letstalk : t724639777
   游戏平台 https://w3.vv2353.com/?code=10022
   TG群 https://t.me/keigo1202888

 91M Boss代发 联系 ✈️：Boss91M1   Skype : onam2221

----------------------------------------------

2022-10-21 09:14:00 → cigadaf670@ilusale.com::xiaomu202206 → live:ab49e3e824255b6e →  4年国际品牌德甲赞助商⚽️⚽️【新利18】招总代理💥
💥佣金+二级代理分红，赚不停！
💥佣金高达55%！一直持续到世界杯
💥人头费300/人！
💥介绍代理再享10%提成！！！
合营详细请洽询:
   Telegram : @ningchang01
   Flygram+ : keigo1202
   QQ : 2855069556
   泡泡 : 18luckk
   Letstalk : t724639777
   游戏平台 https://w3.vv2353.com/?code=10022
   TG群 https://t.me/keigo1202888

 91M Boss代发 联系 ✈️：Boss91M1   Skype : onam2221

----------------------------------------------

2022-10-21 09:14:05 → cigadaf670@ilusale.com::xiaomu202206 → live:qq79907 →  🎁会员存款迎新大礼包🎁
💥首存礼金1288➕首单包赔！
💥复存送苹果13 pro max➕1888彩金！
💥每日存款送👋🏻2888彩金，天天存天天送
💥每周存款再送👋🏻5188彩金，彩金领不停

💎💎14年国际大牌，新利18诚邀您的加入💎💎
💸💸新利18带你赚钱带你飞💸💸
   Telegram : @ningchang01
   Flygram+ : keigo1202
   QQ : 2855069556
   泡泡 : 18luckk
   Letstalk : t724639777
   游戏平台 https://w3.vv2353.com/?code=10022
   TG群 https://t.me/keigo1202888

 91M Boss代发 联系 ✈️：Boss91M1   Skype : onam2221

----------------------------------------------

2022-10-21 09:14:09 → cigadaf670@ilusale.com::xiaomu202206 → live:.cid.7c48a27cc36e0d0 →  🎁会员存款迎新大礼包🎁
💥首存礼金1288➕首单包赔！
💥复存送苹果13 pro max➕1888彩金！
💥每日存款送👋🏻2888彩金，天天存天天送
💥每周存款再送👋🏻5188彩金，彩金领不停

💎💎14年国际大牌，新利18诚邀您的加入💎💎
💸💸新利18带你赚钱带你飞💸💸
   Telegram : @ningchang01
   Flygram+ : keigo1202
   QQ : 2855069556
   泡泡 : 18luckk
   Letstalk : t724639777
   游戏平台 https://w3.vv2353.com/?code=10022
   TG群 https://t.me/keigo1202888

 91M Boss代发 联系 ✈️：Boss91M1   Skype : onam2221

----------------------------------------------

2022-10-21 09:14:15 → cigadaf670@ilusale.com::xiaomu202206 → live:6069644 →  4年国际品牌德甲赞助商⚽️⚽️【新利18】招总代理💥
💥佣金+二级代理分红，赚不停！
💥佣金高达55%！一直持续到世界杯
💥人头费300/人！
💥介绍代理再享10%提成！！！
合营详细请洽询:
   Telegram : @ningchang01
   Flygram+ : keigo1202
   QQ : 2855069556
   泡泡 : 18luckk
   Letstalk : t724639777
   游戏平台 https://w3.vv2353.com/?code=10022
   TG群 https://t.me/keigo1202888

 91M Boss代发 联系 ✈️：Boss91M1   Skype : onam2221

----------------------------------------------

2022-10-21 09:15:51 → cigadaf670@ilusale.com::xiaomu202206 → live:q33033 →  4年国际品牌德甲赞助商⚽️⚽️【新利18】招总代理💥
💥佣金+二级代理分红，赚不停！
💥佣金高达55%！一直持续到世界杯
💥人头费300/人！
💥介绍代理再享10%提成！！！
合营详细请洽询:
   Telegram : @ningchang01
   Flygram+ : keigo1202
   QQ : 2855069556
   泡泡 : 18luckk
   Letstalk : t724639777
   游戏平台 https://w3.vv2353.com/?code=10022
   TG群 https://t.me/keigo1202888

 91M Boss代发 联系 ✈️：Boss91M1   Skype : onam2221

----------------------------------------------

2022-10-21 09:15:59 → cigadaf670@ilusale.com::xiaomu202206 → live:59ea45aa91b17253 →  🎁会员存款迎新大礼包🎁
💥首存礼金1288➕首单包赔！
💥复存送苹果13 pro max➕1888彩金！
💥每日存款送👋🏻2888彩金，天天存天天送
💥每周存款再送👋🏻5188彩金，彩金领不停

💎💎14年国际大牌，新利18诚邀您的加入💎💎
💸💸新利18带你赚钱带你飞💸💸
   Telegram : @ningchang01
   Flygram+ : keigo1202
   QQ : 2855069556
   泡泡 : 18luckk
   Letstalk : t724639777
   游戏平台 https://w3.vv2353.com/?code=10022
   TG群 https://t.me/keigo1202888

 91M Boss代发 联系 ✈️：Boss91M1   Skype : onam2221

----------------------------------------------

2022-10-21 11:41:39 → taheyek318@evilant.com::xiaomu202206 → live:95556_1 →  🎁会员存款迎新大礼包🎁
💥首存礼金1288➕首单包赔！
💥复存送苹果13 pro max➕1888彩金！
💥每日存款送👋🏻2888彩金，天天存天天送
💥每周存款再送👋🏻5188彩金，彩金领不停

💎💎14年国际大牌，新利18诚邀您的加入💎💎
💸💸新利18带你赚钱带你飞💸💸
   Telegram : @ningchang01
   Flygram+ : keigo1202
   QQ : 2855069556
   泡泡 : 18luckk
   Letstalk : t724639777
   游戏平台 https://w3.vv2353.com/?code=10022
   TG群 https://t.me/keigo1202888

 91M Boss代发 联系 ✈️：Boss91M1   Skype : onam2221

----------------------------------------------

2022-10-21 11:41:47 → wafotol596@corylan.com::xiaomu202206 → s300000s →  4年国际品牌德甲赞助商⚽️⚽️【新利18】招总代理💥
💥佣金+二级代理分红，赚不停！
💥佣金高达55%！一直持续到世界杯
💥人头费300/人！
💥介绍代理再享10%提成！！！
合营详细请洽询:
   Telegram : @ningchang01
   Flygram+ : keigo1202
   QQ : 2855069556
   泡泡 : 18luckk
   Letstalk : t724639777
   游戏平台 https://w3.vv2353.com/?code=10022
   TG群 https://t.me/keigo1202888

 91M Boss代发 联系 ✈️：Boss91M1   Skype : onam2221

----------------------------------------------

2022-10-21 11:42:40 → taheyek318@evilant.com::xiaomu202206 → live:2017000222 →  4年国际品牌德甲赞助商⚽️⚽️【新利18】招总代理💥
💥佣金+二级代理分红，赚不停！
💥佣金高达55%！一直持续到世界杯
💥人头费300/人！
💥介绍代理再享10%提成！！！
合营详细请洽询:
   Telegram : @ningchang01
   Flygram+ : keigo1202
   QQ : 2855069556
   泡泡 : 18luckk
   Letstalk : t724639777
   游戏平台 https://w3.vv2353.com/?code=10022
   TG群 https://t.me/keigo1202888

 91M Boss代发 联系 ✈️：Boss91M1   Skype : onam2221

----------------------------------------------

2022-10-21 11:42:45 → wafotol596@corylan.com::xiaomu202206 → live:qq161001001 →  🎁会员存款迎新大礼包🎁
💥首存礼金1288➕首单包赔！
💥复存送苹果13 pro max➕1888彩金！
💥每日存款送👋🏻2888彩金，天天存天天送
💥每周存款再送👋🏻5188彩金，彩金领不停

💎💎14年国际大牌，新利18诚邀您的加入💎💎
💸💸新利18带你赚钱带你飞💸💸
   Telegram : @ningchang01
   Flygram+ : keigo1202
   QQ : 2855069556
   泡泡 : 18luckk
   Letstalk : t724639777
   游戏平台 https://w3.vv2353.com/?code=10022
   TG群 https://t.me/keigo1202888

 91M Boss代发 联系 ✈️：Boss91M1   Skype : onam2221

----------------------------------------------

2022-10-21 11:43:44 → taheyek318@evilant.com::xiaomu202206 → live:.cid.1eb13314921f833f →  4年国际品牌德甲赞助商⚽️⚽️【新利18】招总代理💥
💥佣金+二级代理分红，赚不停！
💥佣金高达55%！一直持续到世界杯
💥人头费300/人！
💥介绍代理再享10%提成！！！
合营详细请洽询:
   Telegram : @ningchang01
   Flygram+ : keigo1202
   QQ : 2855069556
   泡泡 : 18luckk
   Letstalk : t724639777
   游戏平台 https://w3.vv2353.com/?code=10022
   TG群 https://t.me/keigo1202888

 91M Boss代发 联系 ✈️：Boss91M1   Skype : onam2221

----------------------------------------------

2022-10-21 11:44:04 → wafotol596@corylan.com::xiaomu202206 → live:.cid.b315a8a75c66c598 →  4年国际品牌德甲赞助商⚽️⚽️【新利18】招总代理💥
💥佣金+二级代理分红，赚不停！
💥佣金高达55%！一直持续到世界杯
💥人头费300/人！
💥介绍代理再享10%提成！！！
合营详细请洽询:
   Telegram : @ningchang01
   Flygram+ : keigo1202
   QQ : 2855069556
   泡泡 : 18luckk
   Letstalk : t724639777
   游戏平台 https://w3.vv2353.com/?code=10022
   TG群 https://t.me/keigo1202888

 91M Boss代发 联系 ✈️：Boss91M1   Skype : onam2221

----------------------------------------------

2022-10-21 11:44:20 → taheyek318@evilant.com::xiaomu202206 → qqq98613 →  🎁会员存款迎新大礼包🎁
💥首存礼金1288➕首单包赔！
💥复存送苹果13 pro max➕1888彩金！
💥每日存款送👋🏻2888彩金，天天存天天送
💥每周存款再送👋🏻5188彩金，彩金领不停

💎💎14年国际大牌，新利18诚邀您的加入💎💎
💸💸新利18带你赚钱带你飞💸💸
   Telegram : @ningchang01
   Flygram+ : keigo1202
   QQ : 2855069556
   泡泡 : 18luckk
   Letstalk : t724639777
   游戏平台 https://w3.vv2353.com/?code=10022
   TG群 https://t.me/keigo1202888

 91M Boss代发 联系 ✈️：Boss91M1   Skype : onam2221

----------------------------------------------

2022-10-21 11:45:00 → wafotol596@corylan.com::xiaomu202206 → live:770823 →  🎁会员存款迎新大礼包🎁
💥首存礼金1288➕首单包赔！
💥复存送苹果13 pro max➕1888彩金！
💥每日存款送👋🏻2888彩金，天天存天天送
💥每周存款再送👋🏻5188彩金，彩金领不停

💎💎14年国际大牌，新利18诚邀您的加入💎💎
💸💸新利18带你赚钱带你飞💸💸
   Telegram : @ningchang01
   Flygram+ : keigo1202
   QQ : 2855069556
   泡泡 : 18luckk
   Letstalk : t724639777
   游戏平台 https://w3.vv2353.com/?code=10022
   TG群 https://t.me/keigo1202888

 91M Boss代发 联系 ✈️：Boss91M1   Skype : onam2221

----------------------------------------------

2022-10-21 11:45:28 → taheyek318@evilant.com::xiaomu202206 → aq6626 →  🎁会员存款迎新大礼包🎁
💥首存礼金1288➕首单包赔！
💥复存送苹果13 pro max➕1888彩金！
💥每日存款送👋🏻2888彩金，天天存天天送
💥每周存款再送👋🏻5188彩金，彩金领不停

💎💎14年国际大牌，新利18诚邀您的加入💎💎
💸💸新利18带你赚钱带你飞💸💸
   Telegram : @ningchang01
   Flygram+ : keigo1202
   QQ : 2855069556
   泡泡 : 18luckk
   Letstalk : t724639777
   游戏平台 https://w3.vv2353.com/?code=10022
   TG群 https://t.me/keigo1202888

 91M Boss代发 联系 ✈️：Boss91M1   Skype : onam2221

----------------------------------------------

2022-10-21 11:46:17 → taheyek318@evilant.com::xiaomu202206 → otis20160509 →  4年国际品牌德甲赞助商⚽️⚽️【新利18】招总代理💥
💥佣金+二级代理分红，赚不停！
💥佣金高达55%！一直持续到世界杯
💥人头费300/人！
💥介绍代理再享10%提成！！！
合营详细请洽询:
   Telegram : @ningchang01
   Flygram+ : keigo1202
   QQ : 2855069556
   泡泡 : 18luckk
   Letstalk : t724639777
   游戏平台 https://w3.vv2353.com/?code=10022
   TG群 https://t.me/keigo1202888

 91M Boss代发 联系 ✈️：Boss91M1   Skype : onam2221

----------------------------------------------

2022-10-21 11:46:27 → wafotol596@corylan.com::xiaomu202206 → live:.cid.9f1a30dbfdfdb152 →  4年国际品牌德甲赞助商⚽️⚽️【新利18】招总代理💥
💥佣金+二级代理分红，赚不停！
💥佣金高达55%！一直持续到世界杯
💥人头费300/人！
💥介绍代理再享10%提成！！！
合营详细请洽询:
   Telegram : @ningchang01
   Flygram+ : keigo1202
   QQ : 2855069556
   泡泡 : 18luckk
   Letstalk : t724639777
   游戏平台 https://w3.vv2353.com/?code=10022
   TG群 https://t.me/keigo1202888

 91M Boss代发 联系 ✈️：Boss91M1   Skype : onam2221

----------------------------------------------

2022-10-21 11:47:07 → taheyek318@evilant.com::xiaomu202206 → live:a.rrr →  4年国际品牌德甲赞助商⚽️⚽️【新利18】招总代理💥
💥佣金+二级代理分红，赚不停！
💥佣金高达55%！一直持续到世界杯
💥人头费300/人！
💥介绍代理再享10%提成！！！
合营详细请洽询:
   Telegram : @ningchang01
   Flygram+ : keigo1202
   QQ : 2855069556
   泡泡 : 18luckk
   Letstalk : t724639777
   游戏平台 https://w3.vv2353.com/?code=10022
   TG群 https://t.me/keigo1202888

 91M Boss代发 联系 ✈️：Boss91M1   Skype : onam2221

----------------------------------------------

2022-10-21 11:47:21 → wafotol596@corylan.com::xiaomu202206 → live:33257_1 →  4年国际品牌德甲赞助商⚽️⚽️【新利18】招总代理💥
💥佣金+二级代理分红，赚不停！
💥佣金高达55%！一直持续到世界杯
💥人头费300/人！
💥介绍代理再享10%提成！！！
合营详细请洽询:
   Telegram : @ningchang01
   Flygram+ : keigo1202
   QQ : 2855069556
   泡泡 : 18luckk
   Letstalk : t724639777
   游戏平台 https://w3.vv2353.com/?code=10022
   TG群 https://t.me/keigo1202888

 91M Boss代发 联系 ✈️：Boss91M1   Skype : onam2221

----------------------------------------------

2022-10-21 11:48:13 → wafotol596@corylan.com::xiaomu202206 → live:879819407 →  🎁会员存款迎新大礼包🎁
💥首存礼金1288➕首单包赔！
💥复存送苹果13 pro max➕1888彩金！
💥每日存款送👋🏻2888彩金，天天存天天送
💥每周存款再送👋🏻5188彩金，彩金领不停

💎💎14年国际大牌，新利18诚邀您的加入💎💎
💸💸新利18带你赚钱带你飞💸💸
   Telegram : @ningchang01
   Flygram+ : keigo1202
   QQ : 2855069556
   泡泡 : 18luckk
   Letstalk : t724639777
   游戏平台 https://w3.vv2353.com/?code=10022
   TG群 https://t.me/keigo1202888

 91M Boss代发 联系 ✈️：Boss91M1   Skype : onam2221

----------------------------------------------

2022-10-21 11:48:27 → taheyek318@evilant.com::xiaomu202206 → live:.cid.418821665e916886 →  🎁会员存款迎新大礼包🎁
💥首存礼金1288➕首单包赔！
💥复存送苹果13 pro max➕1888彩金！
💥每日存款送👋🏻2888彩金，天天存天天送
💥每周存款再送👋🏻5188彩金，彩金领不停

💎💎14年国际大牌，新利18诚邀您的加入💎💎
💸💸新利18带你赚钱带你飞💸💸
   Telegram : @ningchang01
   Flygram+ : keigo1202
   QQ : 2855069556
   泡泡 : 18luckk
   Letstalk : t724639777
   游戏平台 https://w3.vv2353.com/?code=10022
   TG群 https://t.me/keigo1202888

 91M Boss代发 联系 ✈️：Boss91M1   Skype : onam2221

----------------------------------------------

2022-10-21 11:49:11 → wafotol596@corylan.com::xiaomu202206 → live:.cid.924db6f8680911dd →  🎁会员存款迎新大礼包🎁
💥首存礼金1288➕首单包赔！
💥复存送苹果13 pro max➕1888彩金！
💥每日存款送👋🏻2888彩金，天天存天天送
💥每周存款再送👋🏻5188彩金，彩金领不停

💎💎14年国际大牌，新利18诚邀您的加入💎💎
💸💸新利18带你赚钱带你飞💸💸
   Telegram : @ningchang01
   Flygram+ : keigo1202
   QQ : 2855069556
   泡泡 : 18luckk
   Letstalk : t724639777
   游戏平台 https://w3.vv2353.com/?code=10022
   TG群 https://t.me/keigo1202888

 91M Boss代发 联系 ✈️：Boss91M1   Skype : onam2221

----------------------------------------------

2022-10-21 11:49:19 → taheyek318@evilant.com::xiaomu202206 → live:212971 →  4年国际品牌德甲赞助商⚽️⚽️【新利18】招总代理💥
💥佣金+二级代理分红，赚不停！
💥佣金高达55%！一直持续到世界杯
💥人头费300/人！
💥介绍代理再享10%提成！！！
合营详细请洽询:
   Telegram : @ningchang01
   Flygram+ : keigo1202
   QQ : 2855069556
   泡泡 : 18luckk
   Letstalk : t724639777
   游戏平台 https://w3.vv2353.com/?code=10022
   TG群 https://t.me/keigo1202888

 91M Boss代发 联系 ✈️：Boss91M1   Skype : onam2221

----------------------------------------------

2022-10-21 11:49:47 → wafotol596@corylan.com::xiaomu202206 → live:w118111 →  4年国际品牌德甲赞助商⚽️⚽️【新利18】招总代理💥
💥佣金+二级代理分红，赚不停！
💥佣金高达55%！一直持续到世界杯
💥人头费300/人！
💥介绍代理再享10%提成！！！
合营详细请洽询:
   Telegram : @ningchang01
   Flygram+ : keigo1202
   QQ : 2855069556
   泡泡 : 18luckk
   Letstalk : t724639777
   游戏平台 https://w3.vv2353.com/?code=10022
   TG群 https://t.me/keigo1202888

 91M Boss代发 联系 ✈️：Boss91M1   Skype : onam2221

----------------------------------------------

2022-10-21 11:50:57 → taheyek318@evilant.com::xiaomu202206 → lingshuang2001 →  🎁会员存款迎新大礼包🎁
💥首存礼金1288➕首单包赔！
💥复存送苹果13 pro max➕1888彩金！
💥每日存款送👋🏻2888彩金，天天存天天送
💥每周存款再送👋🏻5188彩金，彩金领不停

💎💎14年国际大牌，新利18诚邀您的加入💎💎
💸💸新利18带你赚钱带你飞💸💸
   Telegram : @ningchang01
   Flygram+ : keigo1202
   QQ : 2855069556
   泡泡 : 18luckk
   Letstalk : t724639777
   游戏平台 https://w3.vv2353.com/?code=10022
   TG群 https://t.me/keigo1202888

 91M Boss代发 联系 ✈️：Boss91M1   Skype : onam2221

----------------------------------------------

2022-10-21 11:51:01 → wafotol596@corylan.com::xiaomu202206 → live:.cid.9197e4659b5226fd →  🎁会员存款迎新大礼包🎁
💥首存礼金1288➕首单包赔！
💥复存送苹果13 pro max➕1888彩金！
💥每日存款送👋🏻2888彩金，天天存天天送
💥每周存款再送👋🏻5188彩金，彩金领不停

💎💎14年国际大牌，新利18诚邀您的加入💎💎
💸💸新利18带你赚钱带你飞💸💸
   Telegram : @ningchang01
   Flygram+ : keigo1202
   QQ : 2855069556
   泡泡 : 18luckk
   Letstalk : t724639777
   游戏平台 https://w3.vv2353.com/?code=10022
   TG群 https://t.me/keigo1202888

 91M Boss代发 联系 ✈️：Boss91M1   Skype : onam2221