

----------------------------------------------

2022-10-28 17:43:38 → bagak49100@adroh.com::xiaomu202206 → duvip88 →  4年国际品牌德甲赞助商⚽️⚽️【新利18】招总代理💥
💥佣金+二级代理分红，赚不停！
💥佣金高达55%！一直持续到世界杯
💥人头费300/人！
💥介绍代理再享10%提成！！！
合营详细请洽询:
   Telegram : @ningchang01
   Flygram+ : keigo1202
   QQ : 2855069556
   泡泡 : 18luckk
   Letstalk : t724639777
   游戏平台 https://w3.vv2353.com/?code=10022
   TG群 https://t.me/keigo1202888

 91M Boss代发 联系 ✈️：Boss91M1   Skype : onam2221

----------------------------------------------

2022-10-28 17:43:43 → visiv83657@abudat.com::xiaomu202206 → live:56a07ea3d464b378 →  🎁会员存款迎新大礼包🎁
💥首存礼金1288➕首单包赔！
💥复存送苹果13 pro max➕1888彩金！
💥每日存款送👋🏻2888彩金，天天存天天送
💥每周存款再送👋🏻5188彩金，彩金领不停

💎💎14年国际大牌，新利18诚邀您的加入💎💎
💸💸新利18带你赚钱带你飞💸💸
   Telegram : @ningchang01
   Flygram+ : keigo1202
   QQ : 2855069556
   泡泡 : 18luckk
   Letstalk : t724639777
   游戏平台 https://w3.vv2353.com/?code=10022
   TG群 https://t.me/keigo1202888

 91M Boss代发 联系 ✈️：Boss91M1   Skype : onam2221

----------------------------------------------

2022-10-28 17:43:50 → bagak49100@adroh.com::xiaomu202206 → live:.cid.8bcd6dddae8b9a68 →  🎁会员存款迎新大礼包🎁
💥首存礼金1288➕首单包赔！
💥复存送苹果13 pro max➕1888彩金！
💥每日存款送👋🏻2888彩金，天天存天天送
💥每周存款再送👋🏻5188彩金，彩金领不停

💎💎14年国际大牌，新利18诚邀您的加入💎💎
💸💸新利18带你赚钱带你飞💸💸
   Telegram : @ningchang01
   Flygram+ : keigo1202
   QQ : 2855069556
   泡泡 : 18luckk
   Letstalk : t724639777
   游戏平台 https://w3.vv2353.com/?code=10022
   TG群 https://t.me/keigo1202888

 91M Boss代发 联系 ✈️：Boss91M1   Skype : onam2221

----------------------------------------------

2022-10-28 17:43:54 → visiv83657@abudat.com::xiaomu202206 → live:8841b4c3aa19a6f6 →  4年国际品牌德甲赞助商⚽️⚽️【新利18】招总代理💥
💥佣金+二级代理分红，赚不停！
💥佣金高达55%！一直持续到世界杯
💥人头费300/人！
💥介绍代理再享10%提成！！！
合营详细请洽询:
   Telegram : @ningchang01
   Flygram+ : keigo1202
   QQ : 2855069556
   泡泡 : 18luckk
   Letstalk : t724639777
   游戏平台 https://w3.vv2353.com/?code=10022
   TG群 https://t.me/keigo1202888

 91M Boss代发 联系 ✈️：Boss91M1   Skype : onam2221

----------------------------------------------

2022-10-28 17:44:01 → bagak49100@adroh.com::xiaomu202206 → live:.cid.8314d5b0c60e43c7 →  4年国际品牌德甲赞助商⚽️⚽️【新利18】招总代理💥
💥佣金+二级代理分红，赚不停！
💥佣金高达55%！一直持续到世界杯
💥人头费300/人！
💥介绍代理再享10%提成！！！
合营详细请洽询:
   Telegram : @ningchang01
   Flygram+ : keigo1202
   QQ : 2855069556
   泡泡 : 18luckk
   Letstalk : t724639777
   游戏平台 https://w3.vv2353.com/?code=10022
   TG群 https://t.me/keigo1202888

 91M Boss代发 联系 ✈️：Boss91M1   Skype : onam2221

----------------------------------------------

2022-10-28 17:44:07 → visiv83657@abudat.com::xiaomu202206 → live:4343350 →  🎁会员存款迎新大礼包🎁
💥首存礼金1288➕首单包赔！
💥复存送苹果13 pro max➕1888彩金！
💥每日存款送👋🏻2888彩金，天天存天天送
💥每周存款再送👋🏻5188彩金，彩金领不停

💎💎14年国际大牌，新利18诚邀您的加入💎💎
💸💸新利18带你赚钱带你飞💸💸
   Telegram : @ningchang01
   Flygram+ : keigo1202
   QQ : 2855069556
   泡泡 : 18luckk
   Letstalk : t724639777
   游戏平台 https://w3.vv2353.com/?code=10022
   TG群 https://t.me/keigo1202888

 91M Boss代发 联系 ✈️：Boss91M1   Skype : onam2221

----------------------------------------------

2022-10-28 17:44:11 → bagak49100@adroh.com::xiaomu202206 → o999919 →  🎁会员存款迎新大礼包🎁
💥首存礼金1288➕首单包赔！
💥复存送苹果13 pro max➕1888彩金！
💥每日存款送👋🏻2888彩金，天天存天天送
💥每周存款再送👋🏻5188彩金，彩金领不停

💎💎14年国际大牌，新利18诚邀您的加入💎💎
💸💸新利18带你赚钱带你飞💸💸
   Telegram : @ningchang01
   Flygram+ : keigo1202
   QQ : 2855069556
   泡泡 : 18luckk
   Letstalk : t724639777
   游戏平台 https://w3.vv2353.com/?code=10022
   TG群 https://t.me/keigo1202888

 91M Boss代发 联系 ✈️：Boss91M1   Skype : onam2221

----------------------------------------------

2022-10-28 17:44:17 → visiv83657@abudat.com::xiaomu202206 → live:.cid.de3303f294c638f6 →  4年国际品牌德甲赞助商⚽️⚽️【新利18】招总代理💥
💥佣金+二级代理分红，赚不停！
💥佣金高达55%！一直持续到世界杯
💥人头费300/人！
💥介绍代理再享10%提成！！！
合营详细请洽询:
   Telegram : @ningchang01
   Flygram+ : keigo1202
   QQ : 2855069556
   泡泡 : 18luckk
   Letstalk : t724639777
   游戏平台 https://w3.vv2353.com/?code=10022
   TG群 https://t.me/keigo1202888

 91M Boss代发 联系 ✈️：Boss91M1   Skype : onam2221

----------------------------------------------

2022-10-28 17:44:20 → bagak49100@adroh.com::xiaomu202206 → al3638 →  🎁会员存款迎新大礼包🎁
💥首存礼金1288➕首单包赔！
💥复存送苹果13 pro max➕1888彩金！
💥每日存款送👋🏻2888彩金，天天存天天送
💥每周存款再送👋🏻5188彩金，彩金领不停

💎💎14年国际大牌，新利18诚邀您的加入💎💎
💸💸新利18带你赚钱带你飞💸💸
   Telegram : @ningchang01
   Flygram+ : keigo1202
   QQ : 2855069556
   泡泡 : 18luckk
   Letstalk : t724639777
   游戏平台 https://w3.vv2353.com/?code=10022
   TG群 https://t.me/keigo1202888

 91M Boss代发 联系 ✈️：Boss91M1   Skype : onam2221

----------------------------------------------

2022-10-28 17:44:27 → visiv83657@abudat.com::xiaomu202206 → live:.cid.591fdf93b18f076e →  🎁会员存款迎新大礼包🎁
💥首存礼金1288➕首单包赔！
💥复存送苹果13 pro max➕1888彩金！
💥每日存款送👋🏻2888彩金，天天存天天送
💥每周存款再送👋🏻5188彩金，彩金领不停

💎💎14年国际大牌，新利18诚邀您的加入💎💎
💸💸新利18带你赚钱带你飞💸💸
   Telegram : @ningchang01
   Flygram+ : keigo1202
   QQ : 2855069556
   泡泡 : 18luckk
   Letstalk : t724639777
   游戏平台 https://w3.vv2353.com/?code=10022
   TG群 https://t.me/keigo1202888

 91M Boss代发 联系 ✈️：Boss91M1   Skype : onam2221

----------------------------------------------

2022-10-28 17:44:32 → bagak49100@adroh.com::xiaomu202206 → mjmj5858 →  4年国际品牌德甲赞助商⚽️⚽️【新利18】招总代理💥
💥佣金+二级代理分红，赚不停！
💥佣金高达55%！一直持续到世界杯
💥人头费300/人！
💥介绍代理再享10%提成！！！
合营详细请洽询:
   Telegram : @ningchang01
   Flygram+ : keigo1202
   QQ : 2855069556
   泡泡 : 18luckk
   Letstalk : t724639777
   游戏平台 https://w3.vv2353.com/?code=10022
   TG群 https://t.me/keigo1202888

 91M Boss代发 联系 ✈️：Boss91M1   Skype : onam2221

----------------------------------------------

2022-10-28 17:44:41 → visiv83657@abudat.com::xiaomu202206 → live:2281555747 →  4年国际品牌德甲赞助商⚽️⚽️【新利18】招总代理💥
💥佣金+二级代理分红，赚不停！
💥佣金高达55%！一直持续到世界杯
💥人头费300/人！
💥介绍代理再享10%提成！！！
合营详细请洽询:
   Telegram : @ningchang01
   Flygram+ : keigo1202
   QQ : 2855069556
   泡泡 : 18luckk
   Letstalk : t724639777
   游戏平台 https://w3.vv2353.com/?code=10022
   TG群 https://t.me/keigo1202888

 91M Boss代发 联系 ✈️：Boss91M1   Skype : onam2221

----------------------------------------------

2022-10-28 17:44:45 → bagak49100@adroh.com::xiaomu202206 → live:sha0522 →  🎁会员存款迎新大礼包🎁
💥首存礼金1288➕首单包赔！
💥复存送苹果13 pro max➕1888彩金！
💥每日存款送👋🏻2888彩金，天天存天天送
💥每周存款再送👋🏻5188彩金，彩金领不停

💎💎14年国际大牌，新利18诚邀您的加入💎💎
💸💸新利18带你赚钱带你飞💸💸
   Telegram : @ningchang01
   Flygram+ : keigo1202
   QQ : 2855069556
   泡泡 : 18luckk
   Letstalk : t724639777
   游戏平台 https://w3.vv2353.com/?code=10022
   TG群 https://t.me/keigo1202888

 91M Boss代发 联系 ✈️：Boss91M1   Skype : onam2221

----------------------------------------------

2022-10-28 17:44:50 → visiv83657@abudat.com::xiaomu202206 → live:.cid.71d3779cb63dcd4c →  🎁会员存款迎新大礼包🎁
💥首存礼金1288➕首单包赔！
💥复存送苹果13 pro max➕1888彩金！
💥每日存款送👋🏻2888彩金，天天存天天送
💥每周存款再送👋🏻5188彩金，彩金领不停

💎💎14年国际大牌，新利18诚邀您的加入💎💎
💸💸新利18带你赚钱带你飞💸💸
   Telegram : @ningchang01
   Flygram+ : keigo1202
   QQ : 2855069556
   泡泡 : 18luckk
   Letstalk : t724639777
   游戏平台 https://w3.vv2353.com/?code=10022
   TG群 https://t.me/keigo1202888

 91M Boss代发 联系 ✈️：Boss91M1   Skype : onam2221

----------------------------------------------

2022-10-28 17:44:55 → bagak49100@adroh.com::xiaomu202206 → live:t6yulecheng →  4年国际品牌德甲赞助商⚽️⚽️【新利18】招总代理💥
💥佣金+二级代理分红，赚不停！
💥佣金高达55%！一直持续到世界杯
💥人头费300/人！
💥介绍代理再享10%提成！！！
合营详细请洽询:
   Telegram : @ningchang01
   Flygram+ : keigo1202
   QQ : 2855069556
   泡泡 : 18luckk
   Letstalk : t724639777
   游戏平台 https://w3.vv2353.com/?code=10022
   TG群 https://t.me/keigo1202888

 91M Boss代发 联系 ✈️：Boss91M1   Skype : onam2221

----------------------------------------------

2022-10-28 17:45:02 → visiv83657@abudat.com::xiaomu202206 → live:.cid.2084f6c4c9f9e96a →  4年国际品牌德甲赞助商⚽️⚽️【新利18】招总代理💥
💥佣金+二级代理分红，赚不停！
💥佣金高达55%！一直持续到世界杯
💥人头费300/人！
💥介绍代理再享10%提成！！！
合营详细请洽询:
   Telegram : @ningchang01
   Flygram+ : keigo1202
   QQ : 2855069556
   泡泡 : 18luckk
   Letstalk : t724639777
   游戏平台 https://w3.vv2353.com/?code=10022
   TG群 https://t.me/keigo1202888
   TG群 keigo.chang@kkmkt.com

 91M Boss代发 联系 ✈️：Boss91M1   Skype : onam2221

----------------------------------------------

2022-10-28 17:45:07 → bagak49100@adroh.com::xiaomu202206 → live:.cid.2cfdfd5ac8983aaf →  🎁会员存款迎新大礼包🎁
💥首存礼金1288➕首单包赔！
💥复存送苹果13 pro max➕1888彩金！
💥每日存款送👋🏻2888彩金，天天存天天送
💥每周存款再送👋🏻5188彩金，彩金领不停

💎💎14年国际大牌，新利18诚邀您的加入💎💎
💸💸新利18带你赚钱带你飞💸💸
   Telegram : @ningchang01
   Flygram+ : keigo1202
   QQ : 2855069556
   泡泡 : 18luckk
   Letstalk : t724639777
   游戏平台 https://w3.vv2353.com/?code=10022
   TG群 https://t.me/keigo1202888
   skype: keigo.chang@kkmkt.com

 91M Boss代发 联系 ✈️：Boss91M1   Skype : onam2221

----------------------------------------------

2022-10-28 17:45:12 → visiv83657@abudat.com::xiaomu202206 → l06665 →  4年国际品牌德甲赞助商⚽️⚽️【新利18】招总代理💥
💥佣金+二级代理分红，赚不停！
💥佣金高达55%！一直持续到世界杯
💥人头费300/人！
💥介绍代理再享10%提成！！！
合营详细请洽询:
   Telegram : @ningchang01
   Flygram+ : keigo1202
   QQ : 2855069556
   泡泡 : 18luckk
   Letstalk : t724639777
   游戏平台 https://w3.vv2353.com/?code=10022
   TG群 https://t.me/keigo1202888
   skype: keigo.chang@kkmkt.com

 91M Boss代发 联系 ✈️：Boss91M1   Skype : onam2221

----------------------------------------------

2022-10-28 17:45:16 → bagak49100@adroh.com::xiaomu202206 → live:58149_1 →  4年国际品牌德甲赞助商⚽️⚽️【新利18】招总代理💥
💥佣金+二级代理分红，赚不停！
💥佣金高达55%！一直持续到世界杯
💥人头费300/人！
💥介绍代理再享10%提成！！！
合营详细请洽询:
   Telegram : @ningchang01
   Flygram+ : keigo1202
   QQ : 2855069556
   泡泡 : 18luckk
   Letstalk : t724639777
   游戏平台 https://w3.vv2353.com/?code=10022
   TG群 https://t.me/keigo1202888
   skype: keigo.chang@kkmkt.com

 91M Boss代发 联系 ✈️：Boss91M1   Skype : onam2221

----------------------------------------------

2022-10-28 17:45:20 → visiv83657@abudat.com::xiaomu202206 → v65555 →  🎁会员存款迎新大礼包🎁
💥首存礼金1288➕首单包赔！
💥复存送苹果13 pro max➕1888彩金！
💥每日存款送👋🏻2888彩金，天天存天天送
💥每周存款再送👋🏻5188彩金，彩金领不停

💎💎14年国际大牌，新利18诚邀您的加入💎💎
💸💸新利18带你赚钱带你飞💸💸
   Telegram : @ningchang01
   Flygram+ : keigo1202
   QQ : 2855069556
   泡泡 : 18luckk
   Letstalk : t724639777
   游戏平台 https://w3.vv2353.com/?code=10022
   TG群 https://t.me/keigo1202888
   skype: keigo.chang@kkmkt.com

 91M Boss代发 联系 ✈️：Boss91M1   Skype : onam2221

----------------------------------------------

2022-10-28 17:45:26 → bagak49100@adroh.com::xiaomu202206 → live:.cid.de6c6ee2d433d896 →  🎁会员存款迎新大礼包🎁
💥首存礼金1288➕首单包赔！
💥复存送苹果13 pro max➕1888彩金！
💥每日存款送👋🏻2888彩金，天天存天天送
💥每周存款再送👋🏻5188彩金，彩金领不停

💎💎14年国际大牌，新利18诚邀您的加入💎💎
💸💸新利18带你赚钱带你飞💸💸
   Telegram : @ningchang01
   Flygram+ : keigo1202
   QQ : 2855069556
   泡泡 : 18luckk
   Letstalk : t724639777
   游戏平台 https://w3.vv2353.com/?code=10022
   TG群 https://t.me/keigo1202888
   skype: keigo.chang@kkmkt.com

 91M Boss代发 联系 ✈️：Boss91M1   Skype : onam2221